# lattice-best-path --lm-scale=10 --word-symbol-table=exp/sgmm2_4a/graph/words.txt "ark:gunzip -c exp/sgmm2_4a/decode_fmllr/lat.*.gz|" ark,t:exp/sgmm2_4a/decode_fmllr/scoring/10.tra 
# Started at Sun Nov 26 13:00:49 IST 2017
#
lattice-best-path --lm-scale=10 --word-symbol-table=exp/sgmm2_4a/graph/words.txt 'ark:gunzip -c exp/sgmm2_4a/decode_fmllr/lat.*.gz|' ark,t:exp/sgmm2_4a/decode_fmllr/scoring/10.tra 
LOG (lattice-best-path:main():lattice-best-path.cc:99) For utterance JonnyGutteridge-20081120-hav-b0041, best cost 407.544 + 12455.4 = 12862.9 over 331 frames.
JonnyGutteridge-20081120-hav-b0041 DID NOT RETURN UNTIL TOMORROW 
LOG (lattice-best-path:main():lattice-best-path.cc:99) For utterance JonnyGutteridge-20081120-hav-b0042, best cost 778.766 + 22279.3 = 23058.1 over 498 frames.
JonnyGutteridge-20081120-hav-b0042 TEN MINUTES HAD NOT ELAPSED SINCE HE HAD DROPPED THE HANDKERCHIEF 
LOG (lattice-best-path:main():lattice-best-path.cc:99) For utterance JonnyGutteridge-20081120-hav-b0043, best cost 377.95 + 9986.93 = 10364.9 over 311 frames.
JonnyGutteridge-20081120-hav-b0043 IT WON'T BE FOR SALE 
LOG (lattice-best-path:main():lattice-best-path.cc:99) For utterance JonnyGutteridge-20081120-hav-b0044, best cost 587.017 + 13857.7 = 14444.7 over 386 frames.
JonnyGutteridge-20081120-hav-b0044 FOR A FEW MOMENTS HE ATE IN SILENCE 
LOG (lattice-best-path:main():lattice-best-path.cc:99) For utterance JonnyGutteridge-20081120-hav-b0045, best cost 483.358 + 15780.7 = 16264 over 411 frames.
JonnyGutteridge-20081120-hav-b0045 PHILIP DID NOT PURSUE THE SUBJECT 
LOG (lattice-best-path:main():lattice-best-path.cc:99) For utterance JonnyGutteridge-20081120-hav-b0046, best cost 830.784 + 21526.6 = 22357.4 over 498 frames.
JonnyGutteridge-20081120-hav-b0046 PHILIP PRODUCED A COUPLE OF CIGARS TOOK A CHAIR OPPOSITE HIM 
LOG (lattice-best-path:main():lattice-best-path.cc:99) For utterance JonnyGutteridge-20081120-hav-b0047, best cost 643.549 + 12948 = 13591.6 over 336 frames.
JonnyGutteridge-20081120-hav-b0047 SUPPOSE YOU SAW ME AT WORK THROUGH THE WINDOW 
LOG (lattice-best-path:main():lattice-best-path.cc:99) For utterance JonnyGutteridge-20081120-hav-b0048, best cost 935.808 + 20240.9 = 21176.7 over 448 frames.
JonnyGutteridge-20081120-hav-b0048 HE LOOKS LIKE ONE WHO A PASS THROUGH AN UNCOMFORTABLE HOUR OR TWO 
LOG (lattice-best-path:main():lattice-best-path.cc:99) For utterance JonnyGutteridge-20081120-hav-b0049, best cost 713.743 + 17920.7 = 18634.5 over 411 frames.
JonnyGutteridge-20081120-hav-b0049 THERE WAS NOTHING MORE EXCEPT A LARGE INK BLOT UNDER THE WORDS 
LOG (lattice-best-path:main():lattice-best-path.cc:99) For utterance JonnyGutteridge-20081120-hav-b0050, best cost 612.597 + 13816.5 = 14429.1 over 348 frames.
JonnyGutteridge-20081120-hav-b0050 ALL THIS DAY GREGSON REMAINED IN THE CABIN 
LOG (lattice-best-path:main():lattice-best-path.cc:99) For utterance Keren-20080605-cps-a0376, best cost 633.269 + 14932.7 = 15565.9 over 336 frames.
Keren-20080605-cps-a0376 YOUR PRICE MY SON IS JUST ABOUT THIRTY PER WEEK 
LOG (lattice-best-path:main():lattice-best-path.cc:99) For utterance Keren-20080605-cps-a0377, best cost 764.023 + 17510.2 = 18274.2 over 398 frames.
Keren-20080605-cps-a0377 THIS SOUND DID NOT DISTURB THE HUSH AND OFF THE PLACE 
LOG (lattice-best-path:main():lattice-best-path.cc:99) For utterance Keren-20080605-cps-a0378, best cost 591.147 + 15659 = 16250.2 over 361 frames.
Keren-20080605-cps-a0378 THAT'S WHY ITS BOUNDARIES ARE ALL GOUGED AND JAGGED 
LOG (lattice-best-path:main():lattice-best-path.cc:99) For utterance Keren-20080605-cps-a0379, best cost 384.833 + 8779.97 = 9164.81 over 211 frames.
Keren-20080605-cps-a0379 HOW OLD ARE YOU DADDY 
LOG (lattice-best-path:main():lattice-best-path.cc:99) For utterance Keren-20080605-cps-a0380, best cost 947.545 + 27044 = 27991.6 over 648 frames.
Keren-20080605-cps-a0380 THE IN THE CANYONS WATER WAS PLENTIFUL AND ALSO A LUXURIANT FOREST GROWTH 
LOG (lattice-best-path:main():lattice-best-path.cc:99) For utterance Keren-20080605-cps-a0381, best cost 295.702 + 13031.5 = 13327.2 over 298 frames.
Keren-20080605-cps-a0381 MY NAME'S FERGUSON 
LOG (lattice-best-path:main():lattice-best-path.cc:99) For utterance Keren-20080605-cps-a0382, best cost 928.245 + 24593 = 25521.2 over 586 frames.
Keren-20080605-cps-a0382 DAYLIGHT FOUND HIMSELF CHARMED AND MADE CURIOUS BY THE LOOMED MAN 
LOG (lattice-best-path:main():lattice-best-path.cc:99) For utterance Keren-20080605-cps-a0383, best cost 812.465 + 15904.5 = 16717 over 336 frames.
Keren-20080605-cps-a0383 TO HIS SURPRISE HER ANSWER WAS FLAT AND COME PROMISING 
LOG (lattice-best-path:main():lattice-best-path.cc:99) For utterance Keren-20080605-cps-a0384, best cost 501.784 + 12278.1 = 12779.9 over 261 frames.
Keren-20080605-cps-a0384 THE FARMER WORKS THE SOIL AND PRODUCES GRAIN 
LOG (lattice-best-path:main():lattice-best-path.cc:99) For utterance Keren-20080605-cps-a0385, best cost 321.474 + 8748.88 = 9070.35 over 198 frames.
Keren-20080605-cps-a0385 THAT'S WHAT CARNEGIE DID 
LOG (lattice-best-path:main():lattice-best-path.cc:99) For utterance Keren-20080605-uzd-a0451, best cost 537.504 + 21060.9 = 21598.4 over 461 frames.
Keren-20080605-uzd-a0451 I NOTICED BLOOD SPOUTING FROM KERFOOT'S LEFT HAND 
LOG (lattice-best-path:main():lattice-best-path.cc:99) For utterance Keren-20080605-uzd-a0452, best cost 726.077 + 16774.3 = 17500.4 over 398 frames.
Keren-20080605-uzd-a0452 THREE OILERS AND THE FOURTH ENGINEER IT WAS HIS GREETING 
LOG (lattice-best-path:main():lattice-best-path.cc:99) For utterance Keren-20080605-uzd-a0453, best cost 364.085 + 10550.8 = 10914.8 over 273 frames.
Keren-20080605-uzd-a0453 EIGHTEEN HUNDRED HE CALCULATED 
LOG (lattice-best-path:main():lattice-best-path.cc:99) For utterance Keren-20080605-uzd-a0454, best cost 551.802 + 18495.1 = 19046.9 over 423 frames.
Keren-20080605-uzd-a0454 THE SHARP VOICE OF WOLF LARSEN AROUSED ME 
LOG (lattice-best-path:main():lattice-best-path.cc:99) For utterance Keren-20080605-uzd-a0455, best cost 801.126 + 17002.9 = 17804 over 411 frames.
Keren-20080605-uzd-a0455 I OBEYED IN A MINUTE OR TWO LATER THEY STOOD BEFORE HIM 
LOG (lattice-best-path:main():lattice-best-path.cc:99) For utterance Keren-20080605-uzd-a0456, best cost 634.678 + 17808.3 = 18442.9 over 448 frames.
Keren-20080605-uzd-a0456 BUT IT WON'T CONTINUE SHE SAID WITH EASY CONFIDENCE 
LOG (lattice-best-path:main():lattice-best-path.cc:99) For utterance Keren-20080605-uzd-a0457, best cost 646.867 + 13611.6 = 14258.4 over 336 frames.
Keren-20080605-uzd-a0457 WHAT I SO I CANNOT AT FIRST BELIEVE 
LOG (lattice-best-path:main():lattice-best-path.cc:99) For utterance Keren-20080605-uzd-a0458, best cost 562.096 + 15148.4 = 15710.5 over 373 frames.
Keren-20080605-uzd-a0458 THE STOUT WOOD WAS CRUSHED LIKE AN EGGSHELL 
LOG (lattice-best-path:main():lattice-best-path.cc:99) For utterance Keren-20080605-uzd-a0459, best cost 543.881 + 12725.2 = 13269.1 over 298 frames.
Keren-20080605-uzd-a0459 THERE'S TOO MUCH OF THE SCHOOLBOY IN ME 
LOG (lattice-best-path:main():lattice-best-path.cc:99) For utterance Keren-20080605-uzd-a0460, best cost 383.074 + 9950.12 = 10333.2 over 273 frames.
Keren-20080605-uzd-a0460 I HAD FORGOTTEN THEIR EXISTENCE 
LOG (lattice-best-path:main():lattice-best-path.cc:99) For utterance Keren-20080605-vdf-b0068, best cost 729.007 + 16696.7 = 17425.7 over 386 frames.
Keren-20080605-vdf-b0068 I ONLY THE CHANCE SOUND HAD LED HIM TO OBSERVE THEM 
LOG (lattice-best-path:main():lattice-best-path.cc:99) For utterance Keren-20080605-vdf-b0069, best cost 783.756 + 18247.6 = 19031.4 over 373 frames.
Keren-20080605-vdf-b0069 THE THE INCIDENT HAVE ANYTHING TO DO WAS CHINA AND PIERRE 
LOG (lattice-best-path:main():lattice-best-path.cc:99) For utterance Keren-20080605-vdf-b0070, best cost 541.416 + 11821.6 = 12363 over 286 frames.
Keren-20080605-vdf-b0070 THERE'S NO CHANCE TO FIRE WITHOUT HITTING HIM 
LOG (lattice-best-path:main():lattice-best-path.cc:99) For utterance Keren-20080605-vdf-b0071, best cost 531.296 + 10901.2 = 11432.5 over 261 frames.
Keren-20080605-vdf-b0071 THERE IS NO ANSWER FROM THE OTHER SIDE 
LOG (lattice-best-path:main():lattice-best-path.cc:99) For utterance Keren-20080605-vdf-b0072, best cost 697.949 + 15737.2 = 16435.1 over 398 frames.
Keren-20080605-vdf-b0072 MANY STAND ON AS PIERRE HAD GUIDED HIM 
LOG (lattice-best-path:main():lattice-best-path.cc:99) For utterance Keren-20080605-vdf-b0073, best cost 953.115 + 20408.2 = 21361.3 over 498 frames.
Keren-20080605-vdf-b0073 WITH THESE ARGUMENTS HE CONVINCED HIMSELF THEN HE SHOULD GO ON ALONE 
LOG (lattice-best-path:main():lattice-best-path.cc:99) For utterance Keren-20080605-vdf-b0074, best cost 872.193 + 17468.8 = 18341 over 473 frames.
Keren-20080605-vdf-b0074 YET BEHIND THEM THERE WAS ANOTHER AT AND MORE POWERFUL MOTIVE 
LOG (lattice-best-path:main():lattice-best-path.cc:99) For utterance Keren-20080605-vdf-b0075, best cost 779.157 + 17769.3 = 18548.5 over 411 frames.
Keren-20080605-vdf-b0075 IN THAT CASE HE COULD NOT MISS THEM IF YOU USED CAUTION 
LOG (lattice-best-path:main():lattice-best-path.cc:99) For utterance Keren-20080605-vdf-b0076, best cost 729.937 + 21345.9 = 22075.9 over 473 frames.
Keren-20080605-vdf-b0076 BEFORE PHILIP COULD RECOVER HIMSELF JEANNE'S STARTLED GUARDS WERE UPON HIM 
LOG (lattice-best-path:main():lattice-best-path.cc:99) For utterance Keren-20080605-vdf-b0077, best cost 349.811 + 8432.46 = 8782.27 over 198 frames.
Keren-20080605-vdf-b0077 IT IS THE NEAREST REFUGE 
LOG (lattice-best-path:main():lattice-best-path.cc:99) For utterance Ronin_Sage-20080110-ny-rp-02, best cost 673.638 + 18090.6 = 18764.3 over 459 frames.
Ronin_Sage-20080110-ny-rp-02 THEY ACT AS A PRISM AND FORM A RAINBOW 
LOG (lattice-best-path:main():lattice-best-path.cc:99) For utterance Ronin_Sage-20080110-ny-rp-03, best cost 729.416 + 22283.2 = 23012.6 over 570 frames.
Ronin_Sage-20080110-ny-rp-03 THE RAINBOW IS A DIVISION OF WHITE LIGHT INTO MANY BEAUTIFUL COLORS 
LOG (lattice-best-path:main():lattice-best-path.cc:99) For utterance Ronin_Sage-20080110-ny-rp-04, best cost 908.408 + 24908.2 = 25816.6 over 647 frames.
Ronin_Sage-20080110-ny-rp-04 THESE TAKE THE SHAPE OF A LONG ROUND ARCH WITH ITS PATH HIGH ABOVE 
LOG (lattice-best-path:main():lattice-best-path.cc:99) For utterance Ronin_Sage-20080110-ny-rp-05, best cost 546.431 + 17421.2 = 17967.6 over 476 frames.
Ronin_Sage-20080110-ny-rp-05 AND ITS TWO ENDS APPARENTLY BEYOND THE HORIZON 
LOG (lattice-best-path:main():lattice-best-path.cc:99) For utterance Ronin_Sage-20080110-ny-rp-06, best cost 877.131 + 23723.5 = 24600.7 over 629 frames.
Ronin_Sage-20080110-ny-rp-06 THERE IS ACCORDING TO LEGEND A BOILING POT OF GOLD AT ONE IT 
LOG (lattice-best-path:main():lattice-best-path.cc:99) For utterance Ronin_Sage-20080110-ny-rp-07, best cost 573.811 + 14299.5 = 14873.3 over 408 frames.
Ronin_Sage-20080110-ny-rp-07 PEOPLE LOOK BUT NO ONE EVER FINDS IT 
LOG (lattice-best-path:main():lattice-best-path.cc:99) For utterance Ronin_Sage-20080110-ny-rp-08, best cost 658.657 + 15390.8 = 16049.5 over 425 frames.
Ronin_Sage-20080110-ny-rp-08 WHEN A MAN LOOKS FOR SOMETHING BEYOND HIS REACH 
LOG (lattice-best-path:main():lattice-best-path.cc:99) For utterance Ronin_Sage-20080110-ny-rp-09, best cost 1020.07 + 20297.3 = 21317.3 over 536 frames.
Ronin_Sage-20080110-ny-rp-09 HIS FRIENDS SAY HE IS LOOKING FOR THE POT OF GOLD AT THE AND OF THE RAINBOW 
LOG (lattice-best-path:main():lattice-best-path.cc:99) For utterance Ronin_Sage-20080110-ny-rp-10, best cost 831.248 + 20152.5 = 20983.8 over 536 frames.
Ronin_Sage-20080110-ny-rp-10 DROPPED THE CENTURIES PEOPLE HAVE EXPLAINED THE RAINBOW IN VARIOUS WAYS 
LOG (lattice-best-path:main():lattice-best-path.cc:99) For utterance Ronin_Sage-20080110-ny-rp-11, best cost 732.288 + 20240 = 20972.3 over 527 frames.
Ronin_Sage-20080110-ny-rp-11 SOME HAVE ACCEPTED IT AS A MIRACLE WITHOUT PHYSICAL EXPLANATION 
LOG (lattice-best-path:main():lattice-best-path.cc:99) For utterance anonymous0046-20080428-cxb-b0111, best cost 496.339 + 13781.4 = 14277.7 over 348 frames.
anonymous0046-20080428-cxb-b0111 THE JOURNEY WAS CONTINUED AT DAWN 
LOG (lattice-best-path:main():lattice-best-path.cc:99) For utterance anonymous0046-20080428-cxb-b0112, best cost 709.525 + 21027 = 21736.5 over 511 frames.
anonymous0046-20080428-cxb-b0112 JEANNE AND PIERRE BOTH GAZED TOWARD THE GREAT ROCK 
LOG (lattice-best-path:main():lattice-best-path.cc:99) For utterance anonymous0046-20080428-cxb-b0113, best cost 642.026 + 18790.2 = 19432.2 over 448 frames.
anonymous0046-20080428-cxb-b0113 THERE WAS SOMETHING PATHETIC IN THE GIRL'S ATTITUDE NOW 
LOG (lattice-best-path:main():lattice-best-path.cc:99) For utterance anonymous0046-20080428-cxb-b0114, best cost 660.345 + 16173.6 = 16833.9 over 411 frames.
anonymous0046-20080428-cxb-b0114 HE MOVED HIS POSITION AND THE ILLUSION WAS GONE 
LOG (lattice-best-path:main():lattice-best-path.cc:99) For utterance anonymous0046-20080428-cxb-b0115, best cost 605.308 + 14409.5 = 15014.8 over 361 frames.
anonymous0046-20080428-cxb-b0115 FOR TWO HOURS NOT A WORD PASSED BETWEEN THEM 
LOG (lattice-best-path:main():lattice-best-path.cc:99) For utterance anonymous0046-20080428-cxb-b0116, best cost 560.042 + 15622.7 = 16182.8 over 398 frames.
anonymous0046-20080428-cxb-b0116 I HAVE HUNTED ALONG THIS RIDGE REPLIED PHILIP 
LOG (lattice-best-path:main():lattice-best-path.cc:99) For utterance anonymous0046-20080428-cxb-b0117, best cost 529.921 + 14565.4 = 15095.3 over 411 frames.
anonymous0046-20080428-cxb-b0117 THAT'S THORPE'S SAID THE YOUNG ENGINEER 
LOG (lattice-best-path:main():lattice-best-path.cc:99) For utterance anonymous0046-20080428-cxb-b0118, best cost 792.96 + 16048.7 = 16841.6 over 373 frames.
anonymous0046-20080428-cxb-b0118 WE SAW YOUR LIGHT AND FIGHTING ONE MIND A CALL 
LOG (lattice-best-path:main():lattice-best-path.cc:99) For utterance anonymous0046-20080428-cxb-b0119, best cost 421.446 + 12114.9 = 12536.4 over 298 frames.
anonymous0046-20080428-cxb-b0119 BILLINGER MAY ARRIVE IN TIME 
LOG (lattice-best-path:main():lattice-best-path.cc:99) For utterance anonymous0046-20080428-cxb-b0120, best cost 608.462 + 15846.4 = 16454.9 over 373 frames.
anonymous0046-20080428-cxb-b0120 THERE'S THE HITCH REPLIED THORPE ROLLING A CIGARETTE 
LOG (lattice-best-path:main():lattice-best-path.cc:99) For utterance anonymous0122-20081010-uhe-b0491, best cost 957.873 + 29086.4 = 30044.3 over 636 frames.
anonymous0122-20081010-uhe-b0491 JACOB BRINKER WHO HER ASSIST ROADMATE BROUGHT TO NEWS 
LOG (lattice-best-path:main():lattice-best-path.cc:99) For utterance anonymous0122-20081010-uhe-b0492, best cost 1215.47 + 36314.1 = 37529.6 over 773 frames.
anonymous0122-20081010-uhe-b0492 IN HE TO RECEIVE TURNS TO TENETS AND JARGON OF PSYCHOLOGY BACK OF THE 
LOG (lattice-best-path:main():lattice-best-path.cc:99) For utterance anonymous0122-20081010-uhe-b0493, best cost 866.727 + 18887.7 = 19754.5 over 398 frames.
anonymous0122-20081010-uhe-b0493 HOW YOU JOAN OF SHE I THINK OF THE FROST 
LOG (lattice-best-path:main():lattice-best-path.cc:99) For utterance anonymous0122-20081010-uhe-b0494, best cost 780.622 + 18299 = 19079.6 over 386 frames.
anonymous0122-20081010-uhe-b0494 NEVER SO STRANGE A PROFIT COME FROM JERUSALEM 
LOG (lattice-best-path:main():lattice-best-path.cc:99) For utterance anonymous0122-20081010-uhe-b0495, best cost 907.079 + 27712 = 28619.1 over 598 frames.
anonymous0122-20081010-uhe-b0495 WHO WE WHO HAVE ENDURED SO MUCH SURELY CAN ENDURE A LITTLE MORE 
LOG (lattice-best-path:main():lattice-best-path.cc:99) For utterance anonymous0122-20081010-uhe-b0496, best cost 1670.61 + 34154.6 = 35825.2 over 723 frames.
anonymous0122-20081010-uhe-b0496 I HAVE SEEN MYSELF THAT ONE THEN TURNED COME TO AND PLANT FIGHT THE SKY THE PHILIP FOR SINCE I 
LOG (lattice-best-path:main():lattice-best-path.cc:99) For utterance anonymous0122-20081010-uhe-b0497, best cost 914.358 + 29012.6 = 29927 over 611 frames.
anonymous0122-20081010-uhe-b0497 BY GREAT DRAWBACK TO FARMING IN CALIFORNIA IS OUR LONG DRY SUMMER 
LOG (lattice-best-path:main():lattice-best-path.cc:99) For utterance anonymous0122-20081010-uhe-b0498, best cost 949.457 + 34646.1 = 35595.5 over 723 frames.
anonymous0122-20081010-uhe-b0498 I REMEMBERED THE RED WINE AUNT ITALIAN RANCHO AND SHUDDERED INWARDLY 
LOG (lattice-best-path:main():lattice-best-path.cc:99) For utterance anonymous0122-20081010-uhe-b0499, best cost 936.731 + 25659.6 = 26596.4 over 523 frames.
anonymous0122-20081010-uhe-b0499 I SAID AND AND DISMISSED THE MATTER AS NOT WORTH THINKING ABOUT HIM 
LOG (lattice-best-path:main():lattice-best-path.cc:99) For utterance anonymous0122-20081010-uhe-b0500, best cost 399.921 + 14304.9 = 14704.8 over 311 frames.
anonymous0122-20081010-uhe-b0500 THEN CAME MY BOY CODE 
LOG (lattice-best-path:main():lattice-best-path.cc:99) For utterance anonymous0155-20081116-pfp-b0064, best cost 725.622 + 13277.3 = 14002.9 over 280 frames.
anonymous0155-20081116-pfp-b0064 I'M GOING DOWN THERE WITH YOU AND GOING TO FIGHT 
LOG (lattice-best-path:main():lattice-best-path.cc:99) For utterance anonymous0155-20081116-pfp-b0065, best cost 839.314 + 13188.1 = 14027.5 over 305 frames.
anonymous0155-20081116-pfp-b0065 NOW HAVE YOU GOT ANYTHING TO SAY GUESS ME MR PHILIP 
LOG (lattice-best-path:main():lattice-best-path.cc:99) For utterance anonymous0155-20081116-pfp-b0066, best cost 710.617 + 15834.4 = 16545 over 348 frames.
anonymous0155-20081116-pfp-b0066 IF I MEET HER AGAIN I SHALL APOLOGIZE SAID EILEEN 
LOG (lattice-best-path:main():lattice-best-path.cc:99) For utterance anonymous0155-20081116-pfp-b0067, best cost 846.944 + 15199.3 = 16046.2 over 331 frames.
anonymous0155-20081116-pfp-b0067 BLOW HIM THE SHADOW WAS BROKEN INTO A POOL OF RIPPLING STARLIGHT 
LOG (lattice-best-path:main():lattice-best-path.cc:99) For utterance anonymous0155-20081116-pfp-b0068, best cost 708.585 + 13721.2 = 14429.7 over 339 frames.
anonymous0155-20081116-pfp-b0068 ONLY THE CHANCE SOUND HAD LED HIM TO OBSERVE THEM 
LOG (lattice-best-path:main():lattice-best-path.cc:99) For utterance anonymous0155-20081116-pfp-b0069, best cost 819.721 + 12925.1 = 13744.8 over 305 frames.
anonymous0155-20081116-pfp-b0069 GOOD THE INCIDENT HAVE AT HIM TO DO WITH JEANNE AND PIERRE 
LOG (lattice-best-path:main():lattice-best-path.cc:99) For utterance anonymous0155-20081116-pfp-b0070, best cost 565.471 + 10221.5 = 10786.9 over 263 frames.
anonymous0155-20081116-pfp-b0070 THERE WAS NO CHANCE TO FIRE WITHOUT HITTING HIM 
LOG (lattice-best-path:main():lattice-best-path.cc:99) For utterance anonymous0155-20081116-pfp-b0071, best cost 503.527 + 10208.2 = 10711.8 over 245 frames.
anonymous0155-20081116-pfp-b0071 THERE WAS NO ANSWER FROM THE OTHER SIDE 
LOG (lattice-best-path:main():lattice-best-path.cc:99) For utterance anonymous0155-20081116-pfp-b0072, best cost 639.756 + 12900.3 = 13540.1 over 314 frames.
anonymous0155-20081116-pfp-b0072 THEN HE HASTENED ON AS PIERRE HAD GUIDED HIM 
LOG (lattice-best-path:main():lattice-best-path.cc:99) For utterance anonymous0155-20081116-pfp-b0073, best cost 866.599 + 18157.4 = 19024 over 433 frames.
anonymous0155-20081116-pfp-b0073 WITH THESE ARGUMENTS HE CONVINCED HIMSELF OF USE GO ON ALONE 
LOG (lattice-best-path:main():lattice-best-path.cc:99) For utterance anonymous0208-20090606-yyv-rp-15, best cost 569.029 + 15484 = 16053.1 over 356 frames.
anonymous0208-20090606-yyv-rp-15 THE NORSEMEN CONSIDERED THE RAINBOW AS A BRIDGE 
LOG (lattice-best-path:main():lattice-best-path.cc:99) For utterance anonymous0208-20090606-yyv-rp-16, best cost 1043.36 + 19972.9 = 21016.3 over 450 frames.
anonymous0208-20090606-yyv-rp-16 AS A WHICH THE GODS PASSED FROM THE BATH TO THAT HIM IN THE SKY 
LOG (lattice-best-path:main():lattice-best-path.cc:99) For utterance anonymous0208-20090606-yyv-rp-17, best cost 650.552 + 18869 = 19519.6 over 484 frames.
anonymous0208-20090606-yyv-rp-17 OTHERS HAVE TRIED TO EXPLAIN THE PHENOMENON PHYSICALLY 
LOG (lattice-best-path:main():lattice-best-path.cc:99) For utterance anonymous0208-20090606-yyv-rp-18, best cost 602.739 + 15215.2 = 15817.9 over 339 frames.
anonymous0208-20090606-yyv-rp-18 ARISTOTLE THOUGHT THAT THE RAINBOW WAS CAUSED BY 
LOG (lattice-best-path:main():lattice-best-path.cc:99) For utterance anonymous0208-20090606-yyv-rp-19, best cost 572.357 + 12975.5 = 13547.9 over 314 frames.
anonymous0208-20090606-yyv-rp-19 REFLECTION OF THE SUN'S RAYS BY THE RAIN 
LOG (lattice-best-path:main():lattice-best-path.cc:99) For utterance anonymous0208-20090606-yyv-rp-20, best cost 690.612 + 16297.9 = 16988.5 over 373 frames.
anonymous0208-20090606-yyv-rp-20 SINCE THEN PHYSICISTS HAVE FOUND THAT IT WAS NOT REFLECTION 
LOG (lattice-best-path:main():lattice-best-path.cc:99) For utterance anonymous0208-20090606-yyv-rp-21, best cost 860.204 + 19692.5 = 20552.7 over 476 frames.
anonymous0208-20090606-yyv-rp-21 BUT REFRACTION BY THE RAINDROPS WHICH CLOSE SAYS THE RAINBOWS 
LOG (lattice-best-path:main():lattice-best-path.cc:99) For utterance anonymous0208-20090606-yyv-rp-22, best cost 652.312 + 21780.8 = 22433.1 over 561 frames.
anonymous0208-20090606-yyv-rp-22 MANY COMPLICATED IDEAS ABOUT THE RAINBOW HAVE BEEN FORMED 
LOG (lattice-best-path:main():lattice-best-path.cc:99) For utterance anonymous0208-20090606-yyv-rp-23, best cost 791.815 + 21202.8 = 21994.7 over 467 frames.
anonymous0208-20090606-yyv-rp-23 THE DIFFERENCE IN THE RAINBOW DEPENDS CONSIDERABLY UPON THE SIZE OF THE DROPS 
LOG (lattice-best-path:main():lattice-best-path.cc:99) For utterance anonymous0208-20090606-yyv-rp-24, best cost 994.495 + 25858.5 = 26853 over 621 frames.
anonymous0208-20090606-yyv-rp-24 AND THE WAIT FOR THE COLORED BAND INCREASES AS THE SIZE THE DROPS INCREASES 
LOG (lattice-best-path:main():lattice-best-path.cc:99) For utterance anonymous0226-20090711-zoe-b0264, best cost 499.567 + 14590.3 = 15089.9 over 348 frames.
anonymous0226-20090711-zoe-b0264 BUT THIS TIME WAS SAXON WHO REBELLED 
LOG (lattice-best-path:main():lattice-best-path.cc:99) For utterance anonymous0226-20090711-zoe-b0265, best cost 718.402 + 16566.6 = 17285 over 336 frames.
anonymous0226-20090711-zoe-b0265 I WAS NOT TO CRY OUT IN THE FACE OF FEAR 
LOG (lattice-best-path:main():lattice-best-path.cc:99) For utterance anonymous0226-20090711-zoe-b0266, best cost 594.707 + 15760 = 16354.7 over 361 frames.
anonymous0226-20090711-zoe-b0266 AND NOW PUT YOURSELF IN MY PLACE FOR A MOMENT 
LOG (lattice-best-path:main():lattice-best-path.cc:99) For utterance anonymous0226-20090711-zoe-b0267, best cost 524.883 + 15767.1 = 16292 over 336 frames.
anonymous0226-20090711-zoe-b0267 THE BOY THREW BACK HIS HEAD WITH PRIDE 
LOG (lattice-best-path:main():lattice-best-path.cc:99) For utterance anonymous0226-20090711-zoe-b0268, best cost 455.017 + 16536.4 = 16991.4 over 361 frames.
anonymous0226-20090711-zoe-b0268 SAXON NODDED AND THE BOY FROWNED 
LOG (lattice-best-path:main():lattice-best-path.cc:99) For utterance anonymous0226-20090711-zoe-b0269, best cost 597.097 + 19366.7 = 19963.8 over 436 frames.
anonymous0226-20090711-zoe-b0269 WHY NOT LIKE ANY RAILROAD STATION OR FERRY DEPOT 
LOG (lattice-best-path:main():lattice-best-path.cc:99) For utterance anonymous0226-20090711-zoe-b0270, best cost 443.556 + 15199 = 15642.5 over 336 frames.
anonymous0226-20090711-zoe-b0270 WE COULD THROW STONES WITH THEIR FEET 
LOG (lattice-best-path:main():lattice-best-path.cc:99) For utterance anonymous0226-20090711-zoe-b0271, best cost 678.448 + 19536.6 = 20215.1 over 398 frames.
anonymous0226-20090711-zoe-b0271 IT WAS PUT TOGETHER IN A CASUAL HELTER SKELTER SORT AWAY 
LOG (lattice-best-path:main():lattice-best-path.cc:99) For utterance anonymous0226-20090711-zoe-b0272, best cost 731.799 + 18031.2 = 18763 over 411 frames.
anonymous0226-20090711-zoe-b0272 THESE WERE MERELY STOUT STICKS AN INCH OR SO IN DIAMETER 
LOG (lattice-best-path:main():lattice-best-path.cc:99) For utterance anonymous0226-20090711-zoe-b0273, best cost 552.312 + 14749.9 = 15302.2 over 348 frames.
anonymous0226-20090711-zoe-b0273 THEN IT WAS THAT A STRANGE THING HAPPENED 
LOG (lattice-best-path:main():lattice-best-path.cc:99) For utterance anonymous0325-20091220-ijn-rp-13, best cost 699.385 + 18305.6 = 19005 over 467 frames.
anonymous0325-20091220-ijn-rp-13 THE GREEKS USED TO IMAGINE THAT IT WAS A SIGN 
LOG (lattice-best-path:main():lattice-best-path.cc:99) For utterance anonymous0325-20091220-ijn-rp-14, best cost 702.861 + 17242.3 = 17945.1 over 450 frames.
anonymous0325-20091220-ijn-rp-14 FROM THE GODS TO FORETELL WAR ON HEAVY RAIN 
LOG (lattice-best-path:main():lattice-best-path.cc:99) For utterance anonymous0325-20091220-ijn-rp-15, best cost 581.713 + 14978.2 = 15559.9 over 416 frames.
anonymous0325-20091220-ijn-rp-15 THE NORSEMEN CONSIDERED THE RAINBOW AS A BRIDGE 
LOG (lattice-best-path:main():lattice-best-path.cc:99) For utterance anonymous0325-20091220-ijn-rp-16, best cost 778.263 + 16585.6 = 17363.8 over 420 frames.
anonymous0325-20091220-ijn-rp-16 THE GODS PASSED FROM EARTH TO THEIR HOME IN THE SKY 
LOG (lattice-best-path:main():lattice-best-path.cc:99) For utterance anonymous0325-20091220-ijn-rp-17, best cost 871.861 + 21032.4 = 21904.3 over 519 frames.
anonymous0325-20091220-ijn-rp-17 OTHERS HAVE TRIED TO EXPLAIN THE PHENOMENON FIT PHYSICALLY 
LOG (lattice-best-path:main():lattice-best-path.cc:99) For utterance anonymous0325-20091220-ijn-rp-18, best cost 664.09 + 15090.2 = 15754.3 over 388 frames.
anonymous0325-20091220-ijn-rp-18 ARISTOTLE THOUGHT THAT THE RAINBOW WAS CAUSED BY 
LOG (lattice-best-path:main():lattice-best-path.cc:99) For utterance anonymous0325-20091220-ijn-rp-19, best cost 439.232 + 8831.65 = 9270.88 over 238 frames.
anonymous0325-20091220-ijn-rp-19 THE SUN'S RAYS BY THE RAIN 
LOG (lattice-best-path:main():lattice-best-path.cc:99) For utterance anonymous0325-20091220-ijn-rp-20, best cost 669.439 + 14797.1 = 15466.5 over 337 frames.
anonymous0325-20091220-ijn-rp-20 THEN PHYSICISTS HAVE FOUND THAT IT IS NOT REFLECTION 
LOG (lattice-best-path:main():lattice-best-path.cc:99) For utterance anonymous0325-20091220-ijn-rp-21, best cost 780.562 + 22295.3 = 23075.8 over 566 frames.
anonymous0325-20091220-ijn-rp-21 THE REFRACTION BY THE RAINDROPS WHICH CAUSES THE RAINBOWS 
LOG (lattice-best-path:main():lattice-best-path.cc:99) For utterance anonymous0325-20091220-ijn-rp-22, best cost 683.548 + 16335.8 = 17019.4 over 382 frames.
anonymous0325-20091220-ijn-rp-22 MANY COMPLICATED IDEAS ABOUT THE RAINBOWS HAVE BEEN FORMED 
LOG (lattice-best-path:main():lattice-best-path.cc:99) For utterance anonymous0371-20100203-ssd-a0541, best cost 498.563 + 13514.2 = 14012.8 over 373 frames.
anonymous0371-20100203-ssd-a0541 THE WARDEN WITH A QUART OF CHAMPAGNE 
LOG (lattice-best-path:main():lattice-best-path.cc:99) For utterance anonymous0371-20100203-ssd-a0542, best cost 701.919 + 17386.6 = 18088.6 over 461 frames.
anonymous0371-20100203-ssd-a0542 WITHOUT A DOUBT SOME OF THEM HAVE DINNER ENGAGEMENTS 
LOG (lattice-best-path:main():lattice-best-path.cc:99) For utterance anonymous0371-20100203-ssd-a0543, best cost 692.865 + 24180.5 = 24873.4 over 573 frames.
anonymous0371-20100203-ssd-a0543 I'VE BEEN BORN WITH NO ORGANIC CHEMICAL PREDISPOSITION TOWARD ALCOHOL 
LOG (lattice-best-path:main():lattice-best-path.cc:99) For utterance anonymous0371-20100203-ssd-a0544, best cost 545.238 + 14540.2 = 15085.4 over 411 frames.
anonymous0371-20100203-ssd-a0544 HE MAY ANTICIPATE THE DAY OF HIS DEATH 
LOG (lattice-best-path:main():lattice-best-path.cc:99) For utterance anonymous0371-20100203-ssd-a0545, best cost 536.319 + 16249.8 = 16786.1 over 448 frames.
anonymous0371-20100203-ssd-a0545 THE ITALIAN RANCHO WAS A BACHELOR ESTABLISHMENT 
LOG (lattice-best-path:main():lattice-best-path.cc:99) For utterance anonymous0371-20100203-ssd-a0546, best cost 756.417 + 20358.7 = 21115.1 over 548 frames.
anonymous0371-20100203-ssd-a0546 I LOST MY BALANCE AND PITCHED HEAD FOREMOST INTO THE OOZE 
LOG (lattice-best-path:main():lattice-best-path.cc:99) For utterance anonymous0371-20100203-ssd-a0547, best cost 726.585 + 21574.9 = 22301.5 over 548 frames.
anonymous0371-20100203-ssd-a0547 MEN LIKE JOE GOOSE DATED EXISTENCE FROM DRUNK TO DRUNK 
LOG (lattice-best-path:main():lattice-best-path.cc:99) For utterance anonymous0371-20100203-ssd-a0548, best cost 658.879 + 17270.8 = 17929.7 over 486 frames.
anonymous0371-20100203-ssd-a0548 ALSO CHURCHES AND PREACHERS I HAD NEVER KNOWN 
LOG (lattice-best-path:main():lattice-best-path.cc:99) For utterance anonymous0371-20100203-ssd-a0549, best cost 695.661 + 15653.3 = 16349 over 498 frames.
anonymous0371-20100203-ssd-a0549 YOU KNOW THAT WE WEIGH EVERY POUND OF COAL WE BURN 
LOG (lattice-best-path:main():lattice-best-path.cc:99) For utterance anonymous0371-20100203-ssd-a0550, best cost 586.62 + 15002.4 = 15589 over 436 frames.
anonymous0371-20100203-ssd-a0550 THIS ALSO BECAME PART OF THE DAILY SCHEDULE 
LOG (lattice-best-path:main():lattice-best-path.cc:99) For utterance anonymous0434-20100505-bxv-b0080, best cost 650.696 + 18631.7 = 19282.4 over 461 frames.
anonymous0434-20100505-bxv-b0080 TOMORROW BE STRONG INTERVIEW TO STAND UPON 
LOG (lattice-best-path:main():lattice-best-path.cc:99) For utterance anonymous0434-20100505-bxv-b0081, best cost 730.648 + 20663.5 = 21394.1 over 561 frames.
anonymous0434-20100505-bxv-b0081 YOU'RE GOING TO LEAVE AFTER YOU SAW ME ON THE ROCK 
LOG (lattice-best-path:main():lattice-best-path.cc:99) For utterance anonymous0434-20100505-bxv-b0082, best cost 785.756 + 23033.1 = 23818.9 over 586 frames.
anonymous0434-20100505-bxv-b0082 HE BIT HIS TONGUE AND CURSED HIMSELF AT THIS FRESH BREAK 
LOG (lattice-best-path:main():lattice-best-path.cc:99) For utterance anonymous0434-20100505-bxv-b0083, best cost 666.319 + 20628.8 = 21295.2 over 561 frames.
anonymous0434-20100505-bxv-b0083 IN A THERE WAS SOMETHING THAT WAS ALMOST TRAGEDY 
LOG (lattice-best-path:main():lattice-best-path.cc:99) For utterance anonymous0434-20100505-bxv-b0084, best cost 516.075 + 14272.8 = 14788.9 over 398 frames.
anonymous0434-20100505-bxv-b0084 YOUR FACE IS RED WITH BLOOD 
LOG (lattice-best-path:main():lattice-best-path.cc:99) For utterance anonymous0434-20100505-bxv-b0085, best cost 799.125 + 19849.6 = 20648.7 over 511 frames.
anonymous0434-20100505-bxv-b0085 HER EYES SMILED TRUTH AT HIM AS HE CAME UP THE BANK 
LOG (lattice-best-path:main():lattice-best-path.cc:99) For utterance anonymous0434-20100505-bxv-b0086, best cost 513.524 + 13000.6 = 13514.2 over 373 frames.
anonymous0434-20100505-bxv-b0086 HE KEEN CARE FOR HIMSELF 
LOG (lattice-best-path:main():lattice-best-path.cc:99) For utterance anonymous0434-20100505-bxv-b0087, best cost 709.821 + 18762.2 = 19472 over 486 frames.
anonymous0434-20100505-bxv-b0087 THEY WILL SEARCH FOR US BETWEEN THEIR CAMP IN CHURCHILL 
LOG (lattice-best-path:main():lattice-best-path.cc:99) For utterance anonymous0434-20100505-bxv-b0088, best cost 453.957 + 15751.8 = 16205.8 over 423 frames.
anonymous0434-20100505-bxv-b0088 UNTIL I DIE HE EXCLAIMED 
LOG (lattice-best-path:main():lattice-best-path.cc:99) For utterance anonymous0434-20100505-bxv-b0089, best cost 652.926 + 17891.8 = 18544.7 over 448 frames.
anonymous0434-20100505-bxv-b0089 HER BEAUTIFUL HAIR WAS DONE UP IN SHINING COILS 
LOG (lattice-best-path:main():lattice-best-path.cc:99) For utterance anonymous0541-20100821-gbt-b0459, best cost 433.426 + 16417.4 = 16850.8 over 398 frames.
anonymous0541-20100821-gbt-b0459 THEY ARE NOT BIOLOGISTS NOR SOCIOLOGISTS 
LOG (lattice-best-path:main():lattice-best-path.cc:99) For utterance anonymous0541-20100821-gbt-b0460, best cost 790.608 + 22778.7 = 23569.3 over 586 frames.
anonymous0541-20100821-gbt-b0460 THE MORE HIS OPPONENTS GREW EXCITED THE MORE ERNEST DELIBERATELY EXCITED THEM 
LOG (lattice-best-path:main():lattice-best-path.cc:99) For utterance anonymous0541-20100821-gbt-b0461, best cost 709.828 + 18257.5 = 18967.3 over 486 frames.
anonymous0541-20100821-gbt-b0461 BY VIRTUE OF THAT POWER WE SHALL REMAIN IN POWER 
LOG (lattice-best-path:main():lattice-best-path.cc:99) For utterance anonymous0541-20100821-gbt-b0462, best cost 495.615 + 13818.1 = 14313.7 over 386 frames.
anonymous0541-20100821-gbt-b0462 ONE GUESS WILL DO ERNEST RETORTED 
LOG (lattice-best-path:main():lattice-best-path.cc:99) For utterance anonymous0541-20100821-gbt-b0463, best cost 560.374 + 13011.7 = 13572.1 over 386 frames.
anonymous0541-20100821-gbt-b0463 TAKE MY ADVICE AND ACCEPT THE VACATION 
LOG (lattice-best-path:main():lattice-best-path.cc:99) For utterance anonymous0541-20100821-gbt-b0464, best cost 567.278 + 11340.8 = 11908.1 over 348 frames.
anonymous0541-20100821-gbt-b0464 I COULD NOT AGREE MORE WITH ERNEST 
LOG (lattice-best-path:main():lattice-best-path.cc:99) For utterance anonymous0541-20100821-gbt-b0465, best cost 634.105 + 15362.8 = 15996.9 over 441 frames.
anonymous0541-20100821-gbt-b0465 BUT SUCH DIVERGENCE OF NO MENACE TO SOCIETY 
LOG (lattice-best-path:main():lattice-best-path.cc:99) For utterance anonymous0541-20100821-gbt-b0466, best cost 651.785 + 17141.7 = 17793.5 over 636 frames.
anonymous0541-20100821-gbt-b0466 IT IS DOG EAT DOG AND YOU ATE THEM UP 
LOG (lattice-best-path:main():lattice-best-path.cc:99) For utterance anonymous0541-20100821-gbt-b0467, best cost 450.213 + 10161.4 = 10611.7 over 298 frames.
anonymous0541-20100821-gbt-b0467 LET US RUN FOR OURSELVES 
LOG (lattice-best-path:main():lattice-best-path.cc:99) For utterance anonymous0541-20100821-gbt-b0468, best cost 559.742 + 21100.7 = 21660.4 over 498 frames.
anonymous0541-20100821-gbt-b0468 IT WAS INTRODUCED BY REPRESENTATIVE DICK OF OHIO 
LOG (lattice-best-path:main():lattice-best-path.cc:99) For utterance anonymous0615-20110112-ahi-b0036, best cost 479.619 + 17253.7 = 17733.4 over 473 frames.
anonymous0615-20110112-ahi-b0036 HE WONDERED TOO WHERE ROSCOE WAS 
LOG (lattice-best-path:main():lattice-best-path.cc:99) For utterance anonymous0615-20110112-ahi-b0037, best cost 594.141 + 16864 = 17458.2 over 473 frames.
anonymous0615-20110112-ahi-b0037 PHILIP KNEW THAT SHE WAS NOT AN INDIAN 
LOG (lattice-best-path:main():lattice-best-path.cc:99) For utterance anonymous0615-20110112-ahi-b0038, best cost 769.235 + 22441.2 = 23210.5 over 561 frames.
anonymous0615-20110112-ahi-b0038 IN HER HASTE TO GET AWAY SHE HAD FORGOTTEN THESE THINGS 
LOG (lattice-best-path:main():lattice-best-path.cc:99) For utterance anonymous0615-20110112-ahi-b0039, best cost 826.105 + 23382.7 = 24208.8 over 536 frames.
anonymous0615-20110112-ahi-b0039 PHILIP TOOK A STEP TOWARD GREGSON HALF DETERMINED TO AWAKEN HIM 
LOG (lattice-best-path:main():lattice-best-path.cc:99) For utterance anonymous0615-20110112-ahi-b0040, best cost 483.464 + 14479.2 = 14962.6 over 386 frames.
anonymous0615-20110112-ahi-b0040 THE THOUGHT SET HIS BLOOD TINGLING 
LOG (lattice-best-path:main():lattice-best-path.cc:99) For utterance anonymous0615-20110112-ahi-b0041, best cost 671.027 + 16800.3 = 17471.4 over 448 frames.
anonymous0615-20110112-ahi-b0041 BUT IF PIERRE DID NOT RETURN UNTIL TOMORROW 
LOG (lattice-best-path:main():lattice-best-path.cc:99) For utterance anonymous0615-20110112-ahi-b0042, best cost 783.255 + 21957.8 = 22741 over 536 frames.
anonymous0615-20110112-ahi-b0042 TEN MINUTES HAD NOT ELAPSED SINCE HE HAD DROPPED THE HANDKERCHIEF 
LOG (lattice-best-path:main():lattice-best-path.cc:99) For utterance anonymous0615-20110112-ahi-b0043, best cost 513.023 + 11719.9 = 12233 over 348 frames.
anonymous0615-20110112-ahi-b0043 IT WON'T BE FOR SELL 
LOG (lattice-best-path:main():lattice-best-path.cc:99) For utterance anonymous0615-20110112-ahi-b0044, best cost 595.621 + 14904 = 15499.6 over 386 frames.
anonymous0615-20110112-ahi-b0044 FOR A FEW MOMENTS HE ATE IN SILENCE 
LOG (lattice-best-path:main():lattice-best-path.cc:99) For utterance anonymous0615-20110112-ahi-b0045, best cost 499.44 + 16466 = 16965.5 over 436 frames.
anonymous0615-20110112-ahi-b0045 PHILIP DID NOT PURSUE THE SUBJECT 
LOG (lattice-best-path:main():lattice-best-path.cc:99) For utterance anonymous0762-20111028-uvj-b0002, best cost 787.694 + 20394 = 21181.7 over 661 frames.
anonymous0762-20111028-uvj-b0002 YOU GOT OUT BY FIGHTING AND I THROUGH A PRETTY GIRL 
LOG (lattice-best-path:main():lattice-best-path.cc:99) For utterance anonymous0762-20111028-uvj-b0003, best cost 451.705 + 13485.3 = 13937 over 436 frames.
anonymous0762-20111028-uvj-b0003 I CAN SEE THAT KNIFE NOW 
LOG (lattice-best-path:main():lattice-best-path.cc:99) For utterance anonymous0762-20111028-uvj-b0004, best cost 772.354 + 19932.7 = 20705.1 over 586 frames.
anonymous0762-20111028-uvj-b0004 WHEN I CAN'T SEE BEAUTY IN WOMAN I WANT TO DIE 
LOG (lattice-best-path:main():lattice-best-path.cc:99) For utterance anonymous0762-20111028-uvj-b0005, best cost 584.826 + 22335.8 = 22920.6 over 686 frames.
anonymous0762-20111028-uvj-b0005 HIS SLIM FINGERS CLOSED LIKE STEEL ABOUT PHILIP'S 
LOG (lattice-best-path:main():lattice-best-path.cc:99) For utterance anonymous0762-20111028-uvj-b0006, best cost 799.807 + 19131.5 = 19931.3 over 611 frames.
anonymous0762-20111028-uvj-b0006 HE SEIZED GREGSON BY THE ARM AND LED HIM TO THE DOOR 
LOG (lattice-best-path:main():lattice-best-path.cc:99) For utterance anonymous0762-20111028-uvj-b0007, best cost 593.411 + 18216.6 = 18810 over 636 frames.
anonymous0762-20111028-uvj-b0007 HERE THE INDIAN DOGS WAILING DOWN AT CHURCHILL 
LOG (lattice-best-path:main():lattice-best-path.cc:99) For utterance anonymous0762-20111028-uvj-b0008, best cost 697.151 + 21512.5 = 22209.6 over 648 frames.
anonymous0762-20111028-uvj-b0008 BURKE HIMSELF HAD CRITICIZED IT BECAUSE OF THE SMILE 
LOG (lattice-best-path:main():lattice-best-path.cc:99) For utterance anonymous0762-20111028-uvj-b0009, best cost 687.173 + 18988.2 = 19675.4 over 611 frames.
anonymous0762-20111028-uvj-b0009 I'D SAY THERE WAS GOING TO BE A GLORIOUS SCRAP 
LOG (lattice-best-path:main():lattice-best-path.cc:99) For utterance anonymous0762-20111028-uvj-b0010, best cost 703.401 + 20385.3 = 21088.7 over 661 frames.
anonymous0762-20111028-uvj-b0010 HE TURNED THE MAP TO GREGSON POINTING WITH HIS FINGER 
LOG (lattice-best-path:main():lattice-best-path.cc:99) For utterance anonymous0762-20111028-uvj-b0011, best cost 774.286 + 25732.4 = 26506.7 over 798 frames.
anonymous0762-20111028-uvj-b0011 HIS EYES NEVER TOOK THEMSELVES FOR AN INSTANT FROM HIS COMPANION'S FACE 
LOG (lattice-best-path:main():lattice-best-path.cc:99) For utterance anonymous0890-20120430-tej-b0051, best cost 778.7 + 18173.2 = 18951.9 over 473 frames.
anonymous0890-20120430-tej-b0051 THE SIXTH DAY HE SPENT IN A CABIN WITH GREGSON 
LOG (lattice-best-path:main():lattice-best-path.cc:99) For utterance anonymous0890-20120430-tej-b0052, best cost 502.601 + 13109.6 = 13612.2 over 361 frames.
anonymous0890-20120430-tej-b0052 THE FLUSH WAS GONE FROM HER FACE 
LOG (lattice-best-path:main():lattice-best-path.cc:99) For utterance anonymous0890-20120430-tej-b0053, best cost 627.077 + 19027.6 = 19654.7 over 523 frames.
anonymous0890-20120430-tej-b0053 THAT IS WHY I AM AM RATTLED HE LAUGHED 
LOG (lattice-best-path:main():lattice-best-path.cc:99) For utterance anonymous0890-20120430-tej-b0054, best cost 551.632 + 17419.3 = 17970.9 over 461 frames.
anonymous0890-20120430-tej-b0054 HE UNDERSTOOD THE MEANING OF THE LOOK 
LOG (lattice-best-path:main():lattice-best-path.cc:99) For utterance anonymous0890-20120430-tej-b0055, best cost 844.92 + 20722.1 = 21567 over 548 frames.
anonymous0890-20120430-tej-b0055 SHE WAS EVEN MORE BEAUTIFUL THEM WHEN I SAW HER BEFORE 
LOG (lattice-best-path:main():lattice-best-path.cc:99) For utterance anonymous0890-20120430-tej-b0056, best cost 690.216 + 20342.7 = 21032.9 over 511 frames.
anonymous0890-20120430-tej-b0056 I'LL GIVE A THOUSAND IF YOU PRODUCE HER RETORTED GREGSON 
LOG (lattice-best-path:main():lattice-best-path.cc:99) For utterance anonymous0890-20120430-tej-b0057, best cost 603.218 + 20199.1 = 20802.3 over 523 frames.
anonymous0890-20120430-tej-b0057 THEY HAVE WON POPULAR SENTIMENT THROUGH THE NEWSPAPERS 
LOG (lattice-best-path:main():lattice-best-path.cc:99) For utterance anonymous0890-20120430-tej-b0058, best cost 443.438 + 16960.2 = 17403.6 over 473 frames.
anonymous0890-20120430-tej-b0058 WE MUST ACHIEVE OUR OWN SALVATION 
LOG (lattice-best-path:main():lattice-best-path.cc:99) For utterance anonymous0890-20120430-tej-b0059, best cost 615.29 + 19099.3 = 19714.6 over 486 frames.
anonymous0890-20120430-tej-b0059 IN MOMENTS OF MENTAL ENERGY PHILIP WAS RESTLESS 
LOG (lattice-best-path:main():lattice-best-path.cc:99) For utterance anonymous0890-20120430-tej-b0060, best cost 873.836 + 21363.2 = 22237.1 over 561 frames.
anonymous0890-20120430-tej-b0060 HE WOULD KEEP HIS FAITH WITH GREGSON FOR THE PROMISED DAY OR TWO 
LOG (lattice-best-path:main():lattice-best-path.cc:99) For utterance anonymous0913-20120609-kgq-a0168, best cost 766.261 + 19722 = 20488.2 over 498 frames.
anonymous0913-20120609-kgq-a0168 LOW BUSH WHIPPED HIM IN THE FACE AND LEFT THIS DAY 
LOG (lattice-best-path:main():lattice-best-path.cc:99) For utterance anonymous0913-20120609-kgq-a0169, best cost 760.524 + 17655.7 = 18416.2 over 461 frames.
anonymous0913-20120609-kgq-a0169 FIRST SUDDENLY JOURNEY STOPPED FOR AN INSTANT 
LOG (lattice-best-path:main():lattice-best-path.cc:99) For utterance anonymous0913-20120609-kgq-a0170, best cost 751.342 + 19622.9 = 20374.2 over 536 frames.
anonymous0913-20120609-kgq-a0170 THERE WAS NOT OF THE JOY OF MEETING IN HIS FACE 
LOG (lattice-best-path:main():lattice-best-path.cc:99) For utterance anonymous0913-20120609-kgq-a0171, best cost 766.351 + 20450.9 = 21217.2 over 536 frames.
anonymous0913-20120609-kgq-a0171 AM WHEN YOU COME BACK AND FEW DAYS BRING EILEEN 
LOG (lattice-best-path:main():lattice-best-path.cc:99) For utterance anonymous0913-20120609-kgq-a0172, best cost 563.14 + 20888.1 = 21451.2 over 548 frames.
anonymous0913-20120609-kgq-a0172 GREGSON HAD LEFT THE OUTER DOOR SLIGHTLY AJAR 
LOG (lattice-best-path:main():lattice-best-path.cc:99) For utterance anonymous0913-20120609-kgq-a0173, best cost 526.044 + 18045.2 = 18571.2 over 473 frames.
anonymous0913-20120609-kgq-a0173 THE DATE WAS NEARLY EIGHTEEN YEARS OLD 
LOG (lattice-best-path:main():lattice-best-path.cc:99) For utterance anonymous0913-20120609-kgq-a0174, best cost 740.272 + 13574.1 = 14314.4 over 373 frames.
anonymous0913-20120609-kgq-a0174 THEY WERE THE PRE SAY EACH OF STORM 
LOG (lattice-best-path:main():lattice-best-path.cc:99) For utterance anonymous0913-20120609-kgq-a0175, best cost 682.81 + 17799.9 = 18482.7 over 486 frames.
anonymous0913-20120609-kgq-a0175 DOWN THAT THE EARTH WAS ALREADY SWELLING WITH MY 
LOG (lattice-best-path:main():lattice-best-path.cc:99) For utterance anonymous0913-20120609-kgq-a0176, best cost 819.107 + 19290.1 = 20109.2 over 486 frames.
anonymous0913-20120609-kgq-a0176 FOR THE FIRST TIME IN HIS LIFE HE WAS YEARNING FOR A SCRAP 
LOG (lattice-best-path:main():lattice-best-path.cc:99) For utterance anonymous0913-20120609-kgq-a0177, best cost 487.31 + 18598.3 = 19085.6 over 498 frames.
anonymous0913-20120609-kgq-a0177 SHE HAD BEEN THOROUGHLY AND EFFICIENTLY MAULED 
LOG (lattice-best-path:main():lattice-best-path.cc:99) For utterance anonymous0989-20121113-jbs-a0361, best cost 717.278 + 23328.5 = 24045.8 over 636 frames.
anonymous0989-20121113-jbs-a0361 BUT HE DID NOT BROACH IT PREFERRING TO MATURE IT CAREFULLY 
LOG (lattice-best-path:main():lattice-best-path.cc:99) For utterance anonymous0989-20121113-jbs-a0362, best cost 418.417 + 14010.3 = 14428.7 over 411 frames.
anonymous0989-20121113-jbs-a0362 NOPE NOT THE SLIGHTEST IDEA 
LOG (lattice-best-path:main():lattice-best-path.cc:99) For utterance anonymous0989-20121113-jbs-a0363, best cost 593.201 + 16532.4 = 17125.6 over 461 frames.
anonymous0989-20121113-jbs-a0363 IT IS NOT ATTEMPT TO SMASH THE MARKET 
LOG (lattice-best-path:main():lattice-best-path.cc:99) For utterance anonymous0989-20121113-jbs-a0364, best cost 769.483 + 21080.8 = 21850.3 over 561 frames.
anonymous0989-20121113-jbs-a0364 WE HAVE PLENTY OF CAPITAL OURSELVES AND YET WE WANT MORE 
LOG (lattice-best-path:main():lattice-best-path.cc:99) For utterance anonymous0989-20121113-jbs-a0365, best cost 503.047 + 17884.6 = 18387.7 over 486 frames.
anonymous0989-20121113-jbs-a0365 THESE RUMORS MAY EVEN ORIGINATE WITH US 
LOG (lattice-best-path:main():lattice-best-path.cc:99) For utterance anonymous0989-20121113-jbs-a0366, best cost 931.526 + 27632.4 = 28563.9 over 748 frames.
anonymous0989-20121113-jbs-a0366 A WILDLY EXCITING TIME WAS HIS DURING THE WEEK PRECEDING THURSDAY THE EIGHTY 
LOG (lattice-best-path:main():lattice-best-path.cc:99) For utterance anonymous0989-20121113-jbs-a0367, best cost 707.128 + 20071 = 20778.1 over 598 frames.
anonymous0989-20121113-jbs-a0367 THERE IS NOT AN IOTA OF TRUTH IN IT CERTAINLY NOT 
LOG (lattice-best-path:main():lattice-best-path.cc:99) For utterance anonymous0989-20121113-jbs-a0368, best cost 895.706 + 26973.3 = 27869 over 723 frames.
anonymous0989-20121113-jbs-a0368 I JUST DO APPRECIATE IT WITHOUT BEING ABLE TO EXPRESS MY FEEL 
LOG (lattice-best-path:main():lattice-best-path.cc:99) For utterance anonymous0989-20121113-jbs-a0369, best cost 736.476 + 27816.7 = 28553.1 over 773 frames.
anonymous0989-20121113-jbs-a0369 IN PARTNERSHIP WITH DAYLIGHT THE PAIR RAIDED THE SAN JOSE INTERURBAN 
LOG (lattice-best-path:main():lattice-best-path.cc:99) For utterance anonymous0989-20121113-jbs-a0370, best cost 647.416 + 18117.5 = 18765 over 536 frames.
anonymous0989-20121113-jbs-a0370 HE SAW ALL MEN IN THE BUSINESS GAME DOING THIS 
LOG (lattice-best-path:main():lattice-best-path.cc:99) For utterance anonymous1023-20130123-jta-b0013, best cost 676.731 + 23212.8 = 23889.5 over 623 frames.
anonymous1023-20130123-jta-b0013 LAKES AND RIVERS HUNDREDS OF THEM THOUSANDS OF THEM 
LOG (lattice-best-path:main():lattice-best-path.cc:99) For utterance anonymous1023-20130123-jta-b0014, best cost 492.956 + 22465.5 = 22958.4 over 586 frames.
anonymous1023-20130123-jta-b0014 WHITEFISH GREGSON WHITEFISH AND TROUT 
LOG (lattice-best-path:main():lattice-best-path.cc:99) For utterance anonymous1023-20130123-jta-b0015, best cost 495.525 + 15710.1 = 16205.6 over 423 frames.
anonymous1023-20130123-jta-b0015 THEY ROBBED ME A FEW YEARS LATER 
LOG (lattice-best-path:main():lattice-best-path.cc:99) For utterance anonymous1023-20130123-jta-b0016, best cost 713.399 + 21331.6 = 22045 over 511 frames.
anonymous1023-20130123-jta-b0016 HE CHUCKLED AS HE PULLED OUT HIS PIPE AND BEGAN FILLING IT 
LOG (lattice-best-path:main():lattice-best-path.cc:99) For utterance anonymous1023-20130123-jta-b0017, best cost 618.267 + 20672.3 = 21290.5 over 523 frames.
anonymous1023-20130123-jta-b0017 EVERYTHING WAS WORKING SMOOTHLY BETTER THAN I HAD EXPECTED 
LOG (lattice-best-path:main():lattice-best-path.cc:99) For utterance anonymous1023-20130123-jta-b0018, best cost 477.015 + 16169.4 = 16646.4 over 436 frames.
anonymous1023-20130123-jta-b0018 I WAS COMPLETELY LOST IN MY WORK 
LOG (lattice-best-path:main():lattice-best-path.cc:99) For utterance anonymous1023-20130123-jta-b0019, best cost 592.874 + 17104.8 = 17697.6 over 436 frames.
anonymous1023-20130123-jta-b0019 HIS SLIM HANDS GRIPPED THE EDGES OF THE TABLE 
LOG (lattice-best-path:main():lattice-best-path.cc:99) For utterance anonymous1023-20130123-jta-b0020, best cost 752.237 + 19529.6 = 20281.9 over 498 frames.
anonymous1023-20130123-jta-b0020 HE MADE NO REPLY AS HE WAITED FOR WHITTEMORE TO CONTINUE 
LOG (lattice-best-path:main():lattice-best-path.cc:99) For utterance anonymous1023-20130123-jta-b0021, best cost 443.477 + 15777.4 = 16220.8 over 411 frames.
anonymous1023-20130123-jta-b0021 PHILIP DROPPED BACK INTO HIS CHAIR 
LOG (lattice-best-path:main():lattice-best-path.cc:99) For utterance anonymous1023-20130123-jta-b0022, best cost 717.271 + 17771.4 = 18488.6 over 461 frames.
anonymous1023-20130123-jta-b0022 IF I WAS AWE OF THE GAME IT WOULD BE EASILY MADE 
LOG (lattice-best-path:main():lattice-best-path.cc:99) For utterance anonymous1116-20131221-urh-a0038, best cost 447.97 + 13800.6 = 14248.5 over 336 frames.
anonymous1116-20131221-urh-a0038 WE'LL HAVE TO WATCH OUR CHANCES 
LOG (lattice-best-path:main():lattice-best-path.cc:99) For utterance anonymous1116-20131221-urh-a0039, best cost 731.558 + 18706.1 = 19437.7 over 473 frames.
anonymous1116-20131221-urh-a0039 THE SHIP SHOULD BE IN WITHIN A WEEK OR TEN DAYS 
LOG (lattice-best-path:main():lattice-best-path.cc:99) For utterance anonymous1116-20131221-urh-a0040, best cost 742.422 + 19365.9 = 20108.4 over 498 frames.
anonymous1116-20131221-urh-a0040 I SUPPOSE YOU WONDER WHY SHE IS COMING UP HAIR AND 
LOG (lattice-best-path:main():lattice-best-path.cc:99) For utterance anonymous1116-20131221-urh-a0041, best cost 573.612 + 17334.6 = 17908.2 over 448 frames.
anonymous1116-20131221-urh-a0041 MEANWHILE I'LL GO OUT TO BREATHE A SPELL 
LOG (lattice-best-path:main():lattice-best-path.cc:99) For utterance anonymous1116-20131221-urh-a0042, best cost 627.238 + 18324.4 = 18951.7 over 461 frames.
anonymous1116-20131221-urh-a0042 HOW COULD HE EXPLAIN HIS POSSESSION OF THE SKETCH 
LOG (lattice-best-path:main():lattice-best-path.cc:99) For utterance anonymous1116-20131221-urh-a0043, best cost 851.51 + 24273.3 = 25124.9 over 561 frames.
anonymous1116-20131221-urh-a0043 IT SEEMED NEARER TO HIM SINCE HE HAD SEEN AND TALKED WITH GREGSON 
LOG (lattice-best-path:main():lattice-best-path.cc:99) For utterance anonymous1116-20131221-urh-a0044, best cost 723.201 + 22115.4 = 22838.6 over 536 frames.
anonymous1116-20131221-urh-a0044 HER OWN BETRAYAL OF HERSELF WAS LIKE TONIC TO PHILIP 
LOG (lattice-best-path:main():lattice-best-path.cc:99) For utterance anonymous1116-20131221-urh-a0045, best cost 634.531 + 17171.7 = 17806.2 over 448 frames.
anonymous1116-20131221-urh-a0045 HE MOVED AWAY AS QUIETLY AS HE HAD COME 
LOG (lattice-best-path:main():lattice-best-path.cc:99) For utterance anonymous1116-20131221-urh-a0046, best cost 804.668 + 21748.4 = 22553.1 over 561 frames.
anonymous1116-20131221-urh-a0046 THE GIRL FACED HIM HOW EYES SHINING WITH SUDDEN FEAR 
LOG (lattice-best-path:main():lattice-best-path.cc:99) For utterance anonymous1116-20131221-urh-a0047, best cost 808.773 + 24419.7 = 25228.5 over 623 frames.
anonymous1116-20131221-urh-a0047 CLOSE BESIDE HIM GLEAMED TO THE WHITE FANGS OF THE WOLF DOG 
LOG (lattice-best-path:main():lattice-best-path.cc:99) For utterance anonymous1184-20150109-mlr-b0174, best cost 1021.22 + 29049.6 = 30070.8 over 673 frames.
anonymous1184-20150109-mlr-b0174 HATRED AND MURDER A LAST FOR REVENGE THEY POSSESSED FOR OVERFLOWING 
LOG (lattice-best-path:main():lattice-best-path.cc:99) For utterance anonymous1184-20150109-mlr-b0175, best cost 453.421 + 18363.7 = 18817.1 over 436 frames.
anonymous1184-20150109-mlr-b0175 SHELDON GLANCED AT THE THERMOMETER 
LOG (lattice-best-path:main():lattice-best-path.cc:99) For utterance anonymous1184-20150109-mlr-b0176, best cost 487.958 + 15151.4 = 15639.4 over 373 frames.
anonymous1184-20150109-mlr-b0176 I'LL SEE TO POOR HUGHIE 
LOG (lattice-best-path:main():lattice-best-path.cc:99) For utterance anonymous1184-20150109-mlr-b0177, best cost 857.444 + 27890.6 = 28748.1 over 573 frames.
anonymous1184-20150109-mlr-b0177 HER GRAY EYES WERE FLASHING AND HER LIPS OVERT QUIVERING 
LOG (lattice-best-path:main():lattice-best-path.cc:99) For utterance anonymous1184-20150109-mlr-b0178, best cost 357.664 + 15181.8 = 15539.5 over 336 frames.
anonymous1184-20150109-mlr-b0178 ALSO I WANT INFORMATION 
LOG (lattice-best-path:main():lattice-best-path.cc:99) For utterance anonymous1184-20150109-mlr-b0179, best cost 613.203 + 17882.5 = 18495.7 over 398 frames.
anonymous1184-20150109-mlr-b0179 LET THEM GO OUT AND EAT WITH MY BOYS 
LOG (lattice-best-path:main():lattice-best-path.cc:99) For utterance anonymous1184-20150109-mlr-b0180, best cost 512.057 + 18156.3 = 18668.4 over 423 frames.
anonymous1184-20150109-mlr-b0180 I I BEG PARDON HE DRAWLED 
LOG (lattice-best-path:main():lattice-best-path.cc:99) For utterance anonymous1184-20150109-mlr-b0181, best cost 672.421 + 25444.7 = 26117.2 over 536 frames.
anonymous1184-20150109-mlr-b0181 AND YOU PREFERRED A CANNIBAL ISLE AND A CARTRIDGE BELT 
LOG (lattice-best-path:main():lattice-best-path.cc:99) For utterance anonymous1184-20150109-mlr-b0182, best cost 552.838 + 17211.1 = 17764 over 398 frames.
anonymous1184-20150109-mlr-b0182 I WAS A NEW YORK WHEN THE CRASH CAME 
LOG (lattice-best-path:main():lattice-best-path.cc:99) For utterance anonymous1184-20150109-mlr-b0183, best cost 490.184 + 19884.7 = 20374.8 over 473 frames.
anonymous1184-20150109-mlr-b0183 NO I DID NOT FALL AMONG THIEVES 
LOG (lattice-best-path:main():lattice-best-path.cc:124) Overall score per frame is 41.046 = 1.46038 [graph] + 39.5856 [acoustic] over 100537 frames.
LOG (lattice-best-path:main():lattice-best-path.cc:128) Done 220 lattices, failed for 0
# Accounting: time=1 threads=1
# Ended (code 0) at Sun Nov 26 13:00:50 IST 2017, elapsed time 1 seconds
