# lattice-best-path --lm-scale=9 --word-symbol-table=exp/sgmm2_4a/graph/words.txt "ark:gunzip -c exp/sgmm2_4a/decode_fmllr/lat.*.gz|" ark,t:exp/sgmm2_4a/decode_fmllr/scoring/9.tra 
# Started at Sun Nov 26 13:00:49 IST 2017
#
lattice-best-path --lm-scale=9 --word-symbol-table=exp/sgmm2_4a/graph/words.txt 'ark:gunzip -c exp/sgmm2_4a/decode_fmllr/lat.*.gz|' ark,t:exp/sgmm2_4a/decode_fmllr/scoring/9.tra 
LOG (lattice-best-path:main():lattice-best-path.cc:99) For utterance JonnyGutteridge-20081120-hav-b0041, best cost 366.79 + 12455.4 = 12822.2 over 331 frames.
JonnyGutteridge-20081120-hav-b0041 DID NOT RETURN UNTIL TOMORROW 
LOG (lattice-best-path:main():lattice-best-path.cc:99) For utterance JonnyGutteridge-20081120-hav-b0042, best cost 700.889 + 22279.3 = 22980.2 over 498 frames.
JonnyGutteridge-20081120-hav-b0042 TEN MINUTES HAD NOT ELAPSED SINCE HE HAD DROPPED THE HANDKERCHIEF 
LOG (lattice-best-path:main():lattice-best-path.cc:99) For utterance JonnyGutteridge-20081120-hav-b0043, best cost 340.155 + 9986.93 = 10327.1 over 311 frames.
JonnyGutteridge-20081120-hav-b0043 IT WON'T BE FOR SALE 
LOG (lattice-best-path:main():lattice-best-path.cc:99) For utterance JonnyGutteridge-20081120-hav-b0044, best cost 528.315 + 13857.7 = 14386 over 386 frames.
JonnyGutteridge-20081120-hav-b0044 FOR A FEW MOMENTS HE ATE IN SILENCE 
LOG (lattice-best-path:main():lattice-best-path.cc:99) For utterance JonnyGutteridge-20081120-hav-b0045, best cost 435.022 + 15780.7 = 16215.7 over 411 frames.
JonnyGutteridge-20081120-hav-b0045 PHILIP DID NOT PURSUE THE SUBJECT 
LOG (lattice-best-path:main():lattice-best-path.cc:99) For utterance JonnyGutteridge-20081120-hav-b0046, best cost 747.706 + 21526.6 = 22274.3 over 498 frames.
JonnyGutteridge-20081120-hav-b0046 PHILIP PRODUCED A COUPLE OF CIGARS TOOK A CHAIR OPPOSITE HIM 
LOG (lattice-best-path:main():lattice-best-path.cc:99) For utterance JonnyGutteridge-20081120-hav-b0047, best cost 600.517 + 12925.8 = 13526.3 over 336 frames.
JonnyGutteridge-20081120-hav-b0047 SUPPOSE YOU SAW MEN WORK THROUGH THE WINDOW 
LOG (lattice-best-path:main():lattice-best-path.cc:99) For utterance JonnyGutteridge-20081120-hav-b0048, best cost 842.227 + 20240.9 = 21083.1 over 448 frames.
JonnyGutteridge-20081120-hav-b0048 HE LOOKS LIKE ONE WHO A PASS THROUGH AN UNCOMFORTABLE HOUR OR TWO 
LOG (lattice-best-path:main():lattice-best-path.cc:99) For utterance JonnyGutteridge-20081120-hav-b0049, best cost 642.369 + 17920.7 = 18563.1 over 411 frames.
JonnyGutteridge-20081120-hav-b0049 THERE WAS NOTHING MORE EXCEPT A LARGE INK BLOT UNDER THE WORDS 
LOG (lattice-best-path:main():lattice-best-path.cc:99) For utterance JonnyGutteridge-20081120-hav-b0050, best cost 551.338 + 13816.5 = 14367.8 over 348 frames.
JonnyGutteridge-20081120-hav-b0050 ALL THIS DAY GREGSON REMAINED IN THE CABIN 
LOG (lattice-best-path:main():lattice-best-path.cc:99) For utterance Keren-20080605-cps-a0376, best cost 569.942 + 14932.7 = 15502.6 over 336 frames.
Keren-20080605-cps-a0376 YOUR PRICE MY SON IS JUST ABOUT THIRTY PER WEEK 
LOG (lattice-best-path:main():lattice-best-path.cc:99) For utterance Keren-20080605-cps-a0377, best cost 687.621 + 17510.2 = 18197.8 over 398 frames.
Keren-20080605-cps-a0377 THIS SOUND DID NOT DISTURB THE HUSH AND OFF THE PLACE 
LOG (lattice-best-path:main():lattice-best-path.cc:99) For utterance Keren-20080605-cps-a0378, best cost 532.032 + 15659 = 16191.1 over 361 frames.
Keren-20080605-cps-a0378 THAT'S WHY ITS BOUNDARIES ARE ALL GOUGED AND JAGGED 
LOG (lattice-best-path:main():lattice-best-path.cc:99) For utterance Keren-20080605-cps-a0379, best cost 346.35 + 8779.97 = 9126.32 over 211 frames.
Keren-20080605-cps-a0379 HOW OLD ARE YOU DADDY 
LOG (lattice-best-path:main():lattice-best-path.cc:99) For utterance Keren-20080605-cps-a0380, best cost 852.79 + 27044 = 27896.8 over 648 frames.
Keren-20080605-cps-a0380 THE IN THE CANYONS WATER WAS PLENTIFUL AND ALSO A LUXURIANT FOREST GROWTH 
LOG (lattice-best-path:main():lattice-best-path.cc:99) For utterance Keren-20080605-cps-a0381, best cost 266.131 + 13031.5 = 13297.6 over 298 frames.
Keren-20080605-cps-a0381 MY NAME'S FERGUSON 
LOG (lattice-best-path:main():lattice-best-path.cc:99) For utterance Keren-20080605-cps-a0382, best cost 835.421 + 24593 = 25428.4 over 586 frames.
Keren-20080605-cps-a0382 DAYLIGHT FOUND HIMSELF CHARMED AND MADE CURIOUS BY THE LOOMED MAN 
LOG (lattice-best-path:main():lattice-best-path.cc:99) For utterance Keren-20080605-cps-a0383, best cost 830.263 + 15799.1 = 16629.4 over 336 frames.
Keren-20080605-cps-a0383 TO HIS SURPRISE HER ANSWER WAS FLAT AN AND COME PROMISING 
LOG (lattice-best-path:main():lattice-best-path.cc:99) For utterance Keren-20080605-cps-a0384, best cost 451.606 + 12278.1 = 12729.7 over 261 frames.
Keren-20080605-cps-a0384 THE FARMER WORKS THE SOIL AND PRODUCES GRAIN 
LOG (lattice-best-path:main():lattice-best-path.cc:99) For utterance Keren-20080605-cps-a0385, best cost 289.327 + 8748.88 = 9038.2 over 198 frames.
Keren-20080605-cps-a0385 THAT'S WHAT CARNEGIE DID 
LOG (lattice-best-path:main():lattice-best-path.cc:99) For utterance Keren-20080605-uzd-a0451, best cost 483.753 + 21060.9 = 21544.7 over 461 frames.
Keren-20080605-uzd-a0451 I NOTICED BLOOD SPOUTING FROM KERFOOT'S LEFT HAND 
LOG (lattice-best-path:main():lattice-best-path.cc:99) For utterance Keren-20080605-uzd-a0452, best cost 653.469 + 16774.3 = 17427.8 over 398 frames.
Keren-20080605-uzd-a0452 THREE OILERS AND THE FOURTH ENGINEER IT WAS HIS GREETING 
LOG (lattice-best-path:main():lattice-best-path.cc:99) For utterance Keren-20080605-uzd-a0453, best cost 327.676 + 10550.8 = 10878.4 over 273 frames.
Keren-20080605-uzd-a0453 EIGHTEEN HUNDRED HE CALCULATED 
LOG (lattice-best-path:main():lattice-best-path.cc:99) For utterance Keren-20080605-uzd-a0454, best cost 496.622 + 18495.1 = 18991.7 over 423 frames.
Keren-20080605-uzd-a0454 THE SHARP VOICE OF WOLF LARSEN AROUSED ME 
LOG (lattice-best-path:main():lattice-best-path.cc:99) For utterance Keren-20080605-uzd-a0455, best cost 721.013 + 17002.9 = 17723.9 over 411 frames.
Keren-20080605-uzd-a0455 I OBEYED IN A MINUTE OR TWO LATER THEY STOOD BEFORE HIM 
LOG (lattice-best-path:main():lattice-best-path.cc:99) For utterance Keren-20080605-uzd-a0456, best cost 571.21 + 17808.3 = 18379.5 over 448 frames.
Keren-20080605-uzd-a0456 BUT IT WON'T CONTINUE SHE SAID WITH EASY CONFIDENCE 
LOG (lattice-best-path:main():lattice-best-path.cc:99) For utterance Keren-20080605-uzd-a0457, best cost 653.618 + 13539.7 = 14193.3 over 336 frames.
Keren-20080605-uzd-a0457 WHAT I SO ARE I CANNOT AT FIRST BELIEVE 
LOG (lattice-best-path:main():lattice-best-path.cc:99) For utterance Keren-20080605-uzd-a0458, best cost 505.886 + 15148.4 = 15654.3 over 373 frames.
Keren-20080605-uzd-a0458 THE STOUT WOOD WAS CRUSHED LIKE AN EGGSHELL 
LOG (lattice-best-path:main():lattice-best-path.cc:99) For utterance Keren-20080605-uzd-a0459, best cost 489.493 + 12725.2 = 13214.7 over 298 frames.
Keren-20080605-uzd-a0459 THERE'S TOO MUCH OF THE SCHOOLBOY IN ME 
LOG (lattice-best-path:main():lattice-best-path.cc:99) For utterance Keren-20080605-uzd-a0460, best cost 344.767 + 9950.12 = 10294.9 over 273 frames.
Keren-20080605-uzd-a0460 I HAD FORGOTTEN THEIR EXISTENCE 
LOG (lattice-best-path:main():lattice-best-path.cc:99) For utterance Keren-20080605-vdf-b0068, best cost 656.106 + 16696.7 = 17352.8 over 386 frames.
Keren-20080605-vdf-b0068 I ONLY THE CHANCE SOUND HAD LED HIM TO OBSERVE THEM 
LOG (lattice-best-path:main():lattice-best-path.cc:99) For utterance Keren-20080605-vdf-b0069, best cost 705.381 + 18247.6 = 18953 over 373 frames.
Keren-20080605-vdf-b0069 THE THE INCIDENT HAVE ANYTHING TO DO WAS CHINA AND PIERRE 
LOG (lattice-best-path:main():lattice-best-path.cc:99) For utterance Keren-20080605-vdf-b0070, best cost 487.275 + 11821.6 = 12308.8 over 286 frames.
Keren-20080605-vdf-b0070 THERE'S NO CHANCE TO FIRE WITHOUT HITTING HIM 
LOG (lattice-best-path:main():lattice-best-path.cc:99) For utterance Keren-20080605-vdf-b0071, best cost 478.166 + 10901.2 = 11379.3 over 261 frames.
Keren-20080605-vdf-b0071 THERE IS NO ANSWER FROM THE OTHER SIDE 
LOG (lattice-best-path:main():lattice-best-path.cc:99) For utterance Keren-20080605-vdf-b0072, best cost 628.154 + 15737.2 = 16365.3 over 398 frames.
Keren-20080605-vdf-b0072 MANY STAND ON AS PIERRE HAD GUIDED HIM 
LOG (lattice-best-path:main():lattice-best-path.cc:99) For utterance Keren-20080605-vdf-b0073, best cost 857.803 + 20408.2 = 21266 over 498 frames.
Keren-20080605-vdf-b0073 WITH THESE ARGUMENTS HE CONVINCED HIMSELF THEN HE SHOULD GO ON ALONE 
LOG (lattice-best-path:main():lattice-best-path.cc:99) For utterance Keren-20080605-vdf-b0074, best cost 784.974 + 17468.8 = 18253.8 over 473 frames.
Keren-20080605-vdf-b0074 YET BEHIND THEM THERE WAS ANOTHER AT AND MORE POWERFUL MOTIVE 
LOG (lattice-best-path:main():lattice-best-path.cc:99) For utterance Keren-20080605-vdf-b0075, best cost 701.242 + 17769.3 = 18470.6 over 411 frames.
Keren-20080605-vdf-b0075 IN THAT CASE HE COULD NOT MISS THEM IF YOU USED CAUTION 
LOG (lattice-best-path:main():lattice-best-path.cc:99) For utterance Keren-20080605-vdf-b0076, best cost 656.943 + 21345.9 = 22002.9 over 473 frames.
Keren-20080605-vdf-b0076 BEFORE PHILIP COULD RECOVER HIMSELF JEANNE'S STARTLED GUARDS WERE UPON HIM 
LOG (lattice-best-path:main():lattice-best-path.cc:99) For utterance Keren-20080605-vdf-b0077, best cost 314.83 + 8432.46 = 8747.29 over 198 frames.
Keren-20080605-vdf-b0077 IT IS THE NEAREST REFUGE 
LOG (lattice-best-path:main():lattice-best-path.cc:99) For utterance Ronin_Sage-20080110-ny-rp-02, best cost 606.274 + 18090.6 = 18696.9 over 459 frames.
Ronin_Sage-20080110-ny-rp-02 THEY ACT AS A PRISM AND FORM A RAINBOW 
LOG (lattice-best-path:main():lattice-best-path.cc:99) For utterance Ronin_Sage-20080110-ny-rp-03, best cost 656.474 + 22283.2 = 22939.6 over 570 frames.
Ronin_Sage-20080110-ny-rp-03 THE RAINBOW IS A DIVISION OF WHITE LIGHT INTO MANY BEAUTIFUL COLORS 
LOG (lattice-best-path:main():lattice-best-path.cc:99) For utterance Ronin_Sage-20080110-ny-rp-04, best cost 817.567 + 24908.2 = 25725.8 over 647 frames.
Ronin_Sage-20080110-ny-rp-04 THESE TAKE THE SHAPE OF A LONG ROUND ARCH WITH ITS PATH HIGH ABOVE 
LOG (lattice-best-path:main():lattice-best-path.cc:99) For utterance Ronin_Sage-20080110-ny-rp-05, best cost 491.788 + 17421.2 = 17913 over 476 frames.
Ronin_Sage-20080110-ny-rp-05 AND ITS TWO ENDS APPARENTLY BEYOND THE HORIZON 
LOG (lattice-best-path:main():lattice-best-path.cc:99) For utterance Ronin_Sage-20080110-ny-rp-06, best cost 789.418 + 23723.5 = 24513 over 629 frames.
Ronin_Sage-20080110-ny-rp-06 THERE IS ACCORDING TO LEGEND A BOILING POT OF GOLD AT ONE IT 
LOG (lattice-best-path:main():lattice-best-path.cc:99) For utterance Ronin_Sage-20080110-ny-rp-07, best cost 516.43 + 14299.5 = 14816 over 408 frames.
Ronin_Sage-20080110-ny-rp-07 PEOPLE LOOK BUT NO ONE EVER FINDS IT 
LOG (lattice-best-path:main():lattice-best-path.cc:99) For utterance Ronin_Sage-20080110-ny-rp-08, best cost 592.791 + 15390.8 = 15983.6 over 425 frames.
Ronin_Sage-20080110-ny-rp-08 WHEN A MAN LOOKS FOR SOMETHING BEYOND HIS REACH 
LOG (lattice-best-path:main():lattice-best-path.cc:99) For utterance Ronin_Sage-20080110-ny-rp-09, best cost 918.061 + 20297.3 = 21215.3 over 536 frames.
Ronin_Sage-20080110-ny-rp-09 HIS FRIENDS SAY HE IS LOOKING FOR THE POT OF GOLD AT THE AND OF THE RAINBOW 
LOG (lattice-best-path:main():lattice-best-path.cc:99) For utterance Ronin_Sage-20080110-ny-rp-10, best cost 748.124 + 20152.5 = 20900.7 over 536 frames.
Ronin_Sage-20080110-ny-rp-10 DROPPED THE CENTURIES PEOPLE HAVE EXPLAINED THE RAINBOW IN VARIOUS WAYS 
LOG (lattice-best-path:main():lattice-best-path.cc:99) For utterance Ronin_Sage-20080110-ny-rp-11, best cost 659.059 + 20240 = 20899.1 over 527 frames.
Ronin_Sage-20080110-ny-rp-11 SOME HAVE ACCEPTED IT AS A MIRACLE WITHOUT PHYSICAL EXPLANATION 
LOG (lattice-best-path:main():lattice-best-path.cc:99) For utterance anonymous0046-20080428-cxb-b0111, best cost 446.705 + 13781.4 = 14228.1 over 348 frames.
anonymous0046-20080428-cxb-b0111 THE JOURNEY WAS CONTINUED AT DAWN 
LOG (lattice-best-path:main():lattice-best-path.cc:99) For utterance anonymous0046-20080428-cxb-b0112, best cost 638.572 + 21027 = 21665.6 over 511 frames.
anonymous0046-20080428-cxb-b0112 JEANNE AND PIERRE BOTH GAZED TOWARD THE GREAT ROCK 
LOG (lattice-best-path:main():lattice-best-path.cc:99) For utterance anonymous0046-20080428-cxb-b0113, best cost 577.824 + 18790.2 = 19368 over 448 frames.
anonymous0046-20080428-cxb-b0113 THERE WAS SOMETHING PATHETIC IN THE GIRL'S ATTITUDE NOW 
LOG (lattice-best-path:main():lattice-best-path.cc:99) For utterance anonymous0046-20080428-cxb-b0114, best cost 594.311 + 16173.6 = 16767.9 over 411 frames.
anonymous0046-20080428-cxb-b0114 HE MOVED HIS POSITION AND THE ILLUSION WAS GONE 
LOG (lattice-best-path:main():lattice-best-path.cc:99) For utterance anonymous0046-20080428-cxb-b0115, best cost 544.777 + 14409.5 = 14954.3 over 361 frames.
anonymous0046-20080428-cxb-b0115 FOR TWO HOURS NOT A WORD PASSED BETWEEN THEM 
LOG (lattice-best-path:main():lattice-best-path.cc:99) For utterance anonymous0046-20080428-cxb-b0116, best cost 504.038 + 15622.7 = 16126.8 over 398 frames.
anonymous0046-20080428-cxb-b0116 I HAVE HUNTED ALONG THIS RIDGE REPLIED PHILIP 
LOG (lattice-best-path:main():lattice-best-path.cc:99) For utterance anonymous0046-20080428-cxb-b0117, best cost 476.929 + 14565.4 = 15042.3 over 411 frames.
anonymous0046-20080428-cxb-b0117 THAT'S THORPE'S SAID THE YOUNG ENGINEER 
LOG (lattice-best-path:main():lattice-best-path.cc:99) For utterance anonymous0046-20080428-cxb-b0118, best cost 713.664 + 16048.7 = 16762.3 over 373 frames.
anonymous0046-20080428-cxb-b0118 WE SAW YOUR LIGHT AND FIGHTING ONE MIND A CALL 
LOG (lattice-best-path:main():lattice-best-path.cc:99) For utterance anonymous0046-20080428-cxb-b0119, best cost 379.301 + 12114.9 = 12494.2 over 298 frames.
anonymous0046-20080428-cxb-b0119 BILLINGER MAY ARRIVE IN TIME 
LOG (lattice-best-path:main():lattice-best-path.cc:99) For utterance anonymous0046-20080428-cxb-b0120, best cost 547.616 + 15846.4 = 16394 over 373 frames.
anonymous0046-20080428-cxb-b0120 THERE'S THE HITCH REPLIED THORPE ROLLING A CIGARETTE 
LOG (lattice-best-path:main():lattice-best-path.cc:99) For utterance anonymous0122-20081010-uhe-b0491, best cost 862.086 + 29086.4 = 29948.5 over 636 frames.
anonymous0122-20081010-uhe-b0491 JACOB BRINKER WHO HER ASSIST ROADMATE BROUGHT TO NEWS 
LOG (lattice-best-path:main():lattice-best-path.cc:99) For utterance anonymous0122-20081010-uhe-b0492, best cost 1093.93 + 36314.1 = 37408.1 over 773 frames.
anonymous0122-20081010-uhe-b0492 IN HE TO RECEIVE TURNS TO TENETS AND JARGON OF PSYCHOLOGY BACK OF THE 
LOG (lattice-best-path:main():lattice-best-path.cc:99) For utterance anonymous0122-20081010-uhe-b0493, best cost 856.986 + 18809.2 = 19666.2 over 398 frames.
anonymous0122-20081010-uhe-b0493 OW YOU JOAN OF THE SHE AND THING OF THE FROST 
LOG (lattice-best-path:main():lattice-best-path.cc:99) For utterance anonymous0122-20081010-uhe-b0494, best cost 720.021 + 18280.7 = 19000.7 over 386 frames.
anonymous0122-20081010-uhe-b0494 NEVER SO STRANGE A PROFIT CALM FROM JERUSALEM 
LOG (lattice-best-path:main():lattice-best-path.cc:99) For utterance anonymous0122-20081010-uhe-b0495, best cost 816.371 + 27712 = 28528.4 over 598 frames.
anonymous0122-20081010-uhe-b0495 WHO WE WHO HAVE ENDURED SO MUCH SURELY CAN ENDURE A LITTLE MORE 
LOG (lattice-best-path:main():lattice-best-path.cc:99) For utterance anonymous0122-20081010-uhe-b0496, best cost 1503.55 + 34154.6 = 35658.1 over 723 frames.
anonymous0122-20081010-uhe-b0496 I HAVE SEEN MYSELF THAT ONE THEN TURNED COME TO AND PLANT FIGHT THE SKY THE PHILIP FOR SINCE I 
LOG (lattice-best-path:main():lattice-best-path.cc:99) For utterance anonymous0122-20081010-uhe-b0497, best cost 822.922 + 29012.6 = 29835.5 over 611 frames.
anonymous0122-20081010-uhe-b0497 BY GREAT DRAWBACK TO FARMING IN CALIFORNIA IS OUR LONG DRY SUMMER 
LOG (lattice-best-path:main():lattice-best-path.cc:99) For utterance anonymous0122-20081010-uhe-b0498, best cost 893.519 + 34604.8 = 35498.3 over 723 frames.
anonymous0122-20081010-uhe-b0498 I REMEMBERED THE RED ONE AUNT ITALIAN RANCHO AND SHUDDERED INWARDLY 
LOG (lattice-best-path:main():lattice-best-path.cc:99) For utterance anonymous0122-20081010-uhe-b0499, best cost 870.17 + 25629.7 = 26499.8 over 523 frames.
anonymous0122-20081010-uhe-b0499 I SAID THEN AND DISMISSED THE MATTER AS NOT WORTH THINKING ABOUT HIM 
LOG (lattice-best-path:main():lattice-best-path.cc:99) For utterance anonymous0122-20081010-uhe-b0500, best cost 359.929 + 14304.9 = 14664.8 over 311 frames.
anonymous0122-20081010-uhe-b0500 THEN CAME MY BOY CODE 
LOG (lattice-best-path:main():lattice-best-path.cc:99) For utterance anonymous0155-20081116-pfp-b0064, best cost 653.06 + 13277.3 = 13930.3 over 280 frames.
anonymous0155-20081116-pfp-b0064 I'M GOING DOWN THERE WITH YOU AND GOING TO FIGHT 
LOG (lattice-best-path:main():lattice-best-path.cc:99) For utterance anonymous0155-20081116-pfp-b0065, best cost 755.383 + 13188.1 = 13943.5 over 305 frames.
anonymous0155-20081116-pfp-b0065 NOW HAVE YOU GOT ANYTHING TO SAY GUESS ME MR PHILIP 
LOG (lattice-best-path:main():lattice-best-path.cc:99) For utterance anonymous0155-20081116-pfp-b0066, best cost 639.555 + 15834.4 = 16473.9 over 348 frames.
anonymous0155-20081116-pfp-b0066 IF I MEET HER AGAIN I SHALL APOLOGIZE SAID EILEEN 
LOG (lattice-best-path:main():lattice-best-path.cc:99) For utterance anonymous0155-20081116-pfp-b0067, best cost 762.25 + 15199.3 = 15961.5 over 331 frames.
anonymous0155-20081116-pfp-b0067 BLOW HIM THE SHADOW WAS BROKEN INTO A POOL OF RIPPLING STARLIGHT 
LOG (lattice-best-path:main():lattice-best-path.cc:99) For utterance anonymous0155-20081116-pfp-b0068, best cost 637.727 + 13721.2 = 14358.9 over 339 frames.
anonymous0155-20081116-pfp-b0068 ONLY THE CHANCE SOUND HAD LED HIM TO OBSERVE THEM 
LOG (lattice-best-path:main():lattice-best-path.cc:99) For utterance anonymous0155-20081116-pfp-b0069, best cost 737.749 + 12925.1 = 13662.8 over 305 frames.
anonymous0155-20081116-pfp-b0069 GOOD THE INCIDENT HAVE AT HIM TO DO WITH JEANNE AND PIERRE 
LOG (lattice-best-path:main():lattice-best-path.cc:99) For utterance anonymous0155-20081116-pfp-b0070, best cost 508.924 + 10221.5 = 10730.4 over 263 frames.
anonymous0155-20081116-pfp-b0070 THERE WAS NO CHANCE TO FIRE WITHOUT HITTING HIM 
LOG (lattice-best-path:main():lattice-best-path.cc:99) For utterance anonymous0155-20081116-pfp-b0071, best cost 453.174 + 10208.2 = 10661.4 over 245 frames.
anonymous0155-20081116-pfp-b0071 THERE WAS NO ANSWER FROM THE OTHER SIDE 
LOG (lattice-best-path:main():lattice-best-path.cc:99) For utterance anonymous0155-20081116-pfp-b0072, best cost 575.781 + 12900.3 = 13476.1 over 314 frames.
anonymous0155-20081116-pfp-b0072 THEN HE HASTENED ON AS PIERRE HAD GUIDED HIM 
LOG (lattice-best-path:main():lattice-best-path.cc:99) For utterance anonymous0155-20081116-pfp-b0073, best cost 779.939 + 18157.4 = 18937.3 over 433 frames.
anonymous0155-20081116-pfp-b0073 WITH THESE ARGUMENTS HE CONVINCED HIMSELF OF USE GO ON ALONE 
LOG (lattice-best-path:main():lattice-best-path.cc:99) For utterance anonymous0208-20090606-yyv-rp-15, best cost 605.649 + 15380.9 = 15986.6 over 356 frames.
anonymous0208-20090606-yyv-rp-15 THE NORSEMEN CONSIDERED THE RAIN THE AS A BRIDGE 
LOG (lattice-best-path:main():lattice-best-path.cc:99) For utterance anonymous0208-20090606-yyv-rp-16, best cost 939.026 + 19972.9 = 20911.9 over 450 frames.
anonymous0208-20090606-yyv-rp-16 AS A WHICH THE GODS PASSED FROM THE BATH TO THAT HIM IN THE SKY 
LOG (lattice-best-path:main():lattice-best-path.cc:99) For utterance anonymous0208-20090606-yyv-rp-17, best cost 585.497 + 18869 = 19454.5 over 484 frames.
anonymous0208-20090606-yyv-rp-17 OTHERS HAVE TRIED TO EXPLAIN THE PHENOMENON PHYSICALLY 
LOG (lattice-best-path:main():lattice-best-path.cc:99) For utterance anonymous0208-20090606-yyv-rp-18, best cost 679.275 + 15064.3 = 15743.5 over 339 frames.
anonymous0208-20090606-yyv-rp-18 ARISTOTLE THOUGHT THAT THE RAIN PAIR WAS CAUSED BY 
LOG (lattice-best-path:main():lattice-best-path.cc:99) For utterance anonymous0208-20090606-yyv-rp-19, best cost 515.121 + 12975.5 = 13490.7 over 314 frames.
anonymous0208-20090606-yyv-rp-19 REFLECTION OF THE SUN'S RAYS BY THE RAIN 
LOG (lattice-best-path:main():lattice-best-path.cc:99) For utterance anonymous0208-20090606-yyv-rp-20, best cost 621.551 + 16297.9 = 16919.5 over 373 frames.
anonymous0208-20090606-yyv-rp-20 SINCE THEN PHYSICISTS HAVE FOUND THAT IT WAS NOT REFLECTION 
LOG (lattice-best-path:main():lattice-best-path.cc:99) For utterance anonymous0208-20090606-yyv-rp-21, best cost 774.184 + 19692.5 = 20466.7 over 476 frames.
anonymous0208-20090606-yyv-rp-21 BUT REFRACTION BY THE RAINDROPS WHICH CLOSE SAYS THE RAINBOWS 
LOG (lattice-best-path:main():lattice-best-path.cc:99) For utterance anonymous0208-20090606-yyv-rp-22, best cost 587.081 + 21780.8 = 22367.9 over 561 frames.
anonymous0208-20090606-yyv-rp-22 MANY COMPLICATED IDEAS ABOUT THE RAINBOW HAVE BEEN FORMED 
LOG (lattice-best-path:main():lattice-best-path.cc:99) For utterance anonymous0208-20090606-yyv-rp-23, best cost 712.633 + 21202.8 = 21915.5 over 467 frames.
anonymous0208-20090606-yyv-rp-23 THE DIFFERENCE IN THE RAINBOW DEPENDS CONSIDERABLY UPON THE SIZE OF THE DROPS 
LOG (lattice-best-path:main():lattice-best-path.cc:99) For utterance anonymous0208-20090606-yyv-rp-24, best cost 895.046 + 25858.5 = 26753.6 over 621 frames.
anonymous0208-20090606-yyv-rp-24 AND THE WAIT FOR THE COLORED BAND INCREASES AS THE SIZE THE DROPS INCREASES 
LOG (lattice-best-path:main():lattice-best-path.cc:99) For utterance anonymous0226-20090711-zoe-b0264, best cost 449.611 + 14590.3 = 15039.9 over 348 frames.
anonymous0226-20090711-zoe-b0264 BUT THIS TIME WAS SAXON WHO REBELLED 
LOG (lattice-best-path:main():lattice-best-path.cc:99) For utterance anonymous0226-20090711-zoe-b0265, best cost 646.562 + 16566.6 = 17213.1 over 336 frames.
anonymous0226-20090711-zoe-b0265 I WAS NOT TO CRY OUT IN THE FACE OF FEAR 
LOG (lattice-best-path:main():lattice-best-path.cc:99) For utterance anonymous0226-20090711-zoe-b0266, best cost 535.236 + 15760 = 16295.3 over 361 frames.
anonymous0226-20090711-zoe-b0266 AND NOW PUT YOURSELF IN MY PLACE FOR A MOMENT 
LOG (lattice-best-path:main():lattice-best-path.cc:99) For utterance anonymous0226-20090711-zoe-b0267, best cost 472.394 + 15767.1 = 16239.5 over 336 frames.
anonymous0226-20090711-zoe-b0267 THE BOY THREW BACK HIS HEAD WITH PRIDE 
LOG (lattice-best-path:main():lattice-best-path.cc:99) For utterance anonymous0226-20090711-zoe-b0268, best cost 409.516 + 16536.4 = 16945.9 over 361 frames.
anonymous0226-20090711-zoe-b0268 SAXON NODDED AND THE BOY FROWNED 
LOG (lattice-best-path:main():lattice-best-path.cc:99) For utterance anonymous0226-20090711-zoe-b0269, best cost 537.388 + 19366.7 = 19904.1 over 436 frames.
anonymous0226-20090711-zoe-b0269 WHY NOT LIKE ANY RAILROAD STATION OR FERRY DEPOT 
LOG (lattice-best-path:main():lattice-best-path.cc:99) For utterance anonymous0226-20090711-zoe-b0270, best cost 445.616 + 15149.8 = 15595.4 over 336 frames.
anonymous0226-20090711-zoe-b0270 BECAUSE THROW STONES WITH THEIR FEET 
LOG (lattice-best-path:main():lattice-best-path.cc:99) For utterance anonymous0226-20090711-zoe-b0271, best cost 610.603 + 19536.6 = 20147.2 over 398 frames.
anonymous0226-20090711-zoe-b0271 IT WAS PUT TOGETHER IN A CASUAL HELTER SKELTER SORT AWAY 
LOG (lattice-best-path:main():lattice-best-path.cc:99) For utterance anonymous0226-20090711-zoe-b0272, best cost 658.619 + 18031.2 = 18689.8 over 411 frames.
anonymous0226-20090711-zoe-b0272 THESE WERE MERELY STOUT STICKS AN INCH OR SO IN DIAMETER 
LOG (lattice-best-path:main():lattice-best-path.cc:99) For utterance anonymous0226-20090711-zoe-b0273, best cost 497.081 + 14749.9 = 15247 over 348 frames.
anonymous0226-20090711-zoe-b0273 THEN IT WAS THAT A STRANGE THING HAPPENED 
LOG (lattice-best-path:main():lattice-best-path.cc:99) For utterance anonymous0325-20091220-ijn-rp-13, best cost 629.447 + 18305.6 = 18935.1 over 467 frames.
anonymous0325-20091220-ijn-rp-13 THE GREEKS USED TO IMAGINE THAT IT WAS A SIGN 
LOG (lattice-best-path:main():lattice-best-path.cc:99) For utterance anonymous0325-20091220-ijn-rp-14, best cost 632.575 + 17242.3 = 17874.8 over 450 frames.
anonymous0325-20091220-ijn-rp-14 FROM THE GODS TO FORETELL WAR ON HEAVY RAIN 
LOG (lattice-best-path:main():lattice-best-path.cc:99) For utterance anonymous0325-20091220-ijn-rp-15, best cost 523.541 + 14978.2 = 15501.7 over 416 frames.
anonymous0325-20091220-ijn-rp-15 THE NORSEMEN CONSIDERED THE RAINBOW AS A BRIDGE 
LOG (lattice-best-path:main():lattice-best-path.cc:99) For utterance anonymous0325-20091220-ijn-rp-16, best cost 700.436 + 16585.6 = 17286 over 420 frames.
anonymous0325-20091220-ijn-rp-16 THE GODS PASSED FROM EARTH TO THEIR HOME IN THE SKY 
LOG (lattice-best-path:main():lattice-best-path.cc:99) For utterance anonymous0325-20091220-ijn-rp-17, best cost 784.675 + 21032.4 = 21817.1 over 519 frames.
anonymous0325-20091220-ijn-rp-17 OTHERS HAVE TRIED TO EXPLAIN THE PHENOMENON FIT PHYSICALLY 
LOG (lattice-best-path:main():lattice-best-path.cc:99) For utterance anonymous0325-20091220-ijn-rp-18, best cost 597.681 + 15090.2 = 15687.9 over 388 frames.
anonymous0325-20091220-ijn-rp-18 ARISTOTLE THOUGHT THAT THE RAINBOW WAS CAUSED BY 
LOG (lattice-best-path:main():lattice-best-path.cc:99) For utterance anonymous0325-20091220-ijn-rp-19, best cost 395.309 + 8831.65 = 9226.96 over 238 frames.
anonymous0325-20091220-ijn-rp-19 THE SUN'S RAYS BY THE RAIN 
LOG (lattice-best-path:main():lattice-best-path.cc:99) For utterance anonymous0325-20091220-ijn-rp-20, best cost 671.408 + 14723.7 = 15395.2 over 337 frames.
anonymous0325-20091220-ijn-rp-20 THEN PHYSICISTS OF FOUND THAT IT IS NOT REFLECTION 
LOG (lattice-best-path:main():lattice-best-path.cc:99) For utterance anonymous0325-20091220-ijn-rp-21, best cost 702.506 + 22295.3 = 22997.8 over 566 frames.
anonymous0325-20091220-ijn-rp-21 THE REFRACTION BY THE RAINDROPS WHICH CAUSES THE RAINBOWS 
LOG (lattice-best-path:main():lattice-best-path.cc:99) For utterance anonymous0325-20091220-ijn-rp-22, best cost 615.193 + 16335.8 = 16951 over 382 frames.
anonymous0325-20091220-ijn-rp-22 MANY COMPLICATED IDEAS ABOUT THE RAINBOWS HAVE BEEN FORMED 
LOG (lattice-best-path:main():lattice-best-path.cc:99) For utterance anonymous0371-20100203-ssd-a0541, best cost 448.707 + 13514.2 = 13962.9 over 373 frames.
anonymous0371-20100203-ssd-a0541 THE WARDEN WITH A QUART OF CHAMPAGNE 
LOG (lattice-best-path:main():lattice-best-path.cc:99) For utterance anonymous0371-20100203-ssd-a0542, best cost 631.727 + 17386.6 = 18018.4 over 461 frames.
anonymous0371-20100203-ssd-a0542 WITHOUT A DOUBT SOME OF THEM HAVE DINNER ENGAGEMENTS 
LOG (lattice-best-path:main():lattice-best-path.cc:99) For utterance anonymous0371-20100203-ssd-a0543, best cost 623.579 + 24180.5 = 24804.1 over 573 frames.
anonymous0371-20100203-ssd-a0543 I'VE BEEN BORN WITH NO ORGANIC CHEMICAL PREDISPOSITION TOWARD ALCOHOL 
LOG (lattice-best-path:main():lattice-best-path.cc:99) For utterance anonymous0371-20100203-ssd-a0544, best cost 490.714 + 14540.2 = 15030.9 over 411 frames.
anonymous0371-20100203-ssd-a0544 HE MAY ANTICIPATE THE DAY OF HIS DEATH 
LOG (lattice-best-path:main():lattice-best-path.cc:99) For utterance anonymous0371-20100203-ssd-a0545, best cost 482.687 + 16249.8 = 16732.4 over 448 frames.
anonymous0371-20100203-ssd-a0545 THE ITALIAN RANCHO WAS A BACHELOR ESTABLISHMENT 
LOG (lattice-best-path:main():lattice-best-path.cc:99) For utterance anonymous0371-20100203-ssd-a0546, best cost 680.775 + 20358.7 = 21039.5 over 548 frames.
anonymous0371-20100203-ssd-a0546 I LOST MY BALANCE AND PITCHED HEAD FOREMOST INTO THE OOZE 
LOG (lattice-best-path:main():lattice-best-path.cc:99) For utterance anonymous0371-20100203-ssd-a0547, best cost 653.926 + 21574.9 = 22228.8 over 548 frames.
anonymous0371-20100203-ssd-a0547 MEN LIKE JOE GOOSE DATED EXISTENCE FROM DRUNK TO DRUNK 
LOG (lattice-best-path:main():lattice-best-path.cc:99) For utterance anonymous0371-20100203-ssd-a0548, best cost 592.991 + 17270.8 = 17863.8 over 486 frames.
anonymous0371-20100203-ssd-a0548 ALSO CHURCHES AND PREACHERS I HAD NEVER KNOWN 
LOG (lattice-best-path:main():lattice-best-path.cc:99) For utterance anonymous0371-20100203-ssd-a0549, best cost 626.095 + 15653.3 = 16279.4 over 498 frames.
anonymous0371-20100203-ssd-a0549 YOU KNOW THAT WE WEIGH EVERY POUND OF COAL WE BURN 
LOG (lattice-best-path:main():lattice-best-path.cc:99) For utterance anonymous0371-20100203-ssd-a0550, best cost 527.958 + 15002.4 = 15530.3 over 436 frames.
anonymous0371-20100203-ssd-a0550 THIS ALSO BECAME PART OF THE DAILY SCHEDULE 
LOG (lattice-best-path:main():lattice-best-path.cc:99) For utterance anonymous0434-20100505-bxv-b0080, best cost 585.627 + 18631.7 = 19217.4 over 461 frames.
anonymous0434-20100505-bxv-b0080 TOMORROW BE STRONG INTERVIEW TO STAND UPON 
LOG (lattice-best-path:main():lattice-best-path.cc:99) For utterance anonymous0434-20100505-bxv-b0081, best cost 657.583 + 20663.5 = 21321.1 over 561 frames.
anonymous0434-20100505-bxv-b0081 YOU'RE GOING TO LEAVE AFTER YOU SAW ME ON THE ROCK 
LOG (lattice-best-path:main():lattice-best-path.cc:99) For utterance anonymous0434-20100505-bxv-b0082, best cost 707.181 + 23033.1 = 23740.3 over 586 frames.
anonymous0434-20100505-bxv-b0082 HE BIT HIS TONGUE AND CURSED HIMSELF AT THIS FRESH BREAK 
LOG (lattice-best-path:main():lattice-best-path.cc:99) For utterance anonymous0434-20100505-bxv-b0083, best cost 599.687 + 20628.8 = 21228.5 over 561 frames.
anonymous0434-20100505-bxv-b0083 IN A THERE WAS SOMETHING THAT WAS ALMOST TRAGEDY 
LOG (lattice-best-path:main():lattice-best-path.cc:99) For utterance anonymous0434-20100505-bxv-b0084, best cost 464.468 + 14272.8 = 14737.3 over 398 frames.
anonymous0434-20100505-bxv-b0084 YOUR FACE IS RED WITH BLOOD 
LOG (lattice-best-path:main():lattice-best-path.cc:99) For utterance anonymous0434-20100505-bxv-b0085, best cost 719.213 + 19849.6 = 20568.8 over 511 frames.
anonymous0434-20100505-bxv-b0085 HER EYES SMILED TRUTH AT HIM AS HE CAME UP THE BANK 
LOG (lattice-best-path:main():lattice-best-path.cc:99) For utterance anonymous0434-20100505-bxv-b0086, best cost 462.172 + 13000.6 = 13462.8 over 373 frames.
anonymous0434-20100505-bxv-b0086 HE KEEN CARE FOR HIMSELF 
LOG (lattice-best-path:main():lattice-best-path.cc:99) For utterance anonymous0434-20100505-bxv-b0087, best cost 638.839 + 18762.2 = 19401.1 over 486 frames.
anonymous0434-20100505-bxv-b0087 THEY WILL SEARCH FOR US BETWEEN THEIR CAMP IN CHURCHILL 
LOG (lattice-best-path:main():lattice-best-path.cc:99) For utterance anonymous0434-20100505-bxv-b0088, best cost 408.562 + 15751.8 = 16160.4 over 423 frames.
anonymous0434-20100505-bxv-b0088 UNTIL I DIE HE EXCLAIMED 
LOG (lattice-best-path:main():lattice-best-path.cc:99) For utterance anonymous0434-20100505-bxv-b0089, best cost 587.633 + 17891.8 = 18479.4 over 448 frames.
anonymous0434-20100505-bxv-b0089 HER BEAUTIFUL HAIR WAS DONE UP IN SHINING COILS 
LOG (lattice-best-path:main():lattice-best-path.cc:99) For utterance anonymous0541-20100821-gbt-b0459, best cost 390.083 + 16417.4 = 16807.5 over 398 frames.
anonymous0541-20100821-gbt-b0459 THEY ARE NOT BIOLOGISTS NOR SOCIOLOGISTS 
LOG (lattice-best-path:main():lattice-best-path.cc:99) For utterance anonymous0541-20100821-gbt-b0460, best cost 711.547 + 22778.7 = 23490.2 over 586 frames.
anonymous0541-20100821-gbt-b0460 THE MORE HIS OPPONENTS GREW EXCITED THE MORE ERNEST DELIBERATELY EXCITED THEM 
LOG (lattice-best-path:main():lattice-best-path.cc:99) For utterance anonymous0541-20100821-gbt-b0461, best cost 638.845 + 18257.5 = 18896.3 over 486 frames.
anonymous0541-20100821-gbt-b0461 BY VIRTUE OF THAT POWER WE SHALL REMAIN IN POWER 
LOG (lattice-best-path:main():lattice-best-path.cc:99) For utterance anonymous0541-20100821-gbt-b0462, best cost 446.053 + 13818.1 = 14264.1 over 386 frames.
anonymous0541-20100821-gbt-b0462 ONE GUESS WILL DO ERNEST RETORTED 
LOG (lattice-best-path:main():lattice-best-path.cc:99) For utterance anonymous0541-20100821-gbt-b0463, best cost 504.337 + 13011.7 = 13516.1 over 386 frames.
anonymous0541-20100821-gbt-b0463 TAKE MY ADVICE AND ACCEPT THE VACATION 
LOG (lattice-best-path:main():lattice-best-path.cc:99) For utterance anonymous0541-20100821-gbt-b0464, best cost 510.55 + 11340.8 = 11851.4 over 348 frames.
anonymous0541-20100821-gbt-b0464 I COULD NOT AGREE MORE WITH ERNEST 
LOG (lattice-best-path:main():lattice-best-path.cc:99) For utterance anonymous0541-20100821-gbt-b0465, best cost 570.694 + 15362.8 = 15933.5 over 441 frames.
anonymous0541-20100821-gbt-b0465 BUT SUCH DIVERGENCE OF NO MENACE TO SOCIETY 
LOG (lattice-best-path:main():lattice-best-path.cc:99) For utterance anonymous0541-20100821-gbt-b0466, best cost 586.607 + 17141.7 = 17728.3 over 636 frames.
anonymous0541-20100821-gbt-b0466 IT IS DOG EAT DOG AND YOU ATE THEM UP 
LOG (lattice-best-path:main():lattice-best-path.cc:99) For utterance anonymous0541-20100821-gbt-b0467, best cost 405.191 + 10161.4 = 10566.6 over 298 frames.
anonymous0541-20100821-gbt-b0467 LET US RUN FOR OURSELVES 
LOG (lattice-best-path:main():lattice-best-path.cc:99) For utterance anonymous0541-20100821-gbt-b0468, best cost 503.768 + 21100.7 = 21604.5 over 498 frames.
anonymous0541-20100821-gbt-b0468 IT WAS INTRODUCED BY REPRESENTATIVE DICK OF OHIO 
LOG (lattice-best-path:main():lattice-best-path.cc:99) For utterance anonymous0615-20110112-ahi-b0036, best cost 431.657 + 17253.7 = 17685.4 over 473 frames.
anonymous0615-20110112-ahi-b0036 HE WONDERED TOO WHERE ROSCOE WAS 
LOG (lattice-best-path:main():lattice-best-path.cc:99) For utterance anonymous0615-20110112-ahi-b0037, best cost 534.726 + 16864 = 17398.8 over 473 frames.
anonymous0615-20110112-ahi-b0037 PHILIP KNEW THAT SHE WAS NOT AN INDIAN 
LOG (lattice-best-path:main():lattice-best-path.cc:99) For utterance anonymous0615-20110112-ahi-b0038, best cost 692.312 + 22441.2 = 23133.6 over 561 frames.
anonymous0615-20110112-ahi-b0038 IN HER HASTE TO GET AWAY SHE HAD FORGOTTEN THESE THINGS 
LOG (lattice-best-path:main():lattice-best-path.cc:99) For utterance anonymous0615-20110112-ahi-b0039, best cost 743.495 + 23382.7 = 24126.1 over 536 frames.
anonymous0615-20110112-ahi-b0039 PHILIP TOOK A STEP TOWARD GREGSON HALF DETERMINED TO AWAKEN HIM 
LOG (lattice-best-path:main():lattice-best-path.cc:99) For utterance anonymous0615-20110112-ahi-b0040, best cost 435.118 + 14479.2 = 14914.3 over 386 frames.
anonymous0615-20110112-ahi-b0040 THE THOUGHT SET HIS BLOOD TINGLING 
LOG (lattice-best-path:main():lattice-best-path.cc:99) For utterance anonymous0615-20110112-ahi-b0041, best cost 603.924 + 16800.3 = 17404.3 over 448 frames.
anonymous0615-20110112-ahi-b0041 BUT IF PIERRE DID NOT RETURN UNTIL TOMORROW 
LOG (lattice-best-path:main():lattice-best-path.cc:99) For utterance anonymous0615-20110112-ahi-b0042, best cost 704.93 + 21957.8 = 22662.7 over 536 frames.
anonymous0615-20110112-ahi-b0042 TEN MINUTES HAD NOT ELAPSED SINCE HE HAD DROPPED THE HANDKERCHIEF 
LOG (lattice-best-path:main():lattice-best-path.cc:99) For utterance anonymous0615-20110112-ahi-b0043, best cost 461.721 + 11719.9 = 12181.7 over 348 frames.
anonymous0615-20110112-ahi-b0043 IT WON'T BE FOR SELL 
LOG (lattice-best-path:main():lattice-best-path.cc:99) For utterance anonymous0615-20110112-ahi-b0044, best cost 536.059 + 14904 = 15440 over 386 frames.
anonymous0615-20110112-ahi-b0044 FOR A FEW MOMENTS HE ATE IN SILENCE 
LOG (lattice-best-path:main():lattice-best-path.cc:99) For utterance anonymous0615-20110112-ahi-b0045, best cost 449.496 + 16466 = 16915.5 over 436 frames.
anonymous0615-20110112-ahi-b0045 PHILIP DID NOT PURSUE THE SUBJECT 
LOG (lattice-best-path:main():lattice-best-path.cc:99) For utterance anonymous0762-20111028-uvj-b0002, best cost 708.924 + 20394 = 21102.9 over 661 frames.
anonymous0762-20111028-uvj-b0002 YOU GOT OUT BY FIGHTING AND I THROUGH A PRETTY GIRL 
LOG (lattice-best-path:main():lattice-best-path.cc:99) For utterance anonymous0762-20111028-uvj-b0003, best cost 406.535 + 13485.3 = 13891.8 over 436 frames.
anonymous0762-20111028-uvj-b0003 I CAN SEE THAT KNIFE NOW 
LOG (lattice-best-path:main():lattice-best-path.cc:99) For utterance anonymous0762-20111028-uvj-b0004, best cost 695.118 + 19932.7 = 20627.9 over 586 frames.
anonymous0762-20111028-uvj-b0004 WHEN I CAN'T SEE BEAUTY IN WOMAN I WANT TO DIE 
LOG (lattice-best-path:main():lattice-best-path.cc:99) For utterance anonymous0762-20111028-uvj-b0005, best cost 526.343 + 22335.8 = 22862.1 over 686 frames.
anonymous0762-20111028-uvj-b0005 HIS SLIM FINGERS CLOSED LIKE STEEL ABOUT PHILIP'S 
LOG (lattice-best-path:main():lattice-best-path.cc:99) For utterance anonymous0762-20111028-uvj-b0006, best cost 719.826 + 19131.5 = 19851.3 over 611 frames.
anonymous0762-20111028-uvj-b0006 HE SEIZED GREGSON BY THE ARM AND LED HIM TO THE DOOR 
LOG (lattice-best-path:main():lattice-best-path.cc:99) For utterance anonymous0762-20111028-uvj-b0007, best cost 534.07 + 18216.6 = 18750.7 over 636 frames.
anonymous0762-20111028-uvj-b0007 HERE THE INDIAN DOGS WAILING DOWN AT CHURCHILL 
LOG (lattice-best-path:main():lattice-best-path.cc:99) For utterance anonymous0762-20111028-uvj-b0008, best cost 627.436 + 21512.5 = 22139.9 over 648 frames.
anonymous0762-20111028-uvj-b0008 BURKE HIMSELF HAD CRITICIZED IT BECAUSE OF THE SMILE 
LOG (lattice-best-path:main():lattice-best-path.cc:99) For utterance anonymous0762-20111028-uvj-b0009, best cost 618.456 + 18988.2 = 19606.7 over 611 frames.
anonymous0762-20111028-uvj-b0009 I'D SAY THERE WAS GOING TO BE A GLORIOUS SCRAP 
LOG (lattice-best-path:main():lattice-best-path.cc:99) For utterance anonymous0762-20111028-uvj-b0010, best cost 633.061 + 20385.3 = 21018.3 over 661 frames.
anonymous0762-20111028-uvj-b0010 HE TURNED THE MAP TO GREGSON POINTING WITH HIS FINGER 
LOG (lattice-best-path:main():lattice-best-path.cc:99) For utterance anonymous0762-20111028-uvj-b0011, best cost 696.857 + 25732.4 = 26429.2 over 798 frames.
anonymous0762-20111028-uvj-b0011 HIS EYES NEVER TOOK THEMSELVES FOR AN INSTANT FROM HIS COMPANION'S FACE 
LOG (lattice-best-path:main():lattice-best-path.cc:99) For utterance anonymous0890-20120430-tej-b0051, best cost 700.83 + 18173.2 = 18874 over 473 frames.
anonymous0890-20120430-tej-b0051 THE SIXTH DAY HE SPENT IN A CABIN WITH GREGSON 
LOG (lattice-best-path:main():lattice-best-path.cc:99) For utterance anonymous0890-20120430-tej-b0052, best cost 452.341 + 13109.6 = 13561.9 over 361 frames.
anonymous0890-20120430-tej-b0052 THE FLUSH WAS GONE FROM HER FACE 
LOG (lattice-best-path:main():lattice-best-path.cc:99) For utterance anonymous0890-20120430-tej-b0053, best cost 564.369 + 19027.6 = 19592 over 523 frames.
anonymous0890-20120430-tej-b0053 THAT IS WHY I AM AM RATTLED HE LAUGHED 
LOG (lattice-best-path:main():lattice-best-path.cc:99) For utterance anonymous0890-20120430-tej-b0054, best cost 496.469 + 17419.3 = 17915.8 over 461 frames.
anonymous0890-20120430-tej-b0054 HE UNDERSTOOD THE MEANING OF THE LOOK 
LOG (lattice-best-path:main():lattice-best-path.cc:99) For utterance anonymous0890-20120430-tej-b0055, best cost 760.428 + 20722.1 = 21482.5 over 548 frames.
anonymous0890-20120430-tej-b0055 SHE WAS EVEN MORE BEAUTIFUL THEM WHEN I SAW HER BEFORE 
LOG (lattice-best-path:main():lattice-best-path.cc:99) For utterance anonymous0890-20120430-tej-b0056, best cost 621.194 + 20342.7 = 20963.9 over 511 frames.
anonymous0890-20120430-tej-b0056 I'LL GIVE A THOUSAND IF YOU PRODUCE HER RETORTED GREGSON 
LOG (lattice-best-path:main():lattice-best-path.cc:99) For utterance anonymous0890-20120430-tej-b0057, best cost 542.896 + 20199.1 = 20742 over 523 frames.
anonymous0890-20120430-tej-b0057 THEY HAVE WON POPULAR SENTIMENT THROUGH THE NEWSPAPERS 
LOG (lattice-best-path:main():lattice-best-path.cc:99) For utterance anonymous0890-20120430-tej-b0058, best cost 399.094 + 16960.2 = 17359.2 over 473 frames.
anonymous0890-20120430-tej-b0058 WE MUST ACHIEVE OUR OWN SALVATION 
LOG (lattice-best-path:main():lattice-best-path.cc:99) For utterance anonymous0890-20120430-tej-b0059, best cost 553.761 + 19099.3 = 19653.1 over 486 frames.
anonymous0890-20120430-tej-b0059 IN MOMENTS OF MENTAL ENERGY PHILIP WAS RESTLESS 
LOG (lattice-best-path:main():lattice-best-path.cc:99) For utterance anonymous0890-20120430-tej-b0060, best cost 786.452 + 21363.2 = 22149.7 over 561 frames.
anonymous0890-20120430-tej-b0060 HE WOULD KEEP HIS FAITH WITH GREGSON FOR THE PROMISED DAY OR TWO 
LOG (lattice-best-path:main():lattice-best-path.cc:99) For utterance anonymous0913-20120609-kgq-a0168, best cost 689.635 + 19722 = 20411.6 over 498 frames.
anonymous0913-20120609-kgq-a0168 LOW BUSH WHIPPED HIM IN THE FACE AND LEFT THIS DAY 
LOG (lattice-best-path:main():lattice-best-path.cc:99) For utterance anonymous0913-20120609-kgq-a0169, best cost 684.471 + 17655.7 = 18340.2 over 461 frames.
anonymous0913-20120609-kgq-a0169 FIRST SUDDENLY JOURNEY STOPPED FOR AN INSTANT 
LOG (lattice-best-path:main():lattice-best-path.cc:99) For utterance anonymous0913-20120609-kgq-a0170, best cost 676.207 + 19622.9 = 20299.1 over 536 frames.
anonymous0913-20120609-kgq-a0170 THERE WAS NOT OF THE JOY OF MEETING IN HIS FACE 
LOG (lattice-best-path:main():lattice-best-path.cc:99) For utterance anonymous0913-20120609-kgq-a0171, best cost 689.716 + 20450.9 = 21140.6 over 536 frames.
anonymous0913-20120609-kgq-a0171 AM WHEN YOU COME BACK AND FEW DAYS BRING EILEEN 
LOG (lattice-best-path:main():lattice-best-path.cc:99) For utterance anonymous0913-20120609-kgq-a0172, best cost 506.826 + 20888.1 = 21394.9 over 548 frames.
anonymous0913-20120609-kgq-a0172 GREGSON HAD LEFT THE OUTER DOOR SLIGHTLY AJAR 
LOG (lattice-best-path:main():lattice-best-path.cc:99) For utterance anonymous0913-20120609-kgq-a0173, best cost 473.44 + 18045.2 = 18518.6 over 473 frames.
anonymous0913-20120609-kgq-a0173 THE DATE WAS NEARLY EIGHTEEN YEARS OLD 
LOG (lattice-best-path:main():lattice-best-path.cc:99) For utterance anonymous0913-20120609-kgq-a0174, best cost 666.245 + 13574.1 = 14240.4 over 373 frames.
anonymous0913-20120609-kgq-a0174 THEY WERE THE PRE SAY EACH OF STORM 
LOG (lattice-best-path:main():lattice-best-path.cc:99) For utterance anonymous0913-20120609-kgq-a0175, best cost 614.529 + 17799.9 = 18414.4 over 486 frames.
anonymous0913-20120609-kgq-a0175 DOWN THAT THE EARTH WAS ALREADY SWELLING WITH MY 
LOG (lattice-best-path:main():lattice-best-path.cc:99) For utterance anonymous0913-20120609-kgq-a0176, best cost 737.196 + 19290.1 = 20027.3 over 486 frames.
anonymous0913-20120609-kgq-a0176 FOR THE FIRST TIME IN HIS LIFE HE WAS YEARNING FOR A SCRAP 
LOG (lattice-best-path:main():lattice-best-path.cc:99) For utterance anonymous0913-20120609-kgq-a0177, best cost 438.579 + 18598.3 = 19036.9 over 498 frames.
anonymous0913-20120609-kgq-a0177 SHE HAD BEEN THOROUGHLY AND EFFICIENTLY MAULED 
LOG (lattice-best-path:main():lattice-best-path.cc:99) For utterance anonymous0989-20121113-jbs-a0361, best cost 645.55 + 23328.5 = 23974.1 over 636 frames.
anonymous0989-20121113-jbs-a0361 BUT HE DID NOT BROACH IT PREFERRING TO MATURE IT CAREFULLY 
LOG (lattice-best-path:main():lattice-best-path.cc:99) For utterance anonymous0989-20121113-jbs-a0362, best cost 376.575 + 14010.3 = 14386.8 over 411 frames.
anonymous0989-20121113-jbs-a0362 NOPE NOT THE SLIGHTEST IDEA 
LOG (lattice-best-path:main():lattice-best-path.cc:99) For utterance anonymous0989-20121113-jbs-a0363, best cost 533.881 + 16532.4 = 17066.3 over 461 frames.
anonymous0989-20121113-jbs-a0363 IT IS NOT ATTEMPT TO SMASH THE MARKET 
LOG (lattice-best-path:main():lattice-best-path.cc:99) For utterance anonymous0989-20121113-jbs-a0364, best cost 692.534 + 21080.8 = 21773.3 over 561 frames.
anonymous0989-20121113-jbs-a0364 WE HAVE PLENTY OF CAPITAL OURSELVES AND YET WE WANT MORE 
LOG (lattice-best-path:main():lattice-best-path.cc:99) For utterance anonymous0989-20121113-jbs-a0365, best cost 452.742 + 17884.6 = 18337.4 over 486 frames.
anonymous0989-20121113-jbs-a0365 THESE RUMORS MAY EVEN ORIGINATE WITH US 
LOG (lattice-best-path:main():lattice-best-path.cc:99) For utterance anonymous0989-20121113-jbs-a0366, best cost 838.374 + 27632.4 = 28470.8 over 748 frames.
anonymous0989-20121113-jbs-a0366 A WILDLY EXCITING TIME WAS HIS DURING THE WEEK PRECEDING THURSDAY THE EIGHTY 
LOG (lattice-best-path:main():lattice-best-path.cc:99) For utterance anonymous0989-20121113-jbs-a0367, best cost 636.415 + 20071 = 20707.4 over 598 frames.
anonymous0989-20121113-jbs-a0367 THERE IS NOT AN IOTA OF TRUTH IN IT CERTAINLY NOT 
LOG (lattice-best-path:main():lattice-best-path.cc:99) For utterance anonymous0989-20121113-jbs-a0368, best cost 806.135 + 26973.3 = 27779.5 over 723 frames.
anonymous0989-20121113-jbs-a0368 I JUST DO APPRECIATE IT WITHOUT BEING ABLE TO EXPRESS MY FEEL 
LOG (lattice-best-path:main():lattice-best-path.cc:99) For utterance anonymous0989-20121113-jbs-a0369, best cost 662.829 + 27816.7 = 28479.5 over 773 frames.
anonymous0989-20121113-jbs-a0369 IN PARTNERSHIP WITH DAYLIGHT THE PAIR RAIDED THE SAN JOSE INTERURBAN 
LOG (lattice-best-path:main():lattice-best-path.cc:99) For utterance anonymous0989-20121113-jbs-a0370, best cost 582.674 + 18117.5 = 18700.2 over 536 frames.
anonymous0989-20121113-jbs-a0370 HE SAW ALL MEN IN THE BUSINESS GAME DOING THIS 
LOG (lattice-best-path:main():lattice-best-path.cc:99) For utterance anonymous1023-20130123-jta-b0013, best cost 609.058 + 23212.8 = 23821.8 over 623 frames.
anonymous1023-20130123-jta-b0013 LAKES AND RIVERS HUNDREDS OF THEM THOUSANDS OF THEM 
LOG (lattice-best-path:main():lattice-best-path.cc:99) For utterance anonymous1023-20130123-jta-b0014, best cost 443.661 + 22465.5 = 22909.1 over 586 frames.
anonymous1023-20130123-jta-b0014 WHITEFISH GREGSON WHITEFISH AND TROUT 
LOG (lattice-best-path:main():lattice-best-path.cc:99) For utterance anonymous1023-20130123-jta-b0015, best cost 445.972 + 15710.1 = 16156 over 423 frames.
anonymous1023-20130123-jta-b0015 THEY ROBBED ME A FEW YEARS LATER 
LOG (lattice-best-path:main():lattice-best-path.cc:99) For utterance anonymous1023-20130123-jta-b0016, best cost 642.059 + 21331.6 = 21973.6 over 511 frames.
anonymous1023-20130123-jta-b0016 HE CHUCKLED AS HE PULLED OUT HIS PIPE AND BEGAN FILLING IT 
LOG (lattice-best-path:main():lattice-best-path.cc:99) For utterance anonymous1023-20130123-jta-b0017, best cost 556.44 + 20672.3 = 21228.7 over 523 frames.
anonymous1023-20130123-jta-b0017 EVERYTHING WAS WORKING SMOOTHLY BETTER THAN I HAD EXPECTED 
LOG (lattice-best-path:main():lattice-best-path.cc:99) For utterance anonymous1023-20130123-jta-b0018, best cost 429.313 + 16169.4 = 16598.7 over 436 frames.
anonymous1023-20130123-jta-b0018 I WAS COMPLETELY LOST IN MY WORK 
LOG (lattice-best-path:main():lattice-best-path.cc:99) For utterance anonymous1023-20130123-jta-b0019, best cost 533.586 + 17104.8 = 17638.3 over 436 frames.
anonymous1023-20130123-jta-b0019 HIS SLIM HANDS GRIPPED THE EDGES OF THE TABLE 
LOG (lattice-best-path:main():lattice-best-path.cc:99) For utterance anonymous1023-20130123-jta-b0020, best cost 677.013 + 19529.6 = 20206.6 over 498 frames.
anonymous1023-20130123-jta-b0020 HE MADE NO REPLY AS HE WAITED FOR WHITTEMORE TO CONTINUE 
LOG (lattice-best-path:main():lattice-best-path.cc:99) For utterance anonymous1023-20130123-jta-b0021, best cost 399.129 + 15777.4 = 16176.5 over 411 frames.
anonymous1023-20130123-jta-b0021 PHILIP DROPPED BACK INTO HIS CHAIR 
LOG (lattice-best-path:main():lattice-best-path.cc:99) For utterance anonymous1023-20130123-jta-b0022, best cost 645.544 + 17771.4 = 18416.9 over 461 frames.
anonymous1023-20130123-jta-b0022 IF I WAS AWE OF THE GAME IT WOULD BE EASILY MADE 
LOG (lattice-best-path:main():lattice-best-path.cc:99) For utterance anonymous1116-20131221-urh-a0038, best cost 403.173 + 13800.6 = 14203.7 over 336 frames.
anonymous1116-20131221-urh-a0038 WE'LL HAVE TO WATCH OUR CHANCES 
LOG (lattice-best-path:main():lattice-best-path.cc:99) For utterance anonymous1116-20131221-urh-a0039, best cost 658.402 + 18706.1 = 19364.5 over 473 frames.
anonymous1116-20131221-urh-a0039 THE SHIP SHOULD BE IN WITHIN A WEEK OR TEN DAYS 
LOG (lattice-best-path:main():lattice-best-path.cc:99) For utterance anonymous1116-20131221-urh-a0040, best cost 668.18 + 19365.9 = 20034.1 over 498 frames.
anonymous1116-20131221-urh-a0040 I SUPPOSE YOU WONDER WHY SHE IS COMING UP HAIR AND 
LOG (lattice-best-path:main():lattice-best-path.cc:99) For utterance anonymous1116-20131221-urh-a0041, best cost 516.251 + 17334.6 = 17850.9 over 448 frames.
anonymous1116-20131221-urh-a0041 MEANWHILE I'LL GO OUT TO BREATHE A SPELL 
LOG (lattice-best-path:main():lattice-best-path.cc:99) For utterance anonymous1116-20131221-urh-a0042, best cost 564.514 + 18324.4 = 18888.9 over 461 frames.
anonymous1116-20131221-urh-a0042 HOW COULD HE EXPLAIN HIS POSSESSION OF THE SKETCH 
LOG (lattice-best-path:main():lattice-best-path.cc:99) For utterance anonymous1116-20131221-urh-a0043, best cost 766.359 + 24273.3 = 25039.7 over 561 frames.
anonymous1116-20131221-urh-a0043 IT SEEMED NEARER TO HIM SINCE HE HAD SEEN AND TALKED WITH GREGSON 
LOG (lattice-best-path:main():lattice-best-path.cc:99) For utterance anonymous1116-20131221-urh-a0044, best cost 729.489 + 22035.2 = 22764.7 over 536 frames.
anonymous1116-20131221-urh-a0044 HER HIM BETRAYAL OF HERSELF WAS LIKE TONIC TO PHILIP 
LOG (lattice-best-path:main():lattice-best-path.cc:99) For utterance anonymous1116-20131221-urh-a0045, best cost 571.078 + 17171.7 = 17742.8 over 448 frames.
anonymous1116-20131221-urh-a0045 HE MOVED AWAY AS QUIETLY AS HE HAD COME 
LOG (lattice-best-path:main():lattice-best-path.cc:99) For utterance anonymous1116-20131221-urh-a0046, best cost 724.201 + 21748.4 = 22472.6 over 561 frames.
anonymous1116-20131221-urh-a0046 THE GIRL FACED HIM HOW EYES SHINING WITH SUDDEN FEAR 
LOG (lattice-best-path:main():lattice-best-path.cc:99) For utterance anonymous1116-20131221-urh-a0047, best cost 727.896 + 24419.7 = 25147.6 over 623 frames.
anonymous1116-20131221-urh-a0047 CLOSE BESIDE HIM GLEAMED TO THE WHITE FANGS OF THE WOLF DOG 
LOG (lattice-best-path:main():lattice-best-path.cc:99) For utterance anonymous1184-20150109-mlr-b0174, best cost 919.096 + 29049.6 = 29968.7 over 673 frames.
anonymous1184-20150109-mlr-b0174 HATRED AND MURDER A LAST FOR REVENGE THEY POSSESSED FOR OVERFLOWING 
LOG (lattice-best-path:main():lattice-best-path.cc:99) For utterance anonymous1184-20150109-mlr-b0175, best cost 408.079 + 18363.7 = 18771.8 over 436 frames.
anonymous1184-20150109-mlr-b0175 SHELDON GLANCED AT THE THERMOMETER 
LOG (lattice-best-path:main():lattice-best-path.cc:99) For utterance anonymous1184-20150109-mlr-b0176, best cost 439.162 + 15151.4 = 15590.6 over 373 frames.
anonymous1184-20150109-mlr-b0176 I'LL SEE TO POOR HUGHIE 
LOG (lattice-best-path:main():lattice-best-path.cc:99) For utterance anonymous1184-20150109-mlr-b0177, best cost 771.699 + 27890.6 = 28662.3 over 573 frames.
anonymous1184-20150109-mlr-b0177 HER GRAY EYES WERE FLASHING AND HER LIPS OVERT QUIVERING 
LOG (lattice-best-path:main():lattice-best-path.cc:99) For utterance anonymous1184-20150109-mlr-b0178, best cost 321.898 + 15181.8 = 15503.7 over 336 frames.
anonymous1184-20150109-mlr-b0178 ALSO I WANT INFORMATION 
LOG (lattice-best-path:main():lattice-best-path.cc:99) For utterance anonymous1184-20150109-mlr-b0179, best cost 635.207 + 17796.4 = 18431.6 over 398 frames.
anonymous1184-20150109-mlr-b0179 LET THEM GO OUT AND EAT BIG MY BOYS 
LOG (lattice-best-path:main():lattice-best-path.cc:99) For utterance anonymous1184-20150109-mlr-b0180, best cost 460.852 + 18156.3 = 18617.2 over 423 frames.
anonymous1184-20150109-mlr-b0180 I I BEG PARDON HE DRAWLED 
LOG (lattice-best-path:main():lattice-best-path.cc:99) For utterance anonymous1184-20150109-mlr-b0181, best cost 605.179 + 25444.7 = 26049.9 over 536 frames.
anonymous1184-20150109-mlr-b0181 AND YOU PREFERRED A CANNIBAL ISLE AND A CARTRIDGE BELT 
LOG (lattice-best-path:main():lattice-best-path.cc:99) For utterance anonymous1184-20150109-mlr-b0182, best cost 529.622 + 17177 = 17706.6 over 398 frames.
anonymous1184-20150109-mlr-b0182 A WAS A NEW YORK WHEN THE CRASH CAME 
LOG (lattice-best-path:main():lattice-best-path.cc:99) For utterance anonymous1184-20150109-mlr-b0183, best cost 441.166 + 19884.7 = 20325.8 over 473 frames.
anonymous1184-20150109-mlr-b0183 NO I DID NOT FALL AMONG THIEVES 
LOG (lattice-best-path:main():lattice-best-path.cc:124) Overall score per frame is 40.8994 = 1.32321 [graph] + 39.5762 [acoustic] over 100537 frames.
LOG (lattice-best-path:main():lattice-best-path.cc:128) Done 220 lattices, failed for 0
# Accounting: time=1 threads=1
# Ended (code 0) at Sun Nov 26 13:00:50 IST 2017, elapsed time 1 seconds
