# lattice-best-path --lm-scale=11 --word-symbol-table=exp/sgmm2_4a/graph/words.txt "ark:gunzip -c exp/sgmm2_4a/decode_fmllr/lat.*.gz|" ark,t:exp/sgmm2_4a/decode_fmllr/scoring/11.tra 
# Started at Sun Nov 26 13:00:49 IST 2017
#
lattice-best-path --lm-scale=11 --word-symbol-table=exp/sgmm2_4a/graph/words.txt 'ark:gunzip -c exp/sgmm2_4a/decode_fmllr/lat.*.gz|' ark,t:exp/sgmm2_4a/decode_fmllr/scoring/11.tra 
LOG (lattice-best-path:main():lattice-best-path.cc:99) For utterance JonnyGutteridge-20081120-hav-b0041, best cost 448.299 + 12455.4 = 12903.7 over 331 frames.
JonnyGutteridge-20081120-hav-b0041 DID NOT RETURN UNTIL TOMORROW 
LOG (lattice-best-path:main():lattice-best-path.cc:99) For utterance JonnyGutteridge-20081120-hav-b0042, best cost 856.642 + 22279.3 = 23136 over 498 frames.
JonnyGutteridge-20081120-hav-b0042 TEN MINUTES HAD NOT ELAPSED SINCE HE HAD DROPPED THE HANDKERCHIEF 
LOG (lattice-best-path:main():lattice-best-path.cc:99) For utterance JonnyGutteridge-20081120-hav-b0043, best cost 415.745 + 9986.93 = 10402.7 over 311 frames.
JonnyGutteridge-20081120-hav-b0043 IT WON'T BE FOR SALE 
LOG (lattice-best-path:main():lattice-best-path.cc:99) For utterance JonnyGutteridge-20081120-hav-b0044, best cost 645.718 + 13857.7 = 14503.4 over 386 frames.
JonnyGutteridge-20081120-hav-b0044 FOR A FEW MOMENTS HE ATE IN SILENCE 
LOG (lattice-best-path:main():lattice-best-path.cc:99) For utterance JonnyGutteridge-20081120-hav-b0045, best cost 531.694 + 15780.7 = 16312.4 over 411 frames.
JonnyGutteridge-20081120-hav-b0045 PHILIP DID NOT PURSUE THE SUBJECT 
LOG (lattice-best-path:main():lattice-best-path.cc:99) For utterance JonnyGutteridge-20081120-hav-b0046, best cost 913.863 + 21526.6 = 22440.4 over 498 frames.
JonnyGutteridge-20081120-hav-b0046 PHILIP PRODUCED A COUPLE OF CIGARS TOOK A CHAIR OPPOSITE HIM 
LOG (lattice-best-path:main():lattice-best-path.cc:99) For utterance JonnyGutteridge-20081120-hav-b0047, best cost 707.904 + 12948 = 13655.9 over 336 frames.
JonnyGutteridge-20081120-hav-b0047 SUPPOSE YOU SAW ME AT WORK THROUGH THE WINDOW 
LOG (lattice-best-path:main():lattice-best-path.cc:99) For utterance JonnyGutteridge-20081120-hav-b0048, best cost 1029.39 + 20240.9 = 21270.3 over 448 frames.
JonnyGutteridge-20081120-hav-b0048 HE LOOKS LIKE ONE WHO A PASS THROUGH AN UNCOMFORTABLE HOUR OR TWO 
LOG (lattice-best-path:main():lattice-best-path.cc:99) For utterance JonnyGutteridge-20081120-hav-b0049, best cost 785.118 + 17920.7 = 18705.8 over 411 frames.
JonnyGutteridge-20081120-hav-b0049 THERE WAS NOTHING MORE EXCEPT A LARGE INK BLOT UNDER THE WORDS 
LOG (lattice-best-path:main():lattice-best-path.cc:99) For utterance JonnyGutteridge-20081120-hav-b0050, best cost 673.857 + 13816.5 = 14490.3 over 348 frames.
JonnyGutteridge-20081120-hav-b0050 ALL THIS DAY GREGSON REMAINED IN THE CABIN 
LOG (lattice-best-path:main():lattice-best-path.cc:99) For utterance Keren-20080605-cps-a0376, best cost 696.596 + 14932.7 = 15629.3 over 336 frames.
Keren-20080605-cps-a0376 YOUR PRICE MY SON IS JUST ABOUT THIRTY PER WEEK 
LOG (lattice-best-path:main():lattice-best-path.cc:99) For utterance Keren-20080605-cps-a0377, best cost 840.425 + 17510.2 = 18350.6 over 398 frames.
Keren-20080605-cps-a0377 THIS SOUND DID NOT DISTURB THE HUSH AND OFF THE PLACE 
LOG (lattice-best-path:main():lattice-best-path.cc:99) For utterance Keren-20080605-cps-a0378, best cost 650.262 + 15659 = 16309.3 over 361 frames.
Keren-20080605-cps-a0378 THAT'S WHY ITS BOUNDARIES ARE ALL GOUGED AND JAGGED 
LOG (lattice-best-path:main():lattice-best-path.cc:99) For utterance Keren-20080605-cps-a0379, best cost 423.317 + 8779.97 = 9203.29 over 211 frames.
Keren-20080605-cps-a0379 HOW OLD ARE YOU DADDY 
LOG (lattice-best-path:main():lattice-best-path.cc:99) For utterance Keren-20080605-cps-a0380, best cost 1042.3 + 27044 = 28086.3 over 648 frames.
Keren-20080605-cps-a0380 THE IN THE CANYONS WATER WAS PLENTIFUL AND ALSO A LUXURIANT FOREST GROWTH 
LOG (lattice-best-path:main():lattice-best-path.cc:99) For utterance Keren-20080605-cps-a0381, best cost 325.272 + 13031.5 = 13356.7 over 298 frames.
Keren-20080605-cps-a0381 MY NAME'S FERGUSON 
LOG (lattice-best-path:main():lattice-best-path.cc:99) For utterance Keren-20080605-cps-a0382, best cost 1021.07 + 24593 = 25614 over 586 frames.
Keren-20080605-cps-a0382 DAYLIGHT FOUND HIMSELF CHARMED AND MADE CURIOUS BY THE LOOMED MAN 
LOG (lattice-best-path:main():lattice-best-path.cc:99) For utterance Keren-20080605-cps-a0383, best cost 893.712 + 15904.5 = 16798.2 over 336 frames.
Keren-20080605-cps-a0383 TO HIS SURPRISE HER ANSWER WAS FLAT AND COME PROMISING 
LOG (lattice-best-path:main():lattice-best-path.cc:99) For utterance Keren-20080605-cps-a0384, best cost 551.962 + 12278.1 = 12830.1 over 261 frames.
Keren-20080605-cps-a0384 THE FARMER WORKS THE SOIL AND PRODUCES GRAIN 
LOG (lattice-best-path:main():lattice-best-path.cc:99) For utterance Keren-20080605-cps-a0385, best cost 353.622 + 8748.88 = 9102.5 over 198 frames.
Keren-20080605-cps-a0385 THAT'S WHAT CARNEGIE DID 
LOG (lattice-best-path:main():lattice-best-path.cc:99) For utterance Keren-20080605-uzd-a0451, best cost 591.254 + 21060.9 = 21652.2 over 461 frames.
Keren-20080605-uzd-a0451 I NOTICED BLOOD SPOUTING FROM KERFOOT'S LEFT HAND 
LOG (lattice-best-path:main():lattice-best-path.cc:99) For utterance Keren-20080605-uzd-a0452, best cost 733.882 + 16837.9 = 17571.8 over 398 frames.
Keren-20080605-uzd-a0452 THREE OILERS AND THE FOURTH ENGINEER WAS HIS GREETING 
LOG (lattice-best-path:main():lattice-best-path.cc:99) For utterance Keren-20080605-uzd-a0453, best cost 400.493 + 10550.8 = 10951.2 over 273 frames.
Keren-20080605-uzd-a0453 EIGHTEEN HUNDRED HE CALCULATED 
LOG (lattice-best-path:main():lattice-best-path.cc:99) For utterance Keren-20080605-uzd-a0454, best cost 606.982 + 18495.1 = 19102 over 423 frames.
Keren-20080605-uzd-a0454 THE SHARP VOICE OF WOLF LARSEN AROUSED ME 
LOG (lattice-best-path:main():lattice-best-path.cc:99) For utterance Keren-20080605-uzd-a0455, best cost 881.239 + 17002.9 = 17884.1 over 411 frames.
Keren-20080605-uzd-a0455 I OBEYED IN A MINUTE OR TWO LATER THEY STOOD BEFORE HIM 
LOG (lattice-best-path:main():lattice-best-path.cc:99) For utterance Keren-20080605-uzd-a0456, best cost 698.146 + 17808.3 = 18506.4 over 448 frames.
Keren-20080605-uzd-a0456 BUT IT WON'T CONTINUE SHE SAID WITH EASY CONFIDENCE 
LOG (lattice-best-path:main():lattice-best-path.cc:99) For utterance Keren-20080605-uzd-a0457, best cost 711.554 + 13611.6 = 14323.1 over 336 frames.
Keren-20080605-uzd-a0457 WHAT I SO I CANNOT AT FIRST BELIEVE 
LOG (lattice-best-path:main():lattice-best-path.cc:99) For utterance Keren-20080605-uzd-a0458, best cost 618.305 + 15148.4 = 15766.7 over 373 frames.
Keren-20080605-uzd-a0458 THE STOUT WOOD WAS CRUSHED LIKE AN EGGSHELL 
LOG (lattice-best-path:main():lattice-best-path.cc:99) For utterance Keren-20080605-uzd-a0459, best cost 598.269 + 12725.2 = 13323.5 over 298 frames.
Keren-20080605-uzd-a0459 THERE'S TOO MUCH OF THE SCHOOLBOY IN ME 
LOG (lattice-best-path:main():lattice-best-path.cc:99) For utterance Keren-20080605-uzd-a0460, best cost 421.382 + 9950.12 = 10371.5 over 273 frames.
Keren-20080605-uzd-a0460 I HAD FORGOTTEN THEIR EXISTENCE 
LOG (lattice-best-path:main():lattice-best-path.cc:99) For utterance Keren-20080605-vdf-b0068, best cost 801.908 + 16696.7 = 17498.6 over 386 frames.
Keren-20080605-vdf-b0068 I ONLY THE CHANCE SOUND HAD LED HIM TO OBSERVE THEM 
LOG (lattice-best-path:main():lattice-best-path.cc:99) For utterance Keren-20080605-vdf-b0069, best cost 862.132 + 18247.6 = 19109.8 over 373 frames.
Keren-20080605-vdf-b0069 THE THE INCIDENT HAVE ANYTHING TO DO WAS CHINA AND PIERRE 
LOG (lattice-best-path:main():lattice-best-path.cc:99) For utterance Keren-20080605-vdf-b0070, best cost 595.558 + 11821.6 = 12417.1 over 286 frames.
Keren-20080605-vdf-b0070 THERE'S NO CHANCE TO FIRE WITHOUT HITTING HIM 
LOG (lattice-best-path:main():lattice-best-path.cc:99) For utterance Keren-20080605-vdf-b0071, best cost 584.425 + 10901.2 = 11485.6 over 261 frames.
Keren-20080605-vdf-b0071 THERE IS NO ANSWER FROM THE OTHER SIDE 
LOG (lattice-best-path:main():lattice-best-path.cc:99) For utterance Keren-20080605-vdf-b0072, best cost 767.744 + 15737.2 = 16504.9 over 398 frames.
Keren-20080605-vdf-b0072 MANY STAND ON AS PIERRE HAD GUIDED HIM 
LOG (lattice-best-path:main():lattice-best-path.cc:99) For utterance Keren-20080605-vdf-b0073, best cost 1048.43 + 20408.2 = 21456.6 over 498 frames.
Keren-20080605-vdf-b0073 WITH THESE ARGUMENTS HE CONVINCED HIMSELF THEN HE SHOULD GO ON ALONE 
LOG (lattice-best-path:main():lattice-best-path.cc:99) For utterance Keren-20080605-vdf-b0074, best cost 850.21 + 17568.1 = 18418.3 over 473 frames.
Keren-20080605-vdf-b0074 YET BEHIND THEM THERE WAS ANOTHER AND MORE POWERFUL MOTIVE 
LOG (lattice-best-path:main():lattice-best-path.cc:99) For utterance Keren-20080605-vdf-b0075, best cost 857.073 + 17769.3 = 18626.4 over 411 frames.
Keren-20080605-vdf-b0075 IN THAT CASE HE COULD NOT MISS THEM IF YOU USED CAUTION 
LOG (lattice-best-path:main():lattice-best-path.cc:99) For utterance Keren-20080605-vdf-b0076, best cost 802.931 + 21345.9 = 22148.9 over 473 frames.
Keren-20080605-vdf-b0076 BEFORE PHILIP COULD RECOVER HIMSELF JEANNE'S STARTLED GUARDS WERE UPON HIM 
LOG (lattice-best-path:main():lattice-best-path.cc:99) For utterance Keren-20080605-vdf-b0077, best cost 384.792 + 8432.46 = 8817.25 over 198 frames.
Keren-20080605-vdf-b0077 IT IS THE NEAREST REFUGE 
LOG (lattice-best-path:main():lattice-best-path.cc:99) For utterance Ronin_Sage-20080110-ny-rp-02, best cost 741.002 + 18090.6 = 18831.6 over 459 frames.
Ronin_Sage-20080110-ny-rp-02 THEY ACT AS A PRISM AND FORM A RAINBOW 
LOG (lattice-best-path:main():lattice-best-path.cc:99) For utterance Ronin_Sage-20080110-ny-rp-03, best cost 802.358 + 22283.2 = 23085.5 over 570 frames.
Ronin_Sage-20080110-ny-rp-03 THE RAINBOW IS A DIVISION OF WHITE LIGHT INTO MANY BEAUTIFUL COLORS 
LOG (lattice-best-path:main():lattice-best-path.cc:99) For utterance Ronin_Sage-20080110-ny-rp-04, best cost 999.248 + 24908.2 = 25907.5 over 647 frames.
Ronin_Sage-20080110-ny-rp-04 THESE TAKE THE SHAPE OF A LONG ROUND ARCH WITH ITS PATH HIGH ABOVE 
LOG (lattice-best-path:main():lattice-best-path.cc:99) For utterance Ronin_Sage-20080110-ny-rp-05, best cost 601.074 + 17421.2 = 18022.3 over 476 frames.
Ronin_Sage-20080110-ny-rp-05 AND ITS TWO ENDS APPARENTLY BEYOND THE HORIZON 
LOG (lattice-best-path:main():lattice-best-path.cc:99) For utterance Ronin_Sage-20080110-ny-rp-06, best cost 964.844 + 23723.5 = 24688.4 over 629 frames.
Ronin_Sage-20080110-ny-rp-06 THERE IS ACCORDING TO LEGEND A BOILING POT OF GOLD AT ONE IT 
LOG (lattice-best-path:main():lattice-best-path.cc:99) For utterance Ronin_Sage-20080110-ny-rp-07, best cost 631.192 + 14299.5 = 14930.7 over 408 frames.
Ronin_Sage-20080110-ny-rp-07 PEOPLE LOOK BUT NO ONE EVER FINDS IT 
LOG (lattice-best-path:main():lattice-best-path.cc:99) For utterance Ronin_Sage-20080110-ny-rp-08, best cost 724.523 + 15390.8 = 16115.4 over 425 frames.
Ronin_Sage-20080110-ny-rp-08 WHEN A MAN LOOKS FOR SOMETHING BEYOND HIS REACH 
LOG (lattice-best-path:main():lattice-best-path.cc:99) For utterance Ronin_Sage-20080110-ny-rp-09, best cost 1122.07 + 20297.3 = 21419.3 over 536 frames.
Ronin_Sage-20080110-ny-rp-09 HIS FRIENDS SAY HE IS LOOKING FOR THE POT OF GOLD AT THE AND OF THE RAINBOW 
LOG (lattice-best-path:main():lattice-best-path.cc:99) For utterance Ronin_Sage-20080110-ny-rp-10, best cost 914.373 + 20152.5 = 21066.9 over 536 frames.
Ronin_Sage-20080110-ny-rp-10 DROPPED THE CENTURIES PEOPLE HAVE EXPLAINED THE RAINBOW IN VARIOUS WAYS 
LOG (lattice-best-path:main():lattice-best-path.cc:99) For utterance Ronin_Sage-20080110-ny-rp-11, best cost 805.517 + 20240 = 21045.5 over 527 frames.
Ronin_Sage-20080110-ny-rp-11 SOME HAVE ACCEPTED IT AS A MIRACLE WITHOUT PHYSICAL EXPLANATION 
LOG (lattice-best-path:main():lattice-best-path.cc:99) For utterance anonymous0046-20080428-cxb-b0111, best cost 545.973 + 13781.4 = 14327.4 over 348 frames.
anonymous0046-20080428-cxb-b0111 THE JOURNEY WAS CONTINUED AT DAWN 
LOG (lattice-best-path:main():lattice-best-path.cc:99) For utterance anonymous0046-20080428-cxb-b0112, best cost 780.477 + 21027 = 21807.5 over 511 frames.
anonymous0046-20080428-cxb-b0112 JEANNE AND PIERRE BOTH GAZED TOWARD THE GREAT ROCK 
LOG (lattice-best-path:main():lattice-best-path.cc:99) For utterance anonymous0046-20080428-cxb-b0113, best cost 706.229 + 18790.2 = 19496.4 over 448 frames.
anonymous0046-20080428-cxb-b0113 THERE WAS SOMETHING PATHETIC IN THE GIRL'S ATTITUDE NOW 
LOG (lattice-best-path:main():lattice-best-path.cc:99) For utterance anonymous0046-20080428-cxb-b0114, best cost 726.38 + 16173.6 = 16900 over 411 frames.
anonymous0046-20080428-cxb-b0114 HE MOVED HIS POSITION AND THE ILLUSION WAS GONE 
LOG (lattice-best-path:main():lattice-best-path.cc:99) For utterance anonymous0046-20080428-cxb-b0115, best cost 665.839 + 14409.5 = 15075.3 over 361 frames.
anonymous0046-20080428-cxb-b0115 FOR TWO HOURS NOT A WORD PASSED BETWEEN THEM 
LOG (lattice-best-path:main():lattice-best-path.cc:99) For utterance anonymous0046-20080428-cxb-b0116, best cost 616.046 + 15622.7 = 16238.8 over 398 frames.
anonymous0046-20080428-cxb-b0116 I HAVE HUNTED ALONG THIS RIDGE REPLIED PHILIP 
LOG (lattice-best-path:main():lattice-best-path.cc:99) For utterance anonymous0046-20080428-cxb-b0117, best cost 582.913 + 14565.4 = 15148.3 over 411 frames.
anonymous0046-20080428-cxb-b0117 THAT'S THORPE'S SAID THE YOUNG ENGINEER 
LOG (lattice-best-path:main():lattice-best-path.cc:99) For utterance anonymous0046-20080428-cxb-b0118, best cost 872.256 + 16048.7 = 16920.9 over 373 frames.
anonymous0046-20080428-cxb-b0118 WE SAW YOUR LIGHT AND FIGHTING ONE MIND A CALL 
LOG (lattice-best-path:main():lattice-best-path.cc:99) For utterance anonymous0046-20080428-cxb-b0119, best cost 463.59 + 12114.9 = 12578.5 over 298 frames.
anonymous0046-20080428-cxb-b0119 BILLINGER MAY ARRIVE IN TIME 
LOG (lattice-best-path:main():lattice-best-path.cc:99) For utterance anonymous0046-20080428-cxb-b0120, best cost 669.308 + 15846.4 = 16515.7 over 373 frames.
anonymous0046-20080428-cxb-b0120 THERE'S THE HITCH REPLIED THORPE ROLLING A CIGARETTE 
LOG (lattice-best-path:main():lattice-best-path.cc:99) For utterance anonymous0122-20081010-uhe-b0491, best cost 1053.66 + 29086.4 = 30140.1 over 636 frames.
anonymous0122-20081010-uhe-b0491 JACOB BRINKER WHO HER ASSIST ROADMATE BROUGHT TO NEWS 
LOG (lattice-best-path:main():lattice-best-path.cc:99) For utterance anonymous0122-20081010-uhe-b0492, best cost 1232.41 + 36411 = 37643.4 over 773 frames.
anonymous0122-20081010-uhe-b0492 IN HE TO RECEIVE TO TENETS AND JARGON OF PSYCHOLOGY BACK OF THE 
LOG (lattice-best-path:main():lattice-best-path.cc:99) For utterance anonymous0122-20081010-uhe-b0493, best cost 953.4 + 18887.7 = 19841.1 over 398 frames.
anonymous0122-20081010-uhe-b0493 HOW YOU JOAN OF SHE I THINK OF THE FROST 
LOG (lattice-best-path:main():lattice-best-path.cc:99) For utterance anonymous0122-20081010-uhe-b0494, best cost 858.684 + 18299 = 19157.6 over 386 frames.
anonymous0122-20081010-uhe-b0494 NEVER SO STRANGE A PROFIT COME FROM JERUSALEM 
LOG (lattice-best-path:main():lattice-best-path.cc:99) For utterance anonymous0122-20081010-uhe-b0495, best cost 884.598 + 27822.1 = 28706.7 over 598 frames.
anonymous0122-20081010-uhe-b0495 WE WHO HAVE ENDURED SO MUCH SURELY CAN ENDURE A LITTLE MORE 
LOG (lattice-best-path:main():lattice-best-path.cc:99) For utterance anonymous0122-20081010-uhe-b0496, best cost 1586.12 + 34395.4 = 35981.5 over 723 frames.
anonymous0122-20081010-uhe-b0496 I HAVE SEEN MYSELF THAT ONE THEN TURNED COME ATTEMPTED TO FIGHT THE SKY PHILIP FOR SUICIDE 
LOG (lattice-best-path:main():lattice-best-path.cc:99) For utterance anonymous0122-20081010-uhe-b0497, best cost 1005.79 + 29012.6 = 30018.4 over 611 frames.
anonymous0122-20081010-uhe-b0497 BY GREAT DRAWBACK TO FARMING IN CALIFORNIA IS OUR LONG DRY SUMMER 
LOG (lattice-best-path:main():lattice-best-path.cc:99) For utterance anonymous0122-20081010-uhe-b0498, best cost 1044.4 + 34646.1 = 35690.5 over 723 frames.
anonymous0122-20081010-uhe-b0498 I REMEMBERED THE RED WINE AUNT ITALIAN RANCHO AND SHUDDERED INWARDLY 
LOG (lattice-best-path:main():lattice-best-path.cc:99) For utterance anonymous0122-20081010-uhe-b0499, best cost 1030.4 + 25659.6 = 26690.1 over 523 frames.
anonymous0122-20081010-uhe-b0499 I SAID AND AND DISMISSED THE MATTER AS NOT WORTH THINKING ABOUT HIM 
LOG (lattice-best-path:main():lattice-best-path.cc:99) For utterance anonymous0122-20081010-uhe-b0500, best cost 439.913 + 14304.9 = 14744.8 over 311 frames.
anonymous0122-20081010-uhe-b0500 THEN CAME MY BOY CODE 
LOG (lattice-best-path:main():lattice-best-path.cc:99) For utterance anonymous0155-20081116-pfp-b0064, best cost 798.184 + 13277.3 = 14075.5 over 280 frames.
anonymous0155-20081116-pfp-b0064 I'M GOING DOWN THERE WITH YOU AND GOING TO FIGHT 
LOG (lattice-best-path:main():lattice-best-path.cc:99) For utterance anonymous0155-20081116-pfp-b0065, best cost 807.582 + 13295.9 = 14103.5 over 305 frames.
anonymous0155-20081116-pfp-b0065 NOW HAVE YOU GOT ANYTHING TO SAY AGAINST ME MR PHILIP 
LOG (lattice-best-path:main():lattice-best-path.cc:99) For utterance anonymous0155-20081116-pfp-b0066, best cost 781.679 + 15834.4 = 16616.1 over 348 frames.
anonymous0155-20081116-pfp-b0066 IF I MEET HER AGAIN I SHALL APOLOGIZE SAID EILEEN 
LOG (lattice-best-path:main():lattice-best-path.cc:99) For utterance anonymous0155-20081116-pfp-b0067, best cost 931.638 + 15199.3 = 16130.9 over 331 frames.
anonymous0155-20081116-pfp-b0067 BLOW HIM THE SHADOW WAS BROKEN INTO A POOL OF RIPPLING STARLIGHT 
LOG (lattice-best-path:main():lattice-best-path.cc:99) For utterance anonymous0155-20081116-pfp-b0068, best cost 779.444 + 13721.2 = 14500.6 over 339 frames.
anonymous0155-20081116-pfp-b0068 ONLY THE CHANCE SOUND HAD LED HIM TO OBSERVE THEM 
LOG (lattice-best-path:main():lattice-best-path.cc:99) For utterance anonymous0155-20081116-pfp-b0069, best cost 901.693 + 12925.1 = 13826.8 over 305 frames.
anonymous0155-20081116-pfp-b0069 GOOD THE INCIDENT HAVE AT HIM TO DO WITH JEANNE AND PIERRE 
LOG (lattice-best-path:main():lattice-best-path.cc:99) For utterance anonymous0155-20081116-pfp-b0070, best cost 622.018 + 10221.5 = 10843.5 over 263 frames.
anonymous0155-20081116-pfp-b0070 THERE WAS NO CHANCE TO FIRE WITHOUT HITTING HIM 
LOG (lattice-best-path:main():lattice-best-path.cc:99) For utterance anonymous0155-20081116-pfp-b0071, best cost 553.88 + 10208.2 = 10762.1 over 245 frames.
anonymous0155-20081116-pfp-b0071 THERE WAS NO ANSWER FROM THE OTHER SIDE 
LOG (lattice-best-path:main():lattice-best-path.cc:99) For utterance anonymous0155-20081116-pfp-b0072, best cost 703.732 + 12900.3 = 13604.1 over 314 frames.
anonymous0155-20081116-pfp-b0072 THEN HE HASTENED ON AS PIERRE HAD GUIDED HIM 
LOG (lattice-best-path:main():lattice-best-path.cc:99) For utterance anonymous0155-20081116-pfp-b0073, best cost 953.259 + 18157.4 = 19110.6 over 433 frames.
anonymous0155-20081116-pfp-b0073 WITH THESE ARGUMENTS HE CONVINCED HIMSELF OF USE GO ON ALONE 
LOG (lattice-best-path:main():lattice-best-path.cc:99) For utterance anonymous0208-20090606-yyv-rp-15, best cost 625.932 + 15484 = 16110 over 356 frames.
anonymous0208-20090606-yyv-rp-15 THE NORSEMEN CONSIDERED THE RAINBOW AS A BRIDGE 
LOG (lattice-best-path:main():lattice-best-path.cc:99) For utterance anonymous0208-20090606-yyv-rp-16, best cost 1147.7 + 19972.9 = 21120.6 over 450 frames.
anonymous0208-20090606-yyv-rp-16 AS A WHICH THE GODS PASSED FROM THE BATH TO THAT HIM IN THE SKY 
LOG (lattice-best-path:main():lattice-best-path.cc:99) For utterance anonymous0208-20090606-yyv-rp-17, best cost 715.608 + 18869 = 19584.6 over 484 frames.
anonymous0208-20090606-yyv-rp-17 OTHERS HAVE TRIED TO EXPLAIN THE PHENOMENON PHYSICALLY 
LOG (lattice-best-path:main():lattice-best-path.cc:99) For utterance anonymous0208-20090606-yyv-rp-18, best cost 663.013 + 15215.2 = 15878.2 over 339 frames.
anonymous0208-20090606-yyv-rp-18 ARISTOTLE THOUGHT THAT THE RAINBOW WAS CAUSED BY 
LOG (lattice-best-path:main():lattice-best-path.cc:99) For utterance anonymous0208-20090606-yyv-rp-19, best cost 629.593 + 12975.5 = 13605.1 over 314 frames.
anonymous0208-20090606-yyv-rp-19 REFLECTION OF THE SUN'S RAYS BY THE RAIN 
LOG (lattice-best-path:main():lattice-best-path.cc:99) For utterance anonymous0208-20090606-yyv-rp-20, best cost 759.673 + 16297.9 = 17057.6 over 373 frames.
anonymous0208-20090606-yyv-rp-20 SINCE THEN PHYSICISTS HAVE FOUND THAT IT WAS NOT REFLECTION 
LOG (lattice-best-path:main():lattice-best-path.cc:99) For utterance anonymous0208-20090606-yyv-rp-21, best cost 946.225 + 19692.5 = 20638.7 over 476 frames.
anonymous0208-20090606-yyv-rp-21 BUT REFRACTION BY THE RAINDROPS WHICH CLOSE SAYS THE RAINBOWS 
LOG (lattice-best-path:main():lattice-best-path.cc:99) For utterance anonymous0208-20090606-yyv-rp-22, best cost 717.543 + 21780.8 = 22498.3 over 561 frames.
anonymous0208-20090606-yyv-rp-22 MANY COMPLICATED IDEAS ABOUT THE RAINBOW HAVE BEEN FORMED 
LOG (lattice-best-path:main():lattice-best-path.cc:99) For utterance anonymous0208-20090606-yyv-rp-23, best cost 870.996 + 21202.8 = 22073.8 over 467 frames.
anonymous0208-20090606-yyv-rp-23 THE DIFFERENCE IN THE RAINBOW DEPENDS CONSIDERABLY UPON THE SIZE OF THE DROPS 
LOG (lattice-best-path:main():lattice-best-path.cc:99) For utterance anonymous0208-20090606-yyv-rp-24, best cost 1093.94 + 25858.5 = 26952.5 over 621 frames.
anonymous0208-20090606-yyv-rp-24 AND THE WAIT FOR THE COLORED BAND INCREASES AS THE SIZE THE DROPS INCREASES 
LOG (lattice-best-path:main():lattice-best-path.cc:99) For utterance anonymous0226-20090711-zoe-b0264, best cost 549.524 + 14590.3 = 15139.8 over 348 frames.
anonymous0226-20090711-zoe-b0264 BUT THIS TIME WAS SAXON WHO REBELLED 
LOG (lattice-best-path:main():lattice-best-path.cc:99) For utterance anonymous0226-20090711-zoe-b0265, best cost 790.242 + 16566.6 = 17356.8 over 336 frames.
anonymous0226-20090711-zoe-b0265 I WAS NOT TO CRY OUT IN THE FACE OF FEAR 
LOG (lattice-best-path:main():lattice-best-path.cc:99) For utterance anonymous0226-20090711-zoe-b0266, best cost 654.177 + 15760 = 16414.2 over 361 frames.
anonymous0226-20090711-zoe-b0266 AND NOW PUT YOURSELF IN MY PLACE FOR A MOMENT 
LOG (lattice-best-path:main():lattice-best-path.cc:99) For utterance anonymous0226-20090711-zoe-b0267, best cost 577.371 + 15767.1 = 16344.5 over 336 frames.
anonymous0226-20090711-zoe-b0267 THE BOY THREW BACK HIS HEAD WITH PRIDE 
LOG (lattice-best-path:main():lattice-best-path.cc:99) For utterance anonymous0226-20090711-zoe-b0268, best cost 500.519 + 16536.4 = 17036.9 over 361 frames.
anonymous0226-20090711-zoe-b0268 SAXON NODDED AND THE BOY FROWNED 
LOG (lattice-best-path:main():lattice-best-path.cc:99) For utterance anonymous0226-20090711-zoe-b0269, best cost 656.807 + 19366.7 = 20023.5 over 436 frames.
anonymous0226-20090711-zoe-b0269 WHY NOT LIKE ANY RAILROAD STATION OR FERRY DEPOT 
LOG (lattice-best-path:main():lattice-best-path.cc:99) For utterance anonymous0226-20090711-zoe-b0270, best cost 487.912 + 15199 = 15686.9 over 336 frames.
anonymous0226-20090711-zoe-b0270 WE COULD THROW STONES WITH THEIR FEET 
LOG (lattice-best-path:main():lattice-best-path.cc:99) For utterance anonymous0226-20090711-zoe-b0271, best cost 746.293 + 19536.6 = 20282.9 over 398 frames.
anonymous0226-20090711-zoe-b0271 IT WAS PUT TOGETHER IN A CASUAL HELTER SKELTER SORT AWAY 
LOG (lattice-best-path:main():lattice-best-path.cc:99) For utterance anonymous0226-20090711-zoe-b0272, best cost 804.979 + 18031.2 = 18836.2 over 411 frames.
anonymous0226-20090711-zoe-b0272 THESE WERE MERELY STOUT STICKS AN INCH OR SO IN DIAMETER 
LOG (lattice-best-path:main():lattice-best-path.cc:99) For utterance anonymous0226-20090711-zoe-b0273, best cost 607.544 + 14749.9 = 15357.4 over 348 frames.
anonymous0226-20090711-zoe-b0273 THEN IT WAS THAT A STRANGE THING HAPPENED 
LOG (lattice-best-path:main():lattice-best-path.cc:99) For utterance anonymous0325-20091220-ijn-rp-13, best cost 769.324 + 18305.6 = 19074.9 over 467 frames.
anonymous0325-20091220-ijn-rp-13 THE GREEKS USED TO IMAGINE THAT IT WAS A SIGN 
LOG (lattice-best-path:main():lattice-best-path.cc:99) For utterance anonymous0325-20091220-ijn-rp-14, best cost 773.147 + 17242.3 = 18015.4 over 450 frames.
anonymous0325-20091220-ijn-rp-14 FROM THE GODS TO FORETELL WAR ON HEAVY RAIN 
LOG (lattice-best-path:main():lattice-best-path.cc:99) For utterance anonymous0325-20091220-ijn-rp-15, best cost 639.884 + 14978.2 = 15618.1 over 416 frames.
anonymous0325-20091220-ijn-rp-15 THE NORSEMEN CONSIDERED THE RAINBOW AS A BRIDGE 
LOG (lattice-best-path:main():lattice-best-path.cc:99) For utterance anonymous0325-20091220-ijn-rp-16, best cost 856.089 + 16585.6 = 17441.7 over 420 frames.
anonymous0325-20091220-ijn-rp-16 THE GODS PASSED FROM EARTH TO THEIR HOME IN THE SKY 
LOG (lattice-best-path:main():lattice-best-path.cc:99) For utterance anonymous0325-20091220-ijn-rp-17, best cost 959.047 + 21032.4 = 21991.4 over 519 frames.
anonymous0325-20091220-ijn-rp-17 OTHERS HAVE TRIED TO EXPLAIN THE PHENOMENON FIT PHYSICALLY 
LOG (lattice-best-path:main():lattice-best-path.cc:99) For utterance anonymous0325-20091220-ijn-rp-18, best cost 730.499 + 15090.2 = 15820.7 over 388 frames.
anonymous0325-20091220-ijn-rp-18 ARISTOTLE THOUGHT THAT THE RAINBOW WAS CAUSED BY 
LOG (lattice-best-path:main():lattice-best-path.cc:99) For utterance anonymous0325-20091220-ijn-rp-19, best cost 483.155 + 8831.65 = 9314.8 over 238 frames.
anonymous0325-20091220-ijn-rp-19 THE SUN'S RAYS BY THE RAIN 
LOG (lattice-best-path:main():lattice-best-path.cc:99) For utterance anonymous0325-20091220-ijn-rp-20, best cost 736.382 + 14797.1 = 15533.4 over 337 frames.
anonymous0325-20091220-ijn-rp-20 THEN PHYSICISTS HAVE FOUND THAT IT IS NOT REFLECTION 
LOG (lattice-best-path:main():lattice-best-path.cc:99) For utterance anonymous0325-20091220-ijn-rp-21, best cost 858.618 + 22295.3 = 23153.9 over 566 frames.
anonymous0325-20091220-ijn-rp-21 THE REFRACTION BY THE RAINDROPS WHICH CAUSES THE RAINBOWS 
LOG (lattice-best-path:main():lattice-best-path.cc:99) For utterance anonymous0325-20091220-ijn-rp-22, best cost 751.902 + 16335.8 = 17087.7 over 382 frames.
anonymous0325-20091220-ijn-rp-22 MANY COMPLICATED IDEAS ABOUT THE RAINBOWS HAVE BEEN FORMED 
LOG (lattice-best-path:main():lattice-best-path.cc:99) For utterance anonymous0371-20100203-ssd-a0541, best cost 548.419 + 13514.2 = 14062.6 over 373 frames.
anonymous0371-20100203-ssd-a0541 THE WARDEN WITH A QUART OF CHAMPAGNE 
LOG (lattice-best-path:main():lattice-best-path.cc:99) For utterance anonymous0371-20100203-ssd-a0542, best cost 772.111 + 17386.6 = 18158.8 over 461 frames.
anonymous0371-20100203-ssd-a0542 WITHOUT A DOUBT SOME OF THEM HAVE DINNER ENGAGEMENTS 
LOG (lattice-best-path:main():lattice-best-path.cc:99) For utterance anonymous0371-20100203-ssd-a0543, best cost 762.152 + 24180.5 = 24942.7 over 573 frames.
anonymous0371-20100203-ssd-a0543 I'VE BEEN BORN WITH NO ORGANIC CHEMICAL PREDISPOSITION TOWARD ALCOHOL 
LOG (lattice-best-path:main():lattice-best-path.cc:99) For utterance anonymous0371-20100203-ssd-a0544, best cost 599.762 + 14540.2 = 15140 over 411 frames.
anonymous0371-20100203-ssd-a0544 HE MAY ANTICIPATE THE DAY OF HIS DEATH 
LOG (lattice-best-path:main():lattice-best-path.cc:99) For utterance anonymous0371-20100203-ssd-a0545, best cost 589.951 + 16249.8 = 16839.7 over 448 frames.
anonymous0371-20100203-ssd-a0545 THE ITALIAN RANCHO WAS A BACHELOR ESTABLISHMENT 
LOG (lattice-best-path:main():lattice-best-path.cc:99) For utterance anonymous0371-20100203-ssd-a0546, best cost 832.059 + 20358.7 = 21190.7 over 548 frames.
anonymous0371-20100203-ssd-a0546 I LOST MY BALANCE AND PITCHED HEAD FOREMOST INTO THE OOZE 
LOG (lattice-best-path:main():lattice-best-path.cc:99) For utterance anonymous0371-20100203-ssd-a0547, best cost 799.243 + 21574.9 = 22374.1 over 548 frames.
anonymous0371-20100203-ssd-a0547 MEN LIKE JOE GOOSE DATED EXISTENCE FROM DRUNK TO DRUNK 
LOG (lattice-best-path:main():lattice-best-path.cc:99) For utterance anonymous0371-20100203-ssd-a0548, best cost 724.767 + 17270.8 = 17995.6 over 486 frames.
anonymous0371-20100203-ssd-a0548 ALSO CHURCHES AND PREACHERS I HAD NEVER KNOWN 
LOG (lattice-best-path:main():lattice-best-path.cc:99) For utterance anonymous0371-20100203-ssd-a0549, best cost 765.227 + 15653.3 = 16418.6 over 498 frames.
anonymous0371-20100203-ssd-a0549 YOU KNOW THAT WE WEIGH EVERY POUND OF COAL WE BURN 
LOG (lattice-best-path:main():lattice-best-path.cc:99) For utterance anonymous0371-20100203-ssd-a0550, best cost 645.283 + 15002.4 = 15647.7 over 436 frames.
anonymous0371-20100203-ssd-a0550 THIS ALSO BECAME PART OF THE DAILY SCHEDULE 
LOG (lattice-best-path:main():lattice-best-path.cc:99) For utterance anonymous0434-20100505-bxv-b0080, best cost 715.766 + 18631.7 = 19347.5 over 461 frames.
anonymous0434-20100505-bxv-b0080 TOMORROW BE STRONG INTERVIEW TO STAND UPON 
LOG (lattice-best-path:main():lattice-best-path.cc:99) For utterance anonymous0434-20100505-bxv-b0081, best cost 803.713 + 20663.5 = 21467.2 over 561 frames.
anonymous0434-20100505-bxv-b0081 YOU'RE GOING TO LEAVE AFTER YOU SAW ME ON THE ROCK 
LOG (lattice-best-path:main():lattice-best-path.cc:99) For utterance anonymous0434-20100505-bxv-b0082, best cost 864.332 + 23033.1 = 23897.5 over 586 frames.
anonymous0434-20100505-bxv-b0082 HE BIT HIS TONGUE AND CURSED HIMSELF AT THIS FRESH BREAK 
LOG (lattice-best-path:main():lattice-best-path.cc:99) For utterance anonymous0434-20100505-bxv-b0083, best cost 732.951 + 20628.8 = 21361.8 over 561 frames.
anonymous0434-20100505-bxv-b0083 IN A THERE WAS SOMETHING THAT WAS ALMOST TRAGEDY 
LOG (lattice-best-path:main():lattice-best-path.cc:99) For utterance anonymous0434-20100505-bxv-b0084, best cost 567.683 + 14272.8 = 14840.5 over 398 frames.
anonymous0434-20100505-bxv-b0084 YOUR FACE IS RED WITH BLOOD 
LOG (lattice-best-path:main():lattice-best-path.cc:99) For utterance anonymous0434-20100505-bxv-b0085, best cost 879.038 + 19849.6 = 20728.6 over 511 frames.
anonymous0434-20100505-bxv-b0085 HER EYES SMILED TRUTH AT HIM AS HE CAME UP THE BANK 
LOG (lattice-best-path:main():lattice-best-path.cc:99) For utterance anonymous0434-20100505-bxv-b0086, best cost 459.892 + 13101.4 = 13561.3 over 373 frames.
anonymous0434-20100505-bxv-b0086 HE CAN CARE FOR HIMSELF 
LOG (lattice-best-path:main():lattice-best-path.cc:99) For utterance anonymous0434-20100505-bxv-b0087, best cost 780.803 + 18762.2 = 19543 over 486 frames.
anonymous0434-20100505-bxv-b0087 THEY WILL SEARCH FOR US BETWEEN THEIR CAMP IN CHURCHILL 
LOG (lattice-best-path:main():lattice-best-path.cc:99) For utterance anonymous0434-20100505-bxv-b0088, best cost 499.353 + 15751.8 = 16251.2 over 423 frames.
anonymous0434-20100505-bxv-b0088 UNTIL I DIE HE EXCLAIMED 
LOG (lattice-best-path:main():lattice-best-path.cc:99) For utterance anonymous0434-20100505-bxv-b0089, best cost 718.219 + 17891.8 = 18610 over 448 frames.
anonymous0434-20100505-bxv-b0089 HER BEAUTIFUL HAIR WAS DONE UP IN SHINING COILS 
LOG (lattice-best-path:main():lattice-best-path.cc:99) For utterance anonymous0541-20100821-gbt-b0459, best cost 476.768 + 16417.4 = 16894.2 over 398 frames.
anonymous0541-20100821-gbt-b0459 THEY ARE NOT BIOLOGISTS NOR SOCIOLOGISTS 
LOG (lattice-best-path:main():lattice-best-path.cc:99) For utterance anonymous0541-20100821-gbt-b0460, best cost 869.669 + 22778.7 = 23648.4 over 586 frames.
anonymous0541-20100821-gbt-b0460 THE MORE HIS OPPONENTS GREW EXCITED THE MORE ERNEST DELIBERATELY EXCITED THEM 
LOG (lattice-best-path:main():lattice-best-path.cc:99) For utterance anonymous0541-20100821-gbt-b0461, best cost 780.81 + 18257.5 = 19038.3 over 486 frames.
anonymous0541-20100821-gbt-b0461 BY VIRTUE OF THAT POWER WE SHALL REMAIN IN POWER 
LOG (lattice-best-path:main():lattice-best-path.cc:99) For utterance anonymous0541-20100821-gbt-b0462, best cost 545.176 + 13818.1 = 14363.3 over 386 frames.
anonymous0541-20100821-gbt-b0462 ONE GUESS WILL DO ERNEST RETORTED 
LOG (lattice-best-path:main():lattice-best-path.cc:99) For utterance anonymous0541-20100821-gbt-b0463, best cost 616.412 + 13011.7 = 13628.1 over 386 frames.
anonymous0541-20100821-gbt-b0463 TAKE MY ADVICE AND ACCEPT THE VACATION 
LOG (lattice-best-path:main():lattice-best-path.cc:99) For utterance anonymous0541-20100821-gbt-b0464, best cost 624.006 + 11340.8 = 11964.8 over 348 frames.
anonymous0541-20100821-gbt-b0464 I COULD NOT AGREE MORE WITH ERNEST 
LOG (lattice-best-path:main():lattice-best-path.cc:99) For utterance anonymous0541-20100821-gbt-b0465, best cost 697.515 + 15362.8 = 16060.3 over 441 frames.
anonymous0541-20100821-gbt-b0465 BUT SUCH DIVERGENCE OF NO MENACE TO SOCIETY 
LOG (lattice-best-path:main():lattice-best-path.cc:99) For utterance anonymous0541-20100821-gbt-b0466, best cost 716.964 + 17141.7 = 17858.6 over 636 frames.
anonymous0541-20100821-gbt-b0466 IT IS DOG EAT DOG AND YOU ATE THEM UP 
LOG (lattice-best-path:main():lattice-best-path.cc:99) For utterance anonymous0541-20100821-gbt-b0467, best cost 495.234 + 10161.4 = 10656.7 over 298 frames.
anonymous0541-20100821-gbt-b0467 LET US RUN FOR OURSELVES 
LOG (lattice-best-path:main():lattice-best-path.cc:99) For utterance anonymous0541-20100821-gbt-b0468, best cost 615.716 + 21100.7 = 21716.4 over 498 frames.
anonymous0541-20100821-gbt-b0468 IT WAS INTRODUCED BY REPRESENTATIVE DICK OF OHIO 
LOG (lattice-best-path:main():lattice-best-path.cc:99) For utterance anonymous0615-20110112-ahi-b0036, best cost 527.581 + 17253.7 = 17781.3 over 473 frames.
anonymous0615-20110112-ahi-b0036 HE WONDERED TOO WHERE ROSCOE WAS 
LOG (lattice-best-path:main():lattice-best-path.cc:99) For utterance anonymous0615-20110112-ahi-b0037, best cost 653.555 + 16864 = 17517.6 over 473 frames.
anonymous0615-20110112-ahi-b0037 PHILIP KNEW THAT SHE WAS NOT AN INDIAN 
LOG (lattice-best-path:main():lattice-best-path.cc:99) For utterance anonymous0615-20110112-ahi-b0038, best cost 846.159 + 22441.2 = 23287.4 over 561 frames.
anonymous0615-20110112-ahi-b0038 IN HER HASTE TO GET AWAY SHE HAD FORGOTTEN THESE THINGS 
LOG (lattice-best-path:main():lattice-best-path.cc:99) For utterance anonymous0615-20110112-ahi-b0039, best cost 908.716 + 23382.7 = 24291.4 over 536 frames.
anonymous0615-20110112-ahi-b0039 PHILIP TOOK A STEP TOWARD GREGSON HALF DETERMINED TO AWAKEN HIM 
LOG (lattice-best-path:main():lattice-best-path.cc:99) For utterance anonymous0615-20110112-ahi-b0040, best cost 531.811 + 14479.2 = 15011 over 386 frames.
anonymous0615-20110112-ahi-b0040 THE THOUGHT SET HIS BLOOD TINGLING 
LOG (lattice-best-path:main():lattice-best-path.cc:99) For utterance anonymous0615-20110112-ahi-b0041, best cost 738.129 + 16800.3 = 17538.5 over 448 frames.
anonymous0615-20110112-ahi-b0041 BUT IF PIERRE DID NOT RETURN UNTIL TOMORROW 
LOG (lattice-best-path:main():lattice-best-path.cc:99) For utterance anonymous0615-20110112-ahi-b0042, best cost 861.581 + 21957.8 = 22819.3 over 536 frames.
anonymous0615-20110112-ahi-b0042 TEN MINUTES HAD NOT ELAPSED SINCE HE HAD DROPPED THE HANDKERCHIEF 
LOG (lattice-best-path:main():lattice-best-path.cc:99) For utterance anonymous0615-20110112-ahi-b0043, best cost 564.325 + 11719.9 = 12284.3 over 348 frames.
anonymous0615-20110112-ahi-b0043 IT WON'T BE FOR SELL 
LOG (lattice-best-path:main():lattice-best-path.cc:99) For utterance anonymous0615-20110112-ahi-b0044, best cost 655.183 + 14904 = 15559.2 over 386 frames.
anonymous0615-20110112-ahi-b0044 FOR A FEW MOMENTS HE ATE IN SILENCE 
LOG (lattice-best-path:main():lattice-best-path.cc:99) For utterance anonymous0615-20110112-ahi-b0045, best cost 549.384 + 16466 = 17015.4 over 436 frames.
anonymous0615-20110112-ahi-b0045 PHILIP DID NOT PURSUE THE SUBJECT 
LOG (lattice-best-path:main():lattice-best-path.cc:99) For utterance anonymous0762-20111028-uvj-b0002, best cost 866.463 + 20394 = 21260.5 over 661 frames.
anonymous0762-20111028-uvj-b0002 YOU GOT OUT BY FIGHTING AND I THROUGH A PRETTY GIRL 
LOG (lattice-best-path:main():lattice-best-path.cc:99) For utterance anonymous0762-20111028-uvj-b0003, best cost 496.876 + 13485.3 = 13982.2 over 436 frames.
anonymous0762-20111028-uvj-b0003 I CAN SEE THAT KNIFE NOW 
LOG (lattice-best-path:main():lattice-best-path.cc:99) For utterance anonymous0762-20111028-uvj-b0004, best cost 849.589 + 19932.7 = 20782.3 over 586 frames.
anonymous0762-20111028-uvj-b0004 WHEN I CAN'T SEE BEAUTY IN WOMAN I WANT TO DIE 
LOG (lattice-best-path:main():lattice-best-path.cc:99) For utterance anonymous0762-20111028-uvj-b0005, best cost 643.308 + 22335.8 = 22979.1 over 686 frames.
anonymous0762-20111028-uvj-b0005 HIS SLIM FINGERS CLOSED LIKE STEEL ABOUT PHILIP'S 
LOG (lattice-best-path:main():lattice-best-path.cc:99) For utterance anonymous0762-20111028-uvj-b0006, best cost 879.788 + 19131.5 = 20011.2 over 611 frames.
anonymous0762-20111028-uvj-b0006 HE SEIZED GREGSON BY THE ARM AND LED HIM TO THE DOOR 
LOG (lattice-best-path:main():lattice-best-path.cc:99) For utterance anonymous0762-20111028-uvj-b0007, best cost 652.752 + 18216.6 = 18869.3 over 636 frames.
anonymous0762-20111028-uvj-b0007 HERE THE INDIAN DOGS WAILING DOWN AT CHURCHILL 
LOG (lattice-best-path:main():lattice-best-path.cc:99) For utterance anonymous0762-20111028-uvj-b0008, best cost 766.866 + 21512.5 = 22279.4 over 648 frames.
anonymous0762-20111028-uvj-b0008 BURKE HIMSELF HAD CRITICIZED IT BECAUSE OF THE SMILE 
LOG (lattice-best-path:main():lattice-best-path.cc:99) For utterance anonymous0762-20111028-uvj-b0009, best cost 755.891 + 18988.2 = 19744.1 over 611 frames.
anonymous0762-20111028-uvj-b0009 I'D SAY THERE WAS GOING TO BE A GLORIOUS SCRAP 
LOG (lattice-best-path:main():lattice-best-path.cc:99) For utterance anonymous0762-20111028-uvj-b0010, best cost 773.741 + 20385.3 = 21159 over 661 frames.
anonymous0762-20111028-uvj-b0010 HE TURNED THE MAP TO GREGSON POINTING WITH HIS FINGER 
LOG (lattice-best-path:main():lattice-best-path.cc:99) For utterance anonymous0762-20111028-uvj-b0011, best cost 851.715 + 25732.4 = 26584.1 over 798 frames.
anonymous0762-20111028-uvj-b0011 HIS EYES NEVER TOOK THEMSELVES FOR AN INSTANT FROM HIS COMPANION'S FACE 
LOG (lattice-best-path:main():lattice-best-path.cc:99) For utterance anonymous0890-20120430-tej-b0051, best cost 856.57 + 18173.2 = 19029.8 over 473 frames.
anonymous0890-20120430-tej-b0051 THE SIXTH DAY HE SPENT IN A CABIN WITH GREGSON 
LOG (lattice-best-path:main():lattice-best-path.cc:99) For utterance anonymous0890-20120430-tej-b0052, best cost 552.861 + 13109.6 = 13662.5 over 361 frames.
anonymous0890-20120430-tej-b0052 THE FLUSH WAS GONE FROM HER FACE 
LOG (lattice-best-path:main():lattice-best-path.cc:99) For utterance anonymous0890-20120430-tej-b0053, best cost 689.784 + 19027.6 = 19717.4 over 523 frames.
anonymous0890-20120430-tej-b0053 THAT IS WHY I AM AM RATTLED HE LAUGHED 
LOG (lattice-best-path:main():lattice-best-path.cc:99) For utterance anonymous0890-20120430-tej-b0054, best cost 606.795 + 17419.3 = 18026.1 over 461 frames.
anonymous0890-20120430-tej-b0054 HE UNDERSTOOD THE MEANING OF THE LOOK 
LOG (lattice-best-path:main():lattice-best-path.cc:99) For utterance anonymous0890-20120430-tej-b0055, best cost 929.412 + 20722.1 = 21651.5 over 548 frames.
anonymous0890-20120430-tej-b0055 SHE WAS EVEN MORE BEAUTIFUL THEM WHEN I SAW HER BEFORE 
LOG (lattice-best-path:main():lattice-best-path.cc:99) For utterance anonymous0890-20120430-tej-b0056, best cost 759.237 + 20342.7 = 21101.9 over 511 frames.
anonymous0890-20120430-tej-b0056 I'LL GIVE A THOUSAND IF YOU PRODUCE HER RETORTED GREGSON 
LOG (lattice-best-path:main():lattice-best-path.cc:99) For utterance anonymous0890-20120430-tej-b0057, best cost 663.54 + 20199.1 = 20862.6 over 523 frames.
anonymous0890-20120430-tej-b0057 THEY HAVE WON POPULAR SENTIMENT THROUGH THE NEWSPAPERS 
LOG (lattice-best-path:main():lattice-best-path.cc:99) For utterance anonymous0890-20120430-tej-b0058, best cost 487.781 + 16960.2 = 17447.9 over 473 frames.
anonymous0890-20120430-tej-b0058 WE MUST ACHIEVE OUR OWN SALVATION 
LOG (lattice-best-path:main():lattice-best-path.cc:99) For utterance anonymous0890-20120430-tej-b0059, best cost 676.819 + 19099.3 = 19776.1 over 486 frames.
anonymous0890-20120430-tej-b0059 IN MOMENTS OF MENTAL ENERGY PHILIP WAS RESTLESS 
LOG (lattice-best-path:main():lattice-best-path.cc:99) For utterance anonymous0890-20120430-tej-b0060, best cost 961.219 + 21363.2 = 22324.4 over 561 frames.
anonymous0890-20120430-tej-b0060 HE WOULD KEEP HIS FAITH WITH GREGSON FOR THE PROMISED DAY OR TWO 
LOG (lattice-best-path:main():lattice-best-path.cc:99) For utterance anonymous0913-20120609-kgq-a0168, best cost 842.888 + 19722 = 20564.9 over 498 frames.
anonymous0913-20120609-kgq-a0168 LOW BUSH WHIPPED HIM IN THE FACE AND LEFT THIS DAY 
LOG (lattice-best-path:main():lattice-best-path.cc:99) For utterance anonymous0913-20120609-kgq-a0169, best cost 836.576 + 17655.7 = 18492.3 over 461 frames.
anonymous0913-20120609-kgq-a0169 FIRST SUDDENLY JOURNEY STOPPED FOR AN INSTANT 
LOG (lattice-best-path:main():lattice-best-path.cc:99) For utterance anonymous0913-20120609-kgq-a0170, best cost 826.476 + 19622.9 = 20449.3 over 536 frames.
anonymous0913-20120609-kgq-a0170 THERE WAS NOT OF THE JOY OF MEETING IN HIS FACE 
LOG (lattice-best-path:main():lattice-best-path.cc:99) For utterance anonymous0913-20120609-kgq-a0171, best cost 842.986 + 20450.9 = 21293.9 over 536 frames.
anonymous0913-20120609-kgq-a0171 AM WHEN YOU COME BACK AND FEW DAYS BRING EILEEN 
LOG (lattice-best-path:main():lattice-best-path.cc:99) For utterance anonymous0913-20120609-kgq-a0172, best cost 619.454 + 20888.1 = 21507.5 over 548 frames.
anonymous0913-20120609-kgq-a0172 GREGSON HAD LEFT THE OUTER DOOR SLIGHTLY AJAR 
LOG (lattice-best-path:main():lattice-best-path.cc:99) For utterance anonymous0913-20120609-kgq-a0173, best cost 578.649 + 18045.2 = 18623.8 over 473 frames.
anonymous0913-20120609-kgq-a0173 THE DATE WAS NEARLY EIGHTEEN YEARS OLD 
LOG (lattice-best-path:main():lattice-best-path.cc:99) For utterance anonymous0913-20120609-kgq-a0174, best cost 731.478 + 13656.8 = 14388.3 over 373 frames.
anonymous0913-20120609-kgq-a0174 THEY WERE THE PRE STAGE OF STORM 
LOG (lattice-best-path:main():lattice-best-path.cc:99) For utterance anonymous0913-20120609-kgq-a0175, best cost 751.091 + 17799.9 = 18551 over 486 frames.
anonymous0913-20120609-kgq-a0175 DOWN THAT THE EARTH WAS ALREADY SWELLING WITH MY 
LOG (lattice-best-path:main():lattice-best-path.cc:99) For utterance anonymous0913-20120609-kgq-a0176, best cost 901.018 + 19290.1 = 20191.1 over 486 frames.
anonymous0913-20120609-kgq-a0176 FOR THE FIRST TIME IN HIS LIFE HE WAS YEARNING FOR A SCRAP 
LOG (lattice-best-path:main():lattice-best-path.cc:99) For utterance anonymous0913-20120609-kgq-a0177, best cost 536.041 + 18598.3 = 19134.4 over 498 frames.
anonymous0913-20120609-kgq-a0177 SHE HAD BEEN THOROUGHLY AND EFFICIENTLY MAULED 
LOG (lattice-best-path:main():lattice-best-path.cc:99) For utterance anonymous0989-20121113-jbs-a0361, best cost 789.005 + 23328.5 = 24117.6 over 636 frames.
anonymous0989-20121113-jbs-a0361 BUT HE DID NOT BROACH IT PREFERRING TO MATURE IT CAREFULLY 
LOG (lattice-best-path:main():lattice-best-path.cc:99) For utterance anonymous0989-20121113-jbs-a0362, best cost 460.259 + 14010.3 = 14470.5 over 411 frames.
anonymous0989-20121113-jbs-a0362 NOPE NOT THE SLIGHTEST IDEA 
LOG (lattice-best-path:main():lattice-best-path.cc:99) For utterance anonymous0989-20121113-jbs-a0363, best cost 652.521 + 16532.4 = 17184.9 over 461 frames.
anonymous0989-20121113-jbs-a0363 IT IS NOT ATTEMPT TO SMASH THE MARKET 
LOG (lattice-best-path:main():lattice-best-path.cc:99) For utterance anonymous0989-20121113-jbs-a0364, best cost 846.431 + 21080.8 = 21927.2 over 561 frames.
anonymous0989-20121113-jbs-a0364 WE HAVE PLENTY OF CAPITAL OURSELVES AND YET WE WANT MORE 
LOG (lattice-best-path:main():lattice-best-path.cc:99) For utterance anonymous0989-20121113-jbs-a0365, best cost 553.352 + 17884.6 = 18438 over 486 frames.
anonymous0989-20121113-jbs-a0365 THESE RUMORS MAY EVEN ORIGINATE WITH US 
LOG (lattice-best-path:main():lattice-best-path.cc:99) For utterance anonymous0989-20121113-jbs-a0366, best cost 1024.68 + 27632.4 = 28657.1 over 748 frames.
anonymous0989-20121113-jbs-a0366 A WILDLY EXCITING TIME WAS HIS DURING THE WEEK PRECEDING THURSDAY THE EIGHTY 
LOG (lattice-best-path:main():lattice-best-path.cc:99) For utterance anonymous0989-20121113-jbs-a0367, best cost 777.841 + 20071 = 20848.8 over 598 frames.
anonymous0989-20121113-jbs-a0367 THERE IS NOT AN IOTA OF TRUTH IN IT CERTAINLY NOT 
LOG (lattice-best-path:main():lattice-best-path.cc:99) For utterance anonymous0989-20121113-jbs-a0368, best cost 985.276 + 26973.3 = 27958.6 over 723 frames.
anonymous0989-20121113-jbs-a0368 I JUST DO APPRECIATE IT WITHOUT BEING ABLE TO EXPRESS MY FEEL 
LOG (lattice-best-path:main():lattice-best-path.cc:99) For utterance anonymous0989-20121113-jbs-a0369, best cost 810.124 + 27816.7 = 28626.8 over 773 frames.
anonymous0989-20121113-jbs-a0369 IN PARTNERSHIP WITH DAYLIGHT THE PAIR RAIDED THE SAN JOSE INTERURBAN 
LOG (lattice-best-path:main():lattice-best-path.cc:99) For utterance anonymous0989-20121113-jbs-a0370, best cost 712.158 + 18117.5 = 18829.7 over 536 frames.
anonymous0989-20121113-jbs-a0370 HE SAW ALL MEN IN THE BUSINESS GAME DOING THIS 
LOG (lattice-best-path:main():lattice-best-path.cc:99) For utterance anonymous1023-20130123-jta-b0013, best cost 744.405 + 23212.8 = 23957.2 over 623 frames.
anonymous1023-20130123-jta-b0013 LAKES AND RIVERS HUNDREDS OF THEM THOUSANDS OF THEM 
LOG (lattice-best-path:main():lattice-best-path.cc:99) For utterance anonymous1023-20130123-jta-b0014, best cost 542.252 + 22465.5 = 23007.7 over 586 frames.
anonymous1023-20130123-jta-b0014 WHITEFISH GREGSON WHITEFISH AND TROUT 
LOG (lattice-best-path:main():lattice-best-path.cc:99) For utterance anonymous1023-20130123-jta-b0015, best cost 545.077 + 15710.1 = 16255.1 over 423 frames.
anonymous1023-20130123-jta-b0015 THEY ROBBED ME A FEW YEARS LATER 
LOG (lattice-best-path:main():lattice-best-path.cc:99) For utterance anonymous1023-20130123-jta-b0016, best cost 784.739 + 21331.6 = 22116.3 over 511 frames.
anonymous1023-20130123-jta-b0016 HE CHUCKLED AS HE PULLED OUT HIS PIPE AND BEGAN FILLING IT 
LOG (lattice-best-path:main():lattice-best-path.cc:99) For utterance anonymous1023-20130123-jta-b0017, best cost 680.094 + 20672.3 = 21352.3 over 523 frames.
anonymous1023-20130123-jta-b0017 EVERYTHING WAS WORKING SMOOTHLY BETTER THAN I HAD EXPECTED 
LOG (lattice-best-path:main():lattice-best-path.cc:99) For utterance anonymous1023-20130123-jta-b0018, best cost 524.716 + 16169.4 = 16694.1 over 436 frames.
anonymous1023-20130123-jta-b0018 I WAS COMPLETELY LOST IN MY WORK 
LOG (lattice-best-path:main():lattice-best-path.cc:99) For utterance anonymous1023-20130123-jta-b0019, best cost 652.161 + 17104.8 = 17756.9 over 436 frames.
anonymous1023-20130123-jta-b0019 HIS SLIM HANDS GRIPPED THE EDGES OF THE TABLE 
LOG (lattice-best-path:main():lattice-best-path.cc:99) For utterance anonymous1023-20130123-jta-b0020, best cost 827.46 + 19529.6 = 20357.1 over 498 frames.
anonymous1023-20130123-jta-b0020 HE MADE NO REPLY AS HE WAITED FOR WHITTEMORE TO CONTINUE 
LOG (lattice-best-path:main():lattice-best-path.cc:99) For utterance anonymous1023-20130123-jta-b0021, best cost 487.825 + 15777.4 = 16265.2 over 411 frames.
anonymous1023-20130123-jta-b0021 PHILIP DROPPED BACK INTO HIS CHAIR 
LOG (lattice-best-path:main():lattice-best-path.cc:99) For utterance anonymous1023-20130123-jta-b0022, best cost 788.998 + 17771.4 = 18560.4 over 461 frames.
anonymous1023-20130123-jta-b0022 IF I WAS AWE OF THE GAME IT WOULD BE EASILY MADE 
LOG (lattice-best-path:main():lattice-best-path.cc:99) For utterance anonymous1116-20131221-urh-a0038, best cost 492.767 + 13800.6 = 14293.3 over 336 frames.
anonymous1116-20131221-urh-a0038 WE'LL HAVE TO WATCH OUR CHANCES 
LOG (lattice-best-path:main():lattice-best-path.cc:99) For utterance anonymous1116-20131221-urh-a0039, best cost 804.713 + 18706.1 = 19510.8 over 473 frames.
anonymous1116-20131221-urh-a0039 THE SHIP SHOULD BE IN WITHIN A WEEK OR TEN DAYS 
LOG (lattice-best-path:main():lattice-best-path.cc:99) For utterance anonymous1116-20131221-urh-a0040, best cost 743.61 + 19433.2 = 20176.8 over 498 frames.
anonymous1116-20131221-urh-a0040 I SUPPOSE YOU WONDER WHY SHE IS COMING UP HIM 
LOG (lattice-best-path:main():lattice-best-path.cc:99) For utterance anonymous1116-20131221-urh-a0041, best cost 630.974 + 17334.6 = 17965.6 over 448 frames.
anonymous1116-20131221-urh-a0041 MEANWHILE I'LL GO OUT TO BREATHE A SPELL 
LOG (lattice-best-path:main():lattice-best-path.cc:99) For utterance anonymous1116-20131221-urh-a0042, best cost 689.961 + 18324.4 = 19014.4 over 461 frames.
anonymous1116-20131221-urh-a0042 HOW COULD HE EXPLAIN HIS POSSESSION OF THE SKETCH 
LOG (lattice-best-path:main():lattice-best-path.cc:99) For utterance anonymous1116-20131221-urh-a0043, best cost 936.661 + 24273.3 = 25210 over 561 frames.
anonymous1116-20131221-urh-a0043 IT SEEMED NEARER TO HIM SINCE HE HAD SEEN AND TALKED WITH GREGSON 
LOG (lattice-best-path:main():lattice-best-path.cc:99) For utterance anonymous1116-20131221-urh-a0044, best cost 795.521 + 22115.4 = 22910.9 over 536 frames.
anonymous1116-20131221-urh-a0044 HER OWN BETRAYAL OF HERSELF WAS LIKE TONIC TO PHILIP 
LOG (lattice-best-path:main():lattice-best-path.cc:99) For utterance anonymous1116-20131221-urh-a0045, best cost 697.984 + 17171.7 = 17869.7 over 448 frames.
anonymous1116-20131221-urh-a0045 HE MOVED AWAY AS QUIETLY AS HE HAD COME 
LOG (lattice-best-path:main():lattice-best-path.cc:99) For utterance anonymous1116-20131221-urh-a0046, best cost 885.134 + 21748.4 = 22633.6 over 561 frames.
anonymous1116-20131221-urh-a0046 THE GIRL FACED HIM HOW EYES SHINING WITH SUDDEN FEAR 
LOG (lattice-best-path:main():lattice-best-path.cc:99) For utterance anonymous1116-20131221-urh-a0047, best cost 889.65 + 24419.7 = 25309.4 over 623 frames.
anonymous1116-20131221-urh-a0047 CLOSE BESIDE HIM GLEAMED TO THE WHITE FANGS OF THE WOLF DOG 
LOG (lattice-best-path:main():lattice-best-path.cc:99) For utterance anonymous1184-20150109-mlr-b0174, best cost 1123.34 + 29049.6 = 30173 over 673 frames.
anonymous1184-20150109-mlr-b0174 HATRED AND MURDER A LAST FOR REVENGE THEY POSSESSED FOR OVERFLOWING 
LOG (lattice-best-path:main():lattice-best-path.cc:99) For utterance anonymous1184-20150109-mlr-b0175, best cost 498.763 + 18363.7 = 18862.5 over 436 frames.
anonymous1184-20150109-mlr-b0175 SHELDON GLANCED AT THE THERMOMETER 
LOG (lattice-best-path:main():lattice-best-path.cc:99) For utterance anonymous1184-20150109-mlr-b0176, best cost 536.754 + 15151.4 = 15688.2 over 373 frames.
anonymous1184-20150109-mlr-b0176 I'LL SEE TO POOR HUGHIE 
LOG (lattice-best-path:main():lattice-best-path.cc:99) For utterance anonymous1184-20150109-mlr-b0177, best cost 943.188 + 27890.6 = 28833.8 over 573 frames.
anonymous1184-20150109-mlr-b0177 HER GRAY EYES WERE FLASHING AND HER LIPS OVERT QUIVERING 
LOG (lattice-best-path:main():lattice-best-path.cc:99) For utterance anonymous1184-20150109-mlr-b0178, best cost 393.43 + 15181.8 = 15575.2 over 336 frames.
anonymous1184-20150109-mlr-b0178 ALSO I WANT INFORMATION 
LOG (lattice-best-path:main():lattice-best-path.cc:99) For utterance anonymous1184-20150109-mlr-b0179, best cost 674.523 + 17882.5 = 18557 over 398 frames.
anonymous1184-20150109-mlr-b0179 LET THEM GO OUT AND EAT WITH MY BOYS 
LOG (lattice-best-path:main():lattice-best-path.cc:99) For utterance anonymous1184-20150109-mlr-b0180, best cost 563.263 + 18156.3 = 18719.6 over 423 frames.
anonymous1184-20150109-mlr-b0180 I I BEG PARDON HE DRAWLED 
LOG (lattice-best-path:main():lattice-best-path.cc:99) For utterance anonymous1184-20150109-mlr-b0181, best cost 739.664 + 25444.7 = 26184.4 over 536 frames.
anonymous1184-20150109-mlr-b0181 AND YOU PREFERRED A CANNIBAL ISLE AND A CARTRIDGE BELT 
LOG (lattice-best-path:main():lattice-best-path.cc:99) For utterance anonymous1184-20150109-mlr-b0182, best cost 608.122 + 17211.1 = 17819.3 over 398 frames.
anonymous1184-20150109-mlr-b0182 I WAS A NEW YORK WHEN THE CRASH CAME 
LOG (lattice-best-path:main():lattice-best-path.cc:99) For utterance anonymous1184-20150109-mlr-b0183, best cost 539.203 + 19884.7 = 20423.9 over 473 frames.
anonymous1184-20150109-mlr-b0183 NO I DID NOT FALL AMONG THIEVES 
LOG (lattice-best-path:main():lattice-best-path.cc:124) Overall score per frame is 41.1915 = 1.59627 [graph] + 39.5952 [acoustic] over 100537 frames.
LOG (lattice-best-path:main():lattice-best-path.cc:128) Done 220 lattices, failed for 0
# Accounting: time=1 threads=1
# Ended (code 0) at Sun Nov 26 13:00:50 IST 2017, elapsed time 1 seconds
