# lattice-best-path --lm-scale=18 --word-symbol-table=exp/sgmm2_4a/graph/words.txt "ark:gunzip -c exp/sgmm2_4a/decode_fmllr/lat.*.gz|" ark,t:exp/sgmm2_4a/decode_fmllr/scoring/18.tra 
# Started at Sun Nov 26 13:00:50 IST 2017
#
lattice-best-path --lm-scale=18 --word-symbol-table=exp/sgmm2_4a/graph/words.txt 'ark:gunzip -c exp/sgmm2_4a/decode_fmllr/lat.*.gz|' ark,t:exp/sgmm2_4a/decode_fmllr/scoring/18.tra 
LOG (lattice-best-path:main():lattice-best-path.cc:99) For utterance JonnyGutteridge-20081120-hav-b0041, best cost 733.58 + 12455.4 = 13189 over 331 frames.
JonnyGutteridge-20081120-hav-b0041 DID NOT RETURN UNTIL TOMORROW 
LOG (lattice-best-path:main():lattice-best-path.cc:99) For utterance JonnyGutteridge-20081120-hav-b0042, best cost 1401.78 + 22279.3 = 23681.1 over 498 frames.
JonnyGutteridge-20081120-hav-b0042 TEN MINUTES HAD NOT ELAPSED SINCE HE HAD DROPPED THE HANDKERCHIEF 
LOG (lattice-best-path:main():lattice-best-path.cc:99) For utterance JonnyGutteridge-20081120-hav-b0043, best cost 680.31 + 9986.93 = 10667.2 over 311 frames.
JonnyGutteridge-20081120-hav-b0043 IT WON'T BE FOR SALE 
LOG (lattice-best-path:main():lattice-best-path.cc:99) For utterance JonnyGutteridge-20081120-hav-b0044, best cost 1056.63 + 13857.7 = 14914.4 over 386 frames.
JonnyGutteridge-20081120-hav-b0044 FOR A FEW MOMENTS HE ATE IN SILENCE 
LOG (lattice-best-path:main():lattice-best-path.cc:99) For utterance JonnyGutteridge-20081120-hav-b0045, best cost 870.045 + 15780.7 = 16650.7 over 411 frames.
JonnyGutteridge-20081120-hav-b0045 PHILIP DID NOT PURSUE THE SUBJECT 
LOG (lattice-best-path:main():lattice-best-path.cc:99) For utterance JonnyGutteridge-20081120-hav-b0046, best cost 1495.41 + 21526.6 = 23022 over 498 frames.
JonnyGutteridge-20081120-hav-b0046 PHILIP PRODUCED A COUPLE OF CIGARS TOOK A CHAIR OPPOSITE HIM 
LOG (lattice-best-path:main():lattice-best-path.cc:99) For utterance JonnyGutteridge-20081120-hav-b0047, best cost 1158.39 + 12948 = 14106.4 over 336 frames.
JonnyGutteridge-20081120-hav-b0047 SUPPOSE YOU SAW ME AT WORK THROUGH THE WINDOW 
LOG (lattice-best-path:main():lattice-best-path.cc:99) For utterance JonnyGutteridge-20081120-hav-b0048, best cost 1514.8 + 20351.9 = 21866.7 over 448 frames.
JonnyGutteridge-20081120-hav-b0048 HE LOOKED LIKE ONE WHO HAD PASSED THROUGH AN UNCOMFORTABLE HOUR OR TWO 
LOG (lattice-best-path:main():lattice-best-path.cc:99) For utterance JonnyGutteridge-20081120-hav-b0049, best cost 1284.74 + 17920.7 = 19205.4 over 411 frames.
JonnyGutteridge-20081120-hav-b0049 THERE WAS NOTHING MORE EXCEPT A LARGE INK BLOT UNDER THE WORDS 
LOG (lattice-best-path:main():lattice-best-path.cc:99) For utterance JonnyGutteridge-20081120-hav-b0050, best cost 1102.68 + 13816.5 = 14919.2 over 348 frames.
JonnyGutteridge-20081120-hav-b0050 ALL THIS DAY GREGSON REMAINED IN THE CABIN 
LOG (lattice-best-path:main():lattice-best-path.cc:99) For utterance Keren-20080605-cps-a0376, best cost 1139.88 + 14932.7 = 16072.6 over 336 frames.
Keren-20080605-cps-a0376 YOUR PRICE MY SON IS JUST ABOUT THIRTY PER WEEK 
LOG (lattice-best-path:main():lattice-best-path.cc:99) For utterance Keren-20080605-cps-a0377, best cost 1375.24 + 17510.2 = 18885.4 over 398 frames.
Keren-20080605-cps-a0377 THIS SOUND DID NOT DISTURB THE HUSH AND OFF THE PLACE 
LOG (lattice-best-path:main():lattice-best-path.cc:99) For utterance Keren-20080605-cps-a0378, best cost 1064.06 + 15659 = 16723.1 over 361 frames.
Keren-20080605-cps-a0378 THAT'S WHY ITS BOUNDARIES ARE ALL GOUGED AND JAGGED 
LOG (lattice-best-path:main():lattice-best-path.cc:99) For utterance Keren-20080605-cps-a0379, best cost 692.7 + 8779.97 = 9472.67 over 211 frames.
Keren-20080605-cps-a0379 HOW OLD ARE YOU DADDY 
LOG (lattice-best-path:main():lattice-best-path.cc:99) For utterance Keren-20080605-cps-a0380, best cost 1705.58 + 27044 = 28749.6 over 648 frames.
Keren-20080605-cps-a0380 THE IN THE CANYONS WATER WAS PLENTIFUL AND ALSO A LUXURIANT FOREST GROWTH 
LOG (lattice-best-path:main():lattice-best-path.cc:99) For utterance Keren-20080605-cps-a0381, best cost 532.263 + 13031.5 = 13563.7 over 298 frames.
Keren-20080605-cps-a0381 MY NAME'S FERGUSON 
LOG (lattice-best-path:main():lattice-best-path.cc:99) For utterance Keren-20080605-cps-a0382, best cost 1542.19 + 24689.1 = 26231.3 over 586 frames.
Keren-20080605-cps-a0382 DAYLIGHT FOUND HIMSELF CHARMED AND MADE CURIOUS BY THE LITTLE MAN 
LOG (lattice-best-path:main():lattice-best-path.cc:99) For utterance Keren-20080605-cps-a0383, best cost 1159.61 + 16140.6 = 17300.2 over 336 frames.
Keren-20080605-cps-a0383 TO SURPRISE HER ANSWER WAS FLAT AND UNCOMPROMISING 
LOG (lattice-best-path:main():lattice-best-path.cc:99) For utterance Keren-20080605-cps-a0384, best cost 903.211 + 12278.1 = 13181.4 over 261 frames.
Keren-20080605-cps-a0384 THE FARMER WORKS THE SOIL AND PRODUCES GRAIN 
LOG (lattice-best-path:main():lattice-best-path.cc:99) For utterance Keren-20080605-cps-a0385, best cost 578.654 + 8748.88 = 9327.53 over 198 frames.
Keren-20080605-cps-a0385 THAT'S WHAT CARNEGIE DID 
LOG (lattice-best-path:main():lattice-best-path.cc:99) For utterance Keren-20080605-uzd-a0451, best cost 967.507 + 21060.9 = 22028.4 over 461 frames.
Keren-20080605-uzd-a0451 I NOTICED BLOOD SPOUTING FROM KERFOOT'S LEFT HAND 
LOG (lattice-best-path:main():lattice-best-path.cc:99) For utterance Keren-20080605-uzd-a0452, best cost 1198.27 + 16840.1 = 18038.4 over 398 frames.
Keren-20080605-uzd-a0452 THREE OILERS AND A FOURTH ENGINEER WAS HIS GREETING 
LOG (lattice-best-path:main():lattice-best-path.cc:99) For utterance Keren-20080605-uzd-a0453, best cost 655.353 + 10550.8 = 11206.1 over 273 frames.
Keren-20080605-uzd-a0453 EIGHTEEN HUNDRED HE CALCULATED 
LOG (lattice-best-path:main():lattice-best-path.cc:99) For utterance Keren-20080605-uzd-a0454, best cost 993.243 + 18495.1 = 19488.3 over 423 frames.
Keren-20080605-uzd-a0454 THE SHARP VOICE OF WOLF LARSEN AROUSED ME 
LOG (lattice-best-path:main():lattice-best-path.cc:99) For utterance Keren-20080605-uzd-a0455, best cost 1442.03 + 17002.9 = 18444.9 over 411 frames.
Keren-20080605-uzd-a0455 I OBEYED IN A MINUTE OR TWO LATER THEY STOOD BEFORE HIM 
LOG (lattice-best-path:main():lattice-best-path.cc:99) For utterance Keren-20080605-uzd-a0456, best cost 1142.42 + 17808.3 = 18950.7 over 448 frames.
Keren-20080605-uzd-a0456 BUT IT WON'T CONTINUE SHE SAID WITH EASY CONFIDENCE 
LOG (lattice-best-path:main():lattice-best-path.cc:99) For utterance Keren-20080605-uzd-a0457, best cost 1164.36 + 13611.6 = 14775.9 over 336 frames.
Keren-20080605-uzd-a0457 WHAT I SO I CANNOT AT FIRST BELIEVE 
LOG (lattice-best-path:main():lattice-best-path.cc:99) For utterance Keren-20080605-uzd-a0458, best cost 1011.77 + 15148.4 = 16160.2 over 373 frames.
Keren-20080605-uzd-a0458 THE STOUT WOOD WAS CRUSHED LIKE AN EGGSHELL 
LOG (lattice-best-path:main():lattice-best-path.cc:99) For utterance Keren-20080605-uzd-a0459, best cost 978.986 + 12725.2 = 13704.2 over 298 frames.
Keren-20080605-uzd-a0459 THERE'S TOO MUCH OF THE SCHOOLBOY IN ME 
LOG (lattice-best-path:main():lattice-best-path.cc:99) For utterance Keren-20080605-uzd-a0460, best cost 689.534 + 9950.12 = 10639.7 over 273 frames.
Keren-20080605-uzd-a0460 I HAD FORGOTTEN THEIR EXISTENCE 
LOG (lattice-best-path:main():lattice-best-path.cc:99) For utterance Keren-20080605-vdf-b0068, best cost 1312.21 + 16696.7 = 18008.9 over 386 frames.
Keren-20080605-vdf-b0068 I ONLY THE CHANCE SOUND HAD LED HIM TO OBSERVE THEM 
LOG (lattice-best-path:main():lattice-best-path.cc:99) For utterance Keren-20080605-vdf-b0069, best cost 1298.78 + 18332.8 = 19631.5 over 373 frames.
Keren-20080605-vdf-b0069 THE THE INCIDENT HAVE ANYTHING TO DO WITH SHINING PIERRE 
LOG (lattice-best-path:main():lattice-best-path.cc:99) For utterance Keren-20080605-vdf-b0070, best cost 974.55 + 11821.6 = 12796.1 over 286 frames.
Keren-20080605-vdf-b0070 THERE'S NO CHANCE TO FIRE WITHOUT HITTING HIM 
LOG (lattice-best-path:main():lattice-best-path.cc:99) For utterance Keren-20080605-vdf-b0071, best cost 905.848 + 10938 = 11843.8 over 261 frames.
Keren-20080605-vdf-b0071 THERE'S NO ANSWER FROM THE OTHER SIDE 
LOG (lattice-best-path:main():lattice-best-path.cc:99) For utterance Keren-20080605-vdf-b0072, best cost 1256.31 + 15737.2 = 16993.5 over 398 frames.
Keren-20080605-vdf-b0072 MANY STAND ON AS PIERRE HAD GUIDED HIM 
LOG (lattice-best-path:main():lattice-best-path.cc:99) For utterance Keren-20080605-vdf-b0073, best cost 1715.61 + 20408.2 = 22123.8 over 498 frames.
Keren-20080605-vdf-b0073 WITH THESE ARGUMENTS HE CONVINCED HIMSELF THEN HE SHOULD GO ON ALONE 
LOG (lattice-best-path:main():lattice-best-path.cc:99) For utterance Keren-20080605-vdf-b0074, best cost 1391.25 + 17568.1 = 18959.4 over 473 frames.
Keren-20080605-vdf-b0074 YET BEHIND THEM THERE WAS ANOTHER AND MORE POWERFUL MOTIVE 
LOG (lattice-best-path:main():lattice-best-path.cc:99) For utterance Keren-20080605-vdf-b0075, best cost 1402.48 + 17769.3 = 19171.8 over 411 frames.
Keren-20080605-vdf-b0075 IN THAT CASE HE COULD NOT MISS THEM IF YOU USED CAUTION 
LOG (lattice-best-path:main():lattice-best-path.cc:99) For utterance Keren-20080605-vdf-b0076, best cost 1313.89 + 21345.9 = 22659.8 over 473 frames.
Keren-20080605-vdf-b0076 BEFORE PHILIP COULD RECOVER HIMSELF JEANNE'S STARTLED GUARDS WERE UPON HIM 
LOG (lattice-best-path:main():lattice-best-path.cc:99) For utterance Keren-20080605-vdf-b0077, best cost 629.66 + 8432.46 = 9062.12 over 198 frames.
Keren-20080605-vdf-b0077 IT IS THE NEAREST REFUGE 
LOG (lattice-best-path:main():lattice-best-path.cc:99) For utterance Ronin_Sage-20080110-ny-rp-02, best cost 1212.55 + 18090.6 = 19303.2 over 459 frames.
Ronin_Sage-20080110-ny-rp-02 THEY ACT AS A PRISM AND FORM A RAINBOW 
LOG (lattice-best-path:main():lattice-best-path.cc:99) For utterance Ronin_Sage-20080110-ny-rp-03, best cost 1312.95 + 22283.2 = 23596.1 over 570 frames.
Ronin_Sage-20080110-ny-rp-03 THE RAINBOW IS A DIVISION OF WHITE LIGHT INTO MANY BEAUTIFUL COLORS 
LOG (lattice-best-path:main():lattice-best-path.cc:99) For utterance Ronin_Sage-20080110-ny-rp-04, best cost 1635.13 + 24908.2 = 26543.4 over 647 frames.
Ronin_Sage-20080110-ny-rp-04 THESE TAKE THE SHAPE OF A LONG ROUND ARCH WITH ITS PATH HIGH ABOVE 
LOG (lattice-best-path:main():lattice-best-path.cc:99) For utterance Ronin_Sage-20080110-ny-rp-05, best cost 983.576 + 17421.2 = 18404.8 over 476 frames.
Ronin_Sage-20080110-ny-rp-05 AND ITS TWO ENDS APPARENTLY BEYOND THE HORIZON 
LOG (lattice-best-path:main():lattice-best-path.cc:99) For utterance Ronin_Sage-20080110-ny-rp-06, best cost 1578.84 + 23723.5 = 25302.4 over 629 frames.
Ronin_Sage-20080110-ny-rp-06 THERE IS ACCORDING TO LEGEND A BOILING POT OF GOLD AT ONE IT 
LOG (lattice-best-path:main():lattice-best-path.cc:99) For utterance Ronin_Sage-20080110-ny-rp-07, best cost 1032.86 + 14299.5 = 15332.4 over 408 frames.
Ronin_Sage-20080110-ny-rp-07 PEOPLE LOOK BUT NO ONE EVER FINDS IT 
LOG (lattice-best-path:main():lattice-best-path.cc:99) For utterance Ronin_Sage-20080110-ny-rp-08, best cost 1185.58 + 15390.8 = 16576.4 over 425 frames.
Ronin_Sage-20080110-ny-rp-08 WHEN A MAN LOOKS FOR SOMETHING BEYOND HIS REACH 
LOG (lattice-best-path:main():lattice-best-path.cc:99) For utterance Ronin_Sage-20080110-ny-rp-09, best cost 1772.38 + 20343.8 = 22116.2 over 536 frames.
Ronin_Sage-20080110-ny-rp-09 HIS FRIENDS SAY HE IS LOOKING FOR THE POT OF GOLD AT THE AND THE RAINBOW 
LOG (lattice-best-path:main():lattice-best-path.cc:99) For utterance Ronin_Sage-20080110-ny-rp-10, best cost 1496.25 + 20152.5 = 21648.8 over 536 frames.
Ronin_Sage-20080110-ny-rp-10 DROPPED THE CENTURIES PEOPLE HAVE EXPLAINED THE RAINBOW IN VARIOUS WAYS 
LOG (lattice-best-path:main():lattice-best-path.cc:99) For utterance Ronin_Sage-20080110-ny-rp-11, best cost 1318.12 + 20240 = 21558.1 over 527 frames.
Ronin_Sage-20080110-ny-rp-11 SOME HAVE ACCEPTED IT AS A MIRACLE WITHOUT PHYSICAL EXPLANATION 
LOG (lattice-best-path:main():lattice-best-path.cc:99) For utterance anonymous0046-20080428-cxb-b0111, best cost 893.411 + 13781.4 = 14674.8 over 348 frames.
anonymous0046-20080428-cxb-b0111 THE JOURNEY WAS CONTINUED AT DAWN 
LOG (lattice-best-path:main():lattice-best-path.cc:99) For utterance anonymous0046-20080428-cxb-b0112, best cost 1277.14 + 21027 = 22304.2 over 511 frames.
anonymous0046-20080428-cxb-b0112 JEANNE AND PIERRE BOTH GAZED TOWARD THE GREAT ROCK 
LOG (lattice-best-path:main():lattice-best-path.cc:99) For utterance anonymous0046-20080428-cxb-b0113, best cost 1155.65 + 18790.2 = 19945.9 over 448 frames.
anonymous0046-20080428-cxb-b0113 THERE WAS SOMETHING PATHETIC IN THE GIRL'S ATTITUDE NOW 
LOG (lattice-best-path:main():lattice-best-path.cc:99) For utterance anonymous0046-20080428-cxb-b0114, best cost 1188.62 + 16173.6 = 17362.2 over 411 frames.
anonymous0046-20080428-cxb-b0114 HE MOVED HIS POSITION AND THE ILLUSION WAS GONE 
LOG (lattice-best-path:main():lattice-best-path.cc:99) For utterance anonymous0046-20080428-cxb-b0115, best cost 1089.55 + 14409.5 = 15499.1 over 361 frames.
anonymous0046-20080428-cxb-b0115 FOR TWO HOURS NOT A WORD PASSED BETWEEN THEM 
LOG (lattice-best-path:main():lattice-best-path.cc:99) For utterance anonymous0046-20080428-cxb-b0116, best cost 1008.08 + 15622.7 = 16630.8 over 398 frames.
anonymous0046-20080428-cxb-b0116 I HAVE HUNTED ALONG THIS RIDGE REPLIED PHILIP 
LOG (lattice-best-path:main():lattice-best-path.cc:99) For utterance anonymous0046-20080428-cxb-b0117, best cost 953.857 + 14565.4 = 15519.2 over 411 frames.
anonymous0046-20080428-cxb-b0117 THAT'S THORPE'S SAID THE YOUNG ENGINEER 
LOG (lattice-best-path:main():lattice-best-path.cc:99) For utterance anonymous0046-20080428-cxb-b0118, best cost 1377.34 + 16079.4 = 17456.7 over 373 frames.
anonymous0046-20080428-cxb-b0118 WE SAW YOUR LIGHT AND FIND ONE MIND A CALL 
LOG (lattice-best-path:main():lattice-best-path.cc:99) For utterance anonymous0046-20080428-cxb-b0119, best cost 758.602 + 12114.9 = 12873.5 over 298 frames.
anonymous0046-20080428-cxb-b0119 BILLINGER MAY ARRIVE IN TIME 
LOG (lattice-best-path:main():lattice-best-path.cc:99) For utterance anonymous0046-20080428-cxb-b0120, best cost 1095.23 + 15846.4 = 16941.6 over 373 frames.
anonymous0046-20080428-cxb-b0120 THERE'S THE HITCH REPLIED THORPE ROLLING A CIGARETTE 
LOG (lattice-best-path:main():lattice-best-path.cc:99) For utterance anonymous0122-20081010-uhe-b0491, best cost 1627.91 + 29154.7 = 30782.6 over 636 frames.
anonymous0122-20081010-uhe-b0491 JACOB BRINKER WHO HER ASSIST ROADMATE BROUGHT THE NEWS 
LOG (lattice-best-path:main():lattice-best-path.cc:99) For utterance anonymous0122-20081010-uhe-b0492, best cost 1797.81 + 36552.9 = 38350.7 over 773 frames.
anonymous0122-20081010-uhe-b0492 IN TO SEE TO TENETS AND JARGON OF PSYCHOLOGY BACK OF THE 
LOG (lattice-best-path:main():lattice-best-path.cc:99) For utterance anonymous0122-20081010-uhe-b0493, best cost 1491.6 + 18953.6 = 20445.2 over 398 frames.
anonymous0122-20081010-uhe-b0493 HOW YOU JUST OF SHE I THINK OF THE FROST 
LOG (lattice-best-path:main():lattice-best-path.cc:99) For utterance anonymous0122-20081010-uhe-b0494, best cost 1291.97 + 18384.9 = 19676.8 over 386 frames.
anonymous0122-20081010-uhe-b0494 NEVER SO STRANGE A PROFIT CONFERENCE JERUSALEM 
LOG (lattice-best-path:main():lattice-best-path.cc:99) For utterance anonymous0122-20081010-uhe-b0495, best cost 1447.52 + 27822.1 = 29269.6 over 598 frames.
anonymous0122-20081010-uhe-b0495 WE WHO HAVE ENDURED SO MUCH SURELY CAN ENDURE A LITTLE MORE 
LOG (lattice-best-path:main():lattice-best-path.cc:99) For utterance anonymous0122-20081010-uhe-b0496, best cost 2558.88 + 34430 = 36988.9 over 723 frames.
anonymous0122-20081010-uhe-b0496 I HAVE SEEN MYSELF THAT ONE THEN TURNED COME ATTEMPTED TO FIGHT THE SKY PHILIP THE SUICIDE 
LOG (lattice-best-path:main():lattice-best-path.cc:99) For utterance anonymous0122-20081010-uhe-b0497, best cost 1645.84 + 29012.6 = 30658.5 over 611 frames.
anonymous0122-20081010-uhe-b0497 BY GREAT DRAWBACK TO FARMING IN CALIFORNIA IS OUR LONG DRY SUMMER 
LOG (lattice-best-path:main():lattice-best-path.cc:99) For utterance anonymous0122-20081010-uhe-b0498, best cost 1550.9 + 34762.3 = 36313.2 over 723 frames.
anonymous0122-20081010-uhe-b0498 I REMEMBERED THE RED WINE OF THE ITALIAN RANCHO AND SHUDDERED INWARDLY 
LOG (lattice-best-path:main():lattice-best-path.cc:99) For utterance anonymous0122-20081010-uhe-b0499, best cost 1686.12 + 25659.6 = 27345.8 over 523 frames.
anonymous0122-20081010-uhe-b0499 I SAID AND AND DISMISSED THE MATTER AS NOT WORTH THINKING ABOUT HIM 
LOG (lattice-best-path:main():lattice-best-path.cc:99) For utterance anonymous0122-20081010-uhe-b0500, best cost 719.858 + 14304.9 = 15024.7 over 311 frames.
anonymous0122-20081010-uhe-b0500 THEN CAME MY BOY CODE 
LOG (lattice-best-path:main():lattice-best-path.cc:99) For utterance anonymous0155-20081116-pfp-b0064, best cost 1306.12 + 13277.3 = 14583.4 over 280 frames.
anonymous0155-20081116-pfp-b0064 I'M GOING DOWN THERE WITH YOU AND GOING TO FIGHT 
LOG (lattice-best-path:main():lattice-best-path.cc:99) For utterance anonymous0155-20081116-pfp-b0065, best cost 1321.5 + 13295.9 = 14617.4 over 305 frames.
anonymous0155-20081116-pfp-b0065 NOW HAVE YOU GOT ANYTHING TO SAY AGAINST ME MR PHILIP 
LOG (lattice-best-path:main():lattice-best-path.cc:99) For utterance anonymous0155-20081116-pfp-b0066, best cost 1164.24 + 15946.5 = 17110.8 over 348 frames.
anonymous0155-20081116-pfp-b0066 I MEET HER AGAIN I SHALL APOLOGIZE SAID EILEEN 
LOG (lattice-best-path:main():lattice-best-path.cc:99) For utterance anonymous0155-20081116-pfp-b0067, best cost 1444.39 + 15251 = 16695.4 over 331 frames.
anonymous0155-20081116-pfp-b0067 BELOW HIM THE SHADOW WAS BROKEN INTO A POOL OF RIPPLING STARLIGHT 
LOG (lattice-best-path:main():lattice-best-path.cc:99) For utterance anonymous0155-20081116-pfp-b0068, best cost 1275.45 + 13721.2 = 14996.6 over 339 frames.
anonymous0155-20081116-pfp-b0068 ONLY THE CHANCE SOUND HAD LED HIM TO OBSERVE THEM 
LOG (lattice-best-path:main():lattice-best-path.cc:99) For utterance anonymous0155-20081116-pfp-b0069, best cost 1336.89 + 13013.6 = 14350.5 over 305 frames.
anonymous0155-20081116-pfp-b0069 COULD THE INCIDENT HAVE ANYTHING TO DO WITH JEANNE AND PIERRE 
LOG (lattice-best-path:main():lattice-best-path.cc:99) For utterance anonymous0155-20081116-pfp-b0070, best cost 1017.85 + 10221.5 = 11239.3 over 263 frames.
anonymous0155-20081116-pfp-b0070 THERE WAS NO CHANCE TO FIRE WITHOUT HITTING HIM 
LOG (lattice-best-path:main():lattice-best-path.cc:99) For utterance anonymous0155-20081116-pfp-b0071, best cost 906.348 + 10208.2 = 11114.6 over 245 frames.
anonymous0155-20081116-pfp-b0071 THERE WAS NO ANSWER FROM THE OTHER SIDE 
LOG (lattice-best-path:main():lattice-best-path.cc:99) For utterance anonymous0155-20081116-pfp-b0072, best cost 1151.56 + 12900.3 = 14051.9 over 314 frames.
anonymous0155-20081116-pfp-b0072 THEN HE HASTENED ON AS PIERRE HAD GUIDED HIM 
LOG (lattice-best-path:main():lattice-best-path.cc:99) For utterance anonymous0155-20081116-pfp-b0073, best cost 1455.7 + 18233.1 = 19688.8 over 433 frames.
anonymous0155-20081116-pfp-b0073 WITH THESE ARGUMENTS HE CONVINCED HIMSELF AT HIS GO ON ALONE 
LOG (lattice-best-path:main():lattice-best-path.cc:99) For utterance anonymous0208-20090606-yyv-rp-15, best cost 1024.25 + 15484 = 16508.3 over 356 frames.
anonymous0208-20090606-yyv-rp-15 THE NORSEMEN CONSIDERED THE RAINBOW AS A BRIDGE 
LOG (lattice-best-path:main():lattice-best-path.cc:99) For utterance anonymous0208-20090606-yyv-rp-16, best cost 1665.65 + 20147.4 = 21813 over 450 frames.
anonymous0208-20090606-yyv-rp-16 AS A WHICH THE GODS PASSED FROM EARTH TO THAT IN THE SKY 
LOG (lattice-best-path:main():lattice-best-path.cc:99) For utterance anonymous0208-20090606-yyv-rp-17, best cost 1170.99 + 18869 = 20040 over 484 frames.
anonymous0208-20090606-yyv-rp-17 OTHERS HAVE TRIED TO EXPLAIN THE PHENOMENON PHYSICALLY 
LOG (lattice-best-path:main():lattice-best-path.cc:99) For utterance anonymous0208-20090606-yyv-rp-18, best cost 1049.06 + 15239.7 = 16288.8 over 339 frames.
anonymous0208-20090606-yyv-rp-18 ARISTOTLE THOUGHT OF THE RAINBOW WAS CAUSED BY 
LOG (lattice-best-path:main():lattice-best-path.cc:99) For utterance anonymous0208-20090606-yyv-rp-19, best cost 1030.24 + 12975.5 = 14005.8 over 314 frames.
anonymous0208-20090606-yyv-rp-19 REFLECTION OF THE SUN'S RAYS BY THE RAIN 
LOG (lattice-best-path:main():lattice-best-path.cc:99) For utterance anonymous0208-20090606-yyv-rp-20, best cost 1243.1 + 16297.9 = 17541 over 373 frames.
anonymous0208-20090606-yyv-rp-20 SINCE THEN PHYSICISTS HAVE FOUND THAT IT WAS NOT REFLECTION 
LOG (lattice-best-path:main():lattice-best-path.cc:99) For utterance anonymous0208-20090606-yyv-rp-21, best cost 1548.37 + 19692.5 = 21240.9 over 476 frames.
anonymous0208-20090606-yyv-rp-21 BUT REFRACTION BY THE RAINDROPS WHICH CLOSE SAYS THE RAINBOWS 
LOG (lattice-best-path:main():lattice-best-path.cc:99) For utterance anonymous0208-20090606-yyv-rp-22, best cost 1174.16 + 21780.8 = 22954.9 over 561 frames.
anonymous0208-20090606-yyv-rp-22 MANY COMPLICATED IDEAS ABOUT THE RAINBOW HAVE BEEN FORMED 
LOG (lattice-best-path:main():lattice-best-path.cc:99) For utterance anonymous0208-20090606-yyv-rp-23, best cost 1425.27 + 21202.8 = 22628.1 over 467 frames.
anonymous0208-20090606-yyv-rp-23 THE DIFFERENCE IN THE RAINBOW DEPENDS CONSIDERABLY UPON THE SIZE OF THE DROPS 
LOG (lattice-best-path:main():lattice-best-path.cc:99) For utterance anonymous0208-20090606-yyv-rp-24, best cost 1703.87 + 25929 = 27632.9 over 621 frames.
anonymous0208-20090606-yyv-rp-24 AND THE WIDTH OF THE COLORED BAND INCREASES AS SIZE THE DROPS INCREASES 
LOG (lattice-best-path:main():lattice-best-path.cc:99) For utterance anonymous0226-20090711-zoe-b0264, best cost 899.221 + 14590.3 = 15489.5 over 348 frames.
anonymous0226-20090711-zoe-b0264 BUT THIS TIME WAS SAXON WHO REBELLED 
LOG (lattice-best-path:main():lattice-best-path.cc:99) For utterance anonymous0226-20090711-zoe-b0265, best cost 1293.12 + 16566.6 = 17859.7 over 336 frames.
anonymous0226-20090711-zoe-b0265 I WAS NOT TO CRY OUT IN THE FACE OF FEAR 
LOG (lattice-best-path:main():lattice-best-path.cc:99) For utterance anonymous0226-20090711-zoe-b0266, best cost 1070.47 + 15760 = 16830.5 over 361 frames.
anonymous0226-20090711-zoe-b0266 AND NOW PUT YOURSELF IN MY PLACE FOR A MOMENT 
LOG (lattice-best-path:main():lattice-best-path.cc:99) For utterance anonymous0226-20090711-zoe-b0267, best cost 944.789 + 15767.1 = 16711.9 over 336 frames.
anonymous0226-20090711-zoe-b0267 THE BOY THREW BACK HIS HEAD WITH PRIDE 
LOG (lattice-best-path:main():lattice-best-path.cc:99) For utterance anonymous0226-20090711-zoe-b0268, best cost 819.031 + 16536.4 = 17355.4 over 361 frames.
anonymous0226-20090711-zoe-b0268 SAXON NODDED AND THE BOY FROWNED 
LOG (lattice-best-path:main():lattice-best-path.cc:99) For utterance anonymous0226-20090711-zoe-b0269, best cost 1074.78 + 19366.7 = 20441.5 over 436 frames.
anonymous0226-20090711-zoe-b0269 WHY NOT LIKE ANY RAILROAD STATION OR FERRY DEPOT 
LOG (lattice-best-path:main():lattice-best-path.cc:99) For utterance anonymous0226-20090711-zoe-b0270, best cost 798.402 + 15199 = 15997.4 over 336 frames.
anonymous0226-20090711-zoe-b0270 WE COULD THROW STONES WITH THEIR FEET 
LOG (lattice-best-path:main():lattice-best-path.cc:99) For utterance anonymous0226-20090711-zoe-b0271, best cost 1221.21 + 19536.6 = 20757.8 over 398 frames.
anonymous0226-20090711-zoe-b0271 IT WAS PUT TOGETHER IN A CASUAL HELTER SKELTER SORT AWAY 
LOG (lattice-best-path:main():lattice-best-path.cc:99) For utterance anonymous0226-20090711-zoe-b0272, best cost 1317.24 + 18031.2 = 19348.4 over 411 frames.
anonymous0226-20090711-zoe-b0272 THESE WERE MERELY STOUT STICKS AN INCH OR SO IN DIAMETER 
LOG (lattice-best-path:main():lattice-best-path.cc:99) For utterance anonymous0226-20090711-zoe-b0273, best cost 994.162 + 14749.9 = 15744.1 over 348 frames.
anonymous0226-20090711-zoe-b0273 THEN IT WAS THAT A STRANGE THING HAPPENED 
LOG (lattice-best-path:main():lattice-best-path.cc:99) For utterance anonymous0325-20091220-ijn-rp-13, best cost 1258.89 + 18305.6 = 19564.5 over 467 frames.
anonymous0325-20091220-ijn-rp-13 THE GREEKS USED TO IMAGINE THAT IT WAS A SIGN 
LOG (lattice-best-path:main():lattice-best-path.cc:99) For utterance anonymous0325-20091220-ijn-rp-14, best cost 1265.15 + 17242.3 = 18507.4 over 450 frames.
anonymous0325-20091220-ijn-rp-14 FROM THE GODS TO FORETELL WAR ON HEAVY RAIN 
LOG (lattice-best-path:main():lattice-best-path.cc:99) For utterance anonymous0325-20091220-ijn-rp-15, best cost 1047.08 + 14978.2 = 16025.3 over 416 frames.
anonymous0325-20091220-ijn-rp-15 THE NORSEMEN CONSIDERED THE RAINBOW AS A BRIDGE 
LOG (lattice-best-path:main():lattice-best-path.cc:99) For utterance anonymous0325-20091220-ijn-rp-16, best cost 1400.87 + 16585.6 = 17986.4 over 420 frames.
anonymous0325-20091220-ijn-rp-16 THE GODS PASSED FROM EARTH TO THEIR HOME IN THE SKY 
LOG (lattice-best-path:main():lattice-best-path.cc:99) For utterance anonymous0325-20091220-ijn-rp-17, best cost 1527.18 + 21069.2 = 22596.4 over 519 frames.
anonymous0325-20091220-ijn-rp-17 OTHERS HAVE TRIED TO EXPLAIN THE PHENOMENON PHILIP PHYSICALLY 
LOG (lattice-best-path:main():lattice-best-path.cc:99) For utterance anonymous0325-20091220-ijn-rp-18, best cost 1195.36 + 15090.2 = 16285.6 over 388 frames.
anonymous0325-20091220-ijn-rp-18 ARISTOTLE THOUGHT THAT THE RAINBOW WAS CAUSED BY 
LOG (lattice-best-path:main():lattice-best-path.cc:99) For utterance anonymous0325-20091220-ijn-rp-19, best cost 790.618 + 8831.65 = 9622.26 over 238 frames.
anonymous0325-20091220-ijn-rp-19 THE SUN'S RAYS BY THE RAIN 
LOG (lattice-best-path:main():lattice-best-path.cc:99) For utterance anonymous0325-20091220-ijn-rp-20, best cost 1135.16 + 14859.6 = 15994.7 over 337 frames.
anonymous0325-20091220-ijn-rp-20 THEN PHYSICISTS HAVE FOUND THAT IS NOT REFLECTION 
LOG (lattice-best-path:main():lattice-best-path.cc:99) For utterance anonymous0325-20091220-ijn-rp-21, best cost 1340.06 + 22335.1 = 23675.1 over 566 frames.
anonymous0325-20091220-ijn-rp-21 REFRACTION BY THE RAINDROPS WHICH CAUSES THE RAINBOWS 
LOG (lattice-best-path:main():lattice-best-path.cc:99) For utterance anonymous0325-20091220-ijn-rp-22, best cost 1230.39 + 16335.8 = 17566.2 over 382 frames.
anonymous0325-20091220-ijn-rp-22 MANY COMPLICATED IDEAS ABOUT THE RAINBOWS HAVE BEEN FORMED 
LOG (lattice-best-path:main():lattice-best-path.cc:99) For utterance anonymous0371-20100203-ssd-a0541, best cost 897.413 + 13514.2 = 14411.6 over 373 frames.
anonymous0371-20100203-ssd-a0541 THE WARDEN WITH A QUART OF CHAMPAGNE 
LOG (lattice-best-path:main():lattice-best-path.cc:99) For utterance anonymous0371-20100203-ssd-a0542, best cost 1263.45 + 17386.6 = 18650.1 over 461 frames.
anonymous0371-20100203-ssd-a0542 WITHOUT A DOUBT SOME OF THEM HAVE DINNER ENGAGEMENTS 
LOG (lattice-best-path:main():lattice-best-path.cc:99) For utterance anonymous0371-20100203-ssd-a0543, best cost 1247.16 + 24180.5 = 25427.7 over 573 frames.
anonymous0371-20100203-ssd-a0543 I'VE BEEN BORN WITH NO ORGANIC CHEMICAL PREDISPOSITION TOWARD ALCOHOL 
LOG (lattice-best-path:main():lattice-best-path.cc:99) For utterance anonymous0371-20100203-ssd-a0544, best cost 981.429 + 14540.2 = 15521.6 over 411 frames.
anonymous0371-20100203-ssd-a0544 HE MAY ANTICIPATE THE DAY OF HIS DEATH 
LOG (lattice-best-path:main():lattice-best-path.cc:99) For utterance anonymous0371-20100203-ssd-a0545, best cost 965.374 + 16249.8 = 17215.1 over 448 frames.
anonymous0371-20100203-ssd-a0545 THE ITALIAN RANCHO WAS A BACHELOR ESTABLISHMENT 
LOG (lattice-best-path:main():lattice-best-path.cc:99) For utterance anonymous0371-20100203-ssd-a0546, best cost 1361.55 + 20358.7 = 21720.2 over 548 frames.
anonymous0371-20100203-ssd-a0546 I LOST MY BALANCE AND PITCHED HEAD FOREMOST INTO THE OOZE 
LOG (lattice-best-path:main():lattice-best-path.cc:99) For utterance anonymous0371-20100203-ssd-a0547, best cost 1307.85 + 21574.9 = 22882.7 over 548 frames.
anonymous0371-20100203-ssd-a0547 MEN LIKE JOE GOOSE DATED EXISTENCE FROM DRUNK TO DRUNK 
LOG (lattice-best-path:main():lattice-best-path.cc:99) For utterance anonymous0371-20100203-ssd-a0548, best cost 1185.98 + 17270.8 = 18456.8 over 486 frames.
anonymous0371-20100203-ssd-a0548 ALSO CHURCHES AND PREACHERS I HAD NEVER KNOWN 
LOG (lattice-best-path:main():lattice-best-path.cc:99) For utterance anonymous0371-20100203-ssd-a0549, best cost 1252.19 + 15653.3 = 16905.5 over 498 frames.
anonymous0371-20100203-ssd-a0549 YOU KNOW THAT WE WEIGH EVERY POUND OF COAL WE BURN 
LOG (lattice-best-path:main():lattice-best-path.cc:99) For utterance anonymous0371-20100203-ssd-a0550, best cost 1055.92 + 15002.4 = 16058.3 over 436 frames.
anonymous0371-20100203-ssd-a0550 THIS ALSO BECAME PART OF THE DAILY SCHEDULE 
LOG (lattice-best-path:main():lattice-best-path.cc:99) For utterance anonymous0434-20100505-bxv-b0080, best cost 1018.46 + 18744.4 = 19762.8 over 461 frames.
anonymous0434-20100505-bxv-b0080 TOMORROW BE STRONG ENOUGH TO STAND UPON 
LOG (lattice-best-path:main():lattice-best-path.cc:99) For utterance anonymous0434-20100505-bxv-b0081, best cost 1315.17 + 20663.5 = 21978.6 over 561 frames.
anonymous0434-20100505-bxv-b0081 YOU'RE GOING TO LEAVE AFTER YOU SAW ME ON THE ROCK 
LOG (lattice-best-path:main():lattice-best-path.cc:99) For utterance anonymous0434-20100505-bxv-b0082, best cost 1414.36 + 23033.1 = 24447.5 over 586 frames.
anonymous0434-20100505-bxv-b0082 HE BIT HIS TONGUE AND CURSED HIMSELF AT THIS FRESH BREAK 
LOG (lattice-best-path:main():lattice-best-path.cc:99) For utterance anonymous0434-20100505-bxv-b0083, best cost 1199.37 + 20628.8 = 21828.2 over 561 frames.
anonymous0434-20100505-bxv-b0083 IN A THERE WAS SOMETHING THAT WAS ALMOST TRAGEDY 
LOG (lattice-best-path:main():lattice-best-path.cc:99) For utterance anonymous0434-20100505-bxv-b0084, best cost 928.935 + 14272.8 = 15201.7 over 398 frames.
anonymous0434-20100505-bxv-b0084 YOUR FACE IS RED WITH BLOOD 
LOG (lattice-best-path:main():lattice-best-path.cc:99) For utterance anonymous0434-20100505-bxv-b0085, best cost 1438.43 + 19849.6 = 21288 over 511 frames.
anonymous0434-20100505-bxv-b0085 HER EYES SMILED TRUTH AT HIM AS HE CAME UP THE BANK 
LOG (lattice-best-path:main():lattice-best-path.cc:99) For utterance anonymous0434-20100505-bxv-b0086, best cost 752.55 + 13101.4 = 13853.9 over 373 frames.
anonymous0434-20100505-bxv-b0086 HE CAN CARE FOR HIMSELF 
LOG (lattice-best-path:main():lattice-best-path.cc:99) For utterance anonymous0434-20100505-bxv-b0087, best cost 1211.1 + 18811.3 = 20022.4 over 486 frames.
anonymous0434-20100505-bxv-b0087 THEY WILL SEARCH FOR US BETWEEN THEIR CAMP AND CHURCHILL 
LOG (lattice-best-path:main():lattice-best-path.cc:99) For utterance anonymous0434-20100505-bxv-b0088, best cost 817.123 + 15751.8 = 16569 over 423 frames.
anonymous0434-20100505-bxv-b0088 UNTIL I DIE HE EXCLAIMED 
LOG (lattice-best-path:main():lattice-best-path.cc:99) For utterance anonymous0434-20100505-bxv-b0089, best cost 1175.27 + 17891.8 = 19067 over 448 frames.
anonymous0434-20100505-bxv-b0089 HER BEAUTIFUL HAIR WAS DONE UP IN SHINING COILS 
LOG (lattice-best-path:main():lattice-best-path.cc:99) For utterance anonymous0541-20100821-gbt-b0459, best cost 780.166 + 16417.4 = 17197.6 over 398 frames.
anonymous0541-20100821-gbt-b0459 THEY ARE NOT BIOLOGISTS NOR SOCIOLOGISTS 
LOG (lattice-best-path:main():lattice-best-path.cc:99) For utterance anonymous0541-20100821-gbt-b0460, best cost 1423.09 + 22778.7 = 24201.8 over 586 frames.
anonymous0541-20100821-gbt-b0460 THE MORE HIS OPPONENTS GREW EXCITED THE MORE ERNEST DELIBERATELY EXCITED THEM 
LOG (lattice-best-path:main():lattice-best-path.cc:99) For utterance anonymous0541-20100821-gbt-b0461, best cost 1277.69 + 18257.5 = 19535.1 over 486 frames.
anonymous0541-20100821-gbt-b0461 BY VIRTUE OF THAT POWER WE SHALL REMAIN IN POWER 
LOG (lattice-best-path:main():lattice-best-path.cc:99) For utterance anonymous0541-20100821-gbt-b0462, best cost 892.107 + 13818.1 = 14710.2 over 386 frames.
anonymous0541-20100821-gbt-b0462 ONE GUESS WILL DO ERNEST RETORTED 
LOG (lattice-best-path:main():lattice-best-path.cc:99) For utterance anonymous0541-20100821-gbt-b0463, best cost 1008.67 + 13011.7 = 14020.4 over 386 frames.
anonymous0541-20100821-gbt-b0463 TAKE MY ADVICE AND ACCEPT THE VACATION 
LOG (lattice-best-path:main():lattice-best-path.cc:99) For utterance anonymous0541-20100821-gbt-b0464, best cost 1021.1 + 11340.8 = 12361.9 over 348 frames.
anonymous0541-20100821-gbt-b0464 I COULD NOT AGREE MORE WITH ERNEST 
LOG (lattice-best-path:main():lattice-best-path.cc:99) For utterance anonymous0541-20100821-gbt-b0465, best cost 1141.39 + 15362.8 = 16504.2 over 441 frames.
anonymous0541-20100821-gbt-b0465 BUT SUCH DIVERGENCE OF NO MENACE TO SOCIETY 
LOG (lattice-best-path:main():lattice-best-path.cc:99) For utterance anonymous0541-20100821-gbt-b0466, best cost 1173.21 + 17141.7 = 18314.9 over 636 frames.
anonymous0541-20100821-gbt-b0466 IT IS DOG EAT DOG AND YOU ATE THEM UP 
LOG (lattice-best-path:main():lattice-best-path.cc:99) For utterance anonymous0541-20100821-gbt-b0467, best cost 810.383 + 10161.4 = 10971.8 over 298 frames.
anonymous0541-20100821-gbt-b0467 LET US RUN FOR OURSELVES 
LOG (lattice-best-path:main():lattice-best-path.cc:99) For utterance anonymous0541-20100821-gbt-b0468, best cost 1007.54 + 21100.7 = 22108.2 over 498 frames.
anonymous0541-20100821-gbt-b0468 IT WAS INTRODUCED BY REPRESENTATIVE DICK OF OHIO 
LOG (lattice-best-path:main():lattice-best-path.cc:99) For utterance anonymous0615-20110112-ahi-b0036, best cost 863.315 + 17253.7 = 18117.1 over 473 frames.
anonymous0615-20110112-ahi-b0036 HE WONDERED TOO WHERE ROSCOE WAS 
LOG (lattice-best-path:main():lattice-best-path.cc:99) For utterance anonymous0615-20110112-ahi-b0037, best cost 1069.45 + 16864 = 17933.5 over 473 frames.
anonymous0615-20110112-ahi-b0037 PHILIP KNEW THAT SHE WAS NOT AN INDIAN 
LOG (lattice-best-path:main():lattice-best-path.cc:99) For utterance anonymous0615-20110112-ahi-b0038, best cost 1384.62 + 22441.2 = 23825.9 over 561 frames.
anonymous0615-20110112-ahi-b0038 IN HER HASTE TO GET AWAY SHE HAD FORGOTTEN THESE THINGS 
LOG (lattice-best-path:main():lattice-best-path.cc:99) For utterance anonymous0615-20110112-ahi-b0039, best cost 1486.99 + 23382.7 = 24869.6 over 536 frames.
anonymous0615-20110112-ahi-b0039 PHILIP TOOK A STEP TOWARD GREGSON HALF DETERMINED TO AWAKEN HIM 
LOG (lattice-best-path:main():lattice-best-path.cc:99) For utterance anonymous0615-20110112-ahi-b0040, best cost 870.235 + 14479.2 = 15349.4 over 386 frames.
anonymous0615-20110112-ahi-b0040 THE THOUGHT SET HIS BLOOD TINGLING 
LOG (lattice-best-path:main():lattice-best-path.cc:99) For utterance anonymous0615-20110112-ahi-b0041, best cost 1207.85 + 16800.3 = 18008.2 over 448 frames.
anonymous0615-20110112-ahi-b0041 BUT IF PIERRE DID NOT RETURN UNTIL TOMORROW 
LOG (lattice-best-path:main():lattice-best-path.cc:99) For utterance anonymous0615-20110112-ahi-b0042, best cost 1409.86 + 21957.8 = 23367.6 over 536 frames.
anonymous0615-20110112-ahi-b0042 TEN MINUTES HAD NOT ELAPSED SINCE HE HAD DROPPED THE HANDKERCHIEF 
LOG (lattice-best-path:main():lattice-best-path.cc:99) For utterance anonymous0615-20110112-ahi-b0043, best cost 923.441 + 11719.9 = 12643.4 over 348 frames.
anonymous0615-20110112-ahi-b0043 IT WON'T BE FOR SELL 
LOG (lattice-best-path:main():lattice-best-path.cc:99) For utterance anonymous0615-20110112-ahi-b0044, best cost 1005.69 + 14947.5 = 15953.2 over 386 frames.
anonymous0615-20110112-ahi-b0044 FOR A FEW MOMENTS HE IN SILENCE 
LOG (lattice-best-path:main():lattice-best-path.cc:99) For utterance anonymous0615-20110112-ahi-b0045, best cost 898.992 + 16466 = 17365 over 436 frames.
anonymous0615-20110112-ahi-b0045 PHILIP DID NOT PURSUE THE SUBJECT 
LOG (lattice-best-path:main():lattice-best-path.cc:99) For utterance anonymous0762-20111028-uvj-b0002, best cost 1417.85 + 20394 = 21811.9 over 661 frames.
anonymous0762-20111028-uvj-b0002 YOU GOT OUT BY FIGHTING AND I THROUGH A PRETTY GIRL 
LOG (lattice-best-path:main():lattice-best-path.cc:99) For utterance anonymous0762-20111028-uvj-b0003, best cost 813.07 + 13485.3 = 14298.4 over 436 frames.
anonymous0762-20111028-uvj-b0003 I CAN SEE THAT KNIFE NOW 
LOG (lattice-best-path:main():lattice-best-path.cc:99) For utterance anonymous0762-20111028-uvj-b0004, best cost 1390.24 + 19932.7 = 21323 over 586 frames.
anonymous0762-20111028-uvj-b0004 WHEN I CAN'T SEE BEAUTY IN WOMAN I WANT TO DIE 
LOG (lattice-best-path:main():lattice-best-path.cc:99) For utterance anonymous0762-20111028-uvj-b0005, best cost 1052.69 + 22335.8 = 23388.5 over 686 frames.
anonymous0762-20111028-uvj-b0005 HIS SLIM FINGERS CLOSED LIKE STEEL ABOUT PHILIP'S 
LOG (lattice-best-path:main():lattice-best-path.cc:99) For utterance anonymous0762-20111028-uvj-b0006, best cost 1439.65 + 19131.5 = 20571.1 over 611 frames.
anonymous0762-20111028-uvj-b0006 HE SEIZED GREGSON BY THE ARM AND LED HIM TO THE DOOR 
LOG (lattice-best-path:main():lattice-best-path.cc:99) For utterance anonymous0762-20111028-uvj-b0007, best cost 1068.14 + 18216.6 = 19284.7 over 636 frames.
anonymous0762-20111028-uvj-b0007 HERE THE INDIAN DOGS WAILING DOWN AT CHURCHILL 
LOG (lattice-best-path:main():lattice-best-path.cc:99) For utterance anonymous0762-20111028-uvj-b0008, best cost 1254.87 + 21512.5 = 22767.4 over 648 frames.
anonymous0762-20111028-uvj-b0008 BURKE HIMSELF HAD CRITICIZED IT BECAUSE OF THE SMILE 
LOG (lattice-best-path:main():lattice-best-path.cc:99) For utterance anonymous0762-20111028-uvj-b0009, best cost 1236.91 + 18988.2 = 20225.1 over 611 frames.
anonymous0762-20111028-uvj-b0009 I'D SAY THERE WAS GOING TO BE A GLORIOUS SCRAP 
LOG (lattice-best-path:main():lattice-best-path.cc:99) For utterance anonymous0762-20111028-uvj-b0010, best cost 1266.12 + 20385.3 = 21651.4 over 661 frames.
anonymous0762-20111028-uvj-b0010 HE TURNED THE MAP TO GREGSON POINTING WITH HIS FINGER 
LOG (lattice-best-path:main():lattice-best-path.cc:99) For utterance anonymous0762-20111028-uvj-b0011, best cost 1393.71 + 25732.4 = 27126.1 over 798 frames.
anonymous0762-20111028-uvj-b0011 HIS EYES NEVER TOOK THEMSELVES FOR AN INSTANT FROM HIS COMPANION'S FACE 
LOG (lattice-best-path:main():lattice-best-path.cc:99) For utterance anonymous0890-20120430-tej-b0051, best cost 1329.61 + 18238.2 = 19567.8 over 473 frames.
anonymous0890-20120430-tej-b0051 THE SIXTH DAY HE SPENT IN THE CABIN WITH GREGSON 
LOG (lattice-best-path:main():lattice-best-path.cc:99) For utterance anonymous0890-20120430-tej-b0052, best cost 904.681 + 13109.6 = 14014.3 over 361 frames.
anonymous0890-20120430-tej-b0052 THE FLUSH WAS GONE FROM HER FACE 
LOG (lattice-best-path:main():lattice-best-path.cc:99) For utterance anonymous0890-20120430-tej-b0053, best cost 1128.74 + 19027.6 = 20156.4 over 523 frames.
anonymous0890-20120430-tej-b0053 THAT IS WHY I AM AM RATTLED HE LAUGHED 
LOG (lattice-best-path:main():lattice-best-path.cc:99) For utterance anonymous0890-20120430-tej-b0054, best cost 992.938 + 17419.3 = 18412.2 over 461 frames.
anonymous0890-20120430-tej-b0054 HE UNDERSTOOD THE MEANING OF THE LOOK 
LOG (lattice-best-path:main():lattice-best-path.cc:99) For utterance anonymous0890-20120430-tej-b0055, best cost 1425.55 + 20780.8 = 22206.3 over 548 frames.
anonymous0890-20120430-tej-b0055 SHE WAS EVEN MORE BEAUTIFUL THAN WHEN I SAW HER BEFORE 
LOG (lattice-best-path:main():lattice-best-path.cc:99) For utterance anonymous0890-20120430-tej-b0056, best cost 1242.39 + 20342.7 = 21585 over 511 frames.
anonymous0890-20120430-tej-b0056 I'LL GIVE A THOUSAND IF YOU PRODUCE HER RETORTED GREGSON 
LOG (lattice-best-path:main():lattice-best-path.cc:99) For utterance anonymous0890-20120430-tej-b0057, best cost 1085.79 + 20199.1 = 21284.9 over 523 frames.
anonymous0890-20120430-tej-b0057 THEY HAVE WON POPULAR SENTIMENT THROUGH THE NEWSPAPERS 
LOG (lattice-best-path:main():lattice-best-path.cc:99) For utterance anonymous0890-20120430-tej-b0058, best cost 798.188 + 16960.2 = 17758.3 over 473 frames.
anonymous0890-20120430-tej-b0058 WE MUST ACHIEVE OUR OWN SALVATION 
LOG (lattice-best-path:main():lattice-best-path.cc:99) For utterance anonymous0890-20120430-tej-b0059, best cost 1107.52 + 19099.3 = 20206.8 over 486 frames.
anonymous0890-20120430-tej-b0059 IN MOMENTS OF MENTAL ENERGY PHILIP WAS RESTLESS 
LOG (lattice-best-path:main():lattice-best-path.cc:99) For utterance anonymous0890-20120430-tej-b0060, best cost 1572.9 + 21363.2 = 22936.1 over 561 frames.
anonymous0890-20120430-tej-b0060 HE WOULD KEEP HIS FAITH WITH GREGSON FOR THE PROMISED DAY OR TWO 
LOG (lattice-best-path:main():lattice-best-path.cc:99) For utterance anonymous0913-20120609-kgq-a0168, best cost 1330.68 + 19759.5 = 21090.1 over 498 frames.
anonymous0913-20120609-kgq-a0168 LOW BUSH WHIPPED HIM THE FACE AND LEFT THIS DAY 
LOG (lattice-best-path:main():lattice-best-path.cc:99) For utterance anonymous0913-20120609-kgq-a0169, best cost 1161.43 + 17800.2 = 18961.7 over 461 frames.
anonymous0913-20120609-kgq-a0169 SUDDENLY JEFF HE STOPPED FOR AN INSTANT 
LOG (lattice-best-path:main():lattice-best-path.cc:99) For utterance anonymous0913-20120609-kgq-a0170, best cost 1314.06 + 19647.4 = 20961.5 over 536 frames.
anonymous0913-20120609-kgq-a0170 THERE WAS NONE OF THE JOY OF MEETING IN HIS FACE 
LOG (lattice-best-path:main():lattice-best-path.cc:99) For utterance anonymous0913-20120609-kgq-a0171, best cost 1292.63 + 20528 = 21820.6 over 536 frames.
anonymous0913-20120609-kgq-a0171 AND WHEN YOU COME BACK AND FEW DAYS BRING EILEEN 
LOG (lattice-best-path:main():lattice-best-path.cc:99) For utterance anonymous0913-20120609-kgq-a0172, best cost 1013.65 + 20888.1 = 21901.7 over 548 frames.
anonymous0913-20120609-kgq-a0172 GREGSON HAD LEFT THE OUTER DOOR SLIGHTLY AJAR 
LOG (lattice-best-path:main():lattice-best-path.cc:99) For utterance anonymous0913-20120609-kgq-a0173, best cost 946.88 + 18045.2 = 18992.1 over 473 frames.
anonymous0913-20120609-kgq-a0173 THE DATE WAS NEARLY EIGHTEEN YEARS OLD 
LOG (lattice-best-path:main():lattice-best-path.cc:99) For utterance anonymous0913-20120609-kgq-a0174, best cost 1196.96 + 13656.8 = 14853.8 over 373 frames.
anonymous0913-20120609-kgq-a0174 THEY WERE THE PRE STAGE OF STORM 
LOG (lattice-best-path:main():lattice-best-path.cc:99) For utterance anonymous0913-20120609-kgq-a0175, best cost 1229.06 + 17799.9 = 19028.9 over 486 frames.
anonymous0913-20120609-kgq-a0175 DOWN THAT THE EARTH WAS ALREADY SWELLING WITH MY 
LOG (lattice-best-path:main():lattice-best-path.cc:99) For utterance anonymous0913-20120609-kgq-a0176, best cost 1474.39 + 19290.1 = 20764.5 over 486 frames.
anonymous0913-20120609-kgq-a0176 FOR THE FIRST TIME IN HIS LIFE HE WAS YEARNING FOR A SCRAP 
LOG (lattice-best-path:main():lattice-best-path.cc:99) For utterance anonymous0913-20120609-kgq-a0177, best cost 877.158 + 18598.3 = 19475.5 over 498 frames.
anonymous0913-20120609-kgq-a0177 SHE HAD BEEN THOROUGHLY AND EFFICIENTLY MAULED 
LOG (lattice-best-path:main():lattice-best-path.cc:99) For utterance anonymous0989-20121113-jbs-a0361, best cost 1291.1 + 23328.5 = 24619.6 over 636 frames.
anonymous0989-20121113-jbs-a0361 BUT HE DID NOT BROACH IT PREFERRING TO MATURE IT CAREFULLY 
LOG (lattice-best-path:main():lattice-best-path.cc:99) For utterance anonymous0989-20121113-jbs-a0362, best cost 753.151 + 14010.3 = 14763.4 over 411 frames.
anonymous0989-20121113-jbs-a0362 NOPE NOT THE SLIGHTEST IDEA 
LOG (lattice-best-path:main():lattice-best-path.cc:99) For utterance anonymous0989-20121113-jbs-a0363, best cost 1050.35 + 16543.1 = 17593.5 over 461 frames.
anonymous0989-20121113-jbs-a0363 IT IS NOT AN ATTEMPT TO SMASH THE MARKET 
LOG (lattice-best-path:main():lattice-best-path.cc:99) For utterance anonymous0989-20121113-jbs-a0364, best cost 1385.07 + 21080.8 = 22465.9 over 561 frames.
anonymous0989-20121113-jbs-a0364 WE HAVE PLENTY OF CAPITAL OURSELVES AND YET WE WANT MORE 
LOG (lattice-best-path:main():lattice-best-path.cc:99) For utterance anonymous0989-20121113-jbs-a0365, best cost 905.485 + 17884.6 = 18790.1 over 486 frames.
anonymous0989-20121113-jbs-a0365 THESE RUMORS MAY EVEN ORIGINATE WITH US 
LOG (lattice-best-path:main():lattice-best-path.cc:99) For utterance anonymous0989-20121113-jbs-a0366, best cost 1462.04 + 27770.9 = 29232.9 over 748 frames.
anonymous0989-20121113-jbs-a0366 A WILDLY EXCITING TIME WAS HIS DURING THE WEEK PRECEDING THURSDAY 
LOG (lattice-best-path:main():lattice-best-path.cc:99) For utterance anonymous0989-20121113-jbs-a0367, best cost 1272.83 + 20071 = 21343.8 over 598 frames.
anonymous0989-20121113-jbs-a0367 THERE IS NOT AN IOTA OF TRUTH IN IT CERTAINLY NOT 
LOG (lattice-best-path:main():lattice-best-path.cc:99) For utterance anonymous0989-20121113-jbs-a0368, best cost 1500.85 + 27057.4 = 28558.3 over 723 frames.
anonymous0989-20121113-jbs-a0368 I JUST DO APPRECIATE IT WITHOUT BEING ABLE TO EXPRESS MY FAVOR 
LOG (lattice-best-path:main():lattice-best-path.cc:99) For utterance anonymous0989-20121113-jbs-a0369, best cost 1325.66 + 27816.7 = 29142.3 over 773 frames.
anonymous0989-20121113-jbs-a0369 IN PARTNERSHIP WITH DAYLIGHT THE PAIR RAIDED THE SAN JOSE INTERURBAN 
LOG (lattice-best-path:main():lattice-best-path.cc:99) For utterance anonymous0989-20121113-jbs-a0370, best cost 1165.35 + 18117.5 = 19282.9 over 536 frames.
anonymous0989-20121113-jbs-a0370 HE SAW ALL MEN IN THE BUSINESS GAME DOING THIS 
LOG (lattice-best-path:main():lattice-best-path.cc:99) For utterance anonymous1023-20130123-jta-b0013, best cost 1218.12 + 23212.8 = 24430.9 over 623 frames.
anonymous1023-20130123-jta-b0013 LAKES AND RIVERS HUNDREDS OF THEM THOUSANDS OF THEM 
LOG (lattice-best-path:main():lattice-best-path.cc:99) For utterance anonymous1023-20130123-jta-b0014, best cost 887.321 + 22465.5 = 23352.8 over 586 frames.
anonymous1023-20130123-jta-b0014 WHITEFISH GREGSON WHITEFISH AND TROUT 
LOG (lattice-best-path:main():lattice-best-path.cc:99) For utterance anonymous1023-20130123-jta-b0015, best cost 891.945 + 15710.1 = 16602 over 423 frames.
anonymous1023-20130123-jta-b0015 THEY ROBBED ME A FEW YEARS LATER 
LOG (lattice-best-path:main():lattice-best-path.cc:99) For utterance anonymous1023-20130123-jta-b0016, best cost 1284.12 + 21331.6 = 22615.7 over 511 frames.
anonymous1023-20130123-jta-b0016 HE CHUCKLED AS HE PULLED OUT HIS PIPE AND BEGAN FILLING IT 
LOG (lattice-best-path:main():lattice-best-path.cc:99) For utterance anonymous1023-20130123-jta-b0017, best cost 1112.88 + 20672.3 = 21785.1 over 523 frames.
anonymous1023-20130123-jta-b0017 EVERYTHING WAS WORKING SMOOTHLY BETTER THAN I HAD EXPECTED 
LOG (lattice-best-path:main():lattice-best-path.cc:99) For utterance anonymous1023-20130123-jta-b0018, best cost 858.627 + 16169.4 = 17028 over 436 frames.
anonymous1023-20130123-jta-b0018 I WAS COMPLETELY LOST IN MY WORK 
LOG (lattice-best-path:main():lattice-best-path.cc:99) For utterance anonymous1023-20130123-jta-b0019, best cost 1067.17 + 17104.8 = 18171.9 over 436 frames.
anonymous1023-20130123-jta-b0019 HIS SLIM HANDS GRIPPED THE EDGES OF THE TABLE 
LOG (lattice-best-path:main():lattice-best-path.cc:99) For utterance anonymous1023-20130123-jta-b0020, best cost 1354.03 + 19529.6 = 20883.6 over 498 frames.
anonymous1023-20130123-jta-b0020 HE MADE NO REPLY AS HE WAITED FOR WHITTEMORE TO CONTINUE 
LOG (lattice-best-path:main():lattice-best-path.cc:99) For utterance anonymous1023-20130123-jta-b0021, best cost 798.258 + 15777.4 = 16575.6 over 411 frames.
anonymous1023-20130123-jta-b0021 PHILIP DROPPED BACK INTO HIS CHAIR 
LOG (lattice-best-path:main():lattice-best-path.cc:99) For utterance anonymous1023-20130123-jta-b0022, best cost 1160.3 + 17874.4 = 19034.7 over 461 frames.
anonymous1023-20130123-jta-b0022 IT WAS OUT OF THE GAME IT WOULD BE EASILY MADE 
LOG (lattice-best-path:main():lattice-best-path.cc:99) For utterance anonymous1116-20131221-urh-a0038, best cost 806.346 + 13800.6 = 14606.9 over 336 frames.
anonymous1116-20131221-urh-a0038 WE'LL HAVE TO WATCH OUR CHANCES 
LOG (lattice-best-path:main():lattice-best-path.cc:99) For utterance anonymous1116-20131221-urh-a0039, best cost 1316.8 + 18706.1 = 20022.9 over 473 frames.
anonymous1116-20131221-urh-a0039 THE SHIP SHOULD BE IN WITHIN A WEEK OR TEN DAYS 
LOG (lattice-best-path:main():lattice-best-path.cc:99) For utterance anonymous1116-20131221-urh-a0040, best cost 1216.82 + 19433.2 = 20650 over 498 frames.
anonymous1116-20131221-urh-a0040 I SUPPOSE YOU WONDER WHY SHE IS COMING UP HIM 
LOG (lattice-best-path:main():lattice-best-path.cc:99) For utterance anonymous1116-20131221-urh-a0041, best cost 1032.5 + 17334.6 = 18367.1 over 448 frames.
anonymous1116-20131221-urh-a0041 MEANWHILE I'LL GO OUT TO BREATHE A SPELL 
LOG (lattice-best-path:main():lattice-best-path.cc:99) For utterance anonymous1116-20131221-urh-a0042, best cost 1129.03 + 18324.4 = 19453.5 over 461 frames.
anonymous1116-20131221-urh-a0042 HOW COULD HE EXPLAIN HIS POSSESSION OF THE SKETCH 
LOG (lattice-best-path:main():lattice-best-path.cc:99) For utterance anonymous1116-20131221-urh-a0043, best cost 1532.72 + 24273.3 = 25806.1 over 561 frames.
anonymous1116-20131221-urh-a0043 IT SEEMED NEARER TO HIM SINCE HE HAD SEEN AND TALKED WITH GREGSON 
LOG (lattice-best-path:main():lattice-best-path.cc:99) For utterance anonymous1116-20131221-urh-a0044, best cost 1301.76 + 22115.4 = 23417.2 over 536 frames.
anonymous1116-20131221-urh-a0044 HER OWN BETRAYAL OF HERSELF WAS LIKE TONIC TO PHILIP 
LOG (lattice-best-path:main():lattice-best-path.cc:99) For utterance anonymous1116-20131221-urh-a0045, best cost 1142.16 + 17171.7 = 18313.8 over 448 frames.
anonymous1116-20131221-urh-a0045 HE MOVED AWAY AS QUIETLY AS HE HAD COME 
LOG (lattice-best-path:main():lattice-best-path.cc:99) For utterance anonymous1116-20131221-urh-a0046, best cost 1292.13 + 21869.4 = 23161.6 over 561 frames.
anonymous1116-20131221-urh-a0046 THE GIRL FACED HIM HER EYES SHINING WITH SUDDEN FEAR 
LOG (lattice-best-path:main():lattice-best-path.cc:99) For utterance anonymous1116-20131221-urh-a0047, best cost 1303.2 + 24526.9 = 25830.1 over 623 frames.
anonymous1116-20131221-urh-a0047 CLOSE BESIDE HIM GLEAMED THE WHITE FANGS OF THE WOLF DOG 
LOG (lattice-best-path:main():lattice-best-path.cc:99) For utterance anonymous1184-20150109-mlr-b0174, best cost 1762.24 + 29113.7 = 30875.9 over 673 frames.
anonymous1184-20150109-mlr-b0174 HATRED AND MURDER LAST FOR REVENGE THEY POSSESSED FOR OVERFLOWING 
LOG (lattice-best-path:main():lattice-best-path.cc:99) For utterance anonymous1184-20150109-mlr-b0175, best cost 816.159 + 18363.7 = 19179.9 over 436 frames.
anonymous1184-20150109-mlr-b0175 SHELDON GLANCED AT THE THERMOMETER 
LOG (lattice-best-path:main():lattice-best-path.cc:99) For utterance anonymous1184-20150109-mlr-b0176, best cost 878.325 + 15151.4 = 16029.7 over 373 frames.
anonymous1184-20150109-mlr-b0176 I'LL SEE TO POOR HUGHIE 
LOG (lattice-best-path:main():lattice-best-path.cc:99) For utterance anonymous1184-20150109-mlr-b0177, best cost 1543.4 + 27890.6 = 29434 over 573 frames.
anonymous1184-20150109-mlr-b0177 HER GRAY EYES WERE FLASHING AND HER LIPS OVERT QUIVERING 
LOG (lattice-best-path:main():lattice-best-path.cc:99) For utterance anonymous1184-20150109-mlr-b0178, best cost 643.795 + 15181.8 = 15825.6 over 336 frames.
anonymous1184-20150109-mlr-b0178 ALSO I WANT INFORMATION 
LOG (lattice-best-path:main():lattice-best-path.cc:99) For utterance anonymous1184-20150109-mlr-b0179, best cost 1103.76 + 17882.5 = 18986.3 over 398 frames.
anonymous1184-20150109-mlr-b0179 LET THEM GO OUT AND EAT WITH MY BOYS 
LOG (lattice-best-path:main():lattice-best-path.cc:99) For utterance anonymous1184-20150109-mlr-b0180, best cost 921.703 + 18156.3 = 19078 over 423 frames.
anonymous1184-20150109-mlr-b0180 I I BEG PARDON HE DRAWLED 
LOG (lattice-best-path:main():lattice-best-path.cc:99) For utterance anonymous1184-20150109-mlr-b0181, best cost 1210.36 + 25444.7 = 26655.1 over 536 frames.
anonymous1184-20150109-mlr-b0181 AND YOU PREFERRED A CANNIBAL ISLE AND A CARTRIDGE BELT 
LOG (lattice-best-path:main():lattice-best-path.cc:99) For utterance anonymous1184-20150109-mlr-b0182, best cost 995.108 + 17211.1 = 18206.2 over 398 frames.
anonymous1184-20150109-mlr-b0182 I WAS A NEW YORK WHEN THE CRASH CAME 
LOG (lattice-best-path:main():lattice-best-path.cc:99) For utterance anonymous1184-20150109-mlr-b0183, best cost 882.332 + 19884.7 = 20767 over 473 frames.
anonymous1184-20150109-mlr-b0183 NO I DID NOT FALL AMONG THIEVES 
LOG (lattice-best-path:main():lattice-best-path.cc:124) Overall score per frame is 42.1966 = 2.57017 [graph] + 39.6264 [acoustic] over 100537 frames.
LOG (lattice-best-path:main():lattice-best-path.cc:128) Done 220 lattices, failed for 0
# Accounting: time=0 threads=1
# Ended (code 0) at Sun Nov 26 13:00:50 IST 2017, elapsed time 0 seconds
