# lattice-best-path --lm-scale=13 --word-symbol-table=exp/sgmm2_4a/graph/words.txt "ark:gunzip -c exp/sgmm2_4a/decode_fmllr/lat.*.gz|" ark,t:exp/sgmm2_4a/decode_fmllr/scoring/13.tra 
# Started at Sun Nov 26 13:00:49 IST 2017
#
lattice-best-path --lm-scale=13 --word-symbol-table=exp/sgmm2_4a/graph/words.txt 'ark:gunzip -c exp/sgmm2_4a/decode_fmllr/lat.*.gz|' ark,t:exp/sgmm2_4a/decode_fmllr/scoring/13.tra 
LOG (lattice-best-path:main():lattice-best-path.cc:99) For utterance JonnyGutteridge-20081120-hav-b0041, best cost 529.808 + 12455.4 = 12985.2 over 331 frames.
JonnyGutteridge-20081120-hav-b0041 DID NOT RETURN UNTIL TOMORROW 
LOG (lattice-best-path:main():lattice-best-path.cc:99) For utterance JonnyGutteridge-20081120-hav-b0042, best cost 1012.4 + 22279.3 = 23291.7 over 498 frames.
JonnyGutteridge-20081120-hav-b0042 TEN MINUTES HAD NOT ELAPSED SINCE HE HAD DROPPED THE HANDKERCHIEF 
LOG (lattice-best-path:main():lattice-best-path.cc:99) For utterance JonnyGutteridge-20081120-hav-b0043, best cost 491.335 + 9986.93 = 10478.3 over 311 frames.
JonnyGutteridge-20081120-hav-b0043 IT WON'T BE FOR SALE 
LOG (lattice-best-path:main():lattice-best-path.cc:99) For utterance JonnyGutteridge-20081120-hav-b0044, best cost 763.122 + 13857.7 = 14620.8 over 386 frames.
JonnyGutteridge-20081120-hav-b0044 FOR A FEW MOMENTS HE ATE IN SILENCE 
LOG (lattice-best-path:main():lattice-best-path.cc:99) For utterance JonnyGutteridge-20081120-hav-b0045, best cost 628.366 + 15780.7 = 16409.1 over 411 frames.
JonnyGutteridge-20081120-hav-b0045 PHILIP DID NOT PURSUE THE SUBJECT 
LOG (lattice-best-path:main():lattice-best-path.cc:99) For utterance JonnyGutteridge-20081120-hav-b0046, best cost 1080.02 + 21526.6 = 22606.6 over 498 frames.
JonnyGutteridge-20081120-hav-b0046 PHILIP PRODUCED A COUPLE OF CIGARS TOOK A CHAIR OPPOSITE HIM 
LOG (lattice-best-path:main():lattice-best-path.cc:99) For utterance JonnyGutteridge-20081120-hav-b0047, best cost 836.614 + 12948 = 13784.6 over 336 frames.
JonnyGutteridge-20081120-hav-b0047 SUPPOSE YOU SAW ME AT WORK THROUGH THE WINDOW 
LOG (lattice-best-path:main():lattice-best-path.cc:99) For utterance JonnyGutteridge-20081120-hav-b0048, best cost 1094.03 + 20351.9 = 21445.9 over 448 frames.
JonnyGutteridge-20081120-hav-b0048 HE LOOKED LIKE ONE WHO HAD PASSED THROUGH AN UNCOMFORTABLE HOUR OR TWO 
LOG (lattice-best-path:main():lattice-best-path.cc:99) For utterance JonnyGutteridge-20081120-hav-b0049, best cost 927.866 + 17920.7 = 18848.6 over 411 frames.
JonnyGutteridge-20081120-hav-b0049 THERE WAS NOTHING MORE EXCEPT A LARGE INK BLOT UNDER THE WORDS 
LOG (lattice-best-path:main():lattice-best-path.cc:99) For utterance JonnyGutteridge-20081120-hav-b0050, best cost 796.376 + 13816.5 = 14612.9 over 348 frames.
JonnyGutteridge-20081120-hav-b0050 ALL THIS DAY GREGSON REMAINED IN THE CABIN 
LOG (lattice-best-path:main():lattice-best-path.cc:99) For utterance Keren-20080605-cps-a0376, best cost 823.25 + 14932.7 = 15755.9 over 336 frames.
Keren-20080605-cps-a0376 YOUR PRICE MY SON IS JUST ABOUT THIRTY PER WEEK 
LOG (lattice-best-path:main():lattice-best-path.cc:99) For utterance Keren-20080605-cps-a0377, best cost 993.23 + 17510.2 = 18503.4 over 398 frames.
Keren-20080605-cps-a0377 THIS SOUND DID NOT DISTURB THE HUSH AND OFF THE PLACE 
LOG (lattice-best-path:main():lattice-best-path.cc:99) For utterance Keren-20080605-cps-a0378, best cost 768.491 + 15659 = 16427.5 over 361 frames.
Keren-20080605-cps-a0378 THAT'S WHY ITS BOUNDARIES ARE ALL GOUGED AND JAGGED 
LOG (lattice-best-path:main():lattice-best-path.cc:99) For utterance Keren-20080605-cps-a0379, best cost 500.284 + 8779.97 = 9280.26 over 211 frames.
Keren-20080605-cps-a0379 HOW OLD ARE YOU DADDY 
LOG (lattice-best-path:main():lattice-best-path.cc:99) For utterance Keren-20080605-cps-a0380, best cost 1231.81 + 27044 = 28275.8 over 648 frames.
Keren-20080605-cps-a0380 THE IN THE CANYONS WATER WAS PLENTIFUL AND ALSO A LUXURIANT FOREST GROWTH 
LOG (lattice-best-path:main():lattice-best-path.cc:99) For utterance Keren-20080605-cps-a0381, best cost 384.412 + 13031.5 = 13415.9 over 298 frames.
Keren-20080605-cps-a0381 MY NAME'S FERGUSON 
LOG (lattice-best-path:main():lattice-best-path.cc:99) For utterance Keren-20080605-cps-a0382, best cost 1206.72 + 24593 = 25799.7 over 586 frames.
Keren-20080605-cps-a0382 DAYLIGHT FOUND HIMSELF CHARMED AND MADE CURIOUS BY THE LOOMED MAN 
LOG (lattice-best-path:main():lattice-best-path.cc:99) For utterance Keren-20080605-cps-a0383, best cost 988.873 + 15970.2 = 16959.1 over 336 frames.
Keren-20080605-cps-a0383 TO SURPRISE HER ANSWER WAS FLAT AND COME PROMISING 
LOG (lattice-best-path:main():lattice-best-path.cc:99) For utterance Keren-20080605-cps-a0384, best cost 652.319 + 12278.1 = 12930.5 over 261 frames.
Keren-20080605-cps-a0384 THE FARMER WORKS THE SOIL AND PRODUCES GRAIN 
LOG (lattice-best-path:main():lattice-best-path.cc:99) For utterance Keren-20080605-cps-a0385, best cost 417.916 + 8748.88 = 9166.79 over 198 frames.
Keren-20080605-cps-a0385 THAT'S WHAT CARNEGIE DID 
LOG (lattice-best-path:main():lattice-best-path.cc:99) For utterance Keren-20080605-uzd-a0451, best cost 698.755 + 21060.9 = 21759.7 over 461 frames.
Keren-20080605-uzd-a0451 I NOTICED BLOOD SPOUTING FROM KERFOOT'S LEFT HAND 
LOG (lattice-best-path:main():lattice-best-path.cc:99) For utterance Keren-20080605-uzd-a0452, best cost 867.315 + 16837.9 = 17705.2 over 398 frames.
Keren-20080605-uzd-a0452 THREE OILERS AND THE FOURTH ENGINEER WAS HIS GREETING 
LOG (lattice-best-path:main():lattice-best-path.cc:99) For utterance Keren-20080605-uzd-a0453, best cost 473.31 + 10550.8 = 11024.1 over 273 frames.
Keren-20080605-uzd-a0453 EIGHTEEN HUNDRED HE CALCULATED 
LOG (lattice-best-path:main():lattice-best-path.cc:99) For utterance Keren-20080605-uzd-a0454, best cost 717.342 + 18495.1 = 19212.4 over 423 frames.
Keren-20080605-uzd-a0454 THE SHARP VOICE OF WOLF LARSEN AROUSED ME 
LOG (lattice-best-path:main():lattice-best-path.cc:99) For utterance Keren-20080605-uzd-a0455, best cost 1041.46 + 17002.9 = 18044.3 over 411 frames.
Keren-20080605-uzd-a0455 I OBEYED IN A MINUTE OR TWO LATER THEY STOOD BEFORE HIM 
LOG (lattice-best-path:main():lattice-best-path.cc:99) For utterance Keren-20080605-uzd-a0456, best cost 825.081 + 17808.3 = 18633.3 over 448 frames.
Keren-20080605-uzd-a0456 BUT IT WON'T CONTINUE SHE SAID WITH EASY CONFIDENCE 
LOG (lattice-best-path:main():lattice-best-path.cc:99) For utterance Keren-20080605-uzd-a0457, best cost 840.927 + 13611.6 = 14452.5 over 336 frames.
Keren-20080605-uzd-a0457 WHAT I SO I CANNOT AT FIRST BELIEVE 
LOG (lattice-best-path:main():lattice-best-path.cc:99) For utterance Keren-20080605-uzd-a0458, best cost 730.724 + 15148.4 = 15879.1 over 373 frames.
Keren-20080605-uzd-a0458 THE STOUT WOOD WAS CRUSHED LIKE AN EGGSHELL 
LOG (lattice-best-path:main():lattice-best-path.cc:99) For utterance Keren-20080605-uzd-a0459, best cost 707.045 + 12725.2 = 13432.3 over 298 frames.
Keren-20080605-uzd-a0459 THERE'S TOO MUCH OF THE SCHOOLBOY IN ME 
LOG (lattice-best-path:main():lattice-best-path.cc:99) For utterance Keren-20080605-uzd-a0460, best cost 497.996 + 9950.12 = 10448.1 over 273 frames.
Keren-20080605-uzd-a0460 I HAD FORGOTTEN THEIR EXISTENCE 
LOG (lattice-best-path:main():lattice-best-path.cc:99) For utterance Keren-20080605-vdf-b0068, best cost 947.709 + 16696.7 = 17644.4 over 386 frames.
Keren-20080605-vdf-b0068 I ONLY THE CHANCE SOUND HAD LED HIM TO OBSERVE THEM 
LOG (lattice-best-path:main():lattice-best-path.cc:99) For utterance Keren-20080605-vdf-b0069, best cost 975.047 + 18286.8 = 19261.8 over 373 frames.
Keren-20080605-vdf-b0069 THE THE INCIDENT HAVE ANYTHING TO DO WITH SHINING AND PIERRE 
LOG (lattice-best-path:main():lattice-best-path.cc:99) For utterance Keren-20080605-vdf-b0070, best cost 703.841 + 11821.6 = 12525.4 over 286 frames.
Keren-20080605-vdf-b0070 THERE'S NO CHANCE TO FIRE WITHOUT HITTING HIM 
LOG (lattice-best-path:main():lattice-best-path.cc:99) For utterance Keren-20080605-vdf-b0071, best cost 679.972 + 10911.1 = 11591 over 261 frames.
Keren-20080605-vdf-b0071 THERE WAS NO ANSWER FROM THE OTHER SIDE 
LOG (lattice-best-path:main():lattice-best-path.cc:99) For utterance Keren-20080605-vdf-b0072, best cost 907.333 + 15737.2 = 16644.5 over 398 frames.
Keren-20080605-vdf-b0072 MANY STAND ON AS PIERRE HAD GUIDED HIM 
LOG (lattice-best-path:main():lattice-best-path.cc:99) For utterance Keren-20080605-vdf-b0073, best cost 1239.05 + 20408.2 = 21647.2 over 498 frames.
Keren-20080605-vdf-b0073 WITH THESE ARGUMENTS HE CONVINCED HIMSELF THEN HE SHOULD GO ON ALONE 
LOG (lattice-best-path:main():lattice-best-path.cc:99) For utterance Keren-20080605-vdf-b0074, best cost 1004.79 + 17568.1 = 18572.9 over 473 frames.
Keren-20080605-vdf-b0074 YET BEHIND THEM THERE WAS ANOTHER AND MORE POWERFUL MOTIVE 
LOG (lattice-best-path:main():lattice-best-path.cc:99) For utterance Keren-20080605-vdf-b0075, best cost 1012.9 + 17769.3 = 18782.2 over 411 frames.
Keren-20080605-vdf-b0075 IN THAT CASE HE COULD NOT MISS THEM IF YOU USED CAUTION 
LOG (lattice-best-path:main():lattice-best-path.cc:99) For utterance Keren-20080605-vdf-b0076, best cost 948.918 + 21345.9 = 22294.9 over 473 frames.
Keren-20080605-vdf-b0076 BEFORE PHILIP COULD RECOVER HIMSELF JEANNE'S STARTLED GUARDS WERE UPON HIM 
LOG (lattice-best-path:main():lattice-best-path.cc:99) For utterance Keren-20080605-vdf-b0077, best cost 454.755 + 8432.46 = 8887.21 over 198 frames.
Keren-20080605-vdf-b0077 IT IS THE NEAREST REFUGE 
LOG (lattice-best-path:main():lattice-best-path.cc:99) For utterance Ronin_Sage-20080110-ny-rp-02, best cost 875.73 + 18090.6 = 18966.4 over 459 frames.
Ronin_Sage-20080110-ny-rp-02 THEY ACT AS A PRISM AND FORM A RAINBOW 
LOG (lattice-best-path:main():lattice-best-path.cc:99) For utterance Ronin_Sage-20080110-ny-rp-03, best cost 948.241 + 22283.2 = 23231.4 over 570 frames.
Ronin_Sage-20080110-ny-rp-03 THE RAINBOW IS A DIVISION OF WHITE LIGHT INTO MANY BEAUTIFUL COLORS 
LOG (lattice-best-path:main():lattice-best-path.cc:99) For utterance Ronin_Sage-20080110-ny-rp-04, best cost 1180.93 + 24908.2 = 26089.2 over 647 frames.
Ronin_Sage-20080110-ny-rp-04 THESE TAKE THE SHAPE OF A LONG ROUND ARCH WITH ITS PATH HIGH ABOVE 
LOG (lattice-best-path:main():lattice-best-path.cc:99) For utterance Ronin_Sage-20080110-ny-rp-05, best cost 710.36 + 17421.2 = 18131.6 over 476 frames.
Ronin_Sage-20080110-ny-rp-05 AND ITS TWO ENDS APPARENTLY BEYOND THE HORIZON 
LOG (lattice-best-path:main():lattice-best-path.cc:99) For utterance Ronin_Sage-20080110-ny-rp-06, best cost 1140.27 + 23723.5 = 24863.8 over 629 frames.
Ronin_Sage-20080110-ny-rp-06 THERE IS ACCORDING TO LEGEND A BOILING POT OF GOLD AT ONE IT 
LOG (lattice-best-path:main():lattice-best-path.cc:99) For utterance Ronin_Sage-20080110-ny-rp-07, best cost 745.955 + 14299.5 = 15045.5 over 408 frames.
Ronin_Sage-20080110-ny-rp-07 PEOPLE LOOK BUT NO ONE EVER FINDS IT 
LOG (lattice-best-path:main():lattice-best-path.cc:99) For utterance Ronin_Sage-20080110-ny-rp-08, best cost 856.254 + 15390.8 = 16247.1 over 425 frames.
Ronin_Sage-20080110-ny-rp-08 WHEN A MAN LOOKS FOR SOMETHING BEYOND HIS REACH 
LOG (lattice-best-path:main():lattice-best-path.cc:99) For utterance Ronin_Sage-20080110-ny-rp-09, best cost 1326.09 + 20297.3 = 21623.4 over 536 frames.
Ronin_Sage-20080110-ny-rp-09 HIS FRIENDS SAY HE IS LOOKING FOR THE POT OF GOLD AT THE AND OF THE RAINBOW 
LOG (lattice-best-path:main():lattice-best-path.cc:99) For utterance Ronin_Sage-20080110-ny-rp-10, best cost 1080.62 + 20152.5 = 21233.2 over 536 frames.
Ronin_Sage-20080110-ny-rp-10 DROPPED THE CENTURIES PEOPLE HAVE EXPLAINED THE RAINBOW IN VARIOUS WAYS 
LOG (lattice-best-path:main():lattice-best-path.cc:99) For utterance Ronin_Sage-20080110-ny-rp-11, best cost 951.975 + 20240 = 21192 over 527 frames.
Ronin_Sage-20080110-ny-rp-11 SOME HAVE ACCEPTED IT AS A MIRACLE WITHOUT PHYSICAL EXPLANATION 
LOG (lattice-best-path:main():lattice-best-path.cc:99) For utterance anonymous0046-20080428-cxb-b0111, best cost 645.241 + 13781.4 = 14426.6 over 348 frames.
anonymous0046-20080428-cxb-b0111 THE JOURNEY WAS CONTINUED AT DAWN 
LOG (lattice-best-path:main():lattice-best-path.cc:99) For utterance anonymous0046-20080428-cxb-b0112, best cost 922.382 + 21027 = 21949.4 over 511 frames.
anonymous0046-20080428-cxb-b0112 JEANNE AND PIERRE BOTH GAZED TOWARD THE GREAT ROCK 
LOG (lattice-best-path:main():lattice-best-path.cc:99) For utterance anonymous0046-20080428-cxb-b0113, best cost 834.634 + 18790.2 = 19624.8 over 448 frames.
anonymous0046-20080428-cxb-b0113 THERE WAS SOMETHING PATHETIC IN THE GIRL'S ATTITUDE NOW 
LOG (lattice-best-path:main():lattice-best-path.cc:99) For utterance anonymous0046-20080428-cxb-b0114, best cost 858.449 + 16173.6 = 17032 over 411 frames.
anonymous0046-20080428-cxb-b0114 HE MOVED HIS POSITION AND THE ILLUSION WAS GONE 
LOG (lattice-best-path:main():lattice-best-path.cc:99) For utterance anonymous0046-20080428-cxb-b0115, best cost 786.9 + 14409.5 = 15196.4 over 361 frames.
anonymous0046-20080428-cxb-b0115 FOR TWO HOURS NOT A WORD PASSED BETWEEN THEM 
LOG (lattice-best-path:main():lattice-best-path.cc:99) For utterance anonymous0046-20080428-cxb-b0116, best cost 728.055 + 15622.7 = 16350.8 over 398 frames.
anonymous0046-20080428-cxb-b0116 I HAVE HUNTED ALONG THIS RIDGE REPLIED PHILIP 
LOG (lattice-best-path:main():lattice-best-path.cc:99) For utterance anonymous0046-20080428-cxb-b0117, best cost 688.897 + 14565.4 = 15254.3 over 411 frames.
anonymous0046-20080428-cxb-b0117 THAT'S THORPE'S SAID THE YOUNG ENGINEER 
LOG (lattice-best-path:main():lattice-best-path.cc:99) For utterance anonymous0046-20080428-cxb-b0118, best cost 994.748 + 16079.4 = 17074.1 over 373 frames.
anonymous0046-20080428-cxb-b0118 WE SAW YOUR LIGHT AND FIND ONE MIND A CALL 
LOG (lattice-best-path:main():lattice-best-path.cc:99) For utterance anonymous0046-20080428-cxb-b0119, best cost 547.879 + 12114.9 = 12662.8 over 298 frames.
anonymous0046-20080428-cxb-b0119 BILLINGER MAY ARRIVE IN TIME 
LOG (lattice-best-path:main():lattice-best-path.cc:99) For utterance anonymous0046-20080428-cxb-b0120, best cost 791.001 + 15846.4 = 16637.4 over 373 frames.
anonymous0046-20080428-cxb-b0120 THERE'S THE HITCH REPLIED THORPE ROLLING A CIGARETTE 
LOG (lattice-best-path:main():lattice-best-path.cc:99) For utterance anonymous0122-20081010-uhe-b0491, best cost 1175.71 + 29154.7 = 30330.4 over 636 frames.
anonymous0122-20081010-uhe-b0491 JACOB BRINKER WHO HER ASSIST ROADMATE BROUGHT THE NEWS 
LOG (lattice-best-path:main():lattice-best-path.cc:99) For utterance anonymous0122-20081010-uhe-b0492, best cost 1298.42 + 36552.9 = 37851.4 over 773 frames.
anonymous0122-20081010-uhe-b0492 IN TO SEE TO TENETS AND JARGON OF PSYCHOLOGY BACK OF THE 
LOG (lattice-best-path:main():lattice-best-path.cc:99) For utterance anonymous0122-20081010-uhe-b0493, best cost 1126.74 + 18887.7 = 20014.5 over 398 frames.
anonymous0122-20081010-uhe-b0493 HOW YOU JOAN OF SHE I THINK OF THE FROST 
LOG (lattice-best-path:main():lattice-best-path.cc:99) For utterance anonymous0122-20081010-uhe-b0494, best cost 1014.81 + 18299 = 19313.8 over 386 frames.
anonymous0122-20081010-uhe-b0494 NEVER SO STRANGE A PROFIT COME FROM JERUSALEM 
LOG (lattice-best-path:main():lattice-best-path.cc:99) For utterance anonymous0122-20081010-uhe-b0495, best cost 1045.43 + 27822.1 = 28867.5 over 598 frames.
anonymous0122-20081010-uhe-b0495 WE WHO HAVE ENDURED SO MUCH SURELY CAN ENDURE A LITTLE MORE 
LOG (lattice-best-path:main():lattice-best-path.cc:99) For utterance anonymous0122-20081010-uhe-b0496, best cost 1874.5 + 34395.4 = 36269.9 over 723 frames.
anonymous0122-20081010-uhe-b0496 I HAVE SEEN MYSELF THAT ONE THEN TURNED COME ATTEMPTED TO FIGHT THE SKY PHILIP FOR SUICIDE 
LOG (lattice-best-path:main():lattice-best-path.cc:99) For utterance anonymous0122-20081010-uhe-b0497, best cost 1188.67 + 29012.6 = 30201.3 over 611 frames.
anonymous0122-20081010-uhe-b0497 BY GREAT DRAWBACK TO FARMING IN CALIFORNIA IS OUR LONG DRY SUMMER 
LOG (lattice-best-path:main():lattice-best-path.cc:99) For utterance anonymous0122-20081010-uhe-b0498, best cost 1234.29 + 34646.1 = 35880.4 over 723 frames.
anonymous0122-20081010-uhe-b0498 I REMEMBERED THE RED WINE AUNT ITALIAN RANCHO AND SHUDDERED INWARDLY 
LOG (lattice-best-path:main():lattice-best-path.cc:99) For utterance anonymous0122-20081010-uhe-b0499, best cost 1217.75 + 25659.6 = 26877.4 over 523 frames.
anonymous0122-20081010-uhe-b0499 I SAID AND AND DISMISSED THE MATTER AS NOT WORTH THINKING ABOUT HIM 
LOG (lattice-best-path:main():lattice-best-path.cc:99) For utterance anonymous0122-20081010-uhe-b0500, best cost 519.898 + 14304.9 = 14824.8 over 311 frames.
anonymous0122-20081010-uhe-b0500 THEN CAME MY BOY CODE 
LOG (lattice-best-path:main():lattice-best-path.cc:99) For utterance anonymous0155-20081116-pfp-b0064, best cost 943.309 + 13277.3 = 14220.6 over 280 frames.
anonymous0155-20081116-pfp-b0064 I'M GOING DOWN THERE WITH YOU AND GOING TO FIGHT 
LOG (lattice-best-path:main():lattice-best-path.cc:99) For utterance anonymous0155-20081116-pfp-b0065, best cost 954.415 + 13295.9 = 14250.3 over 305 frames.
anonymous0155-20081116-pfp-b0065 NOW HAVE YOU GOT ANYTHING TO SAY AGAINST ME MR PHILIP 
LOG (lattice-best-path:main():lattice-best-path.cc:99) For utterance anonymous0155-20081116-pfp-b0066, best cost 923.802 + 15834.4 = 16758.2 over 348 frames.
anonymous0155-20081116-pfp-b0066 IF I MEET HER AGAIN I SHALL APOLOGIZE SAID EILEEN 
LOG (lattice-best-path:main():lattice-best-path.cc:99) For utterance anonymous0155-20081116-pfp-b0067, best cost 1043.17 + 15251 = 16294.1 over 331 frames.
anonymous0155-20081116-pfp-b0067 BELOW HIM THE SHADOW WAS BROKEN INTO A POOL OF RIPPLING STARLIGHT 
LOG (lattice-best-path:main():lattice-best-path.cc:99) For utterance anonymous0155-20081116-pfp-b0068, best cost 921.161 + 13721.2 = 14642.3 over 339 frames.
anonymous0155-20081116-pfp-b0068 ONLY THE CHANCE SOUND HAD LED HIM TO OBSERVE THEM 
LOG (lattice-best-path:main():lattice-best-path.cc:99) For utterance anonymous0155-20081116-pfp-b0069, best cost 965.534 + 13013.6 = 13979.2 over 305 frames.
anonymous0155-20081116-pfp-b0069 COULD THE INCIDENT HAVE ANYTHING TO DO WITH JEANNE AND PIERRE 
LOG (lattice-best-path:main():lattice-best-path.cc:99) For utterance anonymous0155-20081116-pfp-b0070, best cost 735.112 + 10221.5 = 10956.6 over 263 frames.
anonymous0155-20081116-pfp-b0070 THERE WAS NO CHANCE TO FIRE WITHOUT HITTING HIM 
LOG (lattice-best-path:main():lattice-best-path.cc:99) For utterance anonymous0155-20081116-pfp-b0071, best cost 654.585 + 10208.2 = 10862.8 over 245 frames.
anonymous0155-20081116-pfp-b0071 THERE WAS NO ANSWER FROM THE OTHER SIDE 
LOG (lattice-best-path:main():lattice-best-path.cc:99) For utterance anonymous0155-20081116-pfp-b0072, best cost 831.683 + 12900.3 = 13732 over 314 frames.
anonymous0155-20081116-pfp-b0072 THEN HE HASTENED ON AS PIERRE HAD GUIDED HIM 
LOG (lattice-best-path:main():lattice-best-path.cc:99) For utterance anonymous0155-20081116-pfp-b0073, best cost 1083.63 + 18195.6 = 19279.2 over 433 frames.
anonymous0155-20081116-pfp-b0073 WITH THESE ARGUMENTS HE CONVINCED HIMSELF THAT HE SHOULD GO ON ALONE 
LOG (lattice-best-path:main():lattice-best-path.cc:99) For utterance anonymous0208-20090606-yyv-rp-15, best cost 739.738 + 15484 = 16223.8 over 356 frames.
anonymous0208-20090606-yyv-rp-15 THE NORSEMEN CONSIDERED THE RAINBOW AS A BRIDGE 
LOG (lattice-best-path:main():lattice-best-path.cc:99) For utterance anonymous0208-20090606-yyv-rp-16, best cost 1356.37 + 19972.9 = 21329.3 over 450 frames.
anonymous0208-20090606-yyv-rp-16 AS A WHICH THE GODS PASSED FROM THE BATH TO THAT HIM IN THE SKY 
LOG (lattice-best-path:main():lattice-best-path.cc:99) For utterance anonymous0208-20090606-yyv-rp-17, best cost 845.718 + 18869 = 19714.7 over 484 frames.
anonymous0208-20090606-yyv-rp-17 OTHERS HAVE TRIED TO EXPLAIN THE PHENOMENON PHYSICALLY 
LOG (lattice-best-path:main():lattice-best-path.cc:99) For utterance anonymous0208-20090606-yyv-rp-18, best cost 757.653 + 15239.7 = 15997.4 over 339 frames.
anonymous0208-20090606-yyv-rp-18 ARISTOTLE THOUGHT OF THE RAINBOW WAS CAUSED BY 
LOG (lattice-best-path:main():lattice-best-path.cc:99) For utterance anonymous0208-20090606-yyv-rp-19, best cost 744.064 + 12975.5 = 13719.6 over 314 frames.
anonymous0208-20090606-yyv-rp-19 REFLECTION OF THE SUN'S RAYS BY THE RAIN 
LOG (lattice-best-path:main():lattice-best-path.cc:99) For utterance anonymous0208-20090606-yyv-rp-20, best cost 897.796 + 16297.9 = 17195.7 over 373 frames.
anonymous0208-20090606-yyv-rp-20 SINCE THEN PHYSICISTS HAVE FOUND THAT IT WAS NOT REFLECTION 
LOG (lattice-best-path:main():lattice-best-path.cc:99) For utterance anonymous0208-20090606-yyv-rp-21, best cost 1118.27 + 19692.5 = 20810.8 over 476 frames.
anonymous0208-20090606-yyv-rp-21 BUT REFRACTION BY THE RAINDROPS WHICH CLOSE SAYS THE RAINBOWS 
LOG (lattice-best-path:main():lattice-best-path.cc:99) For utterance anonymous0208-20090606-yyv-rp-22, best cost 848.006 + 21780.8 = 22628.8 over 561 frames.
anonymous0208-20090606-yyv-rp-22 MANY COMPLICATED IDEAS ABOUT THE RAINBOW HAVE BEEN FORMED 
LOG (lattice-best-path:main():lattice-best-path.cc:99) For utterance anonymous0208-20090606-yyv-rp-23, best cost 1029.36 + 21202.8 = 22232.2 over 467 frames.
anonymous0208-20090606-yyv-rp-23 THE DIFFERENCE IN THE RAINBOW DEPENDS CONSIDERABLY UPON THE SIZE OF THE DROPS 
LOG (lattice-best-path:main():lattice-best-path.cc:99) For utterance anonymous0208-20090606-yyv-rp-24, best cost 1280.16 + 25869.5 = 27149.7 over 621 frames.
anonymous0208-20090606-yyv-rp-24 AND THE WAIT FOR THE COLORED BAND INCREASES AS SIZE THE DROPS INCREASES 
LOG (lattice-best-path:main():lattice-best-path.cc:99) For utterance anonymous0226-20090711-zoe-b0264, best cost 649.438 + 14590.3 = 15239.7 over 348 frames.
anonymous0226-20090711-zoe-b0264 BUT THIS TIME WAS SAXON WHO REBELLED 
LOG (lattice-best-path:main():lattice-best-path.cc:99) For utterance anonymous0226-20090711-zoe-b0265, best cost 933.922 + 16566.6 = 17500.5 over 336 frames.
anonymous0226-20090711-zoe-b0265 I WAS NOT TO CRY OUT IN THE FACE OF FEAR 
LOG (lattice-best-path:main():lattice-best-path.cc:99) For utterance anonymous0226-20090711-zoe-b0266, best cost 773.119 + 15760 = 16533.1 over 361 frames.
anonymous0226-20090711-zoe-b0266 AND NOW PUT YOURSELF IN MY PLACE FOR A MOMENT 
LOG (lattice-best-path:main():lattice-best-path.cc:99) For utterance anonymous0226-20090711-zoe-b0267, best cost 682.347 + 15767.1 = 16449.5 over 336 frames.
anonymous0226-20090711-zoe-b0267 THE BOY THREW BACK HIS HEAD WITH PRIDE 
LOG (lattice-best-path:main():lattice-best-path.cc:99) For utterance anonymous0226-20090711-zoe-b0268, best cost 591.522 + 16536.4 = 17127.9 over 361 frames.
anonymous0226-20090711-zoe-b0268 SAXON NODDED AND THE BOY FROWNED 
LOG (lattice-best-path:main():lattice-best-path.cc:99) For utterance anonymous0226-20090711-zoe-b0269, best cost 776.226 + 19366.7 = 20142.9 over 436 frames.
anonymous0226-20090711-zoe-b0269 WHY NOT LIKE ANY RAILROAD STATION OR FERRY DEPOT 
LOG (lattice-best-path:main():lattice-best-path.cc:99) For utterance anonymous0226-20090711-zoe-b0270, best cost 576.623 + 15199 = 15775.6 over 336 frames.
anonymous0226-20090711-zoe-b0270 WE COULD THROW STONES WITH THEIR FEET 
LOG (lattice-best-path:main():lattice-best-path.cc:99) For utterance anonymous0226-20090711-zoe-b0271, best cost 881.982 + 19536.6 = 20418.6 over 398 frames.
anonymous0226-20090711-zoe-b0271 IT WAS PUT TOGETHER IN A CASUAL HELTER SKELTER SORT AWAY 
LOG (lattice-best-path:main():lattice-best-path.cc:99) For utterance anonymous0226-20090711-zoe-b0272, best cost 951.339 + 18031.2 = 18982.5 over 411 frames.
anonymous0226-20090711-zoe-b0272 THESE WERE MERELY STOUT STICKS AN INCH OR SO IN DIAMETER 
LOG (lattice-best-path:main():lattice-best-path.cc:99) For utterance anonymous0226-20090711-zoe-b0273, best cost 718.006 + 14749.9 = 15467.9 over 348 frames.
anonymous0226-20090711-zoe-b0273 THEN IT WAS THAT A STRANGE THING HAPPENED 
LOG (lattice-best-path:main():lattice-best-path.cc:99) For utterance anonymous0325-20091220-ijn-rp-13, best cost 909.201 + 18305.6 = 19214.8 over 467 frames.
anonymous0325-20091220-ijn-rp-13 THE GREEKS USED TO IMAGINE THAT IT WAS A SIGN 
LOG (lattice-best-path:main():lattice-best-path.cc:99) For utterance anonymous0325-20091220-ijn-rp-14, best cost 913.719 + 17242.3 = 18156 over 450 frames.
anonymous0325-20091220-ijn-rp-14 FROM THE GODS TO FORETELL WAR ON HEAVY RAIN 
LOG (lattice-best-path:main():lattice-best-path.cc:99) For utterance anonymous0325-20091220-ijn-rp-15, best cost 756.226 + 14978.2 = 15734.4 over 416 frames.
anonymous0325-20091220-ijn-rp-15 THE NORSEMEN CONSIDERED THE RAINBOW AS A BRIDGE 
LOG (lattice-best-path:main():lattice-best-path.cc:99) For utterance anonymous0325-20091220-ijn-rp-16, best cost 1011.74 + 16585.6 = 17597.3 over 420 frames.
anonymous0325-20091220-ijn-rp-16 THE GODS PASSED FROM EARTH TO THEIR HOME IN THE SKY 
LOG (lattice-best-path:main():lattice-best-path.cc:99) For utterance anonymous0325-20091220-ijn-rp-17, best cost 1133.42 + 21032.4 = 22165.8 over 519 frames.
anonymous0325-20091220-ijn-rp-17 OTHERS HAVE TRIED TO EXPLAIN THE PHENOMENON FIT PHYSICALLY 
LOG (lattice-best-path:main():lattice-best-path.cc:99) For utterance anonymous0325-20091220-ijn-rp-18, best cost 863.318 + 15090.2 = 15953.5 over 388 frames.
anonymous0325-20091220-ijn-rp-18 ARISTOTLE THOUGHT THAT THE RAINBOW WAS CAUSED BY 
LOG (lattice-best-path:main():lattice-best-path.cc:99) For utterance anonymous0325-20091220-ijn-rp-19, best cost 571.002 + 8831.65 = 9402.65 over 238 frames.
anonymous0325-20091220-ijn-rp-19 THE SUN'S RAYS BY THE RAIN 
LOG (lattice-best-path:main():lattice-best-path.cc:99) For utterance anonymous0325-20091220-ijn-rp-20, best cost 870.27 + 14797.1 = 15667.3 over 337 frames.
anonymous0325-20091220-ijn-rp-20 THEN PHYSICISTS HAVE FOUND THAT IT IS NOT REFLECTION 
LOG (lattice-best-path:main():lattice-best-path.cc:99) For utterance anonymous0325-20091220-ijn-rp-21, best cost 967.824 + 22335.1 = 23302.9 over 566 frames.
anonymous0325-20091220-ijn-rp-21 REFRACTION BY THE RAINDROPS WHICH CAUSES THE RAINBOWS 
LOG (lattice-best-path:main():lattice-best-path.cc:99) For utterance anonymous0325-20091220-ijn-rp-22, best cost 888.612 + 16335.8 = 17224.4 over 382 frames.
anonymous0325-20091220-ijn-rp-22 MANY COMPLICATED IDEAS ABOUT THE RAINBOWS HAVE BEEN FORMED 
LOG (lattice-best-path:main():lattice-best-path.cc:99) For utterance anonymous0371-20100203-ssd-a0541, best cost 648.132 + 13514.2 = 14162.4 over 373 frames.
anonymous0371-20100203-ssd-a0541 THE WARDEN WITH A QUART OF CHAMPAGNE 
LOG (lattice-best-path:main():lattice-best-path.cc:99) For utterance anonymous0371-20100203-ssd-a0542, best cost 912.495 + 17386.6 = 18299.1 over 461 frames.
anonymous0371-20100203-ssd-a0542 WITHOUT A DOUBT SOME OF THEM HAVE DINNER ENGAGEMENTS 
LOG (lattice-best-path:main():lattice-best-path.cc:99) For utterance anonymous0371-20100203-ssd-a0543, best cost 900.725 + 24180.5 = 25081.2 over 573 frames.
anonymous0371-20100203-ssd-a0543 I'VE BEEN BORN WITH NO ORGANIC CHEMICAL PREDISPOSITION TOWARD ALCOHOL 
LOG (lattice-best-path:main():lattice-best-path.cc:99) For utterance anonymous0371-20100203-ssd-a0544, best cost 708.81 + 14540.2 = 15249 over 411 frames.
anonymous0371-20100203-ssd-a0544 HE MAY ANTICIPATE THE DAY OF HIS DEATH 
LOG (lattice-best-path:main():lattice-best-path.cc:99) For utterance anonymous0371-20100203-ssd-a0545, best cost 697.215 + 16249.8 = 16947 over 448 frames.
anonymous0371-20100203-ssd-a0545 THE ITALIAN RANCHO WAS A BACHELOR ESTABLISHMENT 
LOG (lattice-best-path:main():lattice-best-path.cc:99) For utterance anonymous0371-20100203-ssd-a0546, best cost 983.342 + 20358.7 = 21342 over 548 frames.
anonymous0371-20100203-ssd-a0546 I LOST MY BALANCE AND PITCHED HEAD FOREMOST INTO THE OOZE 
LOG (lattice-best-path:main():lattice-best-path.cc:99) For utterance anonymous0371-20100203-ssd-a0547, best cost 944.56 + 21574.9 = 22519.5 over 548 frames.
anonymous0371-20100203-ssd-a0547 MEN LIKE JOE GOOSE DATED EXISTENCE FROM DRUNK TO DRUNK 
LOG (lattice-best-path:main():lattice-best-path.cc:99) For utterance anonymous0371-20100203-ssd-a0548, best cost 856.543 + 17270.8 = 18127.3 over 486 frames.
anonymous0371-20100203-ssd-a0548 ALSO CHURCHES AND PREACHERS I HAD NEVER KNOWN 
LOG (lattice-best-path:main():lattice-best-path.cc:99) For utterance anonymous0371-20100203-ssd-a0549, best cost 904.359 + 15653.3 = 16557.7 over 498 frames.
anonymous0371-20100203-ssd-a0549 YOU KNOW THAT WE WEIGH EVERY POUND OF COAL WE BURN 
LOG (lattice-best-path:main():lattice-best-path.cc:99) For utterance anonymous0371-20100203-ssd-a0550, best cost 762.607 + 15002.4 = 15765 over 436 frames.
anonymous0371-20100203-ssd-a0550 THIS ALSO BECAME PART OF THE DAILY SCHEDULE 
LOG (lattice-best-path:main():lattice-best-path.cc:99) For utterance anonymous0434-20100505-bxv-b0080, best cost 845.905 + 18631.7 = 19477.6 over 461 frames.
anonymous0434-20100505-bxv-b0080 TOMORROW BE STRONG INTERVIEW TO STAND UPON 
LOG (lattice-best-path:main():lattice-best-path.cc:99) For utterance anonymous0434-20100505-bxv-b0081, best cost 949.843 + 20663.5 = 21613.3 over 561 frames.
anonymous0434-20100505-bxv-b0081 YOU'RE GOING TO LEAVE AFTER YOU SAW ME ON THE ROCK 
LOG (lattice-best-path:main():lattice-best-path.cc:99) For utterance anonymous0434-20100505-bxv-b0082, best cost 1021.48 + 23033.1 = 24054.6 over 586 frames.
anonymous0434-20100505-bxv-b0082 HE BIT HIS TONGUE AND CURSED HIMSELF AT THIS FRESH BREAK 
LOG (lattice-best-path:main():lattice-best-path.cc:99) For utterance anonymous0434-20100505-bxv-b0083, best cost 866.215 + 20628.8 = 21495.1 over 561 frames.
anonymous0434-20100505-bxv-b0083 IN A THERE WAS SOMETHING THAT WAS ALMOST TRAGEDY 
LOG (lattice-best-path:main():lattice-best-path.cc:99) For utterance anonymous0434-20100505-bxv-b0084, best cost 670.898 + 14272.8 = 14943.7 over 398 frames.
anonymous0434-20100505-bxv-b0084 YOUR FACE IS RED WITH BLOOD 
LOG (lattice-best-path:main():lattice-best-path.cc:99) For utterance anonymous0434-20100505-bxv-b0085, best cost 1038.86 + 19849.6 = 20888.4 over 511 frames.
anonymous0434-20100505-bxv-b0085 HER EYES SMILED TRUTH AT HIM AS HE CAME UP THE BANK 
LOG (lattice-best-path:main():lattice-best-path.cc:99) For utterance anonymous0434-20100505-bxv-b0086, best cost 543.509 + 13101.4 = 13644.9 over 373 frames.
anonymous0434-20100505-bxv-b0086 HE CAN CARE FOR HIMSELF 
LOG (lattice-best-path:main():lattice-best-path.cc:99) For utterance anonymous0434-20100505-bxv-b0087, best cost 922.767 + 18762.2 = 19685 over 486 frames.
anonymous0434-20100505-bxv-b0087 THEY WILL SEARCH FOR US BETWEEN THEIR CAMP IN CHURCHILL 
LOG (lattice-best-path:main():lattice-best-path.cc:99) For utterance anonymous0434-20100505-bxv-b0088, best cost 590.145 + 15751.8 = 16342 over 423 frames.
anonymous0434-20100505-bxv-b0088 UNTIL I DIE HE EXCLAIMED 
LOG (lattice-best-path:main():lattice-best-path.cc:99) For utterance anonymous0434-20100505-bxv-b0089, best cost 848.804 + 17891.8 = 18740.6 over 448 frames.
anonymous0434-20100505-bxv-b0089 HER BEAUTIFUL HAIR WAS DONE UP IN SHINING COILS 
LOG (lattice-best-path:main():lattice-best-path.cc:99) For utterance anonymous0541-20100821-gbt-b0459, best cost 563.453 + 16417.4 = 16980.8 over 398 frames.
anonymous0541-20100821-gbt-b0459 THEY ARE NOT BIOLOGISTS NOR SOCIOLOGISTS 
LOG (lattice-best-path:main():lattice-best-path.cc:99) For utterance anonymous0541-20100821-gbt-b0460, best cost 1027.79 + 22778.7 = 23806.5 over 586 frames.
anonymous0541-20100821-gbt-b0460 THE MORE HIS OPPONENTS GREW EXCITED THE MORE ERNEST DELIBERATELY EXCITED THEM 
LOG (lattice-best-path:main():lattice-best-path.cc:99) For utterance anonymous0541-20100821-gbt-b0461, best cost 922.776 + 18257.5 = 19180.2 over 486 frames.
anonymous0541-20100821-gbt-b0461 BY VIRTUE OF THAT POWER WE SHALL REMAIN IN POWER 
LOG (lattice-best-path:main():lattice-best-path.cc:99) For utterance anonymous0541-20100821-gbt-b0462, best cost 644.299 + 13818.1 = 14462.4 over 386 frames.
anonymous0541-20100821-gbt-b0462 ONE GUESS WILL DO ERNEST RETORTED 
LOG (lattice-best-path:main():lattice-best-path.cc:99) For utterance anonymous0541-20100821-gbt-b0463, best cost 728.487 + 13011.7 = 13740.2 over 386 frames.
anonymous0541-20100821-gbt-b0463 TAKE MY ADVICE AND ACCEPT THE VACATION 
LOG (lattice-best-path:main():lattice-best-path.cc:99) For utterance anonymous0541-20100821-gbt-b0464, best cost 737.462 + 11340.8 = 12078.3 over 348 frames.
anonymous0541-20100821-gbt-b0464 I COULD NOT AGREE MORE WITH ERNEST 
LOG (lattice-best-path:main():lattice-best-path.cc:99) For utterance anonymous0541-20100821-gbt-b0465, best cost 824.336 + 15362.8 = 16187.2 over 441 frames.
anonymous0541-20100821-gbt-b0465 BUT SUCH DIVERGENCE OF NO MENACE TO SOCIETY 
LOG (lattice-best-path:main():lattice-best-path.cc:99) For utterance anonymous0541-20100821-gbt-b0466, best cost 847.321 + 17141.7 = 17989 over 636 frames.
anonymous0541-20100821-gbt-b0466 IT IS DOG EAT DOG AND YOU ATE THEM UP 
LOG (lattice-best-path:main():lattice-best-path.cc:99) For utterance anonymous0541-20100821-gbt-b0467, best cost 585.276 + 10161.4 = 10746.7 over 298 frames.
anonymous0541-20100821-gbt-b0467 LET US RUN FOR OURSELVES 
LOG (lattice-best-path:main():lattice-best-path.cc:99) For utterance anonymous0541-20100821-gbt-b0468, best cost 727.664 + 21100.7 = 21828.4 over 498 frames.
anonymous0541-20100821-gbt-b0468 IT WAS INTRODUCED BY REPRESENTATIVE DICK OF OHIO 
LOG (lattice-best-path:main():lattice-best-path.cc:99) For utterance anonymous0615-20110112-ahi-b0036, best cost 623.505 + 17253.7 = 17877.2 over 473 frames.
anonymous0615-20110112-ahi-b0036 HE WONDERED TOO WHERE ROSCOE WAS 
LOG (lattice-best-path:main():lattice-best-path.cc:99) For utterance anonymous0615-20110112-ahi-b0037, best cost 772.383 + 16864 = 17636.4 over 473 frames.
anonymous0615-20110112-ahi-b0037 PHILIP KNEW THAT SHE WAS NOT AN INDIAN 
LOG (lattice-best-path:main():lattice-best-path.cc:99) For utterance anonymous0615-20110112-ahi-b0038, best cost 1000.01 + 22441.2 = 23441.2 over 561 frames.
anonymous0615-20110112-ahi-b0038 IN HER HASTE TO GET AWAY SHE HAD FORGOTTEN THESE THINGS 
LOG (lattice-best-path:main():lattice-best-path.cc:99) For utterance anonymous0615-20110112-ahi-b0039, best cost 1073.94 + 23382.7 = 24456.6 over 536 frames.
anonymous0615-20110112-ahi-b0039 PHILIP TOOK A STEP TOWARD GREGSON HALF DETERMINED TO AWAKEN HIM 
LOG (lattice-best-path:main():lattice-best-path.cc:99) For utterance anonymous0615-20110112-ahi-b0040, best cost 628.503 + 14479.2 = 15107.7 over 386 frames.
anonymous0615-20110112-ahi-b0040 THE THOUGHT SET HIS BLOOD TINGLING 
LOG (lattice-best-path:main():lattice-best-path.cc:99) For utterance anonymous0615-20110112-ahi-b0041, best cost 872.335 + 16800.3 = 17672.7 over 448 frames.
anonymous0615-20110112-ahi-b0041 BUT IF PIERRE DID NOT RETURN UNTIL TOMORROW 
LOG (lattice-best-path:main():lattice-best-path.cc:99) For utterance anonymous0615-20110112-ahi-b0042, best cost 1018.23 + 21957.8 = 22976 over 536 frames.
anonymous0615-20110112-ahi-b0042 TEN MINUTES HAD NOT ELAPSED SINCE HE HAD DROPPED THE HANDKERCHIEF 
LOG (lattice-best-path:main():lattice-best-path.cc:99) For utterance anonymous0615-20110112-ahi-b0043, best cost 666.93 + 11719.9 = 12386.9 over 348 frames.
anonymous0615-20110112-ahi-b0043 IT WON'T BE FOR SELL 
LOG (lattice-best-path:main():lattice-best-path.cc:99) For utterance anonymous0615-20110112-ahi-b0044, best cost 726.332 + 14947.5 = 15673.8 over 386 frames.
anonymous0615-20110112-ahi-b0044 FOR A FEW MOMENTS HE IN SILENCE 
LOG (lattice-best-path:main():lattice-best-path.cc:99) For utterance anonymous0615-20110112-ahi-b0045, best cost 649.272 + 16466 = 17115.3 over 436 frames.
anonymous0615-20110112-ahi-b0045 PHILIP DID NOT PURSUE THE SUBJECT 
LOG (lattice-best-path:main():lattice-best-path.cc:99) For utterance anonymous0762-20111028-uvj-b0002, best cost 1024 + 20394 = 21418 over 661 frames.
anonymous0762-20111028-uvj-b0002 YOU GOT OUT BY FIGHTING AND I THROUGH A PRETTY GIRL 
LOG (lattice-best-path:main():lattice-best-path.cc:99) For utterance anonymous0762-20111028-uvj-b0003, best cost 587.217 + 13485.3 = 14072.5 over 436 frames.
anonymous0762-20111028-uvj-b0003 I CAN SEE THAT KNIFE NOW 
LOG (lattice-best-path:main():lattice-best-path.cc:99) For utterance anonymous0762-20111028-uvj-b0004, best cost 1004.06 + 19932.7 = 20936.8 over 586 frames.
anonymous0762-20111028-uvj-b0004 WHEN I CAN'T SEE BEAUTY IN WOMAN I WANT TO DIE 
LOG (lattice-best-path:main():lattice-best-path.cc:99) For utterance anonymous0762-20111028-uvj-b0005, best cost 760.273 + 22335.8 = 23096.1 over 686 frames.
anonymous0762-20111028-uvj-b0005 HIS SLIM FINGERS CLOSED LIKE STEEL ABOUT PHILIP'S 
LOG (lattice-best-path:main():lattice-best-path.cc:99) For utterance anonymous0762-20111028-uvj-b0006, best cost 1039.75 + 19131.5 = 20171.2 over 611 frames.
anonymous0762-20111028-uvj-b0006 HE SEIZED GREGSON BY THE ARM AND LED HIM TO THE DOOR 
LOG (lattice-best-path:main():lattice-best-path.cc:99) For utterance anonymous0762-20111028-uvj-b0007, best cost 771.434 + 18216.6 = 18988 over 636 frames.
anonymous0762-20111028-uvj-b0007 HERE THE INDIAN DOGS WAILING DOWN AT CHURCHILL 
LOG (lattice-best-path:main():lattice-best-path.cc:99) For utterance anonymous0762-20111028-uvj-b0008, best cost 906.296 + 21512.5 = 22418.8 over 648 frames.
anonymous0762-20111028-uvj-b0008 BURKE HIMSELF HAD CRITICIZED IT BECAUSE OF THE SMILE 
LOG (lattice-best-path:main():lattice-best-path.cc:99) For utterance anonymous0762-20111028-uvj-b0009, best cost 893.325 + 18988.2 = 19881.5 over 611 frames.
anonymous0762-20111028-uvj-b0009 I'D SAY THERE WAS GOING TO BE A GLORIOUS SCRAP 
LOG (lattice-best-path:main():lattice-best-path.cc:99) For utterance anonymous0762-20111028-uvj-b0010, best cost 914.421 + 20385.3 = 21299.7 over 661 frames.
anonymous0762-20111028-uvj-b0010 HE TURNED THE MAP TO GREGSON POINTING WITH HIS FINGER 
LOG (lattice-best-path:main():lattice-best-path.cc:99) For utterance anonymous0762-20111028-uvj-b0011, best cost 1006.57 + 25732.4 = 26739 over 798 frames.
anonymous0762-20111028-uvj-b0011 HIS EYES NEVER TOOK THEMSELVES FOR AN INSTANT FROM HIS COMPANION'S FACE 
LOG (lattice-best-path:main():lattice-best-path.cc:99) For utterance anonymous0890-20120430-tej-b0051, best cost 1012.31 + 18173.2 = 19185.5 over 473 frames.
anonymous0890-20120430-tej-b0051 THE SIXTH DAY HE SPENT IN A CABIN WITH GREGSON 
LOG (lattice-best-path:main():lattice-best-path.cc:99) For utterance anonymous0890-20120430-tej-b0052, best cost 653.381 + 13109.6 = 13763 over 361 frames.
anonymous0890-20120430-tej-b0052 THE FLUSH WAS GONE FROM HER FACE 
LOG (lattice-best-path:main():lattice-best-path.cc:99) For utterance anonymous0890-20120430-tej-b0053, best cost 815.2 + 19027.6 = 19842.8 over 523 frames.
anonymous0890-20120430-tej-b0053 THAT IS WHY I AM AM RATTLED HE LAUGHED 
LOG (lattice-best-path:main():lattice-best-path.cc:99) For utterance anonymous0890-20120430-tej-b0054, best cost 717.122 + 17419.3 = 18136.4 over 461 frames.
anonymous0890-20120430-tej-b0054 HE UNDERSTOOD THE MEANING OF THE LOOK 
LOG (lattice-best-path:main():lattice-best-path.cc:99) For utterance anonymous0890-20120430-tej-b0055, best cost 1029.56 + 20780.8 = 21810.3 over 548 frames.
anonymous0890-20120430-tej-b0055 SHE WAS EVEN MORE BEAUTIFUL THAN WHEN I SAW HER BEFORE 
LOG (lattice-best-path:main():lattice-best-path.cc:99) For utterance anonymous0890-20120430-tej-b0056, best cost 897.28 + 20342.7 = 21239.9 over 511 frames.
anonymous0890-20120430-tej-b0056 I'LL GIVE A THOUSAND IF YOU PRODUCE HER RETORTED GREGSON 
LOG (lattice-best-path:main():lattice-best-path.cc:99) For utterance anonymous0890-20120430-tej-b0057, best cost 784.184 + 20199.1 = 20983.3 over 523 frames.
anonymous0890-20120430-tej-b0057 THEY HAVE WON POPULAR SENTIMENT THROUGH THE NEWSPAPERS 
LOG (lattice-best-path:main():lattice-best-path.cc:99) For utterance anonymous0890-20120430-tej-b0058, best cost 576.469 + 16960.2 = 17536.6 over 473 frames.
anonymous0890-20120430-tej-b0058 WE MUST ACHIEVE OUR OWN SALVATION 
LOG (lattice-best-path:main():lattice-best-path.cc:99) For utterance anonymous0890-20120430-tej-b0059, best cost 799.877 + 19099.3 = 19899.2 over 486 frames.
anonymous0890-20120430-tej-b0059 IN MOMENTS OF MENTAL ENERGY PHILIP WAS RESTLESS 
LOG (lattice-best-path:main():lattice-best-path.cc:99) For utterance anonymous0890-20120430-tej-b0060, best cost 1135.99 + 21363.2 = 22499.2 over 561 frames.
anonymous0890-20120430-tej-b0060 HE WOULD KEEP HIS FAITH WITH GREGSON FOR THE PROMISED DAY OR TWO 
LOG (lattice-best-path:main():lattice-best-path.cc:99) For utterance anonymous0913-20120609-kgq-a0168, best cost 996.14 + 19722 = 20718.1 over 498 frames.
anonymous0913-20120609-kgq-a0168 LOW BUSH WHIPPED HIM IN THE FACE AND LEFT THIS DAY 
LOG (lattice-best-path:main():lattice-best-path.cc:99) For utterance anonymous0913-20120609-kgq-a0169, best cost 870.7 + 17760.8 = 18631.5 over 461 frames.
anonymous0913-20120609-kgq-a0169 SUDDENLY JOURNEY STOPPED FOR AN INSTANT 
LOG (lattice-best-path:main():lattice-best-path.cc:99) For utterance anonymous0913-20120609-kgq-a0170, best cost 949.045 + 19647.4 = 20596.5 over 536 frames.
anonymous0913-20120609-kgq-a0170 THERE WAS NONE OF THE JOY OF MEETING IN HIS FACE 
LOG (lattice-best-path:main():lattice-best-path.cc:99) For utterance anonymous0913-20120609-kgq-a0171, best cost 996.256 + 20450.9 = 21447.1 over 536 frames.
anonymous0913-20120609-kgq-a0171 AM WHEN YOU COME BACK AND FEW DAYS BRING EILEEN 
LOG (lattice-best-path:main():lattice-best-path.cc:99) For utterance anonymous0913-20120609-kgq-a0172, best cost 732.083 + 20888.1 = 21620.1 over 548 frames.
anonymous0913-20120609-kgq-a0172 GREGSON HAD LEFT THE OUTER DOOR SLIGHTLY AJAR 
LOG (lattice-best-path:main():lattice-best-path.cc:99) For utterance anonymous0913-20120609-kgq-a0173, best cost 683.858 + 18045.2 = 18729 over 473 frames.
anonymous0913-20120609-kgq-a0173 THE DATE WAS NEARLY EIGHTEEN YEARS OLD 
LOG (lattice-best-path:main():lattice-best-path.cc:99) For utterance anonymous0913-20120609-kgq-a0174, best cost 864.475 + 13656.8 = 14521.3 over 373 frames.
anonymous0913-20120609-kgq-a0174 THEY WERE THE PRE STAGE OF STORM 
LOG (lattice-best-path:main():lattice-best-path.cc:99) For utterance anonymous0913-20120609-kgq-a0175, best cost 887.653 + 17799.9 = 18687.5 over 486 frames.
anonymous0913-20120609-kgq-a0175 DOWN THAT THE EARTH WAS ALREADY SWELLING WITH MY 
LOG (lattice-best-path:main():lattice-best-path.cc:99) For utterance anonymous0913-20120609-kgq-a0176, best cost 1064.84 + 19290.1 = 20355 over 486 frames.
anonymous0913-20120609-kgq-a0176 FOR THE FIRST TIME IN HIS LIFE HE WAS YEARNING FOR A SCRAP 
LOG (lattice-best-path:main():lattice-best-path.cc:99) For utterance anonymous0913-20120609-kgq-a0177, best cost 633.503 + 18598.3 = 19231.8 over 498 frames.
anonymous0913-20120609-kgq-a0177 SHE HAD BEEN THOROUGHLY AND EFFICIENTLY MAULED 
LOG (lattice-best-path:main():lattice-best-path.cc:99) For utterance anonymous0989-20121113-jbs-a0361, best cost 932.461 + 23328.5 = 24261 over 636 frames.
anonymous0989-20121113-jbs-a0361 BUT HE DID NOT BROACH IT PREFERRING TO MATURE IT CAREFULLY 
LOG (lattice-best-path:main():lattice-best-path.cc:99) For utterance anonymous0989-20121113-jbs-a0362, best cost 543.942 + 14010.3 = 14554.2 over 411 frames.
anonymous0989-20121113-jbs-a0362 NOPE NOT THE SLIGHTEST IDEA 
LOG (lattice-best-path:main():lattice-best-path.cc:99) For utterance anonymous0989-20121113-jbs-a0363, best cost 758.586 + 16543.1 = 17301.7 over 461 frames.
anonymous0989-20121113-jbs-a0363 IT IS NOT AN ATTEMPT TO SMASH THE MARKET 
LOG (lattice-best-path:main():lattice-best-path.cc:99) For utterance anonymous0989-20121113-jbs-a0364, best cost 1000.33 + 21080.8 = 22081.1 over 561 frames.
anonymous0989-20121113-jbs-a0364 WE HAVE PLENTY OF CAPITAL OURSELVES AND YET WE WANT MORE 
LOG (lattice-best-path:main():lattice-best-path.cc:99) For utterance anonymous0989-20121113-jbs-a0365, best cost 653.961 + 17884.6 = 18538.6 over 486 frames.
anonymous0989-20121113-jbs-a0365 THESE RUMORS MAY EVEN ORIGINATE WITH US 
LOG (lattice-best-path:main():lattice-best-path.cc:99) For utterance anonymous0989-20121113-jbs-a0366, best cost 1055.92 + 27770.9 = 28826.8 over 748 frames.
anonymous0989-20121113-jbs-a0366 A WILDLY EXCITING TIME WAS HIS DURING THE WEEK PRECEDING THURSDAY 
LOG (lattice-best-path:main():lattice-best-path.cc:99) For utterance anonymous0989-20121113-jbs-a0367, best cost 919.267 + 20071 = 20990.3 over 598 frames.
anonymous0989-20121113-jbs-a0367 THERE IS NOT AN IOTA OF TRUTH IN IT CERTAINLY NOT 
LOG (lattice-best-path:main():lattice-best-path.cc:99) For utterance anonymous0989-20121113-jbs-a0368, best cost 1164.42 + 26973.3 = 28137.7 over 723 frames.
anonymous0989-20121113-jbs-a0368 I JUST DO APPRECIATE IT WITHOUT BEING ABLE TO EXPRESS MY FEEL 
LOG (lattice-best-path:main():lattice-best-path.cc:99) For utterance anonymous0989-20121113-jbs-a0369, best cost 957.419 + 27816.7 = 28774.1 over 773 frames.
anonymous0989-20121113-jbs-a0369 IN PARTNERSHIP WITH DAYLIGHT THE PAIR RAIDED THE SAN JOSE INTERURBAN 
LOG (lattice-best-path:main():lattice-best-path.cc:99) For utterance anonymous0989-20121113-jbs-a0370, best cost 841.641 + 18117.5 = 18959.2 over 536 frames.
anonymous0989-20121113-jbs-a0370 HE SAW ALL MEN IN THE BUSINESS GAME DOING THIS 
LOG (lattice-best-path:main():lattice-best-path.cc:99) For utterance anonymous1023-20130123-jta-b0013, best cost 879.751 + 23212.8 = 24092.5 over 623 frames.
anonymous1023-20130123-jta-b0013 LAKES AND RIVERS HUNDREDS OF THEM THOUSANDS OF THEM 
LOG (lattice-best-path:main():lattice-best-path.cc:99) For utterance anonymous1023-20130123-jta-b0014, best cost 640.843 + 22465.5 = 23106.3 over 586 frames.
anonymous1023-20130123-jta-b0014 WHITEFISH GREGSON WHITEFISH AND TROUT 
LOG (lattice-best-path:main():lattice-best-path.cc:99) For utterance anonymous1023-20130123-jta-b0015, best cost 644.182 + 15710.1 = 16354.3 over 423 frames.
anonymous1023-20130123-jta-b0015 THEY ROBBED ME A FEW YEARS LATER 
LOG (lattice-best-path:main():lattice-best-path.cc:99) For utterance anonymous1023-20130123-jta-b0016, best cost 927.418 + 21331.6 = 22259 over 511 frames.
anonymous1023-20130123-jta-b0016 HE CHUCKLED AS HE PULLED OUT HIS PIPE AND BEGAN FILLING IT 
LOG (lattice-best-path:main():lattice-best-path.cc:99) For utterance anonymous1023-20130123-jta-b0017, best cost 803.747 + 20672.3 = 21476 over 523 frames.
anonymous1023-20130123-jta-b0017 EVERYTHING WAS WORKING SMOOTHLY BETTER THAN I HAD EXPECTED 
LOG (lattice-best-path:main():lattice-best-path.cc:99) For utterance anonymous1023-20130123-jta-b0018, best cost 620.119 + 16169.4 = 16789.5 over 436 frames.
anonymous1023-20130123-jta-b0018 I WAS COMPLETELY LOST IN MY WORK 
LOG (lattice-best-path:main():lattice-best-path.cc:99) For utterance anonymous1023-20130123-jta-b0019, best cost 770.736 + 17104.8 = 17875.5 over 436 frames.
anonymous1023-20130123-jta-b0019 HIS SLIM HANDS GRIPPED THE EDGES OF THE TABLE 
LOG (lattice-best-path:main():lattice-best-path.cc:99) For utterance anonymous1023-20130123-jta-b0020, best cost 977.908 + 19529.6 = 20507.5 over 498 frames.
anonymous1023-20130123-jta-b0020 HE MADE NO REPLY AS HE WAITED FOR WHITTEMORE TO CONTINUE 
LOG (lattice-best-path:main():lattice-best-path.cc:99) For utterance anonymous1023-20130123-jta-b0021, best cost 576.52 + 15777.4 = 16353.9 over 411 frames.
anonymous1023-20130123-jta-b0021 PHILIP DROPPED BACK INTO HIS CHAIR 
LOG (lattice-best-path:main():lattice-best-path.cc:99) For utterance anonymous1023-20130123-jta-b0022, best cost 923.989 + 17778.8 = 18702.8 over 461 frames.
anonymous1023-20130123-jta-b0022 IF I WAS OUT OF THE GAME IT WOULD BE EASILY MADE 
LOG (lattice-best-path:main():lattice-best-path.cc:99) For utterance anonymous1116-20131221-urh-a0038, best cost 582.361 + 13800.6 = 14382.9 over 336 frames.
anonymous1116-20131221-urh-a0038 WE'LL HAVE TO WATCH OUR CHANCES 
LOG (lattice-best-path:main():lattice-best-path.cc:99) For utterance anonymous1116-20131221-urh-a0039, best cost 951.025 + 18706.1 = 19657.1 over 473 frames.
anonymous1116-20131221-urh-a0039 THE SHIP SHOULD BE IN WITHIN A WEEK OR TEN DAYS 
LOG (lattice-best-path:main():lattice-best-path.cc:99) For utterance anonymous1116-20131221-urh-a0040, best cost 878.812 + 19433.2 = 20312 over 498 frames.
anonymous1116-20131221-urh-a0040 I SUPPOSE YOU WONDER WHY SHE IS COMING UP HIM 
LOG (lattice-best-path:main():lattice-best-path.cc:99) For utterance anonymous1116-20131221-urh-a0041, best cost 745.696 + 17334.6 = 18080.3 over 448 frames.
anonymous1116-20131221-urh-a0041 MEANWHILE I'LL GO OUT TO BREATHE A SPELL 
LOG (lattice-best-path:main():lattice-best-path.cc:99) For utterance anonymous1116-20131221-urh-a0042, best cost 815.409 + 18324.4 = 19139.8 over 461 frames.
anonymous1116-20131221-urh-a0042 HOW COULD HE EXPLAIN HIS POSSESSION OF THE SKETCH 
LOG (lattice-best-path:main():lattice-best-path.cc:99) For utterance anonymous1116-20131221-urh-a0043, best cost 1106.96 + 24273.3 = 25380.3 over 561 frames.
anonymous1116-20131221-urh-a0043 IT SEEMED NEARER TO HIM SINCE HE HAD SEEN AND TALKED WITH GREGSON 
LOG (lattice-best-path:main():lattice-best-path.cc:99) For utterance anonymous1116-20131221-urh-a0044, best cost 940.161 + 22115.4 = 23055.6 over 536 frames.
anonymous1116-20131221-urh-a0044 HER OWN BETRAYAL OF HERSELF WAS LIKE TONIC TO PHILIP 
LOG (lattice-best-path:main():lattice-best-path.cc:99) For utterance anonymous1116-20131221-urh-a0045, best cost 824.891 + 17171.7 = 17996.6 over 448 frames.
anonymous1116-20131221-urh-a0045 HE MOVED AWAY AS QUIETLY AS HE HAD COME 
LOG (lattice-best-path:main():lattice-best-path.cc:99) For utterance anonymous1116-20131221-urh-a0046, best cost 988.758 + 21801.8 = 22790.6 over 561 frames.
anonymous1116-20131221-urh-a0046 THE GIRL FACED HIM HALF EYES SHINING WITH SUDDEN FEAR 
LOG (lattice-best-path:main():lattice-best-path.cc:99) For utterance anonymous1116-20131221-urh-a0047, best cost 941.201 + 24526.9 = 25468.1 over 623 frames.
anonymous1116-20131221-urh-a0047 CLOSE BESIDE HIM GLEAMED THE WHITE FANGS OF THE WOLF DOG 
LOG (lattice-best-path:main():lattice-best-path.cc:99) For utterance anonymous1184-20150109-mlr-b0174, best cost 1327.58 + 29049.6 = 30377.2 over 673 frames.
anonymous1184-20150109-mlr-b0174 HATRED AND MURDER A LAST FOR REVENGE THEY POSSESSED FOR OVERFLOWING 
LOG (lattice-best-path:main():lattice-best-path.cc:99) For utterance anonymous1184-20150109-mlr-b0175, best cost 589.448 + 18363.7 = 18953.2 over 436 frames.
anonymous1184-20150109-mlr-b0175 SHELDON GLANCED AT THE THERMOMETER 
LOG (lattice-best-path:main():lattice-best-path.cc:99) For utterance anonymous1184-20150109-mlr-b0176, best cost 634.346 + 15151.4 = 15785.8 over 373 frames.
anonymous1184-20150109-mlr-b0176 I'LL SEE TO POOR HUGHIE 
LOG (lattice-best-path:main():lattice-best-path.cc:99) For utterance anonymous1184-20150109-mlr-b0177, best cost 1114.68 + 27890.6 = 29005.3 over 573 frames.
anonymous1184-20150109-mlr-b0177 HER GRAY EYES WERE FLASHING AND HER LIPS OVERT QUIVERING 
LOG (lattice-best-path:main():lattice-best-path.cc:99) For utterance anonymous1184-20150109-mlr-b0178, best cost 464.963 + 15181.8 = 15646.8 over 336 frames.
anonymous1184-20150109-mlr-b0178 ALSO I WANT INFORMATION 
LOG (lattice-best-path:main():lattice-best-path.cc:99) For utterance anonymous1184-20150109-mlr-b0179, best cost 797.164 + 17882.5 = 18679.7 over 398 frames.
anonymous1184-20150109-mlr-b0179 LET THEM GO OUT AND EAT WITH MY BOYS 
LOG (lattice-best-path:main():lattice-best-path.cc:99) For utterance anonymous1184-20150109-mlr-b0180, best cost 665.675 + 18156.3 = 18822 over 423 frames.
anonymous1184-20150109-mlr-b0180 I I BEG PARDON HE DRAWLED 
LOG (lattice-best-path:main():lattice-best-path.cc:99) For utterance anonymous1184-20150109-mlr-b0181, best cost 874.148 + 25444.7 = 26318.9 over 536 frames.
anonymous1184-20150109-mlr-b0181 AND YOU PREFERRED A CANNIBAL ISLE AND A CARTRIDGE BELT 
LOG (lattice-best-path:main():lattice-best-path.cc:99) For utterance anonymous1184-20150109-mlr-b0182, best cost 718.689 + 17211.1 = 17929.8 over 398 frames.
anonymous1184-20150109-mlr-b0182 I WAS A NEW YORK WHEN THE CRASH CAME 
LOG (lattice-best-path:main():lattice-best-path.cc:99) For utterance anonymous1184-20150109-mlr-b0183, best cost 637.24 + 19884.7 = 20521.9 over 473 frames.
anonymous1184-20150109-mlr-b0183 NO I DID NOT FALL AMONG THIEVES 
LOG (lattice-best-path:main():lattice-best-path.cc:124) Overall score per frame is 41.4804 = 1.87257 [graph] + 39.6079 [acoustic] over 100537 frames.
LOG (lattice-best-path:main():lattice-best-path.cc:128) Done 220 lattices, failed for 0
# Accounting: time=1 threads=1
# Ended (code 0) at Sun Nov 26 13:00:50 IST 2017, elapsed time 1 seconds
