# sgmm2-acc-stats --spk-vecs=ark:exp/sgmm2_4a/vecs.2 --utt2spk=ark:data/train/split2/2/utt2spk --update-flags=vNwSctu "--gselect=ark,s,cs:gunzip -c exp/sgmm2_4a/gselect.2.gz|" --rand-prune=0.1 exp/sgmm2_4a/7.mdl "ark,s,cs:apply-cmvn  --utt2spk=ark:data/train/split2/2/utt2spk scp:data/train/split2/2/cmvn.scp scp:data/train/split2/2/feats.scp ark:- | splice-feats  ark:- ark:- | transform-feats exp/tri3b_ali/final.mat ark:- ark:- | transform-feats --utt2spk=ark:data/train/split2/2/utt2spk ark,s,cs:exp/tri3b_ali/trans.2 ark:- ark:- |" "ark,s,cs:gunzip -c exp/sgmm2_4a/ali.2.gz | ali-to-post ark:- ark:-|" exp/sgmm2_4a/7.2.acc 
# Started at Sun Nov 26 08:33:26 IST 2017
#
sgmm2-acc-stats --spk-vecs=ark:exp/sgmm2_4a/vecs.2 --utt2spk=ark:data/train/split2/2/utt2spk --update-flags=vNwSctu '--gselect=ark,s,cs:gunzip -c exp/sgmm2_4a/gselect.2.gz|' --rand-prune=0.1 exp/sgmm2_4a/7.mdl 'ark,s,cs:apply-cmvn  --utt2spk=ark:data/train/split2/2/utt2spk scp:data/train/split2/2/cmvn.scp scp:data/train/split2/2/feats.scp ark:- | splice-feats  ark:- ark:- | transform-feats exp/tri3b_ali/final.mat ark:- ark:- | transform-feats --utt2spk=ark:data/train/split2/2/utt2spk ark,s,cs:exp/tri3b_ali/trans.2 ark:- ark:- |' 'ark,s,cs:gunzip -c exp/sgmm2_4a/ali.2.gz | ali-to-post ark:- ark:-|' exp/sgmm2_4a/7.2.acc 
splice-feats ark:- ark:- 
transform-feats exp/tri3b_ali/final.mat ark:- ark:- 
apply-cmvn --utt2spk=ark:data/train/split2/2/utt2spk scp:data/train/split2/2/cmvn.scp scp:data/train/split2/2/feats.scp ark:- 
transform-feats --utt2spk=ark:data/train/split2/2/utt2spk ark,s,cs:exp/tri3b_ali/trans.2 ark:- ark:- 
ali-to-post ark:- ark:- 
LOG (sgmm2-acc-stats:main():sgmm2-acc-stats.cc:194) Processed 50 utterances; for utterance anonymous0310-20091105-vgd-b0145 avg. like is -38.8689 over 823 frames.
LOG (sgmm2-acc-stats:main():sgmm2-acc-stats.cc:194) Processed 100 utterances; for utterance anonymous0317-20091208-rwz-b0025 avg. like is -47.0498 over 498 frames.
LOG (sgmm2-acc-stats:main():sgmm2-acc-stats.cc:194) Processed 150 utterances; for utterance anonymous0322-20091215-jjn-a0003 avg. like is -37.908 over 636 frames.
LOG (sgmm2-acc-stats:main():sgmm2-acc-stats.cc:194) Processed 200 utterances; for utterance anonymous0328-20091220-xjy-a0144 avg. like is -40.5291 over 536 frames.
LOG (sgmm2-acc-stats:main():sgmm2-acc-stats.cc:194) Processed 250 utterances; for utterance anonymous0334-20091226-rsc-a0510 avg. like is -36.7643 over 661 frames.
WARNING (sgmm2-acc-stats:main():sgmm2-acc-stats.cc:145) No posterior info available for utterance anonymous0337-20091227-sns-rb-08 (or wrong size)
LOG (sgmm2-acc-stats:main():sgmm2-acc-stats.cc:194) Processed 300 utterances; for utterance anonymous0339-20091230-cuj-a0487 avg. like is -42.6512 over 672 frames.
LOG (sgmm2-acc-stats:main():sgmm2-acc-stats.cc:194) Processed 350 utterances; for utterance anonymous0344-20100106-xov-a0319 avg. like is -35.7693 over 523 frames.
LOG (sgmm2-acc-stats:main():sgmm2-acc-stats.cc:194) Processed 400 utterances; for utterance anonymous0349-20100121-qfq-rp-01 avg. like is -33.3885 over 448 frames.
LOG (sgmm2-acc-stats:main():sgmm2-acc-stats.cc:194) Processed 450 utterances; for utterance anonymous0354-20100126-pba-a0195 avg. like is -31.9008 over 461 frames.
LOG (sgmm2-acc-stats:main():sgmm2-acc-stats.cc:194) Processed 500 utterances; for utterance anonymous0360-20100202-nmn-a0284 avg. like is -37.3997 over 498 frames.
LOG (sgmm2-acc-stats:main():sgmm2-acc-stats.cc:194) Processed 550 utterances; for utterance anonymous0365-20100203-ccw-a0044 avg. like is -35.7156 over 486 frames.
LOG (sgmm2-acc-stats:main():sgmm2-acc-stats.cc:194) Processed 600 utterances; for utterance anonymous0370-20100203-snu-b0039 avg. like is -36.3514 over 548 frames.
LOG (sgmm2-acc-stats:main():sgmm2-acc-stats.cc:194) Processed 650 utterances; for utterance anonymous0376-20100204-oyj-a0121 avg. like is -33.2007 over 561 frames.
LOG (sgmm2-acc-stats:main():sgmm2-acc-stats.cc:194) Processed 700 utterances; for utterance anonymous0382-20100205-xaw-b0007 avg. like is -31.4608 over 448 frames.
WARNING (sgmm2-acc-stats:main():sgmm2-acc-stats.cc:145) No posterior info available for utterance anonymous0382-20100205-xaw-b0014 (or wrong size)
LOG (sgmm2-acc-stats:main():sgmm2-acc-stats.cc:194) Processed 750 utterances; for utterance anonymous0388-20100208-hoy-b0250 avg. like is -33.6724 over 436 frames.
LOG (sgmm2-acc-stats:main():sgmm2-acc-stats.cc:194) Processed 800 utterances; for utterance anonymous0393-20100216-kaa-a0126 avg. like is -32.8181 over 536 frames.
LOG (sgmm2-acc-stats:main():sgmm2-acc-stats.cc:194) Processed 850 utterances; for utterance anonymous0398-20100216-ynn-ar-16 avg. like is -31.5077 over 723 frames.
WARNING (sgmm2-acc-stats:main():sgmm2-acc-stats.cc:145) No posterior info available for utterance anonymous0398-20100216-ynn-ar-18 (or wrong size)
LOG (sgmm2-acc-stats:main():sgmm2-acc-stats.cc:194) Processed 900 utterances; for utterance anonymous0403-20100221-erv-b0359 avg. like is -36.1621 over 423 frames.
LOG (sgmm2-acc-stats:main():sgmm2-acc-stats.cc:194) Processed 950 utterances; for utterance anonymous0408-20100302-dwg-b0097 avg. like is -32.3652 over 398 frames.
LOG (sgmm2-acc-stats:main():sgmm2-acc-stats.cc:194) Processed 1000 utterances; for utterance anonymous0413-20100311-nos-b0494 avg. like is -31.9819 over 573 frames.
LOG (sgmm2-acc-stats:main():sgmm2-acc-stats.cc:194) Processed 1050 utterances; for utterance anonymous0418-20100316-cns-a0296 avg. like is -35 over 336 frames.
WARNING (sgmm2-acc-stats:main():sgmm2-acc-stats.cc:145) No posterior info available for utterance anonymous0421-20100324-xth-a0337 (or wrong size)
LOG (sgmm2-acc-stats:main():sgmm2-acc-stats.cc:194) Processed 1100 utterances; for utterance anonymous0424-20100330-vye-a0545 avg. like is -38.5284 over 511 frames.
LOG (sgmm2-acc-stats:main():sgmm2-acc-stats.cc:194) Processed 1150 utterances; for utterance anonymous0429-20100418-tis-a0350 avg. like is -36.5478 over 623 frames.
LOG (sgmm2-acc-stats:main():sgmm2-acc-stats.cc:194) Processed 1200 utterances; for utterance anonymous0435-20100508-znh-a0547 avg. like is -37.0467 over 948 frames.
LOG (sgmm2-acc-stats:main():sgmm2-acc-stats.cc:194) Processed 1250 utterances; for utterance anonymous0440-20100512-ady-a0182 avg. like is -33.3455 over 573 frames.
LOG (sgmm2-acc-stats:main():sgmm2-acc-stats.cc:194) Processed 1300 utterances; for utterance anonymous0445-20100518-qpt-b0276 avg. like is -33.3839 over 323 frames.
WARNING (sgmm2-acc-stats:main():sgmm2-acc-stats.cc:145) No posterior info available for utterance anonymous0446-20100521-eao-a0086 (or wrong size)
LOG (sgmm2-acc-stats:main():sgmm2-acc-stats.cc:194) Processed 1350 utterances; for utterance anonymous0450-20100601-wtj-b0010 avg. like is -32.3337 over 753 frames.
LOG (sgmm2-acc-stats:main():sgmm2-acc-stats.cc:194) Processed 1400 utterances; for utterance anonymous0455-20100602-lnl-b0444 avg. like is -34.3473 over 698 frames.
LOG (sgmm2-acc-stats:main():sgmm2-acc-stats.cc:194) Processed 1450 utterances; for utterance anonymous0460-20100602-rhr-b0152 avg. like is -38.9452 over 636 frames.
LOG (sgmm2-acc-stats:main():sgmm2-acc-stats.cc:194) Processed 1500 utterances; for utterance anonymous0465-20100604-qub-b0166 avg. like is -34.1481 over 423 frames.
LOG (sgmm2-acc-stats:main():sgmm2-acc-stats.cc:194) Processed 1550 utterances; for utterance anonymous0470-20100611-gmc-a0193 avg. like is -33.2867 over 573 frames.
LOG (sgmm2-acc-stats:main():sgmm2-acc-stats.cc:194) Processed 1600 utterances; for utterance anonymous0476-20100624-iix-rp-12 avg. like is -40.7862 over 673 frames.
LOG (sgmm2-acc-stats:main():sgmm2-acc-stats.cc:194) Processed 1650 utterances; for utterance anonymous0481-20100703-cvb-b0252 avg. like is -42.9281 over 636 frames.
WARNING (sgmm2-acc-stats:main():sgmm2-acc-stats.cc:145) No posterior info available for utterance anonymous0485-20100709-jrq-a0391 (or wrong size)
LOG (sgmm2-acc-stats:main():sgmm2-acc-stats.cc:194) Processed 1700 utterances; for utterance anonymous0486-20100709-yip-a0014 avg. like is -39.2622 over 573 frames.
LOG (sgmm2-acc-stats:main():sgmm2-acc-stats.cc:194) Processed 1750 utterances; for utterance anonymous0491-20100712-vcz-a0431 avg. like is -39.3311 over 286 frames.
LOG (sgmm2-acc-stats:main():sgmm2-acc-stats.cc:194) Processed 1800 utterances; for utterance anonymous0496-20100719-vdp-b0436 avg. like is -35.105 over 411 frames.
LOG (sgmm2-acc-stats:main():sgmm2-acc-stats.cc:194) Processed 1850 utterances; for utterance anonymous0501-20100806-dqo-a0436 avg. like is -35.0796 over 398 frames.
LOG (sgmm2-acc-stats:main():sgmm2-acc-stats.cc:194) Processed 1900 utterances; for utterance anonymous0506-20100811-ezx-a0583 avg. like is -38.8038 over 686 frames.
LOG (sgmm2-acc-stats:main():sgmm2-acc-stats.cc:194) Processed 1950 utterances; for utterance anonymous0511-20100812-bhx-b0438 avg. like is -39.2642 over 623 frames.
LOG (sgmm2-acc-stats:main():sgmm2-acc-stats.cc:194) Processed 2000 utterances; for utterance anonymous0516-20100820-cnb-ar-02 avg. like is -36.6384 over 583 frames.
LOG (sgmm2-acc-stats:main():sgmm2-acc-stats.cc:194) Processed 2050 utterances; for utterance anonymous0521-20100820-hew-a0134 avg. like is -31.8792 over 411 frames.
LOG (sgmm2-acc-stats:main():sgmm2-acc-stats.cc:194) Processed 2100 utterances; for utterance anonymous0526-20100820-kke-a0044 avg. like is -37.0124 over 636 frames.
LOG (sgmm2-acc-stats:main():sgmm2-acc-stats.cc:194) Processed 2150 utterances; for utterance anonymous0531-20100820-qnp-b0080 avg. like is -38.8567 over 486 frames.
LOG (sgmm2-acc-stats:main():sgmm2-acc-stats.cc:194) Processed 2200 utterances; for utterance anonymous0536-20100821-emq-a0131 avg. like is -41.0642 over 473 frames.
LOG (sgmm2-acc-stats:main():sgmm2-acc-stats.cc:194) Processed 2250 utterances; for utterance anonymous0542-20100821-gus-a0092 avg. like is -37.7513 over 611 frames.
LOG (sgmm2-acc-stats:main():sgmm2-acc-stats.cc:194) Processed 2300 utterances; for utterance anonymous0547-20100821-mbm-a0486 avg. like is -39.5361 over 523 frames.
LOG (sgmm2-acc-stats:main():sgmm2-acc-stats.cc:194) Processed 2350 utterances; for utterance anonymous0552-20100821-rez-b0021 avg. like is -43.4095 over 411 frames.
LOG (sgmm2-acc-stats:main():sgmm2-acc-stats.cc:194) Processed 2400 utterances; for utterance anonymous0557-20100821-tub-b0441 avg. like is -40.1549 over 636 frames.
LOG (sgmm2-acc-stats:main():sgmm2-acc-stats.cc:194) Processed 2450 utterances; for utterance anonymous0562-20100821-xmv-a0531 avg. like is -40.2384 over 661 frames.
LOG (sgmm2-acc-stats:main():sgmm2-acc-stats.cc:194) Processed 2500 utterances; for utterance anonymous0567-20100828-qtg-a0347 avg. like is -36.0934 over 648 frames.
LOG (sgmm2-acc-stats:main():sgmm2-acc-stats.cc:194) Processed 2550 utterances; for utterance anonymous0572-20101002-qwp-b0160 avg. like is -39.1006 over 673 frames.
LOG (sgmm2-acc-stats:main():sgmm2-acc-stats.cc:194) Processed 2600 utterances; for utterance anonymous0577-20101011-qrd-a0391 avg. like is -41.3647 over 573 frames.
LOG (sgmm2-acc-stats:main():sgmm2-acc-stats.cc:194) Processed 2650 utterances; for utterance anonymous0582-20101029-tkv-b0487 avg. like is -42.0929 over 911 frames.
LOG (sgmm2-acc-stats:main():sgmm2-acc-stats.cc:194) Processed 2700 utterances; for utterance anonymous0587-20101105-cvd-b0362 avg. like is -43.8395 over 598 frames.
LOG (sgmm2-acc-stats:main():sgmm2-acc-stats.cc:194) Processed 2750 utterances; for utterance anonymous0593-20101112-hep-b0363 avg. like is -43.7705 over 523 frames.
LOG (sgmm2-acc-stats:main():sgmm2-acc-stats.cc:194) Processed 2800 utterances; for utterance anonymous0598-20101204-aef-a0324 avg. like is -42.5328 over 823 frames.
LOG (sgmm2-acc-stats:main():sgmm2-acc-stats.cc:194) Processed 2850 utterances; for utterance anonymous0603-20101211-mgx-a0459 avg. like is -36.7392 over 348 frames.
LOG (sgmm2-acc-stats:main():sgmm2-acc-stats.cc:194) Processed 2900 utterances; for utterance anonymous0608-20101222-tsc-a0171 avg. like is -39.7631 over 498 frames.
LOG (sgmm2-acc-stats:main():sgmm2-acc-stats.cc:194) Processed 2950 utterances; for utterance anonymous0613-20110105-pfl-rb-34 avg. like is -39.623 over 586 frames.
LOG (sgmm2-acc-stats:main():sgmm2-acc-stats.cc:194) Processed 3000 utterances; for utterance anonymous0619-20110116-uab-b0183 avg. like is -36.9125 over 373 frames.
LOG (sgmm2-acc-stats:main():sgmm2-acc-stats.cc:194) Processed 3050 utterances; for utterance anonymous0624-20110129-ies-b0049 avg. like is -47.9111 over 536 frames.
LOG (sgmm2-acc-stats:main():sgmm2-acc-stats.cc:194) Processed 3100 utterances; for utterance anonymous0629-20110209-xtb-b0023 avg. like is -44.869 over 373 frames.
LOG (sgmm2-acc-stats:main():sgmm2-acc-stats.cc:194) Processed 3150 utterances; for utterance anonymous0634-20110215-eqq-a0337 avg. like is -44.5034 over 536 frames.
LOG (sgmm2-acc-stats:main():sgmm2-acc-stats.cc:194) Processed 3200 utterances; for utterance anonymous0639-20110219-syz-b0436 avg. like is -40.0368 over 398 frames.
LOG (sgmm2-acc-stats:main():sgmm2-acc-stats.cc:194) Processed 3250 utterances; for utterance anonymous0644-20110224-dxs-a0240 avg. like is -35.6992 over 336 frames.
LOG (sgmm2-acc-stats:main():sgmm2-acc-stats.cc:194) Processed 3300 utterances; for utterance anonymous0649-20110310-gxc-a0586 avg. like is -32.6846 over 386 frames.
LOG (sgmm2-acc-stats:main():sgmm2-acc-stats.cc:194) Processed 3350 utterances; for utterance anonymous0654-20110314-wdi-rb-35 avg. like is -42.4216 over 511 frames.
LOG (sgmm2-acc-stats:main():sgmm2-acc-stats.cc:194) Processed 3400 utterances; for utterance anonymous0659-20110323-qed-a0192 avg. like is -34.756 over 298 frames.
LOG (sgmm2-acc-stats:main():sgmm2-acc-stats.cc:194) Processed 3450 utterances; for utterance anonymous0664-20110331-ons-a0155 avg. like is -34.5335 over 398 frames.
WARNING (sgmm2-acc-stats:main():sgmm2-acc-stats.cc:145) No posterior info available for utterance anonymous0666-20110406-nbk-b0405 (or wrong size)
LOG (sgmm2-acc-stats:main():sgmm2-acc-stats.cc:194) Processed 3500 utterances; for utterance anonymous0670-20110406-uwi-b0065 avg. like is -45.2212 over 348 frames.
LOG (sgmm2-acc-stats:main():sgmm2-acc-stats.cc:194) Processed 3550 utterances; for utterance anonymous0675-20110413-mnn-ar-07 avg. like is -41.6289 over 498 frames.
LOG (sgmm2-acc-stats:main():sgmm2-acc-stats.cc:194) Processed 3600 utterances; for utterance anonymous0680-20110429-oog-b0146 avg. like is -35.1805 over 498 frames.
LOG (sgmm2-acc-stats:main():sgmm2-acc-stats.cc:194) Processed 3650 utterances; for utterance anonymous0685-20110503-yro-a0029 avg. like is -40.0687 over 598 frames.
LOG (sgmm2-acc-stats:main():sgmm2-acc-stats.cc:194) Processed 3700 utterances; for utterance anonymous0690-20110520-mbm-a0263 avg. like is -32.3566 over 711 frames.
LOG (sgmm2-acc-stats:main():sgmm2-acc-stats.cc:194) Processed 3750 utterances; for utterance anonymous0695-20110614-fee-b0488 avg. like is -31.5836 over 848 frames.
LOG (sgmm2-acc-stats:main():sgmm2-acc-stats.cc:194) Processed 3800 utterances; for utterance anonymous0700-20110709-hjc-b0438 avg. like is -35.9714 over 511 frames.
WARNING (sgmm2-acc-stats:main():sgmm2-acc-stats.cc:145) No posterior info available for utterance anonymous0705-20110802-dgv-b0159 (or wrong size)
LOG (sgmm2-acc-stats:main():sgmm2-acc-stats.cc:194) Processed 3850 utterances; for utterance anonymous0705-20110802-dgv-b0162 avg. like is -41.2509 over 661 frames.
LOG (sgmm2-acc-stats:main():sgmm2-acc-stats.cc:194) Processed 3900 utterances; for utterance anonymous0710-20110815-sgs-rb-08 avg. like is -33.606 over 498 frames.
LOG (sgmm2-acc-stats:main():sgmm2-acc-stats.cc:194) Processed 3950 utterances; for utterance anonymous0715-20110826-qjl-a0520 avg. like is -35.8483 over 611 frames.
LOG (sgmm2-acc-stats:main():sgmm2-acc-stats.cc:194) Processed 4000 utterances; for utterance anonymous0720-20110906-njp-a0445 avg. like is -43.7379 over 361 frames.
WARNING (sgmm2-acc-stats:main():sgmm2-acc-stats.cc:145) No posterior info available for utterance anonymous0724-20110914-cym-a0590 (or wrong size)
LOG (sgmm2-acc-stats:main():sgmm2-acc-stats.cc:194) Processed 4050 utterances; for utterance anonymous0726-20110917-ikt-a0561 avg. like is -35.6627 over 586 frames.
LOG (sgmm2-acc-stats:main():sgmm2-acc-stats.cc:194) Processed 4100 utterances; for utterance anonymous0731-20110926-axo-b0511 avg. like is -41.9763 over 423 frames.
LOG (sgmm2-acc-stats:main():sgmm2-acc-stats.cc:194) Processed 4150 utterances; for utterance anonymous0736-20110927-cqd-a0317 avg. like is -27.9685 over 411 frames.
LOG (sgmm2-acc-stats:main():sgmm2-acc-stats.cc:194) Processed 4200 utterances; for utterance anonymous0741-20111006-jpt-a0026 avg. like is -38.5798 over 648 frames.
LOG (sgmm2-acc-stats:main():sgmm2-acc-stats.cc:194) Processed 4250 utterances; for utterance anonymous0746-20111012-gud-b0368 avg. like is -35.126 over 448 frames.
LOG (sgmm2-acc-stats:main():sgmm2-acc-stats.cc:194) Processed 4300 utterances; for utterance anonymous0751-20111015-spi-b0439 avg. like is -35.6605 over 773 frames.
LOG (sgmm2-acc-stats:main():sgmm2-acc-stats.cc:194) Processed 4350 utterances; for utterance anonymous0756-20111016-vzt-b0117 avg. like is -36.1693 over 536 frames.
LOG (sgmm2-acc-stats:main():sgmm2-acc-stats.cc:194) Processed 4400 utterances; for utterance anonymous0761-20111028-bgn-a0118 avg. like is -26.6449 over 586 frames.
LOG (sgmm2-acc-stats:main():sgmm2-acc-stats.cc:194) Processed 4450 utterances; for utterance anonymous0767-20111029-ihf-b0042 avg. like is -33.3935 over 673 frames.
LOG (sgmm2-acc-stats:main():sgmm2-acc-stats.cc:194) Processed 4500 utterances; for utterance anonymous0772-20111029-rer-a0401 avg. like is -36.2815 over 686 frames.
LOG (sgmm2-acc-stats:main():sgmm2-acc-stats.cc:194) Processed 4550 utterances; for utterance anonymous0777-20111030-fki-a0546 avg. like is -35.9966 over 636 frames.
LOG (sgmm2-acc-stats:main():sgmm2-acc-stats.cc:194) Processed 4600 utterances; for utterance anonymous0782-20111102-hjx-b0426 avg. like is -41.3444 over 611 frames.
LOG (sgmm2-acc-stats:main():sgmm2-acc-stats.cc:194) Processed 4650 utterances; for utterance anonymous0787-20111104-tik-b0296 avg. like is -35.547 over 573 frames.
LOG (sgmm2-acc-stats:main():sgmm2-acc-stats.cc:194) Processed 4700 utterances; for utterance anonymous0792-20111108-clq-a0591 avg. like is -52.7535 over 411 frames.
LOG (sgmm2-acc-stats:main():sgmm2-acc-stats.cc:194) Processed 4750 utterances; for utterance anonymous0798-20111115-uzp-a0557 avg. like is -34.5212 over 532 frames.
WARNING (sgmm2-acc-stats:main():sgmm2-acc-stats.cc:145) No posterior info available for utterance anonymous0802-20111128-lhl-a0266 (or wrong size)
LOG (sgmm2-acc-stats:main():sgmm2-acc-stats.cc:194) Processed 4800 utterances; for utterance anonymous0803-20111129-eys-a0049 avg. like is -41.422 over 473 frames.
LOG (sgmm2-acc-stats:main():sgmm2-acc-stats.cc:194) Processed 4850 utterances; for utterance anonymous0808-20111207-qbi-a0449 avg. like is -40.0711 over 494 frames.
LOG (sgmm2-acc-stats:main():sgmm2-acc-stats.cc:194) Processed 4900 utterances; for utterance anonymous0813-20111219-uli-b0512 avg. like is -51.7556 over 473 frames.
LOG (sgmm2-acc-stats:main():sgmm2-acc-stats.cc:194) Processed 4950 utterances; for utterance anonymous0818-20111230-pwa-a0181 avg. like is -36.7088 over 461 frames.
LOG (sgmm2-acc-stats:main():sgmm2-acc-stats.cc:194) Processed 5000 utterances; for utterance anonymous0823-20120108-pso-b0148 avg. like is -39.3148 over 461 frames.
LOG (sgmm2-acc-stats:main():sgmm2-acc-stats.cc:194) Processed 5050 utterances; for utterance anonymous0828-20120117-wqo-a0446 avg. like is -35.5244 over 551 frames.
LOG (sgmm2-acc-stats:main():sgmm2-acc-stats.cc:194) Processed 5100 utterances; for utterance anonymous0833-20120119-xpz-a0482 avg. like is -34.3906 over 623 frames.
LOG (sgmm2-acc-stats:main():sgmm2-acc-stats.cc:194) Processed 5150 utterances; for utterance anonymous0838-20120207-lin-a0118 avg. like is -43.8219 over 448 frames.
LOG (sgmm2-acc-stats:main():sgmm2-acc-stats.cc:194) Processed 5200 utterances; for utterance anonymous0843-20120219-aph-a0416 avg. like is -40.0225 over 511 frames.
LOG (sgmm2-acc-stats:main():sgmm2-acc-stats.cc:194) Processed 5250 utterances; for utterance anonymous0848-20120226-czq-b0226 avg. like is -53.6483 over 461 frames.
LOG (sgmm2-acc-stats:main():sgmm2-acc-stats.cc:194) Processed 5300 utterances; for utterance anonymous0854-20120302-psz-a0075 avg. like is -38.1555 over 363 frames.
LOG (sgmm2-acc-stats:main():sgmm2-acc-stats.cc:194) Processed 5350 utterances; for utterance anonymous0859-20120312-ksx-b0272 avg. like is -38.5404 over 611 frames.
LOG (sgmm2-acc-stats:main():sgmm2-acc-stats.cc:194) Processed 5400 utterances; for utterance anonymous0864-20120324-poc-b0261 avg. like is -42.3016 over 284 frames.
LOG (sgmm2-acc-stats:main():sgmm2-acc-stats.cc:194) Processed 5450 utterances; for utterance anonymous0869-20120326-yiz-ar-02 avg. like is -41.8419 over 548 frames.
LOG (sgmm2-acc-stats:main():sgmm2-acc-stats.cc:194) Processed 5500 utterances; for utterance anonymous0874-20120410-thd-b0062 avg. like is -35.3603 over 623 frames.
LOG (sgmm2-acc-stats:main():sgmm2-acc-stats.cc:194) Processed 5550 utterances; for utterance anonymous0879-20120416-ydz-b0461 avg. like is -35.7329 over 473 frames.
LOG (sgmm2-acc-stats:main():sgmm2-acc-stats.cc:194) Processed 5600 utterances; for utterance anonymous0884-20120423-liq-b0500 avg. like is -36.2668 over 573 frames.
LOG (sgmm2-acc-stats:main():sgmm2-acc-stats.cc:194) Processed 5650 utterances; for utterance anonymous0889-20120430-nio-a0207 avg. like is -32.8756 over 398 frames.
LOG (sgmm2-acc-stats:main():sgmm2-acc-stats.cc:194) Processed 5700 utterances; for utterance anonymous0895-20120508-gjp-b0536 avg. like is -33.3474 over 461 frames.
LOG (sgmm2-acc-stats:main():sgmm2-acc-stats.cc:194) Processed 5750 utterances; for utterance anonymous0900-20120518-vwq-b0040 avg. like is -34.7953 over 436 frames.
LOG (sgmm2-acc-stats:main():sgmm2-acc-stats.cc:194) Processed 5800 utterances; for utterance anonymous0905-20120602-nvp-a0370 avg. like is -34.9718 over 523 frames.
LOG (sgmm2-acc-stats:main():sgmm2-acc-stats.cc:194) Processed 5850 utterances; for utterance anonymous0910-20120607-rmv-a0228 avg. like is -32.6734 over 498 frames.
LOG (sgmm2-acc-stats:main():sgmm2-acc-stats.cc:194) Processed 5900 utterances; for utterance anonymous0916-20120615-een-a0492 avg. like is -41.257 over 536 frames.
LOG (sgmm2-acc-stats:main():sgmm2-acc-stats.cc:194) Processed 5950 utterances; for utterance anonymous0921-20120623-zyi-b0121 avg. like is -35.2613 over 523 frames.
LOG (sgmm2-acc-stats:main():sgmm2-acc-stats.cc:194) Processed 6000 utterances; for utterance anonymous0926-20120704-odg-b0190 avg. like is -46.4481 over 648 frames.
LOG (sgmm2-acc-stats:main():sgmm2-acc-stats.cc:194) Processed 6050 utterances; for utterance anonymous0931-20120710-pqo-ar-15 avg. like is -41.1927 over 711 frames.
LOG (sgmm2-acc-stats:main():sgmm2-acc-stats.cc:194) Processed 6100 utterances; for utterance anonymous0936-20120728-rxs-b0267 avg. like is -33.4711 over 686 frames.
LOG (sgmm2-acc-stats:main():sgmm2-acc-stats.cc:194) Processed 6150 utterances; for utterance anonymous0941-20120805-twm-a0383 avg. like is -40.5016 over 486 frames.
LOG (sgmm2-acc-stats:main():sgmm2-acc-stats.cc:194) Processed 6200 utterances; for utterance anonymous0946-20120906-kow-b0023 avg. like is -35.8403 over 523 frames.
LOG (sgmm2-acc-stats:main():sgmm2-acc-stats.cc:194) Processed 6250 utterances; for utterance anonymous0951-20120922-dsx-a0232 avg. like is -34.0425 over 436 frames.
LOG (sgmm2-acc-stats:main():sgmm2-acc-stats.cc:194) Processed 6300 utterances; for utterance anonymous0956-20120926-sox-a0356 avg. like is -35.5489 over 586 frames.
LOG (sgmm2-acc-stats:main():sgmm2-acc-stats.cc:194) Processed 6350 utterances; for utterance anonymous0961-20121010-cxw-a0222 avg. like is -30.0576 over 611 frames.
LOG (sgmm2-acc-stats:main():sgmm2-acc-stats.cc:194) Processed 6400 utterances; for utterance anonymous0966-20121015-bum-b0274 avg. like is -40.1717 over 511 frames.
LOG (sgmm2-acc-stats:main():sgmm2-acc-stats.cc:194) Processed 6450 utterances; for utterance anonymous0971-20121018-ycw-b0266 avg. like is -38.6119 over 548 frames.
LOG (sgmm2-acc-stats:main():sgmm2-acc-stats.cc:194) Processed 6500 utterances; for utterance anonymous0976-20121023-gok-a0575 avg. like is -38.0763 over 586 frames.
LOG (sgmm2-acc-stats:main():sgmm2-acc-stats.cc:194) Processed 6550 utterances; for utterance anonymous0981-20121026-gma-a0217 avg. like is -43.2582 over 536 frames.
LOG (sgmm2-acc-stats:main():sgmm2-acc-stats.cc:194) Processed 6600 utterances; for utterance anonymous0986-20121110-hcr-b0061 avg. like is -40.0883 over 686 frames.
LOG (sgmm2-acc-stats:main():sgmm2-acc-stats.cc:194) Processed 6650 utterances; for utterance anonymous0992-20121113-miv-a0167 avg. like is -34.7412 over 423 frames.
LOG (sgmm2-acc-stats:main():sgmm2-acc-stats.cc:194) Processed 6700 utterances; for utterance anonymous0997-20121118-aqi-a0451 avg. like is -47.8144 over 411 frames.
LOG (sgmm2-acc-stats:main():sgmm2-acc-stats.cc:194) Processed 6750 utterances; for utterance anonymous1002-20121128-lxx-rb-35 avg. like is -37.6017 over 661 frames.
LOG (sgmm2-acc-stats:main():sgmm2-acc-stats.cc:194) Processed 6800 utterances; for utterance anonymous1007-20121210-eqe-b0102 avg. like is -30.4032 over 373 frames.
LOG (sgmm2-acc-stats:main():sgmm2-acc-stats.cc:194) Processed 6850 utterances; for utterance anonymous1012-20121230-jlj-a0475 avg. like is -42.5515 over 773 frames.
LOG (sgmm2-acc-stats:main():sgmm2-acc-stats.cc:194) Processed 6900 utterances; for utterance anonymous1017-20130106-rlm-a0193 avg. like is -34.6973 over 598 frames.
LOG (sgmm2-acc-stats:main():sgmm2-acc-stats.cc:194) Processed 6950 utterances; for utterance anonymous1022-20130123-ahj-a0351 avg. like is -35.9229 over 348 frames.
LOG (sgmm2-acc-stats:main():sgmm2-acc-stats.cc:194) Processed 7000 utterances; for utterance anonymous1028-20130219-ssc-b0342 avg. like is -42.8861 over 498 frames.
LOG (sgmm2-acc-stats:main():sgmm2-acc-stats.cc:194) Processed 7050 utterances; for utterance anonymous1033-20130309-trq-b0090 avg. like is -38.234 over 836 frames.
LOG (sgmm2-acc-stats:main():sgmm2-acc-stats.cc:194) Processed 7100 utterances; for utterance anonymous1038-20130413-lye-b0070 avg. like is -37.0271 over 561 frames.
LOG (sgmm2-acc-stats:main():sgmm2-acc-stats.cc:194) Processed 7150 utterances; for utterance anonymous1043-20130510-mrm-a0329 avg. like is -39.9801 over 348 frames.
LOG (sgmm2-acc-stats:main():sgmm2-acc-stats.cc:194) Processed 7200 utterances; for utterance anonymous1049-20130524-boy-rb-21 avg. like is -43.9525 over 659 frames.
LOG (sgmm2-acc-stats:main():sgmm2-acc-stats.cc:194) Processed 7250 utterances; for utterance anonymous1054-20130527-qpa-a0172 avg. like is -40.1467 over 648 frames.
LOG (sgmm2-acc-stats:main():sgmm2-acc-stats.cc:194) Processed 7300 utterances; for utterance anonymous1059-20130609-avg-b0365 avg. like is -36.0349 over 611 frames.
LOG (sgmm2-acc-stats:main():sgmm2-acc-stats.cc:194) Processed 7350 utterances; for utterance anonymous1064-20130623-htg-a0235 avg. like is -38.0705 over 511 frames.
LOG (sgmm2-acc-stats:main():sgmm2-acc-stats.cc:194) Processed 7400 utterances; for utterance anonymous1069-20130703-jzv-a0341 avg. like is -37.9499 over 561 frames.
LOG (sgmm2-acc-stats:main():sgmm2-acc-stats.cc:194) Processed 7450 utterances; for utterance anonymous1074-20130717-kqk-a0138 avg. like is -36.5189 over 623 frames.
LOG (sgmm2-acc-stats:main():sgmm2-acc-stats.cc:194) Processed 7500 utterances; for utterance anonymous1079-20130812-cjv-rb-10 avg. like is -33.5329 over 536 frames.
LOG (sgmm2-acc-stats:main():sgmm2-acc-stats.cc:194) Processed 7550 utterances; for utterance anonymous1084-20130824-lpn-b0204 avg. like is -40.8269 over 686 frames.
LOG (sgmm2-acc-stats:main():sgmm2-acc-stats.cc:194) Processed 7600 utterances; for utterance anonymous1089-20130908-vub-b0372 avg. like is -35.3039 over 398 frames.
LOG (sgmm2-acc-stats:main():sgmm2-acc-stats.cc:194) Processed 7650 utterances; for utterance anonymous1094-20130925-cex-rp-01 avg. like is -39.5424 over 623 frames.
LOG (sgmm2-acc-stats:main():sgmm2-acc-stats.cc:194) Processed 7700 utterances; for utterance anonymous1099-20131028-wev-b0305 avg. like is -52.6414 over 586 frames.
LOG (sgmm2-acc-stats:main():sgmm2-acc-stats.cc:194) Processed 7750 utterances; for utterance anonymous1104-20131114-wai-a0411 avg. like is -37.9286 over 648 frames.
LOG (sgmm2-acc-stats:main():sgmm2-acc-stats.cc:194) Processed 7800 utterances; for utterance anonymous1109-20131204-bil-b0029 avg. like is -41.4898 over 573 frames.
LOG (sgmm2-acc-stats:main():sgmm2-acc-stats.cc:194) Processed 7850 utterances; for utterance anonymous1114-20131218-tdo-rp-20 avg. like is -40.8331 over 548 frames.
LOG (sgmm2-acc-stats:main():sgmm2-acc-stats.cc:194) Processed 7900 utterances; for utterance anonymous1120-20140102-qou-a0462 avg. like is -38.2548 over 536 frames.
LOG (sgmm2-acc-stats:main():sgmm2-acc-stats.cc:194) Processed 7950 utterances; for utterance anonymous1125-20140108-eyp-b0103 avg. like is -40.3729 over 511 frames.
LOG (sgmm2-acc-stats:main():sgmm2-acc-stats.cc:194) Processed 8000 utterances; for utterance anonymous1130-20140127-uqs-b0327 avg. like is -39.1307 over 461 frames.
LOG (sgmm2-acc-stats:main():sgmm2-acc-stats.cc:194) Processed 8050 utterances; for utterance anonymous1135-20140308-joi-b0073 avg. like is -40.9999 over 636 frames.
LOG (sgmm2-acc-stats:main():sgmm2-acc-stats.cc:194) Processed 8100 utterances; for utterance anonymous1140-20140402-xkc-a0300 avg. like is -34.8216 over 698 frames.
LOG (sgmm2-acc-stats:main():sgmm2-acc-stats.cc:194) Processed 8150 utterances; for utterance anonymous1145-20140509-vjj-rb-05 avg. like is -51.4917 over 686 frames.
LOG (sgmm2-acc-stats:main():sgmm2-acc-stats.cc:194) Processed 8200 utterances; for utterance anonymous1150-20140522-wgm-b0221 avg. like is -35.8157 over 399 frames.
LOG (sgmm2-acc-stats:main():sgmm2-acc-stats.cc:194) Processed 8250 utterances; for utterance anonymous1155-20140601-qsa-b0261 avg. like is -33.6955 over 386 frames.
LOG (sgmm2-acc-stats:main():sgmm2-acc-stats.cc:194) Processed 8300 utterances; for utterance anonymous1160-20140729-bee-a0091 avg. like is -40.7885 over 448 frames.
LOG (sgmm2-acc-stats:main():sgmm2-acc-stats.cc:194) Processed 8350 utterances; for utterance anonymous1165-20140729-qyl-a0509 avg. like is -40.6431 over 536 frames.
LOG (sgmm2-acc-stats:main():sgmm2-acc-stats.cc:194) Processed 8400 utterances; for utterance anonymous1170-20141005-gha-a0353 avg. like is -38.0441 over 398 frames.
LOG (sgmm2-acc-stats:main():sgmm2-acc-stats.cc:194) Processed 8450 utterances; for utterance anonymous1176-20141029-pyl-a0323 avg. like is -33.12 over 686 frames.
LOG (sgmm2-acc-stats:main():sgmm2-acc-stats.cc:194) Processed 8500 utterances; for utterance anonymous1181-20141215-bme-b0018 avg. like is -41.152 over 398 frames.
LOG (sgmm2-acc-stats:main():sgmm2-acc-stats.cc:194) Processed 8550 utterances; for utterance anonymous1187-20150128-elb-a0258 avg. like is -37.9524 over 423 frames.
LOG (sgmm2-acc-stats:main():sgmm2-acc-stats.cc:194) Processed 8600 utterances; for utterance anonymous1192-20150303-mil-a0030 avg. like is -40.8225 over 311 frames.
WARNING (sgmm2-acc-stats:main():sgmm2-acc-stats.cc:145) No posterior info available for utterance anonymous1196-20150417-qko-a0542 (or wrong size)
WARNING (sgmm2-acc-stats:main():sgmm2-acc-stats.cc:145) No posterior info available for utterance anonymous1196-20150417-qko-a0543 (or wrong size)
LOG (sgmm2-acc-stats:main():sgmm2-acc-stats.cc:194) Processed 8650 utterances; for utterance anonymous1198-20150503-rwy-ar-02 avg. like is -44.9141 over 736 frames.
LOG (sgmm2-acc-stats:main():sgmm2-acc-stats.cc:194) Processed 8700 utterances; for utterance anonymous1203-20150529-bpd-a0271 avg. like is -43.7409 over 548 frames.
LOG (sgmm2-acc-stats:main():sgmm2-acc-stats.cc:194) Processed 8750 utterances; for utterance anonymous1208-20150824-pcq-a0182 avg. like is -41.0091 over 486 frames.
LOG (sgmm2-acc-stats:main():sgmm2-acc-stats.cc:194) Processed 8800 utterances; for utterance anonymous1214-20160104-ert-b0280 avg. like is -33.5039 over 611 frames.
LOG (sgmm2-acc-stats:main():sgmm2-acc-stats.cc:194) Processed 8850 utterances; for utterance anonymous1219-20160802-blo-e0177 avg. like is -41.6045 over 986 frames.
LOG (sgmm2-acc-stats:main():sgmm2-acc-stats.cc:194) Processed 8900 utterances; for utterance anonymous1224-20170610-mua-en-1166 avg. like is -37.8779 over 586 frames.
LOG (sgmm2-acc-stats:main():sgmm2-acc-stats.cc:194) Processed 8950 utterances; for utterance anonymous1229-25561208-ayf-b0287 avg. like is -32.0197 over 648 frames.
LOG (sgmm2-acc-stats:main():sgmm2-acc-stats.cc:194) Processed 9000 utterances; for utterance apdsqueaky-20151112-nij-b0208 avg. like is -36.8512 over 398 frames.
LOG (sgmm2-acc-stats:main():sgmm2-acc-stats.cc:194) Processed 9050 utterances; for utterance arthur-20130509-yjj-rp-29 avg. like is -38.6862 over 661 frames.
LOG (sgmm2-acc-stats:main():sgmm2-acc-stats.cc:194) Processed 9100 utterances; for utterance asip42-20170122-zhi-rp-18 avg. like is -40.3673 over 298 frames.
LOG (sgmm2-acc-stats:main():sgmm2-acc-stats.cc:194) Processed 9150 utterances; for utterance atterer-01202007-a-rp-08 avg. like is -34.7341 over 523 frames.
LOG (sgmm2-acc-stats:main():sgmm2-acc-stats.cc:194) Processed 9200 utterances; for utterance atterer-01202007-b-vf21-27 avg. like is -38.8475 over 547 frames.
LOG (sgmm2-acc-stats:main():sgmm2-acc-stats.cc:194) Processed 9250 utterances; for utterance atterer-02052007-vf5-vf5-37 avg. like is -39.1307 over 520 frames.
LOG (sgmm2-acc-stats:main():sgmm2-acc-stats.cc:194) Processed 9300 utterances; for utterance audioodyssey-20081109-rew-a0431 avg. like is -40.9527 over 573 frames.
LOG (sgmm2-acc-stats:main():sgmm2-acc-stats.cc:194) Processed 9350 utterances; for utterance axllaruse-20140112-ced-a0498 avg. like is -38.9716 over 436 frames.
WARNING (sgmm2-acc-stats:main():sgmm2-acc-stats.cc:145) No posterior info available for utterance azmisov-20140428-hgh-b0358 (or wrong size)
LOG (sgmm2-acc-stats:main():sgmm2-acc-stats.cc:194) Processed 9400 utterances; for utterance azmisov-20140428-ovn-a0432 avg. like is -29.3899 over 473 frames.
LOG (sgmm2-acc-stats:main():sgmm2-acc-stats.cc:194) Processed 9450 utterances; for utterance azmisov-20140428-xml-b0266 avg. like is -31.6335 over 498 frames.
LOG (sgmm2-acc-stats:main():sgmm2-acc-stats.cc:194) Processed 9500 utterances; for utterance bebe-20100419-gpw-b0092 avg. like is -29.4576 over 261 frames.
LOG (sgmm2-acc-stats:main():sgmm2-acc-stats.cc:194) Processed 9550 utterances; for utterance becz03-20121205-ixj-a0179 avg. like is -33.5875 over 498 frames.
LOG (sgmm2-acc-stats:main():sgmm2-acc-stats.cc:194) Processed 9600 utterances; for utterance ben-20090326-cpr-b0144 avg. like is -34.264 over 578 frames.
LOG (sgmm2-acc-stats:main():sgmm2-acc-stats.cc:194) Processed 9650 utterances; for utterance bendra-20141108-xnz-a0426 avg. like is -46.3305 over 636 frames.
LOG (sgmm2-acc-stats:main():sgmm2-acc-stats.cc:194) Processed 9700 utterances; for utterance benkay-20090111-cc-cc-25 avg. like is -48.396 over 455 frames.
LOG (sgmm2-acc-stats:main():sgmm2-acc-stats.cc:194) Processed 9750 utterances; for utterance bennmann-20091102-apc-a0203 avg. like is -37.1981 over 361 frames.
LOG (sgmm2-acc-stats:main():sgmm2-acc-stats.cc:194) Processed 9800 utterances; for utterance bhart-20100106-djk-a0006 avg. like is -31.0909 over 473 frames.
WARNING (sgmm2-acc-stats:main():sgmm2-acc-stats.cc:145) No posterior info available for utterance bhart-20100106-ldp-rb-37 (or wrong size)
LOG (sgmm2-acc-stats:main():sgmm2-acc-stats.cc:194) Processed 9850 utterances; for utterance bhart-20100106-lpu-b0257 avg. like is -30.9052 over 436 frames.
WARNING (sgmm2-acc-stats:main():sgmm2-acc-stats.cc:145) No posterior info available for utterance bhart-20100106-qqz-b0007 (or wrong size)
LOG (sgmm2-acc-stats:main():sgmm2-acc-stats.cc:194) Processed 9900 utterances; for utterance bhart-20100106-rfx-a0412 avg. like is -32.772 over 386 frames.
LOG (sgmm2-acc-stats:main():sgmm2-acc-stats.cc:194) Processed 9950 utterances; for utterance bhart-20100108-uhg-b0386 avg. like is -35.8256 over 511 frames.
LOG (ali-to-post:main():ali-to-post.cc:65) Converted 9986 alignments.
LOG (apply-cmvn:main():apply-cmvn.cc:146) Applied cepstral mean normalization to 10002 utterances, errors on 0
WARNING (sgmm2-acc-stats:main():sgmm2-acc-stats.cc:145) No posterior info available for utterance bigmbywater-20100821-wsn-a0279 (or wrong size)
LOG (transform-feats:main():transform-feats.cc:158) Overall average [pseudo-]logdet is -95.361 over 5.34421e+06 frames.
LOG (transform-feats:main():transform-feats.cc:161) Applied transform to 10002 utterances; 0 had errors.
LOG (transform-feats:main():transform-feats.cc:158) Overall average logdet is 4.0586 over 5.34421e+06 frames.
LOG (transform-feats:main():transform-feats.cc:161) Applied transform to 10002 utterances; 0 had errors.
LOG (sgmm2-acc-stats:main():sgmm2-acc-stats.cc:203) Overall like per frame (Gaussian only) = -38.3999 over 5.33556e+06 frames.
LOG (sgmm2-acc-stats:main():sgmm2-acc-stats.cc:206) Done 9986 files, 16 with errors.
LOG (sgmm2-acc-stats:main():sgmm2-acc-stats.cc:215) Written accs.
# Accounting: time=533 threads=1
# Ended (code 0) at Sun Nov 26 08:42:19 IST 2017, elapsed time 533 seconds
