# sgmm2-acc-stats --utt2spk=ark:data/train/split2/2/utt2spk --update-flags=vwSct "--gselect=ark,s,cs:gunzip -c exp/sgmm2_4a/gselect.2.gz|" --rand-prune=0.1 exp/sgmm2_4a/1.mdl "ark,s,cs:apply-cmvn  --utt2spk=ark:data/train/split2/2/utt2spk scp:data/train/split2/2/cmvn.scp scp:data/train/split2/2/feats.scp ark:- | splice-feats  ark:- ark:- | transform-feats exp/tri3b_ali/final.mat ark:- ark:- | transform-feats --utt2spk=ark:data/train/split2/2/utt2spk ark,s,cs:exp/tri3b_ali/trans.2 ark:- ark:- |" "ark,s,cs:gunzip -c exp/sgmm2_4a/ali.2.gz | ali-to-post ark:- ark:-|" exp/sgmm2_4a/1.2.acc 
# Started at Sun Nov 26 07:31:41 IST 2017
#
sgmm2-acc-stats --utt2spk=ark:data/train/split2/2/utt2spk --update-flags=vwSct '--gselect=ark,s,cs:gunzip -c exp/sgmm2_4a/gselect.2.gz|' --rand-prune=0.1 exp/sgmm2_4a/1.mdl 'ark,s,cs:apply-cmvn  --utt2spk=ark:data/train/split2/2/utt2spk scp:data/train/split2/2/cmvn.scp scp:data/train/split2/2/feats.scp ark:- | splice-feats  ark:- ark:- | transform-feats exp/tri3b_ali/final.mat ark:- ark:- | transform-feats --utt2spk=ark:data/train/split2/2/utt2spk ark,s,cs:exp/tri3b_ali/trans.2 ark:- ark:- |' 'ark,s,cs:gunzip -c exp/sgmm2_4a/ali.2.gz | ali-to-post ark:- ark:-|' exp/sgmm2_4a/1.2.acc 
transform-feats exp/tri3b_ali/final.mat ark:- ark:- 
splice-feats ark:- ark:- 
transform-feats --utt2spk=ark:data/train/split2/2/utt2spk ark,s,cs:exp/tri3b_ali/trans.2 ark:- ark:- 
apply-cmvn --utt2spk=ark:data/train/split2/2/utt2spk scp:data/train/split2/2/cmvn.scp scp:data/train/split2/2/feats.scp ark:- 
ali-to-post ark:- ark:- 
LOG (sgmm2-acc-stats:main():sgmm2-acc-stats.cc:194) Processed 50 utterances; for utterance anonymous0310-20091105-vgd-b0145 avg. like is -40.8403 over 823 frames.
LOG (sgmm2-acc-stats:main():sgmm2-acc-stats.cc:194) Processed 100 utterances; for utterance anonymous0317-20091208-rwz-b0025 avg. like is -51.9449 over 498 frames.
LOG (sgmm2-acc-stats:main():sgmm2-acc-stats.cc:194) Processed 150 utterances; for utterance anonymous0322-20091215-jjn-a0003 avg. like is -41.1251 over 636 frames.
LOG (sgmm2-acc-stats:main():sgmm2-acc-stats.cc:194) Processed 200 utterances; for utterance anonymous0328-20091220-xjy-a0144 avg. like is -43.2838 over 536 frames.
LOG (sgmm2-acc-stats:main():sgmm2-acc-stats.cc:194) Processed 250 utterances; for utterance anonymous0334-20091226-rsc-a0510 avg. like is -39.8602 over 661 frames.
WARNING (sgmm2-acc-stats:main():sgmm2-acc-stats.cc:145) No posterior info available for utterance anonymous0337-20091227-sns-rb-08 (or wrong size)
LOG (sgmm2-acc-stats:main():sgmm2-acc-stats.cc:194) Processed 300 utterances; for utterance anonymous0339-20091230-cuj-a0487 avg. like is -44.6799 over 672 frames.
LOG (sgmm2-acc-stats:main():sgmm2-acc-stats.cc:194) Processed 350 utterances; for utterance anonymous0344-20100106-xov-a0319 avg. like is -40.6311 over 523 frames.
LOG (sgmm2-acc-stats:main():sgmm2-acc-stats.cc:194) Processed 400 utterances; for utterance anonymous0349-20100121-qfq-rp-01 avg. like is -37.2035 over 448 frames.
LOG (sgmm2-acc-stats:main():sgmm2-acc-stats.cc:194) Processed 450 utterances; for utterance anonymous0354-20100126-pba-a0195 avg. like is -35.3691 over 461 frames.
LOG (sgmm2-acc-stats:main():sgmm2-acc-stats.cc:194) Processed 500 utterances; for utterance anonymous0360-20100202-nmn-a0284 avg. like is -41.5342 over 498 frames.
LOG (sgmm2-acc-stats:main():sgmm2-acc-stats.cc:194) Processed 550 utterances; for utterance anonymous0365-20100203-ccw-a0044 avg. like is -39.6088 over 486 frames.
LOG (sgmm2-acc-stats:main():sgmm2-acc-stats.cc:194) Processed 600 utterances; for utterance anonymous0370-20100203-snu-b0039 avg. like is -40.7196 over 548 frames.
LOG (sgmm2-acc-stats:main():sgmm2-acc-stats.cc:194) Processed 650 utterances; for utterance anonymous0376-20100204-oyj-a0121 avg. like is -37.6032 over 561 frames.
LOG (sgmm2-acc-stats:main():sgmm2-acc-stats.cc:194) Processed 700 utterances; for utterance anonymous0382-20100205-xaw-b0007 avg. like is -35.8038 over 448 frames.
WARNING (sgmm2-acc-stats:main():sgmm2-acc-stats.cc:145) No posterior info available for utterance anonymous0382-20100205-xaw-b0014 (or wrong size)
LOG (sgmm2-acc-stats:main():sgmm2-acc-stats.cc:194) Processed 750 utterances; for utterance anonymous0388-20100208-hoy-b0250 avg. like is -37.5496 over 436 frames.
LOG (sgmm2-acc-stats:main():sgmm2-acc-stats.cc:194) Processed 800 utterances; for utterance anonymous0393-20100216-kaa-a0126 avg. like is -37.17 over 536 frames.
LOG (sgmm2-acc-stats:main():sgmm2-acc-stats.cc:194) Processed 850 utterances; for utterance anonymous0398-20100216-ynn-ar-16 avg. like is -35.0912 over 723 frames.
WARNING (sgmm2-acc-stats:main():sgmm2-acc-stats.cc:145) No posterior info available for utterance anonymous0398-20100216-ynn-ar-18 (or wrong size)
LOG (sgmm2-acc-stats:main():sgmm2-acc-stats.cc:194) Processed 900 utterances; for utterance anonymous0403-20100221-erv-b0359 avg. like is -39.6613 over 423 frames.
LOG (sgmm2-acc-stats:main():sgmm2-acc-stats.cc:194) Processed 950 utterances; for utterance anonymous0408-20100302-dwg-b0097 avg. like is -37.0435 over 398 frames.
LOG (sgmm2-acc-stats:main():sgmm2-acc-stats.cc:194) Processed 1000 utterances; for utterance anonymous0413-20100311-nos-b0494 avg. like is -34.8249 over 573 frames.
LOG (sgmm2-acc-stats:main():sgmm2-acc-stats.cc:194) Processed 1050 utterances; for utterance anonymous0418-20100316-cns-a0296 avg. like is -37.2753 over 336 frames.
WARNING (sgmm2-acc-stats:main():sgmm2-acc-stats.cc:145) No posterior info available for utterance anonymous0421-20100324-xth-a0337 (or wrong size)
LOG (sgmm2-acc-stats:main():sgmm2-acc-stats.cc:194) Processed 1100 utterances; for utterance anonymous0424-20100330-vye-a0545 avg. like is -41.1003 over 511 frames.
LOG (sgmm2-acc-stats:main():sgmm2-acc-stats.cc:194) Processed 1150 utterances; for utterance anonymous0429-20100418-tis-a0350 avg. like is -40.8137 over 623 frames.
LOG (sgmm2-acc-stats:main():sgmm2-acc-stats.cc:194) Processed 1200 utterances; for utterance anonymous0435-20100508-znh-a0547 avg. like is -40.3955 over 948 frames.
LOG (sgmm2-acc-stats:main():sgmm2-acc-stats.cc:194) Processed 1250 utterances; for utterance anonymous0440-20100512-ady-a0182 avg. like is -35.5959 over 573 frames.
LOG (sgmm2-acc-stats:main():sgmm2-acc-stats.cc:194) Processed 1300 utterances; for utterance anonymous0445-20100518-qpt-b0276 avg. like is -36.4191 over 323 frames.
WARNING (sgmm2-acc-stats:main():sgmm2-acc-stats.cc:145) No posterior info available for utterance anonymous0446-20100521-eao-a0086 (or wrong size)
LOG (sgmm2-acc-stats:main():sgmm2-acc-stats.cc:194) Processed 1350 utterances; for utterance anonymous0450-20100601-wtj-b0010 avg. like is -35.2957 over 753 frames.
LOG (sgmm2-acc-stats:main():sgmm2-acc-stats.cc:194) Processed 1400 utterances; for utterance anonymous0455-20100602-lnl-b0444 avg. like is -37.558 over 698 frames.
LOG (sgmm2-acc-stats:main():sgmm2-acc-stats.cc:194) Processed 1450 utterances; for utterance anonymous0460-20100602-rhr-b0152 avg. like is -40.2719 over 636 frames.
LOG (sgmm2-acc-stats:main():sgmm2-acc-stats.cc:194) Processed 1500 utterances; for utterance anonymous0465-20100604-qub-b0166 avg. like is -36.2215 over 423 frames.
LOG (sgmm2-acc-stats:main():sgmm2-acc-stats.cc:194) Processed 1550 utterances; for utterance anonymous0470-20100611-gmc-a0193 avg. like is -35.1439 over 573 frames.
LOG (sgmm2-acc-stats:main():sgmm2-acc-stats.cc:194) Processed 1600 utterances; for utterance anonymous0476-20100624-iix-rp-12 avg. like is -42.2051 over 673 frames.
LOG (sgmm2-acc-stats:main():sgmm2-acc-stats.cc:194) Processed 1650 utterances; for utterance anonymous0481-20100703-cvb-b0252 avg. like is -45.9185 over 636 frames.
WARNING (sgmm2-acc-stats:main():sgmm2-acc-stats.cc:145) No posterior info available for utterance anonymous0485-20100709-jrq-a0391 (or wrong size)
LOG (sgmm2-acc-stats:main():sgmm2-acc-stats.cc:194) Processed 1700 utterances; for utterance anonymous0486-20100709-yip-a0014 avg. like is -44.6491 over 573 frames.
LOG (sgmm2-acc-stats:main():sgmm2-acc-stats.cc:194) Processed 1750 utterances; for utterance anonymous0491-20100712-vcz-a0431 avg. like is -41.645 over 286 frames.
LOG (sgmm2-acc-stats:main():sgmm2-acc-stats.cc:194) Processed 1800 utterances; for utterance anonymous0496-20100719-vdp-b0436 avg. like is -37.2372 over 411 frames.
LOG (sgmm2-acc-stats:main():sgmm2-acc-stats.cc:194) Processed 1850 utterances; for utterance anonymous0501-20100806-dqo-a0436 avg. like is -37.9009 over 398 frames.
LOG (sgmm2-acc-stats:main():sgmm2-acc-stats.cc:194) Processed 1900 utterances; for utterance anonymous0506-20100811-ezx-a0583 avg. like is -40.8023 over 686 frames.
LOG (sgmm2-acc-stats:main():sgmm2-acc-stats.cc:194) Processed 1950 utterances; for utterance anonymous0511-20100812-bhx-b0438 avg. like is -41.8438 over 623 frames.
LOG (sgmm2-acc-stats:main():sgmm2-acc-stats.cc:194) Processed 2000 utterances; for utterance anonymous0516-20100820-cnb-ar-02 avg. like is -39.8768 over 583 frames.
LOG (sgmm2-acc-stats:main():sgmm2-acc-stats.cc:194) Processed 2050 utterances; for utterance anonymous0521-20100820-hew-a0134 avg. like is -34.1623 over 411 frames.
LOG (sgmm2-acc-stats:main():sgmm2-acc-stats.cc:194) Processed 2100 utterances; for utterance anonymous0526-20100820-kke-a0044 avg. like is -39.3301 over 636 frames.
LOG (sgmm2-acc-stats:main():sgmm2-acc-stats.cc:194) Processed 2150 utterances; for utterance anonymous0531-20100820-qnp-b0080 avg. like is -41.2897 over 486 frames.
LOG (sgmm2-acc-stats:main():sgmm2-acc-stats.cc:194) Processed 2200 utterances; for utterance anonymous0536-20100821-emq-a0131 avg. like is -42.4695 over 473 frames.
LOG (sgmm2-acc-stats:main():sgmm2-acc-stats.cc:194) Processed 2250 utterances; for utterance anonymous0542-20100821-gus-a0092 avg. like is -40.5862 over 611 frames.
LOG (sgmm2-acc-stats:main():sgmm2-acc-stats.cc:194) Processed 2300 utterances; for utterance anonymous0547-20100821-mbm-a0486 avg. like is -41.6104 over 523 frames.
LOG (sgmm2-acc-stats:main():sgmm2-acc-stats.cc:194) Processed 2350 utterances; for utterance anonymous0552-20100821-rez-b0021 avg. like is -44.2765 over 411 frames.
LOG (sgmm2-acc-stats:main():sgmm2-acc-stats.cc:194) Processed 2400 utterances; for utterance anonymous0557-20100821-tub-b0441 avg. like is -42.3635 over 636 frames.
LOG (sgmm2-acc-stats:main():sgmm2-acc-stats.cc:194) Processed 2450 utterances; for utterance anonymous0562-20100821-xmv-a0531 avg. like is -44.4226 over 661 frames.
LOG (sgmm2-acc-stats:main():sgmm2-acc-stats.cc:194) Processed 2500 utterances; for utterance anonymous0567-20100828-qtg-a0347 avg. like is -38.4072 over 648 frames.
LOG (sgmm2-acc-stats:main():sgmm2-acc-stats.cc:194) Processed 2550 utterances; for utterance anonymous0572-20101002-qwp-b0160 avg. like is -41.4763 over 673 frames.
LOG (sgmm2-acc-stats:main():sgmm2-acc-stats.cc:194) Processed 2600 utterances; for utterance anonymous0577-20101011-qrd-a0391 avg. like is -43.1816 over 573 frames.
WARNING (sgmm2-acc-stats:main():sgmm2-acc-stats.cc:145) No posterior info available for utterance anonymous0577-20101011-qrd-a0394 (or wrong size)
LOG (sgmm2-acc-stats:main():sgmm2-acc-stats.cc:194) Processed 2650 utterances; for utterance anonymous0582-20101029-tkv-b0488 avg. like is -40.2146 over 761 frames.
LOG (sgmm2-acc-stats:main():sgmm2-acc-stats.cc:194) Processed 2700 utterances; for utterance anonymous0588-20101108-asx-a0127 avg. like is -38.2573 over 673 frames.
LOG (sgmm2-acc-stats:main():sgmm2-acc-stats.cc:194) Processed 2750 utterances; for utterance anonymous0593-20101112-hep-b0364 avg. like is -43.8696 over 698 frames.
LOG (sgmm2-acc-stats:main():sgmm2-acc-stats.cc:194) Processed 2800 utterances; for utterance anonymous0598-20101204-aef-a0325 avg. like is -44.4597 over 823 frames.
LOG (sgmm2-acc-stats:main():sgmm2-acc-stats.cc:194) Processed 2850 utterances; for utterance anonymous0603-20101211-mgx-a0460 avg. like is -38.4108 over 373 frames.
LOG (sgmm2-acc-stats:main():sgmm2-acc-stats.cc:194) Processed 2900 utterances; for utterance anonymous0608-20101222-tsc-a0172 avg. like is -41.5112 over 511 frames.
LOG (sgmm2-acc-stats:main():sgmm2-acc-stats.cc:194) Processed 2950 utterances; for utterance anonymous0613-20110105-pfl-rb-35 avg. like is -38.8505 over 498 frames.
LOG (sgmm2-acc-stats:main():sgmm2-acc-stats.cc:194) Processed 3000 utterances; for utterance anonymous0619-20110116-uab-b0184 avg. like is -44.313 over 561 frames.
LOG (sgmm2-acc-stats:main():sgmm2-acc-stats.cc:194) Processed 3050 utterances; for utterance anonymous0624-20110129-ies-b0050 avg. like is -48.608 over 436 frames.
LOG (sgmm2-acc-stats:main():sgmm2-acc-stats.cc:194) Processed 3100 utterances; for utterance anonymous0629-20110209-xtb-b0024 avg. like is -44.5624 over 361 frames.
LOG (sgmm2-acc-stats:main():sgmm2-acc-stats.cc:194) Processed 3150 utterances; for utterance anonymous0634-20110215-eqq-a0338 avg. like is -46.2169 over 448 frames.
LOG (sgmm2-acc-stats:main():sgmm2-acc-stats.cc:194) Processed 3200 utterances; for utterance anonymous0639-20110219-syz-b0437 avg. like is -41.6647 over 523 frames.
LOG (sgmm2-acc-stats:main():sgmm2-acc-stats.cc:194) Processed 3250 utterances; for utterance anonymous0644-20110224-dxs-a0241 avg. like is -42.0052 over 386 frames.
LOG (sgmm2-acc-stats:main():sgmm2-acc-stats.cc:194) Processed 3300 utterances; for utterance anonymous0649-20110310-gxc-a0587 avg. like is -38.7889 over 461 frames.
LOG (sgmm2-acc-stats:main():sgmm2-acc-stats.cc:194) Processed 3350 utterances; for utterance anonymous0654-20110314-wdi-rb-36 avg. like is -50.9084 over 836 frames.
LOG (sgmm2-acc-stats:main():sgmm2-acc-stats.cc:194) Processed 3400 utterances; for utterance anonymous0659-20110323-qed-a0193 avg. like is -38.95 over 298 frames.
LOG (sgmm2-acc-stats:main():sgmm2-acc-stats.cc:194) Processed 3450 utterances; for utterance anonymous0664-20110331-ons-a0156 avg. like is -39.4064 over 486 frames.
WARNING (sgmm2-acc-stats:main():sgmm2-acc-stats.cc:145) No posterior info available for utterance anonymous0666-20110406-nbk-b0405 (or wrong size)
LOG (sgmm2-acc-stats:main():sgmm2-acc-stats.cc:194) Processed 3500 utterances; for utterance anonymous0670-20110406-uwi-b0066 avg. like is -44.9992 over 398 frames.
LOG (sgmm2-acc-stats:main():sgmm2-acc-stats.cc:194) Processed 3550 utterances; for utterance anonymous0675-20110413-mnn-ar-08 avg. like is -45.4243 over 648 frames.
LOG (sgmm2-acc-stats:main():sgmm2-acc-stats.cc:194) Processed 3600 utterances; for utterance anonymous0680-20110429-oog-b0147 avg. like is -40.6999 over 436 frames.
LOG (sgmm2-acc-stats:main():sgmm2-acc-stats.cc:194) Processed 3650 utterances; for utterance anonymous0685-20110503-yro-a0030 avg. like is -38.147 over 473 frames.
LOG (sgmm2-acc-stats:main():sgmm2-acc-stats.cc:194) Processed 3700 utterances; for utterance anonymous0690-20110520-mbm-a0264 avg. like is -38.4522 over 611 frames.
WARNING (sgmm2-acc-stats:main():sgmm2-acc-stats.cc:145) No posterior info available for utterance anonymous0693-20110605-ocx-a0408 (or wrong size)
LOG (sgmm2-acc-stats:main():sgmm2-acc-stats.cc:194) Processed 3750 utterances; for utterance anonymous0695-20110614-fee-b0490 avg. like is -37.5752 over 623 frames.
LOG (sgmm2-acc-stats:main():sgmm2-acc-stats.cc:194) Processed 3800 utterances; for utterance anonymous0700-20110709-hjc-b0440 avg. like is -38.5403 over 586 frames.
WARNING (sgmm2-acc-stats:main():sgmm2-acc-stats.cc:145) No posterior info available for utterance anonymous0705-20110802-dgv-b0159 (or wrong size)
LOG (sgmm2-acc-stats:main():sgmm2-acc-stats.cc:194) Processed 3850 utterances; for utterance anonymous0705-20110802-dgv-b0164 avg. like is -42.6094 over 411 frames.
LOG (sgmm2-acc-stats:main():sgmm2-acc-stats.cc:194) Processed 3900 utterances; for utterance anonymous0710-20110815-sgs-rb-10 avg. like is -35.6928 over 561 frames.
LOG (sgmm2-acc-stats:main():sgmm2-acc-stats.cc:194) Processed 3950 utterances; for utterance anonymous0715-20110826-qjl-a0522 avg. like is -39.1848 over 561 frames.
LOG (sgmm2-acc-stats:main():sgmm2-acc-stats.cc:194) Processed 4000 utterances; for utterance anonymous0721-20110907-cgh-a0540 avg. like is -44.4104 over 498 frames.
WARNING (sgmm2-acc-stats:main():sgmm2-acc-stats.cc:145) No posterior info available for utterance anonymous0724-20110914-cym-a0589 (or wrong size)
WARNING (sgmm2-acc-stats:main():sgmm2-acc-stats.cc:145) No posterior info available for utterance anonymous0724-20110914-cym-a0590 (or wrong size)
LOG (sgmm2-acc-stats:main():sgmm2-acc-stats.cc:194) Processed 4050 utterances; for utterance anonymous0726-20110917-ikt-a0564 avg. like is -39.5071 over 498 frames.
LOG (sgmm2-acc-stats:main():sgmm2-acc-stats.cc:194) Processed 4100 utterances; for utterance anonymous0731-20110926-axo-b0514 avg. like is -50.72 over 411 frames.
LOG (sgmm2-acc-stats:main():sgmm2-acc-stats.cc:194) Processed 4150 utterances; for utterance anonymous0736-20110927-cqd-a0320 avg. like is -38.7648 over 548 frames.
LOG (sgmm2-acc-stats:main():sgmm2-acc-stats.cc:194) Processed 4200 utterances; for utterance anonymous0741-20111006-jpt-a0029 avg. like is -42.4348 over 511 frames.
LOG (sgmm2-acc-stats:main():sgmm2-acc-stats.cc:194) Processed 4250 utterances; for utterance anonymous0746-20111012-gud-b0371 avg. like is -41.7167 over 623 frames.
LOG (sgmm2-acc-stats:main():sgmm2-acc-stats.cc:194) Processed 4300 utterances; for utterance anonymous0751-20111015-spi-b0442 avg. like is -36.7648 over 523 frames.
LOG (sgmm2-acc-stats:main():sgmm2-acc-stats.cc:194) Processed 4350 utterances; for utterance anonymous0756-20111016-vzt-b0120 avg. like is -40.8018 over 598 frames.
LOG (sgmm2-acc-stats:main():sgmm2-acc-stats.cc:194) Processed 4400 utterances; for utterance anonymous0761-20111028-bgn-a0121 avg. like is -35.0345 over 673 frames.
LOG (sgmm2-acc-stats:main():sgmm2-acc-stats.cc:194) Processed 4450 utterances; for utterance anonymous0767-20111029-ihf-b0045 avg. like is -33.2565 over 523 frames.
LOG (sgmm2-acc-stats:main():sgmm2-acc-stats.cc:194) Processed 4500 utterances; for utterance anonymous0772-20111029-rer-a0404 avg. like is -34.6695 over 736 frames.
LOG (sgmm2-acc-stats:main():sgmm2-acc-stats.cc:194) Processed 4550 utterances; for utterance anonymous0777-20111030-fki-a0549 avg. like is -34.1326 over 648 frames.
LOG (sgmm2-acc-stats:main():sgmm2-acc-stats.cc:194) Processed 4600 utterances; for utterance anonymous0782-20111102-hjx-b0429 avg. like is -46.2197 over 686 frames.
LOG (sgmm2-acc-stats:main():sgmm2-acc-stats.cc:194) Processed 4650 utterances; for utterance anonymous0788-20111106-crv-a0065 avg. like is -43.5383 over 561 frames.
LOG (sgmm2-acc-stats:main():sgmm2-acc-stats.cc:194) Processed 4700 utterances; for utterance anonymous0793-20111109-foc-a0319 avg. like is -41.5176 over 573 frames.
LOG (sgmm2-acc-stats:main():sgmm2-acc-stats.cc:194) Processed 4750 utterances; for utterance anonymous0798-20111115-uzp-a0560 avg. like is -38.2344 over 649 frames.
WARNING (sgmm2-acc-stats:main():sgmm2-acc-stats.cc:145) No posterior info available for utterance anonymous0802-20111128-lhl-a0266 (or wrong size)
LOG (sgmm2-acc-stats:main():sgmm2-acc-stats.cc:194) Processed 4800 utterances; for utterance anonymous0803-20111129-eys-a0052 avg. like is -45.7939 over 373 frames.
LOG (sgmm2-acc-stats:main():sgmm2-acc-stats.cc:194) Processed 4850 utterances; for utterance anonymous0808-20111207-qbi-a0452 avg. like is -46.8915 over 312 frames.
LOG (sgmm2-acc-stats:main():sgmm2-acc-stats.cc:194) Processed 4900 utterances; for utterance anonymous0814-20111229-nyb-a0495 avg. like is -44.2165 over 623 frames.
LOG (sgmm2-acc-stats:main():sgmm2-acc-stats.cc:194) Processed 4950 utterances; for utterance anonymous0819-20111230-vmk-b0481 avg. like is -40.183 over 536 frames.
LOG (sgmm2-acc-stats:main():sgmm2-acc-stats.cc:194) Processed 5000 utterances; for utterance anonymous0824-20120108-ros-a0091 avg. like is -44.8498 over 411 frames.
LOG (sgmm2-acc-stats:main():sgmm2-acc-stats.cc:194) Processed 5050 utterances; for utterance anonymous0829-20120118-jiq-b0366 avg. like is -39.4472 over 727 frames.
LOG (sgmm2-acc-stats:main():sgmm2-acc-stats.cc:194) Processed 5100 utterances; for utterance anonymous0834-20120121-qjw-a0502 avg. like is -45.3733 over 761 frames.
LOG (sgmm2-acc-stats:main():sgmm2-acc-stats.cc:194) Processed 5150 utterances; for utterance anonymous0839-20120210-iop-b0331 avg. like is -40.5874 over 740 frames.
LOG (sgmm2-acc-stats:main():sgmm2-acc-stats.cc:194) Processed 5200 utterances; for utterance anonymous0844-20120219-qvz-b0264 avg. like is -38.7514 over 536 frames.
WARNING (sgmm2-acc-stats:main():sgmm2-acc-stats.cc:145) No posterior info available for utterance anonymous0848-20120226-czq-b0225 (or wrong size)
LOG (sgmm2-acc-stats:main():sgmm2-acc-stats.cc:194) Processed 5250 utterances; for utterance anonymous0849-20120226-pbn-a0577 avg. like is -43.3115 over 766 frames.
LOG (sgmm2-acc-stats:main():sgmm2-acc-stats.cc:194) Processed 5300 utterances; for utterance anonymous0854-20120302-psz-a0079 avg. like is -39.9802 over 350 frames.
LOG (sgmm2-acc-stats:main():sgmm2-acc-stats.cc:194) Processed 5350 utterances; for utterance anonymous0859-20120312-ksx-b0276 avg. like is -38.9082 over 336 frames.
LOG (sgmm2-acc-stats:main():sgmm2-acc-stats.cc:194) Processed 5400 utterances; for utterance anonymous0864-20120324-poc-b0265 avg. like is -44.4963 over 428 frames.
LOG (sgmm2-acc-stats:main():sgmm2-acc-stats.cc:194) Processed 5450 utterances; for utterance anonymous0869-20120326-yiz-rp-27 avg. like is -44.1137 over 611 frames.
LOG (sgmm2-acc-stats:main():sgmm2-acc-stats.cc:194) Processed 5500 utterances; for utterance anonymous0874-20120410-thd-b0066 avg. like is -41.1505 over 611 frames.
LOG (sgmm2-acc-stats:main():sgmm2-acc-stats.cc:194) Processed 5550 utterances; for utterance anonymous0879-20120416-ydz-b0465 avg. like is -43.5698 over 586 frames.
LOG (sgmm2-acc-stats:main():sgmm2-acc-stats.cc:194) Processed 5600 utterances; for utterance anonymous0884-20120423-liq-b0504 avg. like is -44.8558 over 586 frames.
LOG (sgmm2-acc-stats:main():sgmm2-acc-stats.cc:194) Processed 5650 utterances; for utterance anonymous0889-20120430-nio-a0211 avg. like is -42.5251 over 636 frames.
LOG (sgmm2-acc-stats:main():sgmm2-acc-stats.cc:194) Processed 5700 utterances; for utterance anonymous0895-20120508-gjp-rp-01 avg. like is -40.0684 over 461 frames.
LOG (sgmm2-acc-stats:main():sgmm2-acc-stats.cc:194) Processed 5750 utterances; for utterance anonymous0900-20120518-vwq-b0044 avg. like is -37.0063 over 473 frames.
LOG (sgmm2-acc-stats:main():sgmm2-acc-stats.cc:194) Processed 5800 utterances; for utterance anonymous0905-20120602-nvp-a0374 avg. like is -36.6697 over 523 frames.
LOG (sgmm2-acc-stats:main():sgmm2-acc-stats.cc:194) Processed 5850 utterances; for utterance anonymous0910-20120607-rmv-a0232 avg. like is -33.0543 over 461 frames.
LOG (sgmm2-acc-stats:main():sgmm2-acc-stats.cc:194) Processed 5900 utterances; for utterance anonymous0916-20120615-een-a0496 avg. like is -34.8562 over 448 frames.
LOG (sgmm2-acc-stats:main():sgmm2-acc-stats.cc:194) Processed 5950 utterances; for utterance anonymous0921-20120623-zyi-b0125 avg. like is -39.4841 over 673 frames.
LOG (sgmm2-acc-stats:main():sgmm2-acc-stats.cc:194) Processed 6000 utterances; for utterance anonymous0926-20120704-odg-b0194 avg. like is -39.7228 over 411 frames.
LOG (sgmm2-acc-stats:main():sgmm2-acc-stats.cc:194) Processed 6050 utterances; for utterance anonymous0931-20120710-pqo-ar-19 avg. like is -42.6994 over 823 frames.
LOG (sgmm2-acc-stats:main():sgmm2-acc-stats.cc:194) Processed 6100 utterances; for utterance anonymous0937-20120729-blv-a0085 avg. like is -44.0629 over 486 frames.
LOG (sgmm2-acc-stats:main():sgmm2-acc-stats.cc:194) Processed 6150 utterances; for utterance anonymous0942-20120810-nuq-a0093 avg. like is -52.7627 over 448 frames.
LOG (sgmm2-acc-stats:main():sgmm2-acc-stats.cc:194) Processed 6200 utterances; for utterance anonymous0947-20120907-txv-a0528 avg. like is -44.4102 over 636 frames.
LOG (sgmm2-acc-stats:main():sgmm2-acc-stats.cc:194) Processed 6250 utterances; for utterance anonymous0952-20120922-ydr-a0245 avg. like is -43.8443 over 748 frames.
LOG (sgmm2-acc-stats:main():sgmm2-acc-stats.cc:194) Processed 6300 utterances; for utterance anonymous0957-20120926-xtm-a0411 avg. like is -37.4998 over 786 frames.
LOG (sgmm2-acc-stats:main():sgmm2-acc-stats.cc:194) Processed 6350 utterances; for utterance anonymous0962-20121011-hkf-b0173 avg. like is -44.7874 over 411 frames.
LOG (sgmm2-acc-stats:main():sgmm2-acc-stats.cc:194) Processed 6400 utterances; for utterance anonymous0967-20121015-gji-a0477 avg. like is -42.7037 over 898 frames.
LOG (sgmm2-acc-stats:main():sgmm2-acc-stats.cc:194) Processed 6450 utterances; for utterance anonymous0972-20121022-dnj-a0381 avg. like is -41.0918 over 261 frames.
LOG (sgmm2-acc-stats:main():sgmm2-acc-stats.cc:194) Processed 6500 utterances; for utterance anonymous0977-20121023-nvf-b0033 avg. like is -38.0368 over 436 frames.
LOG (sgmm2-acc-stats:main():sgmm2-acc-stats.cc:194) Processed 6550 utterances; for utterance anonymous0982-20121028-ohv-a0458 avg. like is -42.5792 over 548 frames.
LOG (sgmm2-acc-stats:main():sgmm2-acc-stats.cc:194) Processed 6600 utterances; for utterance anonymous0987-20121112-qad-b0498 avg. like is -45.2371 over 748 frames.
LOG (sgmm2-acc-stats:main():sgmm2-acc-stats.cc:194) Processed 6650 utterances; for utterance anonymous0993-20121113-olg-a0104 avg. like is -39.4855 over 811 frames.
LOG (sgmm2-acc-stats:main():sgmm2-acc-stats.cc:194) Processed 6700 utterances; for utterance anonymous0998-20121120-jtl-a0093 avg. like is -39.0098 over 498 frames.
LOG (sgmm2-acc-stats:main():sgmm2-acc-stats.cc:194) Processed 6750 utterances; for utterance anonymous1003-20121130-cao-a0118 avg. like is -39.1674 over 498 frames.
LOG (sgmm2-acc-stats:main():sgmm2-acc-stats.cc:194) Processed 6800 utterances; for utterance anonymous1008-20121211-qbw-a0157 avg. like is -50.2733 over 486 frames.
LOG (sgmm2-acc-stats:main():sgmm2-acc-stats.cc:194) Processed 6850 utterances; for utterance anonymous1013-20121230-ksv-b0188 avg. like is -44 over 886 frames.
LOG (sgmm2-acc-stats:main():sgmm2-acc-stats.cc:194) Processed 6900 utterances; for utterance anonymous1018-20130106-stv-a0052 avg. like is -36.8278 over 461 frames.
LOG (sgmm2-acc-stats:main():sgmm2-acc-stats.cc:194) Processed 6950 utterances; for utterance anonymous1024-20130131-wxu-a0489 avg. like is -39.8413 over 623 frames.
LOG (sgmm2-acc-stats:main():sgmm2-acc-stats.cc:194) Processed 7000 utterances; for utterance anonymous1029-20130224-nwg-a0251 avg. like is -42.798 over 511 frames.
LOG (sgmm2-acc-stats:main():sgmm2-acc-stats.cc:194) Processed 7050 utterances; for utterance anonymous1034-20130409-hrd-b0061 avg. like is -51.8819 over 686 frames.
LOG (sgmm2-acc-stats:main():sgmm2-acc-stats.cc:194) Processed 7100 utterances; for utterance anonymous1039-20130426-tqu-a0009 avg. like is -42.1448 over 673 frames.
LOG (sgmm2-acc-stats:main():sgmm2-acc-stats.cc:194) Processed 7150 utterances; for utterance anonymous1044-20130512-vxo-a0585 avg. like is -37.1815 over 548 frames.
LOG (sgmm2-acc-stats:main():sgmm2-acc-stats.cc:194) Processed 7200 utterances; for utterance anonymous1049-20130524-boy-rb-25 avg. like is -42.7449 over 723 frames.
LOG (sgmm2-acc-stats:main():sgmm2-acc-stats.cc:194) Processed 7250 utterances; for utterance anonymous1054-20130527-qpa-a0176 avg. like is -39.6281 over 561 frames.
LOG (sgmm2-acc-stats:main():sgmm2-acc-stats.cc:194) Processed 7300 utterances; for utterance anonymous1059-20130609-avg-b0369 avg. like is -42.71 over 573 frames.
LOG (sgmm2-acc-stats:main():sgmm2-acc-stats.cc:194) Processed 7350 utterances; for utterance anonymous1064-20130623-htg-a0239 avg. like is -43.3074 over 698 frames.
LOG (sgmm2-acc-stats:main():sgmm2-acc-stats.cc:194) Processed 7400 utterances; for utterance anonymous1069-20130703-jzv-a0345 avg. like is -40.2522 over 598 frames.
LOG (sgmm2-acc-stats:main():sgmm2-acc-stats.cc:194) Processed 7450 utterances; for utterance anonymous1074-20130717-kqk-a0142 avg. like is -41.8623 over 461 frames.
LOG (sgmm2-acc-stats:main():sgmm2-acc-stats.cc:194) Processed 7500 utterances; for utterance anonymous1079-20130812-cjv-rb-14 avg. like is -37.194 over 711 frames.
LOG (sgmm2-acc-stats:main():sgmm2-acc-stats.cc:194) Processed 7550 utterances; for utterance anonymous1085-20130824-ntg-b0042 avg. like is -42.798 over 636 frames.
LOG (sgmm2-acc-stats:main():sgmm2-acc-stats.cc:194) Processed 7600 utterances; for utterance anonymous1090-20130911-dsb-b0337 avg. like is -40.8377 over 348 frames.
LOG (sgmm2-acc-stats:main():sgmm2-acc-stats.cc:194) Processed 7650 utterances; for utterance anonymous1095-20131014-fgn-a0168 avg. like is -41.3206 over 498 frames.
LOG (sgmm2-acc-stats:main():sgmm2-acc-stats.cc:194) Processed 7700 utterances; for utterance anonymous1100-20131029-wcc-b0350 avg. like is -43.8676 over 511 frames.
LOG (sgmm2-acc-stats:main():sgmm2-acc-stats.cc:194) Processed 7750 utterances; for utterance anonymous1105-20131116-mig-a0003 avg. like is -40.4792 over 698 frames.
LOG (sgmm2-acc-stats:main():sgmm2-acc-stats.cc:194) Processed 7800 utterances; for utterance anonymous1110-20131208-zym-b0269 avg. like is -40.6121 over 536 frames.
LOG (sgmm2-acc-stats:main():sgmm2-acc-stats.cc:194) Processed 7850 utterances; for utterance anonymous1115-20131221-eij-b0006 avg. like is -47.6395 over 548 frames.
LOG (sgmm2-acc-stats:main():sgmm2-acc-stats.cc:194) Processed 7900 utterances; for utterance anonymous1121-20140104-cje-a0325 avg. like is -56.3562 over 523 frames.
LOG (sgmm2-acc-stats:main():sgmm2-acc-stats.cc:194) Processed 7950 utterances; for utterance anonymous1126-20140108-jfd-a0438 avg. like is -39.8714 over 586 frames.
LOG (sgmm2-acc-stats:main():sgmm2-acc-stats.cc:194) Processed 8000 utterances; for utterance anonymous1131-20140127-vtg-b0448 avg. like is -45.8036 over 486 frames.
LOG (sgmm2-acc-stats:main():sgmm2-acc-stats.cc:194) Processed 8050 utterances; for utterance anonymous1136-20140308-uoq-a0184 avg. like is -44.1138 over 586 frames.
LOG (sgmm2-acc-stats:main():sgmm2-acc-stats.cc:194) Processed 8100 utterances; for utterance anonymous1141-20140411-qxf-b0352 avg. like is -45.0023 over 461 frames.
LOG (sgmm2-acc-stats:main():sgmm2-acc-stats.cc:194) Processed 8150 utterances; for utterance anonymous1146-20140513-hdn-a0310 avg. like is -37.0654 over 536 frames.
LOG (sgmm2-acc-stats:main():sgmm2-acc-stats.cc:194) Processed 8200 utterances; for utterance anonymous1151-20140523-iqs-b0532 avg. like is -46.5666 over 573 frames.
LOG (sgmm2-acc-stats:main():sgmm2-acc-stats.cc:194) Processed 8250 utterances; for utterance anonymous1156-20140601-rup-a0437 avg. like is -39.6398 over 773 frames.
LOG (sgmm2-acc-stats:main():sgmm2-acc-stats.cc:194) Processed 8300 utterances; for utterance anonymous1161-20140729-bnk-a0207 avg. like is -35.7307 over 311 frames.
LOG (sgmm2-acc-stats:main():sgmm2-acc-stats.cc:194) Processed 8350 utterances; for utterance anonymous1166-20140729-yrm-a0579 avg. like is -38.86 over 361 frames.
LOG (sgmm2-acc-stats:main():sgmm2-acc-stats.cc:194) Processed 8400 utterances; for utterance anonymous1171-20141005-zhl-rb-28 avg. like is -39.7782 over 661 frames.
LOG (sgmm2-acc-stats:main():sgmm2-acc-stats.cc:194) Processed 8450 utterances; for utterance anonymous1176-20141029-pyl-a0327 avg. like is -38.9354 over 473 frames.
LOG (sgmm2-acc-stats:main():sgmm2-acc-stats.cc:194) Processed 8500 utterances; for utterance anonymous1181-20141215-bme-b0022 avg. like is -40.8285 over 573 frames.
LOG (sgmm2-acc-stats:main():sgmm2-acc-stats.cc:194) Processed 8550 utterances; for utterance anonymous1188-20150128-ufr-b0208 avg. like is -40.314 over 411 frames.
LOG (sgmm2-acc-stats:main():sgmm2-acc-stats.cc:194) Processed 8600 utterances; for utterance anonymous1193-20150317-dgc-b0184 avg. like is -41.2978 over 586 frames.
WARNING (sgmm2-acc-stats:main():sgmm2-acc-stats.cc:145) No posterior info available for utterance anonymous1196-20150417-qko-a0542 (or wrong size)
WARNING (sgmm2-acc-stats:main():sgmm2-acc-stats.cc:145) No posterior info available for utterance anonymous1196-20150417-qko-a0543 (or wrong size)
WARNING (sgmm2-acc-stats:main():sgmm2-acc-stats.cc:145) No posterior info available for utterance anonymous1196-20150417-qko-a0545 (or wrong size)
WARNING (sgmm2-acc-stats:main():sgmm2-acc-stats.cc:145) No posterior info available for utterance anonymous1196-20150417-qko-a0547 (or wrong size)
WARNING (sgmm2-acc-stats:main():sgmm2-acc-stats.cc:145) No posterior info available for utterance anonymous1196-20150417-qko-a0548 (or wrong size)
LOG (sgmm2-acc-stats:main():sgmm2-acc-stats.cc:194) Processed 8650 utterances; for utterance anonymous1199-20150512-eab-a0554 avg. like is -36.6858 over 698 frames.
LOG (sgmm2-acc-stats:main():sgmm2-acc-stats.cc:194) Processed 8700 utterances; for utterance anonymous1204-20150603-okn-a0239 avg. like is -40.4822 over 686 frames.
LOG (sgmm2-acc-stats:main():sgmm2-acc-stats.cc:194) Processed 8750 utterances; for utterance anonymous1209-20151017-teq-b0080 avg. like is -40.6519 over 523 frames.
LOG (sgmm2-acc-stats:main():sgmm2-acc-stats.cc:194) Processed 8800 utterances; for utterance anonymous1214-20160104-ert-b0287 avg. like is -37.0458 over 461 frames.
LOG (sgmm2-acc-stats:main():sgmm2-acc-stats.cc:194) Processed 8850 utterances; for utterance anonymous1220-20161109-etd-e0492 avg. like is -41.2526 over 523 frames.
LOG (sgmm2-acc-stats:main():sgmm2-acc-stats.cc:194) Processed 8900 utterances; for utterance anonymous1225-20170610-njb-en-0241 avg. like is -37.2084 over 386 frames.
LOG (sgmm2-acc-stats:main():sgmm2-acc-stats.cc:194) Processed 8950 utterances; for utterance anthonyschaller-20071221--a0492 avg. like is -42.8489 over 248 frames.
LOG (sgmm2-acc-stats:main():sgmm2-acc-stats.cc:194) Processed 9000 utterances; for utterance apdsqueaky-20151112-wjo-a0563 avg. like is -40.3268 over 498 frames.
LOG (sgmm2-acc-stats:main():sgmm2-acc-stats.cc:194) Processed 9050 utterances; for utterance asip42-20170122-hhw-e0624 avg. like is -43.6575 over 473 frames.
LOG (sgmm2-acc-stats:main():sgmm2-acc-stats.cc:194) Processed 9100 utterances; for utterance asladic-20100311-bfp-b0137 avg. like is -39.4088 over 361 frames.
LOG (sgmm2-acc-stats:main():sgmm2-acc-stats.cc:194) Processed 9150 utterances; for utterance atterer-01202007-a-rp-15 avg. like is -36.9167 over 540 frames.
LOG (sgmm2-acc-stats:main():sgmm2-acc-stats.cc:194) Processed 9200 utterances; for utterance atterer-01202007-b-vf21-34 avg. like is -40.5133 over 620 frames.
LOG (sgmm2-acc-stats:main():sgmm2-acc-stats.cc:194) Processed 9250 utterances; for utterance atterer-21012007-vf22-vf22-04 avg. like is -40.3555 over 393 frames.
LOG (sgmm2-acc-stats:main():sgmm2-acc-stats.cc:194) Processed 9300 utterances; for utterance avsa242-20071208-cc-04 avg. like is -37.2932 over 442 frames.
LOG (sgmm2-acc-stats:main():sgmm2-acc-stats.cc:194) Processed 9350 utterances; for utterance azmisov-20140428-cyp-a0007 avg. like is -39.9086 over 473 frames.
WARNING (sgmm2-acc-stats:main():sgmm2-acc-stats.cc:145) No posterior info available for utterance azmisov-20140428-hgh-b0358 (or wrong size)
LOG (sgmm2-acc-stats:main():sgmm2-acc-stats.cc:194) Processed 9400 utterances; for utterance azmisov-20140428-pdb-b0115 avg. like is -38.7237 over 448 frames.
LOG (sgmm2-acc-stats:main():sgmm2-acc-stats.cc:194) Processed 9450 utterances; for utterance azmisov-20140430-mqe-a0129 avg. like is -38.3351 over 373 frames.
LOG (sgmm2-acc-stats:main():sgmm2-acc-stats.cc:194) Processed 9500 utterances; for utterance bebe-20100419-nrh-b0509 avg. like is -37.5761 over 398 frames.
LOG (sgmm2-acc-stats:main():sgmm2-acc-stats.cc:194) Processed 9550 utterances; for utterance becz03-20121205-xvx-a0143 avg. like is -35.1854 over 486 frames.
LOG (sgmm2-acc-stats:main():sgmm2-acc-stats.cc:194) Processed 9600 utterances; for utterance ben-20090326-hxc-b0157 avg. like is -35.9727 over 604 frames.
LOG (sgmm2-acc-stats:main():sgmm2-acc-stats.cc:194) Processed 9650 utterances; for utterance benkay-20090111-ar-ar-06 avg. like is -45.5466 over 324 frames.
LOG (sgmm2-acc-stats:main():sgmm2-acc-stats.cc:194) Processed 9700 utterances; for utterance benkay-20090111-cc-cc-32 avg. like is -47.9922 over 545 frames.
LOG (sgmm2-acc-stats:main():sgmm2-acc-stats.cc:194) Processed 9750 utterances; for utterance bennmann-20091102-ksm-b0364 avg. like is -45.5391 over 511 frames.
LOG (sgmm2-acc-stats:main():sgmm2-acc-stats.cc:194) Processed 9800 utterances; for utterance bhart-20100106-giy-a0079 avg. like is -24.3976 over 336 frames.
WARNING (sgmm2-acc-stats:main():sgmm2-acc-stats.cc:145) No posterior info available for utterance bhart-20100106-kab-b0041 (or wrong size)
WARNING (sgmm2-acc-stats:main():sgmm2-acc-stats.cc:145) No posterior info available for utterance bhart-20100106-ldp-rb-37 (or wrong size)
LOG (sgmm2-acc-stats:main():sgmm2-acc-stats.cc:194) Processed 9850 utterances; for utterance bhart-20100106-lpu-b0265 avg. like is -37.7301 over 386 frames.
WARNING (sgmm2-acc-stats:main():sgmm2-acc-stats.cc:145) No posterior info available for utterance bhart-20100106-qqz-b0007 (or wrong size)
WARNING (sgmm2-acc-stats:main():sgmm2-acc-stats.cc:145) No posterior info available for utterance bhart-20100106-tlh-b0013 (or wrong size)
LOG (sgmm2-acc-stats:main():sgmm2-acc-stats.cc:194) Processed 9900 utterances; for utterance bhart-20100106-wrw-a0580 avg. like is -26.5836 over 311 frames.
LOG (sgmm2-acc-stats:main():sgmm2-acc-stats.cc:194) Processed 9950 utterances; for utterance bhart-20100108-xpl-rb-25 avg. like is -42.0859 over 586 frames.
WARNING (sgmm2-acc-stats:main():sgmm2-acc-stats.cc:145) No posterior info available for utterance bhart-20100108-xpl-rb-28 (or wrong size)
LOG (ali-to-post:main():ali-to-post.cc:65) Converted 9976 alignments.
LOG (apply-cmvn:main():apply-cmvn.cc:146) Applied cepstral mean normalization to 10002 utterances, errors on 0
WARNING (sgmm2-acc-stats:main():sgmm2-acc-stats.cc:145) No posterior info available for utterance bigmbywater-20100821-wsn-a0279 (or wrong size)
LOG (transform-feats:main():transform-feats.cc:158) Overall average [pseudo-]logdet is -95.361 over 5.34421e+06 frames.
LOG (transform-feats:main():transform-feats.cc:161) Applied transform to 10002 utterances; 0 had errors.
LOG (transform-feats:main():transform-feats.cc:158) Overall average logdet is 4.0586 over 5.34421e+06 frames.
LOG (transform-feats:main():transform-feats.cc:161) Applied transform to 10002 utterances; 0 had errors.
LOG (sgmm2-acc-stats:main():sgmm2-acc-stats.cc:203) Overall like per frame (Gaussian only) = -41.233 over 5.33105e+06 frames.
LOG (sgmm2-acc-stats:main():sgmm2-acc-stats.cc:206) Done 9976 files, 26 with errors.
LOG (sgmm2-acc-stats:main():sgmm2-acc-stats.cc:215) Written accs.
# Accounting: time=340 threads=1
# Ended (code 0) at Sun Nov 26 07:37:21 IST 2017, elapsed time 340 seconds
