# sgmm2-acc-stats --spk-vecs=ark:exp/sgmm2_4a/vecs.1 --utt2spk=ark:data/train/split2/1/utt2spk --update-flags=vNwSctu "--gselect=ark,s,cs:gunzip -c exp/sgmm2_4a/gselect.1.gz|" --rand-prune=0.1 exp/sgmm2_4a/11.mdl "ark,s,cs:apply-cmvn  --utt2spk=ark:data/train/split2/1/utt2spk scp:data/train/split2/1/cmvn.scp scp:data/train/split2/1/feats.scp ark:- | splice-feats  ark:- ark:- | transform-feats exp/tri3b_ali/final.mat ark:- ark:- | transform-feats --utt2spk=ark:data/train/split2/1/utt2spk ark,s,cs:exp/tri3b_ali/trans.1 ark:- ark:- |" "ark,s,cs:gunzip -c exp/sgmm2_4a/ali.1.gz | ali-to-post ark:- ark:-|" exp/sgmm2_4a/11.1.acc 
# Started at Sun Nov 26 09:34:48 IST 2017
#
sgmm2-acc-stats --spk-vecs=ark:exp/sgmm2_4a/vecs.1 --utt2spk=ark:data/train/split2/1/utt2spk --update-flags=vNwSctu '--gselect=ark,s,cs:gunzip -c exp/sgmm2_4a/gselect.1.gz|' --rand-prune=0.1 exp/sgmm2_4a/11.mdl 'ark,s,cs:apply-cmvn  --utt2spk=ark:data/train/split2/1/utt2spk scp:data/train/split2/1/cmvn.scp scp:data/train/split2/1/feats.scp ark:- | splice-feats  ark:- ark:- | transform-feats exp/tri3b_ali/final.mat ark:- ark:- | transform-feats --utt2spk=ark:data/train/split2/1/utt2spk ark,s,cs:exp/tri3b_ali/trans.1 ark:- ark:- |' 'ark,s,cs:gunzip -c exp/sgmm2_4a/ali.1.gz | ali-to-post ark:- ark:-|' exp/sgmm2_4a/11.1.acc 
apply-cmvn --utt2spk=ark:data/train/split2/1/utt2spk scp:data/train/split2/1/cmvn.scp scp:data/train/split2/1/feats.scp ark:- 
transform-feats --utt2spk=ark:data/train/split2/1/utt2spk ark,s,cs:exp/tri3b_ali/trans.1 ark:- ark:- 
transform-feats exp/tri3b_ali/final.mat ark:- ark:- 
splice-feats ark:- ark:- 
ali-to-post ark:- ark:- 
LOG (sgmm2-acc-stats:main():sgmm2-acc-stats.cc:194) Processed 50 utterances; for utterance 314piwm-20130617-xuo-b0253 avg. like is -43.0692 over 548 frames.
LOG (sgmm2-acc-stats:main():sgmm2-acc-stats.cc:194) Processed 100 utterances; for utterance Aaron-20080318-liy-b0411 avg. like is -34.2292 over 425 frames.
LOG (sgmm2-acc-stats:main():sgmm2-acc-stats.cc:194) Processed 150 utterances; for utterance AdrianMcNear-20091016-psv-a0581 avg. like is -37.1468 over 1036 frames.
LOG (sgmm2-acc-stats:main():sgmm2-acc-stats.cc:194) Processed 200 utterances; for utterance Angus-20080320-ndd-a0340 avg. like is -34.6802 over 423 frames.
LOG (sgmm2-acc-stats:main():sgmm2-acc-stats.cc:194) Processed 250 utterances; for utterance Anniepoo-20140308-fcp-a0068 avg. like is -36.3318 over 436 frames.
LOG (sgmm2-acc-stats:main():sgmm2-acc-stats.cc:194) Processed 300 utterances; for utterance Apple_Eater-20091026-yul-a0061 avg. like is -40.1914 over 476 frames.
LOG (sgmm2-acc-stats:main():sgmm2-acc-stats.cc:194) Processed 350 utterances; for utterance B-20091221-pxt-b0226 avg. like is -37.6482 over 527 frames.
LOG (sgmm2-acc-stats:main():sgmm2-acc-stats.cc:194) Processed 400 utterances; for utterance BFG-20120316-bdl-a0017 avg. like is -37.5695 over 661 frames.
LOG (sgmm2-acc-stats:main():sgmm2-acc-stats.cc:194) Processed 450 utterances; for utterance Bahoke-20130721-mba-a0355 avg. like is -39.9245 over 336 frames.
LOG (sgmm2-acc-stats:main():sgmm2-acc-stats.cc:194) Processed 500 utterances; for utterance Bahoke-20130721-wit-a0534 avg. like is -32.1362 over 298 frames.
LOG (sgmm2-acc-stats:main():sgmm2-acc-stats.cc:194) Processed 550 utterances; for utterance Bitbrit-20090528-fsw-b0046 avg. like is -46.8933 over 398 frames.
LOG (sgmm2-acc-stats:main():sgmm2-acc-stats.cc:194) Processed 600 utterances; for utterance Blenderkitty-20090615-tsi-a0464 avg. like is -43.7239 over 486 frames.
LOG (sgmm2-acc-stats:main():sgmm2-acc-stats.cc:194) Processed 650 utterances; for utterance BlindPilot-20100610-kko-a0350 avg. like is -45.8087 over 586 frames.
LOG (sgmm2-acc-stats:main():sgmm2-acc-stats.cc:194) Processed 700 utterances; for utterance Bob-20100106-mwu-a0361 avg. like is -39.9631 over 523 frames.
LOG (sgmm2-acc-stats:main():sgmm2-acc-stats.cc:194) Processed 750 utterances; for utterance Bossalicious-20151224-tul-b0282 avg. like is -46.3946 over 511 frames.
LOG (sgmm2-acc-stats:main():sgmm2-acc-stats.cc:194) Processed 800 utterances; for utterance BradenJH-20110519-hvn-a0586 avg. like is -35.9776 over 373 frames.
LOG (sgmm2-acc-stats:main():sgmm2-acc-stats.cc:194) Processed 850 utterances; for utterance CNJ-20120418-fce-a0547 avg. like is -33.3626 over 792 frames.
LOG (sgmm2-acc-stats:main():sgmm2-acc-stats.cc:194) Processed 900 utterances; for utterance CarlFK-20080617-tus-b0032 avg. like is -38.7662 over 322 frames.
LOG (sgmm2-acc-stats:main():sgmm2-acc-stats.cc:194) Processed 950 utterances; for utterance Catbells-20110604-gtl-a0084 avg. like is -38.7306 over 673 frames.
LOG (sgmm2-acc-stats:main():sgmm2-acc-stats.cc:194) Processed 1000 utterances; for utterance Catbells-20110803-vxj-a0364 avg. like is -36.6145 over 561 frames.
LOG (sgmm2-acc-stats:main():sgmm2-acc-stats.cc:194) Processed 1050 utterances; for utterance Catbells-20111012-zuc-a0455 avg. like is -34.5422 over 548 frames.
LOG (sgmm2-acc-stats:main():sgmm2-acc-stats.cc:194) Processed 1100 utterances; for utterance CbS-20120222-tqn-a0503 avg. like is -39.6095 over 666 frames.
LOG (sgmm2-acc-stats:main():sgmm2-acc-stats.cc:194) Processed 1150 utterances; for utterance CheesyBreed-20080413-rna-b0457 avg. like is -33.745 over 356 frames.
LOG (sgmm2-acc-stats:main():sgmm2-acc-stats.cc:194) Processed 1200 utterances; for utterance Chrisdan-20081210-yzd-a0355 avg. like is -35.5237 over 661 frames.
LOG (sgmm2-acc-stats:main():sgmm2-acc-stats.cc:194) Processed 1250 utterances; for utterance ColinBeckingham-20091104-fqx-a0544 avg. like is -36.1189 over 523 frames.
LOG (sgmm2-acc-stats:main():sgmm2-acc-stats.cc:194) Processed 1300 utterances; for utterance ColinBeckingham-20091211-zcy-a0410 avg. like is -36.151 over 673 frames.
LOG (sgmm2-acc-stats:main():sgmm2-acc-stats.cc:194) Processed 1350 utterances; for utterance ColinBeckingham-20091213-wdh-rp-16 avg. like is -35.5307 over 648 frames.
LOG (sgmm2-acc-stats:main():sgmm2-acc-stats.cc:194) Processed 1400 utterances; for utterance ColinBeckingham-20100116-crs-b0322 avg. like is -31.1752 over 544 frames.
LOG (sgmm2-acc-stats:main():sgmm2-acc-stats.cc:194) Processed 1450 utterances; for utterance ColinBeckingham-20100118-vib-b0359 avg. like is -33.2295 over 629 frames.
LOG (sgmm2-acc-stats:main():sgmm2-acc-stats.cc:194) Processed 1500 utterances; for utterance ColinBeckingham-20100125-dda-b0498 avg. like is -34.5661 over 962 frames.
LOG (sgmm2-acc-stats:main():sgmm2-acc-stats.cc:194) Processed 1550 utterances; for utterance ColinBeckingham-20100126-vmq-a0576 avg. like is -38.317 over 766 frames.
LOG (sgmm2-acc-stats:main():sgmm2-acc-stats.cc:194) Processed 1600 utterances; for utterance ColinBeckingham-20100128-smf-b0193 avg. like is -33.5101 over 519 frames.
LOG (sgmm2-acc-stats:main():sgmm2-acc-stats.cc:194) Processed 1650 utterances; for utterance Coren-20141121-kly-a0016 avg. like is -35.4221 over 586 frames.
LOG (sgmm2-acc-stats:main():sgmm2-acc-stats.cc:194) Processed 1700 utterances; for utterance Coren-20141121-pxp-b0470 avg. like is -35.7081 over 361 frames.
LOG (sgmm2-acc-stats:main():sgmm2-acc-stats.cc:194) Processed 1750 utterances; for utterance Coren-20141121-vvd-b0018 avg. like is -37.0415 over 411 frames.
WARNING (sgmm2-acc-stats:main():sgmm2-acc-stats.cc:145) No posterior info available for utterance CptOatmeal-20080721-vnh-a0426 (or wrong size)
LOG (sgmm2-acc-stats:main():sgmm2-acc-stats.cc:194) Processed 1800 utterances; for utterance CraigWilliamson-20110616-xht-a0167 avg. like is -40.06 over 398 frames.
LOG (sgmm2-acc-stats:main():sgmm2-acc-stats.cc:194) Processed 1850 utterances; for utterance DanR-20090223-qnv-a0200 avg. like is -48.3485 over 336 frames.
LOG (sgmm2-acc-stats:main():sgmm2-acc-stats.cc:194) Processed 1900 utterances; for utterance DanielHeath-20090118-csg-ar-18 avg. like is -46.8097 over 211 frames.
LOG (sgmm2-acc-stats:main():sgmm2-acc-stats.cc:194) Processed 1950 utterances; for utterance DavidL-20091117-bnh-b0526 avg. like is -32.0839 over 486 frames.
LOG (sgmm2-acc-stats:main():sgmm2-acc-stats.cc:194) Processed 2000 utterances; for utterance DavidL-20091117-gjs-b0188 avg. like is -31.7673 over 636 frames.
LOG (sgmm2-acc-stats:main():sgmm2-acc-stats.cc:194) Processed 2050 utterances; for utterance DavidL-20091117-wjl-a0569 avg. like is -32.6121 over 711 frames.
LOG (sgmm2-acc-stats:main():sgmm2-acc-stats.cc:194) Processed 2100 utterances; for utterance Dcoetzee-20110429-bne-b0534 avg. like is -32.674 over 548 frames.
LOG (sgmm2-acc-stats:main():sgmm2-acc-stats.cc:194) Processed 2150 utterances; for utterance Dcoetzee-20110429-cxm-a0188 avg. like is -34.0512 over 486 frames.
LOG (sgmm2-acc-stats:main():sgmm2-acc-stats.cc:194) Processed 2200 utterances; for utterance Dcoetzee-20110429-gre-a0494 avg. like is -32.9864 over 473 frames.
LOG (sgmm2-acc-stats:main():sgmm2-acc-stats.cc:194) Processed 2250 utterances; for utterance Dcoetzee-20110429-mli-b0296 avg. like is -36.8055 over 573 frames.
LOG (sgmm2-acc-stats:main():sgmm2-acc-stats.cc:194) Processed 2300 utterances; for utterance Dcoetzee-20110429-rmx-a0558 avg. like is -36.481 over 573 frames.
LOG (sgmm2-acc-stats:main():sgmm2-acc-stats.cc:194) Processed 2350 utterances; for utterance Dcoetzee-20110429-wuk-a0132 avg. like is -36.1841 over 423 frames.
LOG (sgmm2-acc-stats:main():sgmm2-acc-stats.cc:194) Processed 2400 utterances; for utterance Decent-20110516-evd-b0290 avg. like is -29.5638 over 786 frames.
LOG (sgmm2-acc-stats:main():sgmm2-acc-stats.cc:194) Processed 2450 utterances; for utterance Decent-20110516-qnp-b0067 avg. like is -31.9604 over 736 frames.
LOG (sgmm2-acc-stats:main():sgmm2-acc-stats.cc:194) Processed 2500 utterances; for utterance DeepBlue-20121003-jmk-a0049 avg. like is -53.0869 over 486 frames.
LOG (sgmm2-acc-stats:main():sgmm2-acc-stats.cc:194) Processed 2550 utterances; for utterance DermotColeman-20111125-uom-b0394 avg. like is -39.0288 over 611 frames.
LOG (sgmm2-acc-stats:main():sgmm2-acc-stats.cc:194) Processed 2600 utterances; for utterance Dra-20150325-xcm-b0111 avg. like is -31.7159 over 423 frames.
LOG (sgmm2-acc-stats:main():sgmm2-acc-stats.cc:194) Processed 2650 utterances; for utterance EFLwithErika-20120719-scv-b0009 avg. like is -39.4807 over 523 frames.
LOG (sgmm2-acc-stats:main():sgmm2-acc-stats.cc:194) Processed 2700 utterances; for utterance Edman274-20090103-vga-b0104 avg. like is -39.7797 over 527 frames.
LOG (sgmm2-acc-stats:main():sgmm2-acc-stats.cc:194) Processed 2750 utterances; for utterance EricV-20120527-stf-b0534 avg. like is -35.4515 over 586 frames.
LOG (sgmm2-acc-stats:main():sgmm2-acc-stats.cc:194) Processed 2800 utterances; for utterance Ertain-20101126-abx-b0256 avg. like is -29.1532 over 484 frames.
LOG (sgmm2-acc-stats:main():sgmm2-acc-stats.cc:194) Processed 2850 utterances; for utterance Ertain-20110719-osz-b0473 avg. like is -30.7978 over 311 frames.
LOG (sgmm2-acc-stats:main():sgmm2-acc-stats.cc:194) Processed 2900 utterances; for utterance Ertain-20140805-yaw-a0039 avg. like is -27.7342 over 436 frames.
LOG (sgmm2-acc-stats:main():sgmm2-acc-stats.cc:194) Processed 2950 utterances; for utterance Ertain-20140905-bnc-b0264 avg. like is -28.8413 over 411 frames.
LOG (sgmm2-acc-stats:main():sgmm2-acc-stats.cc:194) Processed 3000 utterances; for utterance Ertain-20170122-qmz-e0080 avg. like is -32.9778 over 798 frames.
LOG (sgmm2-acc-stats:main():sgmm2-acc-stats.cc:194) Processed 3050 utterances; for utterance Felipe-20120510-rlo-a0197 avg. like is -38.7016 over 661 frames.
LOG (sgmm2-acc-stats:main():sgmm2-acc-stats.cc:194) Processed 3100 utterances; for utterance Firefox005-20100820-wyt-a0341 avg. like is -39.7212 over 336 frames.
LOG (sgmm2-acc-stats:main():sgmm2-acc-stats.cc:194) Processed 3150 utterances; for utterance Flllapy-20140115-ttp-a0085 avg. like is -41.6208 over 361 frames.
LOG (sgmm2-acc-stats:main():sgmm2-acc-stats.cc:194) Processed 3200 utterances; for utterance GS-20130527-fxh-b0533 avg. like is -35.6178 over 711 frames.
LOG (sgmm2-acc-stats:main():sgmm2-acc-stats.cc:194) Processed 3250 utterances; for utterance GaylandGGump-20141207-jvx-a0207 avg. like is -28.7557 over 486 frames.
LOG (sgmm2-acc-stats:main():sgmm2-acc-stats.cc:194) Processed 3300 utterances; for utterance GaylandGGump-20141207-oxm-a0080 avg. like is -33.9332 over 473 frames.
LOG (sgmm2-acc-stats:main():sgmm2-acc-stats.cc:194) Processed 3350 utterances; for utterance GaylandGGump-20141207-zey-b0203 avg. like is -35.8611 over 486 frames.
LOG (sgmm2-acc-stats:main():sgmm2-acc-stats.cc:194) Processed 3400 utterances; for utterance Graham-20100520-wwj-a0044 avg. like is -29.9645 over 523 frames.
LOG (sgmm2-acc-stats:main():sgmm2-acc-stats.cc:194) Processed 3450 utterances; for utterance GusSCalabrese-20100331-jxn-b0117 avg. like is -31.4946 over 548 frames.
LOG (sgmm2-acc-stats:main():sgmm2-acc-stats.cc:194) Processed 3500 utterances; for utterance JAdamCraig-20110209-qik-a0085 avg. like is -37.7173 over 561 frames.
LOG (sgmm2-acc-stats:main():sgmm2-acc-stats.cc:194) Processed 3550 utterances; for utterance JRB-20080602-keb-a0460 avg. like is -45.0153 over 286 frames.
LOG (sgmm2-acc-stats:main():sgmm2-acc-stats.cc:194) Processed 3600 utterances; for utterance Jared-20160529-cyy-e0421 avg. like is -40.6805 over 748 frames.
LOG (sgmm2-acc-stats:main():sgmm2-acc-stats.cc:194) Processed 3650 utterances; for utterance JayCutlersBrother-20080919-bvy-b0375 avg. like is -36.275 over 223 frames.
LOG (sgmm2-acc-stats:main():sgmm2-acc-stats.cc:194) Processed 3700 utterances; for utterance JayCutlersBrother-20080919-mbz-a0072 avg. like is -39.5709 over 223 frames.
LOG (sgmm2-acc-stats:main():sgmm2-acc-stats.cc:194) Processed 3750 utterances; for utterance JayCutlersBrother-20080919-rih-b0254 avg. like is -33.9986 over 673 frames.
LOG (sgmm2-acc-stats:main():sgmm2-acc-stats.cc:194) Processed 3800 utterances; for utterance JayCutlersBrother-20080919-vdn-a0261 avg. like is -45.1542 over 211 frames.
LOG (sgmm2-acc-stats:main():sgmm2-acc-stats.cc:194) Processed 3850 utterances; for utterance Jeff-20100224-igb-b0040 avg. like is -29.04 over 573 frames.
LOG (sgmm2-acc-stats:main():sgmm2-acc-stats.cc:194) Processed 3900 utterances; for utterance JimWhite-20100807-zqj-b0318 avg. like is -30.2635 over 448 frames.
WARNING (sgmm2-acc-stats:main():sgmm2-acc-stats.cc:145) No posterior info available for utterance Joel-20080716-qoz-b0074 (or wrong size)
WARNING (sgmm2-acc-stats:main():sgmm2-acc-stats.cc:145) No posterior info available for utterance Joel-20080716-qoz-b0075 (or wrong size)
WARNING (sgmm2-acc-stats:main():sgmm2-acc-stats.cc:145) No posterior info available for utterance Joel-20080716-qoz-b0076 (or wrong size)
WARNING (sgmm2-acc-stats:main():sgmm2-acc-stats.cc:145) No posterior info available for utterance Joel-20080716-qoz-b0077 (or wrong size)
WARNING (sgmm2-acc-stats:main():sgmm2-acc-stats.cc:145) No posterior info available for utterance Joel-20080716-qoz-b0078 (or wrong size)
WARNING (sgmm2-acc-stats:main():sgmm2-acc-stats.cc:145) No posterior info available for utterance Joel-20080716-qoz-b0079 (or wrong size)
WARNING (sgmm2-acc-stats:main():sgmm2-acc-stats.cc:145) No posterior info available for utterance Joel-20080716-qoz-b0080 (or wrong size)
WARNING (sgmm2-acc-stats:main():sgmm2-acc-stats.cc:145) No posterior info available for utterance Joel-20080716-qoz-b0081 (or wrong size)
WARNING (sgmm2-acc-stats:main():sgmm2-acc-stats.cc:145) No posterior info available for utterance Joel-20080716-qoz-b0082 (or wrong size)
WARNING (sgmm2-acc-stats:main():sgmm2-acc-stats.cc:145) No posterior info available for utterance Joel-20080716-qoz-b0083 (or wrong size)
LOG (sgmm2-acc-stats:main():sgmm2-acc-stats.cc:194) Processed 3950 utterances; for utterance Kai-20111021-uex-b0169 avg. like is -38.8332 over 467 frames.
LOG (sgmm2-acc-stats:main():sgmm2-acc-stats.cc:194) Processed 4000 utterances; for utterance KenBloom-20071122-fot-b0021 avg. like is -47.6525 over 177 frames.
LOG (sgmm2-acc-stats:main():sgmm2-acc-stats.cc:194) Processed 4050 utterances; for utterance Kodiak-20100820-sll-b0271 avg. like is -37.8562 over 498 frames.
LOG (sgmm2-acc-stats:main():sgmm2-acc-stats.cc:194) Processed 4100 utterances; for utterance Krellis-20090608-wuu-a0397 avg. like is -38.7956 over 348 frames.
LOG (sgmm2-acc-stats:main():sgmm2-acc-stats.cc:194) Processed 4150 utterances; for utterance Kupiakos-20121022-wjd-b0293 avg. like is -38.8489 over 561 frames.
LOG (sgmm2-acc-stats:main():sgmm2-acc-stats.cc:194) Processed 4200 utterances; for utterance LAVEENAZ-20100515-zaq-a0105 avg. like is -41.0722 over 783 frames.
LOG (sgmm2-acc-stats:main():sgmm2-acc-stats.cc:194) Processed 4250 utterances; for utterance LAVEENAZ-20100516-yxi-b0017 avg. like is -39.2567 over 681 frames.
LOG (sgmm2-acc-stats:main():sgmm2-acc-stats.cc:194) Processed 4300 utterances; for utterance Logomancer-20100820-inh-a0074 avg. like is -34.9732 over 461 frames.
LOG (sgmm2-acc-stats:main():sgmm2-acc-stats.cc:194) Processed 4350 utterances; for utterance LukeSkywalker-20090509-sni-a0057 avg. like is -42.1846 over 286 frames.
LOG (sgmm2-acc-stats:main():sgmm2-acc-stats.cc:194) Processed 4400 utterances; for utterance LunaTick-20080326-cc-cc-13 avg. like is -34.5154 over 553 frames.
LOG (sgmm2-acc-stats:main():sgmm2-acc-stats.cc:194) Processed 4450 utterances; for utterance LunaTick-20080326-rp-rp-23 avg. like is -39.4911 over 616 frames.
LOG (sgmm2-acc-stats:main():sgmm2-acc-stats.cc:194) Processed 4500 utterances; for utterance LunaTick-20080329-vf1-vf1-40 avg. like is -37.0996 over 383 frames.
LOG (sgmm2-acc-stats:main():sgmm2-acc-stats.cc:194) Processed 4550 utterances; for utterance LunaTick-20080402-vf3-vf3-13 avg. like is -35.2618 over 436 frames.
LOG (sgmm2-acc-stats:main():sgmm2-acc-stats.cc:194) Processed 4600 utterances; for utterance LunaTick-20080410-vf10-vf10-22 avg. like is -35.9524 over 453 frames.
LOG (sgmm2-acc-stats:main():sgmm2-acc-stats.cc:194) Processed 4650 utterances; for utterance LunaTick-20080410-vf4-vf4-31 avg. like is -36.2467 over 478 frames.
LOG (sgmm2-acc-stats:main():sgmm2-acc-stats.cc:194) Processed 4700 utterances; for utterance LunaTick-20080410-vf5-vf5-40 avg. like is -37.9391 over 398 frames.
LOG (sgmm2-acc-stats:main():sgmm2-acc-stats.cc:194) Processed 4750 utterances; for utterance LunaTick-20080410-vf7-vf7-13 avg. like is -37.4372 over 408 frames.
LOG (sgmm2-acc-stats:main():sgmm2-acc-stats.cc:194) Processed 4800 utterances; for utterance MARTIN0AMY-20111106-pwg-a0495 avg. like is -37.4852 over 461 frames.
LOG (sgmm2-acc-stats:main():sgmm2-acc-stats.cc:194) Processed 4850 utterances; for utterance MahaIbrahim-20110924-eco-b0485 avg. like is -32.0983 over 561 frames.
LOG (sgmm2-acc-stats:main():sgmm2-acc-stats.cc:194) Processed 4900 utterances; for utterance MatthewBerry-20111124-pxn-a0110 avg. like is -35.8857 over 523 frames.
LOG (sgmm2-acc-stats:main():sgmm2-acc-stats.cc:194) Processed 4950 utterances; for utterance Melissa-20081211-ehn-b0377 avg. like is -35.0489 over 561 frames.
LOG (sgmm2-acc-stats:main():sgmm2-acc-stats.cc:194) Processed 5000 utterances; for utterance Mike-20081006-bym-b0498 avg. like is -46.2693 over 386 frames.
LOG (sgmm2-acc-stats:main():sgmm2-acc-stats.cc:194) Processed 5050 utterances; for utterance MrDoNotBreak-20100821-oin-a0294 avg. like is -39.6852 over 411 frames.
LOG (sgmm2-acc-stats:main():sgmm2-acc-stats.cc:194) Processed 5100 utterances; for utterance Nadim-20100515-wjj-b0173 avg. like is -34.0392 over 391 frames.
LOG (sgmm2-acc-stats:main():sgmm2-acc-stats.cc:194) Processed 5150 utterances; for utterance Nathan-20090324-ova-a0044 avg. like is -40.1715 over 461 frames.
LOG (sgmm2-acc-stats:main():sgmm2-acc-stats.cc:194) Processed 5200 utterances; for utterance NickNackGus-20120212-yct-a0554 avg. like is -44.1112 over 636 frames.
LOG (sgmm2-acc-stats:main():sgmm2-acc-stats.cc:194) Processed 5250 utterances; for utterance Paddy-20100120-msy-b0097 avg. like is -30.5344 over 623 frames.
LOG (sgmm2-acc-stats:main():sgmm2-acc-stats.cc:194) Processed 5300 utterances; for utterance PaulB-20100130-uvu-b0405 avg. like is -32.4536 over 761 frames.
LOG (sgmm2-acc-stats:main():sgmm2-acc-stats.cc:194) Processed 5350 utterances; for utterance Perygryne-20101229-wwv-a0294 avg. like is -32.771 over 411 frames.
LOG (sgmm2-acc-stats:main():sgmm2-acc-stats.cc:194) Processed 5400 utterances; for utterance PheonixK-20080824-pck-b0178 avg. like is -36.346 over 273 frames.
LOG (sgmm2-acc-stats:main():sgmm2-acc-stats.cc:194) Processed 5450 utterances; for utterance PoHandle-20091222-mex-b0438 avg. like is -30.0262 over 578 frames.
LOG (sgmm2-acc-stats:main():sgmm2-acc-stats.cc:194) Processed 5500 utterances; for utterance Q-20150512-gyj-b0074 avg. like is -41.8181 over 536 frames.
LOG (sgmm2-acc-stats:main():sgmm2-acc-stats.cc:194) Processed 5550 utterances; for utterance Q-20150514-exg-a0236 avg. like is -26.7763 over 611 frames.
LOG (sgmm2-acc-stats:main():sgmm2-acc-stats.cc:194) Processed 5600 utterances; for utterance Q-20150606-ajw-a0039 avg. like is -36.4061 over 911 frames.
LOG (sgmm2-acc-stats:main():sgmm2-acc-stats.cc:194) Processed 5650 utterances; for utterance Raedwulf-20100122-egb-b0064 avg. like is -37.2878 over 570 frames.
LOG (sgmm2-acc-stats:main():sgmm2-acc-stats.cc:194) Processed 5700 utterances; for utterance Rain-20120720-kty-a0244 avg. like is -26.8001 over 536 frames.
LOG (sgmm2-acc-stats:main():sgmm2-acc-stats.cc:194) Processed 5750 utterances; for utterance Rain-20120720-ymm-b0388 avg. like is -21.1331 over 423 frames.
LOG (sgmm2-acc-stats:main():sgmm2-acc-stats.cc:194) Processed 5800 utterances; for utterance Rhys-20170620-ouo-en-1117 avg. like is -37.3627 over 386 frames.
LOG (sgmm2-acc-stats:main():sgmm2-acc-stats.cc:194) Processed 5850 utterances; for utterance RichardPipe-20120311-hjz-b0185 avg. like is -38.6552 over 536 frames.
LOG (sgmm2-acc-stats:main():sgmm2-acc-stats.cc:194) Processed 5900 utterances; for utterance RobSmith-20091103-urx-a0412 avg. like is -40.285 over 411 frames.
LOG (sgmm2-acc-stats:main():sgmm2-acc-stats.cc:194) Processed 5950 utterances; for utterance RonnelWing-20071121-bvx-b0355 avg. like is -38.3047 over 436 frames.
LOG (sgmm2-acc-stats:main():sgmm2-acc-stats.cc:194) Processed 6000 utterances; for utterance Ryan-20100726-uru-b0232 avg. like is -30.1808 over 273 frames.
LOG (sgmm2-acc-stats:main():sgmm2-acc-stats.cc:194) Processed 6050 utterances; for utterance Saul-20080221-iiw-b0526 avg. like is -42.4392 over 411 frames.
WARNING (sgmm2-acc-stats:main():sgmm2-acc-stats.cc:145) No posterior info available for utterance Saul-20080221-xai-a0006 (or wrong size)
LOG (sgmm2-acc-stats:main():sgmm2-acc-stats.cc:194) Processed 6100 utterances; for utterance Sepero-20090315-wuu-rp-12 avg. like is -35.7537 over 706 frames.
LOG (sgmm2-acc-stats:main():sgmm2-acc-stats.cc:194) Processed 6150 utterances; for utterance Shane-20080602-rgd-b0460 avg. like is -42.4876 over 448 frames.
LOG (sgmm2-acc-stats:main():sgmm2-acc-stats.cc:194) Processed 6200 utterances; for utterance Shane-20080606-qgj-a0321 avg. like is -47.707 over 273 frames.
WARNING (sgmm2-acc-stats:main():sgmm2-acc-stats.cc:145) No posterior info available for utterance Shishir-20091211-dom-b0427 (or wrong size)
LOG (sgmm2-acc-stats:main():sgmm2-acc-stats.cc:194) Processed 6250 utterances; for utterance Simon-20081003-liu-a0189 avg. like is -41.9686 over 387 frames.
LOG (sgmm2-acc-stats:main():sgmm2-acc-stats.cc:194) Processed 6300 utterances; for utterance SohumB-20100821-tgj-a0485 avg. like is -35.988 over 519 frames.
LOG (sgmm2-acc-stats:main():sgmm2-acc-stats.cc:194) Processed 6350 utterances; for utterance StuartDundas-20110416-wek-b0010 avg. like is -38.9571 over 486 frames.
LOG (sgmm2-acc-stats:main():sgmm2-acc-stats.cc:194) Processed 6400 utterances; for utterance TamerTimo-20170702-bfi-en-0964 avg. like is -38.543 over 536 frames.
LOG (sgmm2-acc-stats:main():sgmm2-acc-stats.cc:194) Processed 6450 utterances; for utterance TechnoZeus-20090805-mir-a0076 avg. like is -38.4759 over 448 frames.
LOG (sgmm2-acc-stats:main():sgmm2-acc-stats.cc:194) Processed 6500 utterances; for utterance TechnoZeus-20090805-yad-a0269 avg. like is -37.5719 over 523 frames.
LOG (sgmm2-acc-stats:main():sgmm2-acc-stats.cc:194) Processed 6550 utterances; for utterance TheLorax-20100908-ggt-a0395 avg. like is -34.6703 over 636 frames.
LOG (sgmm2-acc-stats:main():sgmm2-acc-stats.cc:194) Processed 6600 utterances; for utterance Thomas-20080508-vzo-a0474 avg. like is -42.2313 over 365 frames.
LOG (sgmm2-acc-stats:main():sgmm2-acc-stats.cc:194) Processed 6650 utterances; for utterance TimS-20100202-akk-a0078 avg. like is -35.0133 over 536 frames.
LOG (sgmm2-acc-stats:main():sgmm2-acc-stats.cc:194) Processed 6700 utterances; for utterance TimS-20100202-tir-b0191 avg. like is -39.1715 over 673 frames.
LOG (sgmm2-acc-stats:main():sgmm2-acc-stats.cc:194) Processed 6750 utterances; for utterance Tolstyak-20130902-tmz-rp-23 avg. like is -39.9926 over 511 frames.
LOG (sgmm2-acc-stats:main():sgmm2-acc-stats.cc:194) Processed 6800 utterances; for utterance TonyV-20120504-gwy-b0449 avg. like is -39.8632 over 261 frames.
LOG (sgmm2-acc-stats:main():sgmm2-acc-stats.cc:194) Processed 6850 utterances; for utterance TrueJournals-20120611-xiu-b0050 avg. like is -33.723 over 573 frames.
LOG (sgmm2-acc-stats:main():sgmm2-acc-stats.cc:194) Processed 6900 utterances; for utterance Xeddius-20140130-cli-a0128 avg. like is -35.3154 over 573 frames.
LOG (sgmm2-acc-stats:main():sgmm2-acc-stats.cc:194) Processed 6950 utterances; for utterance aahz-20100418-xhv-a0196 avg. like is -35.1476 over 423 frames.
LOG (sgmm2-acc-stats:main():sgmm2-acc-stats.cc:194) Processed 7000 utterances; for utterance aileen-20080831-dfq-a0401 avg. like is -41.9213 over 391 frames.
LOG (sgmm2-acc-stats:main():sgmm2-acc-stats.cc:194) Processed 7050 utterances; for utterance aileen-20080831-zdn-a0121 avg. like is -40.2396 over 416 frames.
LOG (sgmm2-acc-stats:main():sgmm2-acc-stats.cc:194) Processed 7100 utterances; for utterance albert-20120314-yli-a0587 avg. like is -41.809 over 473 frames.
LOG (sgmm2-acc-stats:main():sgmm2-acc-stats.cc:194) Processed 7150 utterances; for utterance alec-20090912-otq-a0278 avg. like is -47.7586 over 261 frames.
LOG (sgmm2-acc-stats:main():sgmm2-acc-stats.cc:194) Processed 7200 utterances; for utterance allison-20120707-xik-a0189 avg. like is -36.1475 over 469 frames.
LOG (sgmm2-acc-stats:main():sgmm2-acc-stats.cc:194) Processed 7250 utterances; for utterance alphadecay-20090623-wtn-a0359 avg. like is -30.8583 over 673 frames.
LOG (sgmm2-acc-stats:main():sgmm2-acc-stats.cc:194) Processed 7300 utterances; for utterance anoldman-20110217-fbq-a0338 avg. like is -36.4245 over 459 frames.
LOG (sgmm2-acc-stats:main():sgmm2-acc-stats.cc:194) Processed 7350 utterances; for utterance anonymous0005-20071105-hwr-a0243 avg. like is -42.7267 over 273 frames.
LOG (sgmm2-acc-stats:main():sgmm2-acc-stats.cc:194) Processed 7400 utterances; for utterance anonymous0010-20080102-hrx-ar-16 avg. like is -41.7034 over 636 frames.
LOG (sgmm2-acc-stats:main():sgmm2-acc-stats.cc:194) Processed 7450 utterances; for utterance anonymous0015-20080121-cjq-b0347 avg. like is -42.1202 over 523 frames.
LOG (sgmm2-acc-stats:main():sgmm2-acc-stats.cc:194) Processed 7500 utterances; for utterance anonymous0020-20080225-awl-a0587 avg. like is -41.6957 over 348 frames.
LOG (sgmm2-acc-stats:main():sgmm2-acc-stats.cc:194) Processed 7550 utterances; for utterance anonymous0025-20080328-drd-a0470 avg. like is -41.5109 over 311 frames.
LOG (sgmm2-acc-stats:main():sgmm2-acc-stats.cc:194) Processed 7600 utterances; for utterance anonymous0030-20080403-ela-a0020 avg. like is -40.9094 over 561 frames.
LOG (sgmm2-acc-stats:main():sgmm2-acc-stats.cc:194) Processed 7650 utterances; for utterance anonymous0035-20080408-sqi-a0572 avg. like is -35.7591 over 336 frames.
WARNING (sgmm2-acc-stats:main():sgmm2-acc-stats.cc:145) No posterior info available for utterance anonymous0038-20080413-dto-a0234 (or wrong size)
LOG (sgmm2-acc-stats:main():sgmm2-acc-stats.cc:194) Processed 7700 utterances; for utterance anonymous0041-20080419-jam-a0243 avg. like is -42.2975 over 348 frames.
LOG (sgmm2-acc-stats:main():sgmm2-acc-stats.cc:194) Processed 7750 utterances; for utterance anonymous0047-20080428-rfr-b0012 avg. like is -40.0839 over 411 frames.
LOG (sgmm2-acc-stats:main():sgmm2-acc-stats.cc:194) Processed 7800 utterances; for utterance anonymous0052-20080517-tca-b0249 avg. like is -43.7628 over 208 frames.
LOG (sgmm2-acc-stats:main():sgmm2-acc-stats.cc:194) Processed 7850 utterances; for utterance anonymous0057-20080520-lsg-ar-02 avg. like is -36.7631 over 561 frames.
LOG (sgmm2-acc-stats:main():sgmm2-acc-stats.cc:194) Processed 7900 utterances; for utterance anonymous0062-20080527-okm-b0503 avg. like is -44.3098 over 386 frames.
LOG (sgmm2-acc-stats:main():sgmm2-acc-stats.cc:194) Processed 7950 utterances; for utterance anonymous0067-20080608-dya-b0251 avg. like is -41.1503 over 511 frames.
LOG (sgmm2-acc-stats:main():sgmm2-acc-stats.cc:194) Processed 8000 utterances; for utterance anonymous0072-20080612-vow-b0331 avg. like is -41.8625 over 336 frames.
LOG (sgmm2-acc-stats:main():sgmm2-acc-stats.cc:194) Processed 8050 utterances; for utterance anonymous0077-20080621-img-b0018 avg. like is -36.3842 over 316 frames.
LOG (sgmm2-acc-stats:main():sgmm2-acc-stats.cc:194) Processed 8100 utterances; for utterance anonymous0082-20080627-ysj-a0118 avg. like is -42.2069 over 192 frames.
LOG (sgmm2-acc-stats:main():sgmm2-acc-stats.cc:194) Processed 8150 utterances; for utterance anonymous0087-20080702-bam-b0273 avg. like is -43.419 over 261 frames.
WARNING (sgmm2-acc-stats:main():sgmm2-acc-stats.cc:145) No posterior info available for utterance anonymous0092-20080709-vaq-a0461 (or wrong size)
LOG (sgmm2-acc-stats:main():sgmm2-acc-stats.cc:194) Processed 8200 utterances; for utterance anonymous0093-20080712-vdc-b0448 avg. like is -43.8091 over 311 frames.
LOG (sgmm2-acc-stats:main():sgmm2-acc-stats.cc:194) Processed 8250 utterances; for utterance anonymous0098-20080801-qki-a0165 avg. like is -42.5177 over 273 frames.
LOG (sgmm2-acc-stats:main():sgmm2-acc-stats.cc:194) Processed 8300 utterances; for utterance anonymous0103-20080830-zqj-rb-35 avg. like is -46.8291 over 222 frames.
LOG (sgmm2-acc-stats:main():sgmm2-acc-stats.cc:194) Processed 8350 utterances; for utterance anonymous0108-20080906-zwn-a0376 avg. like is -38.5919 over 450 frames.
LOG (sgmm2-acc-stats:main():sgmm2-acc-stats.cc:194) Processed 8400 utterances; for utterance anonymous0114-20080914-gsb-a0438 avg. like is -49.6022 over 468 frames.
LOG (sgmm2-acc-stats:main():sgmm2-acc-stats.cc:194) Processed 8450 utterances; for utterance anonymous0119-20081003-thp-a0582 avg. like is -35.2279 over 749 frames.
LOG (sgmm2-acc-stats:main():sgmm2-acc-stats.cc:194) Processed 8500 utterances; for utterance anonymous0125-20081015-rdx-b0081 avg. like is -45.0807 over 373 frames.
LOG (sgmm2-acc-stats:main():sgmm2-acc-stats.cc:194) Processed 8550 utterances; for utterance anonymous0130-20081025-hmo-a0039 avg. like is -43.49 over 336 frames.
LOG (sgmm2-acc-stats:main():sgmm2-acc-stats.cc:194) Processed 8600 utterances; for utterance anonymous0135-20081026-qbt-a0183 avg. like is -38.793 over 248 frames.
LOG (sgmm2-acc-stats:main():sgmm2-acc-stats.cc:194) Processed 8650 utterances; for utterance anonymous0141-20081027-yle-rb-29 avg. like is -44.2957 over 656 frames.
WARNING (sgmm2-acc-stats:main():sgmm2-acc-stats.cc:145) No posterior info available for utterance anonymous0146-20081108-mph-a0227 (or wrong size)
LOG (sgmm2-acc-stats:main():sgmm2-acc-stats.cc:194) Processed 8700 utterances; for utterance anonymous0147-20081109-ekk-b0116 avg. like is -41.2406 over 320 frames.
WARNING (sgmm2-acc-stats:main():sgmm2-acc-stats.cc:145) No posterior info available for utterance anonymous0151-20081111-bnf-a0026 (or wrong size)
LOG (sgmm2-acc-stats:main():sgmm2-acc-stats.cc:194) Processed 8750 utterances; for utterance anonymous0152-20081111-hle-a0263 avg. like is -47.6429 over 386 frames.
LOG (sgmm2-acc-stats:main():sgmm2-acc-stats.cc:194) Processed 8800 utterances; for utterance anonymous0160-20081123-jam-b0448 avg. like is -45.8298 over 265 frames.
WARNING (sgmm2-acc-stats:main():sgmm2-acc-stats.cc:145) No posterior info available for utterance anonymous0165-20081209-vqq-b0228 (or wrong size)
LOG (sgmm2-acc-stats:main():sgmm2-acc-stats.cc:194) Processed 8850 utterances; for utterance anonymous0165-20081209-vqq-b0232 avg. like is -39.5394 over 271 frames.
WARNING (sgmm2-acc-stats:main():sgmm2-acc-stats.cc:145) No posterior info available for utterance anonymous0168-20081212-tss-a0393 (or wrong size)
LOG (sgmm2-acc-stats:main():sgmm2-acc-stats.cc:194) Processed 8900 utterances; for utterance anonymous0174-20090108-vtw-a0363 avg. like is -41.3701 over 323 frames.
LOG (sgmm2-acc-stats:main():sgmm2-acc-stats.cc:194) Processed 8950 utterances; for utterance anonymous0179-20090118-wgx-b0437 avg. like is -38.3384 over 476 frames.
LOG (sgmm2-acc-stats:main():sgmm2-acc-stats.cc:194) Processed 9000 utterances; for utterance anonymous0188-20090121-hkf-b0427 avg. like is -40.7362 over 586 frames.
WARNING (sgmm2-acc-stats:main():sgmm2-acc-stats.cc:145) No posterior info available for utterance anonymous0191-20090121-ncp-a0564 (or wrong size)
LOG (sgmm2-acc-stats:main():sgmm2-acc-stats.cc:194) Processed 9050 utterances; for utterance anonymous0194-20090121-pya-a0463 avg. like is -39.3934 over 486 frames.
LOG (sgmm2-acc-stats:main():sgmm2-acc-stats.cc:194) Processed 9100 utterances; for utterance anonymous0199-20090121-wjq-b0499 avg. like is -37.7437 over 461 frames.
LOG (sgmm2-acc-stats:main():sgmm2-acc-stats.cc:194) Processed 9150 utterances; for utterance anonymous0205-20090605-iyu-b0489 avg. like is -43.013 over 510 frames.
LOG (sgmm2-acc-stats:main():sgmm2-acc-stats.cc:194) Processed 9200 utterances; for utterance anonymous0211-20090610-lqq-a0290 avg. like is -37.5812 over 331 frames.
WARNING (sgmm2-acc-stats:main():sgmm2-acc-stats.cc:145) No posterior info available for utterance anonymous0215-20090623-jhj-a0286 (or wrong size)
LOG (sgmm2-acc-stats:main():sgmm2-acc-stats.cc:194) Processed 9250 utterances; for utterance anonymous0219-20090704-jan-a0335 avg. like is -39.3766 over 423 frames.
LOG (sgmm2-acc-stats:main():sgmm2-acc-stats.cc:194) Processed 9300 utterances; for utterance anonymous0225-20090711-red-b0512 avg. like is -43.5764 over 411 frames.
WARNING (sgmm2-acc-stats:main():sgmm2-acc-stats.cc:145) No posterior info available for utterance anonymous0230-20090720-lcc-a0383 (or wrong size)
LOG (sgmm2-acc-stats:main():sgmm2-acc-stats.cc:194) Processed 9350 utterances; for utterance anonymous0232-20090722-zxx-b0402 avg. like is -47.8673 over 523 frames.
LOG (sgmm2-acc-stats:main():sgmm2-acc-stats.cc:194) Processed 9400 utterances; for utterance anonymous0238-20090813-yzn-a0440 avg. like is -43.6743 over 248 frames.
LOG (sgmm2-acc-stats:main():sgmm2-acc-stats.cc:194) Processed 9450 utterances; for utterance anonymous0243-20090826-kak-a0036 avg. like is -37.3548 over 198 frames.
WARNING (sgmm2-acc-stats:main():sgmm2-acc-stats.cc:145) No posterior info available for utterance anonymous0247-20090901-fvw-rb-14 (or wrong size)
LOG (sgmm2-acc-stats:main():sgmm2-acc-stats.cc:194) Processed 9500 utterances; for utterance anonymous0250-20090901-vei-a0267 avg. like is -37.4221 over 711 frames.
WARNING (sgmm2-acc-stats:main():sgmm2-acc-stats.cc:145) No posterior info available for utterance anonymous0253-20090901-yfo-b0506 (or wrong size)
LOG (sgmm2-acc-stats:main():sgmm2-acc-stats.cc:194) Processed 9550 utterances; for utterance anonymous0257-20090902-pfo-b0278 avg. like is -40.3245 over 448 frames.
WARNING (sgmm2-acc-stats:main():sgmm2-acc-stats.cc:145) No posterior info available for utterance anonymous0257-20090902-pfo-b0282 (or wrong size)
LOG (sgmm2-acc-stats:main():sgmm2-acc-stats.cc:194) Processed 9600 utterances; for utterance anonymous0262-20090908-gfl-a0390 avg. like is -39.436 over 373 frames.
LOG (sgmm2-acc-stats:main():sgmm2-acc-stats.cc:194) Processed 9650 utterances; for utterance anonymous0267-20090917-dgm-a0552 avg. like is -41.3824 over 511 frames.
LOG (sgmm2-acc-stats:main():sgmm2-acc-stats.cc:194) Processed 9700 utterances; for utterance anonymous0273-20090917-ppu-a0193 avg. like is -35.0523 over 398 frames.
LOG (sgmm2-acc-stats:main():sgmm2-acc-stats.cc:194) Processed 9750 utterances; for utterance anonymous0278-20090917-xwg-b0321 avg. like is -40.6225 over 523 frames.
LOG (sgmm2-acc-stats:main():sgmm2-acc-stats.cc:194) Processed 9800 utterances; for utterance anonymous0283-20090919-kwi-b0414 avg. like is -41.3538 over 442 frames.
WARNING (sgmm2-acc-stats:main():sgmm2-acc-stats.cc:145) No posterior info available for utterance anonymous0285-20090919-xjn-b0346 (or wrong size)
LOG (sgmm2-acc-stats:main():sgmm2-acc-stats.cc:194) Processed 9850 utterances; for utterance anonymous0288-20090927-gzu-a0445 avg. like is -39.7722 over 382 frames.
LOG (sgmm2-acc-stats:main():sgmm2-acc-stats.cc:194) Processed 9900 utterances; for utterance anonymous0294-20091007-vwg-b0464 avg. like is -34.8614 over 311 frames.
LOG (sgmm2-acc-stats:main():sgmm2-acc-stats.cc:194) Processed 9950 utterances; for utterance anonymous0300-20091030-jmb-a0410 avg. like is -40.424 over 786 frames.
WARNING (sgmm2-acc-stats:main():sgmm2-acc-stats.cc:145) No posterior info available for utterance anonymous0303-20091102-lwb-b0445 (or wrong size)
LOG (ali-to-post:main():ali-to-post.cc:65) Converted 9985 alignments.
LOG (apply-cmvn:main():apply-cmvn.cc:146) Applied cepstral mean normalization to 10012 utterances, errors on 0
LOG (transform-feats:main():transform-feats.cc:158) Overall average [pseudo-]logdet is -95.361 over 4.92722e+06 frames.
LOG (transform-feats:main():transform-feats.cc:161) Applied transform to 10012 utterances; 0 had errors.
LOG (transform-feats:main():transform-feats.cc:158) Overall average logdet is 2.89995 over 4.92722e+06 frames.
LOG (transform-feats:main():transform-feats.cc:161) Applied transform to 10012 utterances; 0 had errors.
LOG (sgmm2-acc-stats:main():sgmm2-acc-stats.cc:203) Overall like per frame (Gaussian only) = -37.8418 over 4.91336e+06 frames.
LOG (sgmm2-acc-stats:main():sgmm2-acc-stats.cc:206) Done 9985 files, 27 with errors.
LOG (sgmm2-acc-stats:main():sgmm2-acc-stats.cc:215) Written accs.
# Accounting: time=497 threads=1
# Ended (code 0) at Sun Nov 26 09:43:05 IST 2017, elapsed time 497 seconds
