# sgmm2-acc-stats --utt2spk=ark:data/train/split2/1/utt2spk --update-flags=vwcSt "--gselect=ark,s,cs:gunzip -c exp/sgmm2_4a/gselect.1.gz|" --rand-prune=0.1 exp/sgmm2_4a/0.mdl "ark,s,cs:apply-cmvn  --utt2spk=ark:data/train/split2/1/utt2spk scp:data/train/split2/1/cmvn.scp scp:data/train/split2/1/feats.scp ark:- | splice-feats  ark:- ark:- | transform-feats exp/tri3b_ali/final.mat ark:- ark:- | transform-feats --utt2spk=ark:data/train/split2/1/utt2spk ark,s,cs:exp/tri3b_ali/trans.1 ark:- ark:- |" "ark,s,cs:gunzip -c exp/sgmm2_4a/ali.1.gz | ali-to-post ark:- ark:-|" exp/sgmm2_4a/0.1.acc 
# Started at Sun Nov 26 07:27:16 IST 2017
#
sgmm2-acc-stats --utt2spk=ark:data/train/split2/1/utt2spk --update-flags=vwcSt '--gselect=ark,s,cs:gunzip -c exp/sgmm2_4a/gselect.1.gz|' --rand-prune=0.1 exp/sgmm2_4a/0.mdl 'ark,s,cs:apply-cmvn  --utt2spk=ark:data/train/split2/1/utt2spk scp:data/train/split2/1/cmvn.scp scp:data/train/split2/1/feats.scp ark:- | splice-feats  ark:- ark:- | transform-feats exp/tri3b_ali/final.mat ark:- ark:- | transform-feats --utt2spk=ark:data/train/split2/1/utt2spk ark,s,cs:exp/tri3b_ali/trans.1 ark:- ark:- |' 'ark,s,cs:gunzip -c exp/sgmm2_4a/ali.1.gz | ali-to-post ark:- ark:-|' exp/sgmm2_4a/0.1.acc 
transform-feats exp/tri3b_ali/final.mat ark:- ark:- 
transform-feats --utt2spk=ark:data/train/split2/1/utt2spk ark,s,cs:exp/tri3b_ali/trans.1 ark:- ark:- 
apply-cmvn --utt2spk=ark:data/train/split2/1/utt2spk scp:data/train/split2/1/cmvn.scp scp:data/train/split2/1/feats.scp ark:- 
splice-feats ark:- ark:- 
ali-to-post ark:- ark:- 
LOG (sgmm2-acc-stats:main():sgmm2-acc-stats.cc:194) Processed 50 utterances; for utterance 314piwm-20130617-xuo-b0253 avg. like is -49.7049 over 548 frames.
LOG (sgmm2-acc-stats:main():sgmm2-acc-stats.cc:194) Processed 100 utterances; for utterance Aaron-20080318-liy-b0411 avg. like is -43.3256 over 425 frames.
LOG (sgmm2-acc-stats:main():sgmm2-acc-stats.cc:194) Processed 150 utterances; for utterance AdrianMcNear-20091016-psv-a0581 avg. like is -43.1751 over 1036 frames.
LOG (sgmm2-acc-stats:main():sgmm2-acc-stats.cc:194) Processed 200 utterances; for utterance Angus-20080320-ndd-a0340 avg. like is -40.405 over 423 frames.
LOG (sgmm2-acc-stats:main():sgmm2-acc-stats.cc:194) Processed 250 utterances; for utterance Anniepoo-20140308-fcp-a0068 avg. like is -43.3613 over 436 frames.
LOG (sgmm2-acc-stats:main():sgmm2-acc-stats.cc:194) Processed 300 utterances; for utterance Apple_Eater-20091026-yul-a0061 avg. like is -45.8312 over 476 frames.
LOG (sgmm2-acc-stats:main():sgmm2-acc-stats.cc:194) Processed 350 utterances; for utterance B-20091221-pxt-b0226 avg. like is -45.9572 over 527 frames.
LOG (sgmm2-acc-stats:main():sgmm2-acc-stats.cc:194) Processed 400 utterances; for utterance BFG-20120316-bdl-a0017 avg. like is -44.0296 over 661 frames.
LOG (sgmm2-acc-stats:main():sgmm2-acc-stats.cc:194) Processed 450 utterances; for utterance Bahoke-20130721-mba-a0355 avg. like is -45.8502 over 336 frames.
LOG (sgmm2-acc-stats:main():sgmm2-acc-stats.cc:194) Processed 500 utterances; for utterance Bahoke-20130721-wit-a0534 avg. like is -38.0495 over 298 frames.
LOG (sgmm2-acc-stats:main():sgmm2-acc-stats.cc:194) Processed 550 utterances; for utterance Bitbrit-20090528-fsw-b0046 avg. like is -52.9304 over 398 frames.
LOG (sgmm2-acc-stats:main():sgmm2-acc-stats.cc:194) Processed 600 utterances; for utterance Blenderkitty-20090615-tsi-a0464 avg. like is -49.8337 over 486 frames.
LOG (sgmm2-acc-stats:main():sgmm2-acc-stats.cc:194) Processed 650 utterances; for utterance BlindPilot-20100610-kko-a0350 avg. like is -53.0268 over 586 frames.
LOG (sgmm2-acc-stats:main():sgmm2-acc-stats.cc:194) Processed 700 utterances; for utterance Bob-20100106-mwu-a0361 avg. like is -46.817 over 523 frames.
LOG (sgmm2-acc-stats:main():sgmm2-acc-stats.cc:194) Processed 750 utterances; for utterance Bossalicious-20151224-tul-b0282 avg. like is -51.1916 over 511 frames.
LOG (sgmm2-acc-stats:main():sgmm2-acc-stats.cc:194) Processed 800 utterances; for utterance BradenJH-20110519-hvn-a0586 avg. like is -41.5762 over 373 frames.
LOG (sgmm2-acc-stats:main():sgmm2-acc-stats.cc:194) Processed 850 utterances; for utterance CNJ-20120418-fce-a0547 avg. like is -39.6762 over 792 frames.
LOG (sgmm2-acc-stats:main():sgmm2-acc-stats.cc:194) Processed 900 utterances; for utterance CarlFK-20080617-tus-b0032 avg. like is -45.4886 over 322 frames.
LOG (sgmm2-acc-stats:main():sgmm2-acc-stats.cc:194) Processed 950 utterances; for utterance Catbells-20110604-gtl-a0084 avg. like is -44.4702 over 673 frames.
LOG (sgmm2-acc-stats:main():sgmm2-acc-stats.cc:194) Processed 1000 utterances; for utterance Catbells-20110803-vxj-a0364 avg. like is -43.7044 over 561 frames.
LOG (sgmm2-acc-stats:main():sgmm2-acc-stats.cc:194) Processed 1050 utterances; for utterance Catbells-20111012-zuc-a0455 avg. like is -41.6302 over 548 frames.
LOG (sgmm2-acc-stats:main():sgmm2-acc-stats.cc:194) Processed 1100 utterances; for utterance CbS-20120222-tqn-a0503 avg. like is -45.9756 over 666 frames.
LOG (sgmm2-acc-stats:main():sgmm2-acc-stats.cc:194) Processed 1150 utterances; for utterance CheesyBreed-20080413-rna-b0457 avg. like is -40.6208 over 356 frames.
LOG (sgmm2-acc-stats:main():sgmm2-acc-stats.cc:194) Processed 1200 utterances; for utterance Chrisdan-20081210-yzd-a0355 avg. like is -39.8903 over 661 frames.
LOG (sgmm2-acc-stats:main():sgmm2-acc-stats.cc:194) Processed 1250 utterances; for utterance ColinBeckingham-20091104-fqx-a0544 avg. like is -43.5541 over 523 frames.
LOG (sgmm2-acc-stats:main():sgmm2-acc-stats.cc:194) Processed 1300 utterances; for utterance ColinBeckingham-20091211-zcy-a0410 avg. like is -43.0326 over 673 frames.
LOG (sgmm2-acc-stats:main():sgmm2-acc-stats.cc:194) Processed 1350 utterances; for utterance ColinBeckingham-20091213-wdh-rp-16 avg. like is -42.9023 over 648 frames.
LOG (sgmm2-acc-stats:main():sgmm2-acc-stats.cc:194) Processed 1400 utterances; for utterance ColinBeckingham-20100116-crs-b0322 avg. like is -37.5525 over 544 frames.
LOG (sgmm2-acc-stats:main():sgmm2-acc-stats.cc:194) Processed 1450 utterances; for utterance ColinBeckingham-20100118-vib-b0359 avg. like is -40.1295 over 629 frames.
LOG (sgmm2-acc-stats:main():sgmm2-acc-stats.cc:194) Processed 1500 utterances; for utterance ColinBeckingham-20100125-dda-b0498 avg. like is -41.0697 over 962 frames.
LOG (sgmm2-acc-stats:main():sgmm2-acc-stats.cc:194) Processed 1550 utterances; for utterance ColinBeckingham-20100126-vmq-a0576 avg. like is -45.1793 over 766 frames.
LOG (sgmm2-acc-stats:main():sgmm2-acc-stats.cc:194) Processed 1600 utterances; for utterance ColinBeckingham-20100128-smf-b0193 avg. like is -40.1626 over 519 frames.
LOG (sgmm2-acc-stats:main():sgmm2-acc-stats.cc:194) Processed 1650 utterances; for utterance Coren-20141121-kly-a0016 avg. like is -42.8158 over 586 frames.
LOG (sgmm2-acc-stats:main():sgmm2-acc-stats.cc:194) Processed 1700 utterances; for utterance Coren-20141121-pxp-b0470 avg. like is -42.3945 over 361 frames.
LOG (sgmm2-acc-stats:main():sgmm2-acc-stats.cc:194) Processed 1750 utterances; for utterance Coren-20141121-vvd-b0018 avg. like is -44.8657 over 411 frames.
WARNING (sgmm2-acc-stats:main():sgmm2-acc-stats.cc:145) No posterior info available for utterance CptOatmeal-20080721-vnh-a0426 (or wrong size)
LOG (sgmm2-acc-stats:main():sgmm2-acc-stats.cc:194) Processed 1800 utterances; for utterance CraigWilliamson-20110616-xht-a0167 avg. like is -45.924 over 398 frames.
LOG (sgmm2-acc-stats:main():sgmm2-acc-stats.cc:194) Processed 1850 utterances; for utterance DanR-20090223-qnv-a0200 avg. like is -56.5117 over 336 frames.
LOG (sgmm2-acc-stats:main():sgmm2-acc-stats.cc:194) Processed 1900 utterances; for utterance DanielHeath-20090118-csg-ar-18 avg. like is -52.3719 over 211 frames.
LOG (sgmm2-acc-stats:main():sgmm2-acc-stats.cc:194) Processed 1950 utterances; for utterance DavidL-20091117-bnh-b0526 avg. like is -37.673 over 486 frames.
LOG (sgmm2-acc-stats:main():sgmm2-acc-stats.cc:194) Processed 2000 utterances; for utterance DavidL-20091117-gjs-b0188 avg. like is -37.3404 over 636 frames.
LOG (sgmm2-acc-stats:main():sgmm2-acc-stats.cc:194) Processed 2050 utterances; for utterance DavidL-20091117-wjl-a0569 avg. like is -38.0635 over 711 frames.
LOG (sgmm2-acc-stats:main():sgmm2-acc-stats.cc:194) Processed 2100 utterances; for utterance Dcoetzee-20110429-bne-b0534 avg. like is -39.8975 over 548 frames.
LOG (sgmm2-acc-stats:main():sgmm2-acc-stats.cc:194) Processed 2150 utterances; for utterance Dcoetzee-20110429-cxm-a0188 avg. like is -41.5262 over 486 frames.
LOG (sgmm2-acc-stats:main():sgmm2-acc-stats.cc:194) Processed 2200 utterances; for utterance Dcoetzee-20110429-gre-a0494 avg. like is -40.8318 over 473 frames.
LOG (sgmm2-acc-stats:main():sgmm2-acc-stats.cc:194) Processed 2250 utterances; for utterance Dcoetzee-20110429-mli-b0296 avg. like is -43.4561 over 573 frames.
LOG (sgmm2-acc-stats:main():sgmm2-acc-stats.cc:194) Processed 2300 utterances; for utterance Dcoetzee-20110429-rmx-a0558 avg. like is -43.8733 over 573 frames.
LOG (sgmm2-acc-stats:main():sgmm2-acc-stats.cc:194) Processed 2350 utterances; for utterance Dcoetzee-20110429-wuk-a0132 avg. like is -42.508 over 423 frames.
LOG (sgmm2-acc-stats:main():sgmm2-acc-stats.cc:194) Processed 2400 utterances; for utterance Decent-20110516-evd-b0290 avg. like is -37.2289 over 786 frames.
LOG (sgmm2-acc-stats:main():sgmm2-acc-stats.cc:194) Processed 2450 utterances; for utterance Decent-20110516-qnp-b0067 avg. like is -38.9858 over 736 frames.
LOG (sgmm2-acc-stats:main():sgmm2-acc-stats.cc:194) Processed 2500 utterances; for utterance DeepBlue-20121003-jmk-a0049 avg. like is -65.1181 over 486 frames.
LOG (sgmm2-acc-stats:main():sgmm2-acc-stats.cc:194) Processed 2550 utterances; for utterance DermotColeman-20111125-uom-b0394 avg. like is -45.3799 over 611 frames.
LOG (sgmm2-acc-stats:main():sgmm2-acc-stats.cc:194) Processed 2600 utterances; for utterance Dra-20150325-xcm-b0111 avg. like is -37.0875 over 423 frames.
LOG (sgmm2-acc-stats:main():sgmm2-acc-stats.cc:194) Processed 2650 utterances; for utterance EFLwithErika-20120719-scv-b0009 avg. like is -42.9489 over 523 frames.
LOG (sgmm2-acc-stats:main():sgmm2-acc-stats.cc:194) Processed 2700 utterances; for utterance Edman274-20090103-vga-b0104 avg. like is -47.2389 over 527 frames.
LOG (sgmm2-acc-stats:main():sgmm2-acc-stats.cc:194) Processed 2750 utterances; for utterance EricV-20120527-stf-b0534 avg. like is -42.0094 over 586 frames.
LOG (sgmm2-acc-stats:main():sgmm2-acc-stats.cc:194) Processed 2800 utterances; for utterance Ertain-20101126-abx-b0256 avg. like is -35.0909 over 484 frames.
LOG (sgmm2-acc-stats:main():sgmm2-acc-stats.cc:194) Processed 2850 utterances; for utterance Ertain-20110719-osz-b0473 avg. like is -37.9361 over 311 frames.
LOG (sgmm2-acc-stats:main():sgmm2-acc-stats.cc:194) Processed 2900 utterances; for utterance Ertain-20140805-yaw-a0039 avg. like is -34.8699 over 436 frames.
LOG (sgmm2-acc-stats:main():sgmm2-acc-stats.cc:194) Processed 2950 utterances; for utterance Ertain-20140905-bnc-b0264 avg. like is -35.7441 over 411 frames.
LOG (sgmm2-acc-stats:main():sgmm2-acc-stats.cc:194) Processed 3000 utterances; for utterance Ertain-20170122-qmz-e0080 avg. like is -40.3384 over 798 frames.
LOG (sgmm2-acc-stats:main():sgmm2-acc-stats.cc:194) Processed 3050 utterances; for utterance Felipe-20120510-rlo-a0197 avg. like is -44.1832 over 661 frames.
LOG (sgmm2-acc-stats:main():sgmm2-acc-stats.cc:194) Processed 3100 utterances; for utterance Firefox005-20100820-wyt-a0341 avg. like is -45.8486 over 336 frames.
LOG (sgmm2-acc-stats:main():sgmm2-acc-stats.cc:194) Processed 3150 utterances; for utterance Flllapy-20140115-ttp-a0085 avg. like is -49.0886 over 361 frames.
LOG (sgmm2-acc-stats:main():sgmm2-acc-stats.cc:194) Processed 3200 utterances; for utterance GS-20130527-fxh-b0533 avg. like is -41.9288 over 711 frames.
LOG (sgmm2-acc-stats:main():sgmm2-acc-stats.cc:194) Processed 3250 utterances; for utterance GaylandGGump-20141207-jvx-a0207 avg. like is -35.4874 over 486 frames.
LOG (sgmm2-acc-stats:main():sgmm2-acc-stats.cc:194) Processed 3300 utterances; for utterance GaylandGGump-20141207-oxm-a0080 avg. like is -40.4977 over 473 frames.
LOG (sgmm2-acc-stats:main():sgmm2-acc-stats.cc:194) Processed 3350 utterances; for utterance GaylandGGump-20141207-zey-b0203 avg. like is -43.5426 over 486 frames.
LOG (sgmm2-acc-stats:main():sgmm2-acc-stats.cc:194) Processed 3400 utterances; for utterance Graham-20100520-wwj-a0044 avg. like is -37.4284 over 523 frames.
LOG (sgmm2-acc-stats:main():sgmm2-acc-stats.cc:194) Processed 3450 utterances; for utterance GusSCalabrese-20100331-jxn-b0117 avg. like is -38.177 over 548 frames.
LOG (sgmm2-acc-stats:main():sgmm2-acc-stats.cc:194) Processed 3500 utterances; for utterance JAdamCraig-20110209-qik-a0085 avg. like is -44.1763 over 561 frames.
LOG (sgmm2-acc-stats:main():sgmm2-acc-stats.cc:194) Processed 3550 utterances; for utterance JRB-20080602-keb-a0460 avg. like is -52.1309 over 286 frames.
LOG (sgmm2-acc-stats:main():sgmm2-acc-stats.cc:194) Processed 3600 utterances; for utterance Jared-20160529-cyy-e0421 avg. like is -47.1642 over 748 frames.
LOG (sgmm2-acc-stats:main():sgmm2-acc-stats.cc:194) Processed 3650 utterances; for utterance JayCutlersBrother-20080919-bvy-b0375 avg. like is -43.9011 over 223 frames.
LOG (sgmm2-acc-stats:main():sgmm2-acc-stats.cc:194) Processed 3700 utterances; for utterance JayCutlersBrother-20080919-mbz-a0072 avg. like is -48.14 over 223 frames.
LOG (sgmm2-acc-stats:main():sgmm2-acc-stats.cc:194) Processed 3750 utterances; for utterance JayCutlersBrother-20080919-rih-b0254 avg. like is -42.2489 over 673 frames.
LOG (sgmm2-acc-stats:main():sgmm2-acc-stats.cc:194) Processed 3800 utterances; for utterance JayCutlersBrother-20080919-vdn-a0261 avg. like is -53.0295 over 211 frames.
LOG (sgmm2-acc-stats:main():sgmm2-acc-stats.cc:194) Processed 3850 utterances; for utterance Jeff-20100224-igb-b0040 avg. like is -35.548 over 573 frames.
LOG (sgmm2-acc-stats:main():sgmm2-acc-stats.cc:194) Processed 3900 utterances; for utterance JimWhite-20100807-zqj-b0318 avg. like is -36.5334 over 448 frames.
WARNING (sgmm2-acc-stats:main():sgmm2-acc-stats.cc:145) No posterior info available for utterance Joel-20080716-qoz-b0074 (or wrong size)
WARNING (sgmm2-acc-stats:main():sgmm2-acc-stats.cc:145) No posterior info available for utterance Joel-20080716-qoz-b0075 (or wrong size)
WARNING (sgmm2-acc-stats:main():sgmm2-acc-stats.cc:145) No posterior info available for utterance Joel-20080716-qoz-b0076 (or wrong size)
WARNING (sgmm2-acc-stats:main():sgmm2-acc-stats.cc:145) No posterior info available for utterance Joel-20080716-qoz-b0077 (or wrong size)
WARNING (sgmm2-acc-stats:main():sgmm2-acc-stats.cc:145) No posterior info available for utterance Joel-20080716-qoz-b0078 (or wrong size)
WARNING (sgmm2-acc-stats:main():sgmm2-acc-stats.cc:145) No posterior info available for utterance Joel-20080716-qoz-b0079 (or wrong size)
WARNING (sgmm2-acc-stats:main():sgmm2-acc-stats.cc:145) No posterior info available for utterance Joel-20080716-qoz-b0080 (or wrong size)
WARNING (sgmm2-acc-stats:main():sgmm2-acc-stats.cc:145) No posterior info available for utterance Joel-20080716-qoz-b0081 (or wrong size)
WARNING (sgmm2-acc-stats:main():sgmm2-acc-stats.cc:145) No posterior info available for utterance Joel-20080716-qoz-b0082 (or wrong size)
WARNING (sgmm2-acc-stats:main():sgmm2-acc-stats.cc:145) No posterior info available for utterance Joel-20080716-qoz-b0083 (or wrong size)
LOG (sgmm2-acc-stats:main():sgmm2-acc-stats.cc:194) Processed 3950 utterances; for utterance Kai-20111021-uex-b0169 avg. like is -44.489 over 467 frames.
LOG (sgmm2-acc-stats:main():sgmm2-acc-stats.cc:194) Processed 4000 utterances; for utterance KenBloom-20071122-fot-b0021 avg. like is -54.4576 over 177 frames.
LOG (sgmm2-acc-stats:main():sgmm2-acc-stats.cc:194) Processed 4050 utterances; for utterance Kodiak-20100820-sll-b0271 avg. like is -42.6586 over 498 frames.
LOG (sgmm2-acc-stats:main():sgmm2-acc-stats.cc:194) Processed 4100 utterances; for utterance Krellis-20090608-wuu-a0397 avg. like is -46.3316 over 348 frames.
LOG (sgmm2-acc-stats:main():sgmm2-acc-stats.cc:194) Processed 4150 utterances; for utterance Kupiakos-20121022-wjd-b0293 avg. like is -45.7522 over 561 frames.
LOG (sgmm2-acc-stats:main():sgmm2-acc-stats.cc:194) Processed 4200 utterances; for utterance LAVEENAZ-20100515-zaq-a0105 avg. like is -47.0308 over 783 frames.
LOG (sgmm2-acc-stats:main():sgmm2-acc-stats.cc:194) Processed 4250 utterances; for utterance LAVEENAZ-20100516-yxi-b0017 avg. like is -45.569 over 681 frames.
LOG (sgmm2-acc-stats:main():sgmm2-acc-stats.cc:194) Processed 4300 utterances; for utterance Logomancer-20100820-inh-a0074 avg. like is -41.6654 over 461 frames.
LOG (sgmm2-acc-stats:main():sgmm2-acc-stats.cc:194) Processed 4350 utterances; for utterance LukeSkywalker-20090509-sni-a0057 avg. like is -46.8373 over 286 frames.
LOG (sgmm2-acc-stats:main():sgmm2-acc-stats.cc:194) Processed 4400 utterances; for utterance LunaTick-20080326-cc-cc-13 avg. like is -40.9278 over 553 frames.
LOG (sgmm2-acc-stats:main():sgmm2-acc-stats.cc:194) Processed 4450 utterances; for utterance LunaTick-20080326-rp-rp-23 avg. like is -47.0208 over 616 frames.
LOG (sgmm2-acc-stats:main():sgmm2-acc-stats.cc:194) Processed 4500 utterances; for utterance LunaTick-20080329-vf1-vf1-40 avg. like is -44.4807 over 383 frames.
LOG (sgmm2-acc-stats:main():sgmm2-acc-stats.cc:194) Processed 4550 utterances; for utterance LunaTick-20080402-vf3-vf3-13 avg. like is -42.4496 over 436 frames.
LOG (sgmm2-acc-stats:main():sgmm2-acc-stats.cc:194) Processed 4600 utterances; for utterance LunaTick-20080410-vf10-vf10-22 avg. like is -44.2863 over 453 frames.
LOG (sgmm2-acc-stats:main():sgmm2-acc-stats.cc:194) Processed 4650 utterances; for utterance LunaTick-20080410-vf4-vf4-31 avg. like is -44.7705 over 478 frames.
LOG (sgmm2-acc-stats:main():sgmm2-acc-stats.cc:194) Processed 4700 utterances; for utterance LunaTick-20080410-vf5-vf5-40 avg. like is -45.6417 over 398 frames.
LOG (sgmm2-acc-stats:main():sgmm2-acc-stats.cc:194) Processed 4750 utterances; for utterance LunaTick-20080410-vf7-vf7-13 avg. like is -45.0123 over 408 frames.
LOG (sgmm2-acc-stats:main():sgmm2-acc-stats.cc:194) Processed 4800 utterances; for utterance MARTIN0AMY-20111106-pwg-a0495 avg. like is -45.3192 over 461 frames.
LOG (sgmm2-acc-stats:main():sgmm2-acc-stats.cc:194) Processed 4850 utterances; for utterance MahaIbrahim-20110924-eco-b0485 avg. like is -38.5225 over 561 frames.
LOG (sgmm2-acc-stats:main():sgmm2-acc-stats.cc:194) Processed 4900 utterances; for utterance MatthewBerry-20111124-pxn-a0110 avg. like is -42.5548 over 523 frames.
LOG (sgmm2-acc-stats:main():sgmm2-acc-stats.cc:194) Processed 4950 utterances; for utterance Melissa-20081211-ehn-b0377 avg. like is -40.8058 over 561 frames.
LOG (sgmm2-acc-stats:main():sgmm2-acc-stats.cc:194) Processed 5000 utterances; for utterance Mike-20081006-bym-b0498 avg. like is -53.2207 over 386 frames.
LOG (sgmm2-acc-stats:main():sgmm2-acc-stats.cc:194) Processed 5050 utterances; for utterance MrDoNotBreak-20100821-oin-a0294 avg. like is -45.8043 over 411 frames.
LOG (sgmm2-acc-stats:main():sgmm2-acc-stats.cc:194) Processed 5100 utterances; for utterance Nadim-20100515-wjj-b0173 avg. like is -41.2773 over 391 frames.
LOG (sgmm2-acc-stats:main():sgmm2-acc-stats.cc:194) Processed 5150 utterances; for utterance Nathan-20090324-ova-a0044 avg. like is -47.2221 over 461 frames.
LOG (sgmm2-acc-stats:main():sgmm2-acc-stats.cc:194) Processed 5200 utterances; for utterance NickNackGus-20120212-yct-a0554 avg. like is -50.4196 over 636 frames.
LOG (sgmm2-acc-stats:main():sgmm2-acc-stats.cc:194) Processed 5250 utterances; for utterance Paddy-20100120-msy-b0097 avg. like is -36.9375 over 623 frames.
LOG (sgmm2-acc-stats:main():sgmm2-acc-stats.cc:194) Processed 5300 utterances; for utterance PaulB-20100130-uvu-b0405 avg. like is -38.0213 over 761 frames.
LOG (sgmm2-acc-stats:main():sgmm2-acc-stats.cc:194) Processed 5350 utterances; for utterance Perygryne-20101229-wwv-a0294 avg. like is -39.1164 over 411 frames.
LOG (sgmm2-acc-stats:main():sgmm2-acc-stats.cc:194) Processed 5400 utterances; for utterance PheonixK-20080824-pck-b0178 avg. like is -43.6138 over 273 frames.
LOG (sgmm2-acc-stats:main():sgmm2-acc-stats.cc:194) Processed 5450 utterances; for utterance PoHandle-20091222-mex-b0438 avg. like is -37.2371 over 578 frames.
LOG (sgmm2-acc-stats:main():sgmm2-acc-stats.cc:194) Processed 5500 utterances; for utterance Q-20150512-gyj-b0074 avg. like is -47.9795 over 536 frames.
LOG (sgmm2-acc-stats:main():sgmm2-acc-stats.cc:194) Processed 5550 utterances; for utterance Q-20150514-exg-a0236 avg. like is -35.2537 over 611 frames.
LOG (sgmm2-acc-stats:main():sgmm2-acc-stats.cc:194) Processed 5600 utterances; for utterance Q-20150606-ajw-a0039 avg. like is -42.6539 over 911 frames.
LOG (sgmm2-acc-stats:main():sgmm2-acc-stats.cc:194) Processed 5650 utterances; for utterance Raedwulf-20100122-egb-b0064 avg. like is -43.3322 over 570 frames.
LOG (sgmm2-acc-stats:main():sgmm2-acc-stats.cc:194) Processed 5700 utterances; for utterance Rain-20120720-kty-a0244 avg. like is -33.0536 over 536 frames.
LOG (sgmm2-acc-stats:main():sgmm2-acc-stats.cc:194) Processed 5750 utterances; for utterance Rain-20120720-ymm-b0388 avg. like is -28.0096 over 423 frames.
LOG (sgmm2-acc-stats:main():sgmm2-acc-stats.cc:194) Processed 5800 utterances; for utterance Rhys-20170620-ouo-en-1117 avg. like is -43.4347 over 386 frames.
LOG (sgmm2-acc-stats:main():sgmm2-acc-stats.cc:194) Processed 5850 utterances; for utterance RichardPipe-20120311-hjz-b0185 avg. like is -44.0041 over 536 frames.
LOG (sgmm2-acc-stats:main():sgmm2-acc-stats.cc:194) Processed 5900 utterances; for utterance RobSmith-20091103-urx-a0412 avg. like is -47.0773 over 411 frames.
LOG (sgmm2-acc-stats:main():sgmm2-acc-stats.cc:194) Processed 5950 utterances; for utterance RonnelWing-20071121-bvx-b0355 avg. like is -44.9513 over 436 frames.
LOG (sgmm2-acc-stats:main():sgmm2-acc-stats.cc:194) Processed 6000 utterances; for utterance Ryan-20100726-uru-b0232 avg. like is -36.0566 over 273 frames.
LOG (sgmm2-acc-stats:main():sgmm2-acc-stats.cc:194) Processed 6050 utterances; for utterance Saul-20080221-iiw-b0526 avg. like is -48.534 over 411 frames.
WARNING (sgmm2-acc-stats:main():sgmm2-acc-stats.cc:145) No posterior info available for utterance Saul-20080221-xai-a0006 (or wrong size)
LOG (sgmm2-acc-stats:main():sgmm2-acc-stats.cc:194) Processed 6100 utterances; for utterance Sepero-20090315-wuu-rp-12 avg. like is -43.7538 over 706 frames.
LOG (sgmm2-acc-stats:main():sgmm2-acc-stats.cc:194) Processed 6150 utterances; for utterance Shane-20080602-rgd-b0460 avg. like is -47.6725 over 448 frames.
WARNING (sgmm2-acc-stats:main():sgmm2-acc-stats.cc:145) No posterior info available for utterance Shane-20080603-yfs-a0048 (or wrong size)
LOG (sgmm2-acc-stats:main():sgmm2-acc-stats.cc:194) Processed 6200 utterances; for utterance Shane-20080606-qgj-a0322 avg. like is -51.6702 over 261 frames.
WARNING (sgmm2-acc-stats:main():sgmm2-acc-stats.cc:145) No posterior info available for utterance Shishir-20091211-dom-b0427 (or wrong size)
LOG (sgmm2-acc-stats:main():sgmm2-acc-stats.cc:194) Processed 6250 utterances; for utterance Simon-20110515-qis-a0401 avg. like is -41.8396 over 587 frames.
LOG (sgmm2-acc-stats:main():sgmm2-acc-stats.cc:194) Processed 6300 utterances; for utterance StuartDundas-20110201-dsy-b0478 avg. like is -47.9188 over 661 frames.
LOG (sgmm2-acc-stats:main():sgmm2-acc-stats.cc:194) Processed 6350 utterances; for utterance Superkoop-20131103-tkd-b0107 avg. like is -40.882 over 573 frames.
LOG (sgmm2-acc-stats:main():sgmm2-acc-stats.cc:194) Processed 6400 utterances; for utterance Tebbra-20090423-ptc-a0533 avg. like is -47.8434 over 336 frames.
LOG (sgmm2-acc-stats:main():sgmm2-acc-stats.cc:194) Processed 6450 utterances; for utterance TechnoZeus-20090805-ucc-b0123 avg. like is -49.7193 over 461 frames.
LOG (sgmm2-acc-stats:main():sgmm2-acc-stats.cc:194) Processed 6500 utterances; for utterance TemaSM-20150227-wwc-b0349 avg. like is -50.1523 over 461 frames.
LOG (sgmm2-acc-stats:main():sgmm2-acc-stats.cc:194) Processed 6550 utterances; for utterance TheLorax-20100908-kbx-b0408 avg. like is -40.6695 over 411 frames.
LOG (sgmm2-acc-stats:main():sgmm2-acc-stats.cc:194) Processed 6600 utterances; for utterance Thuban-20120601-lbj-a0339 avg. like is -43.3982 over 698 frames.
LOG (sgmm2-acc-stats:main():sgmm2-acc-stats.cc:194) Processed 6650 utterances; for utterance TimS-20100202-bvc-b0307 avg. like is -44.797 over 536 frames.
LOG (sgmm2-acc-stats:main():sgmm2-acc-stats.cc:194) Processed 6700 utterances; for utterance Timsage-20080612-ebb-b0086 avg. like is -47.0687 over 223 frames.
LOG (sgmm2-acc-stats:main():sgmm2-acc-stats.cc:194) Processed 6750 utterances; for utterance Tolstyak-20130902-vfj-b0185 avg. like is -44.5977 over 423 frames.
LOG (sgmm2-acc-stats:main():sgmm2-acc-stats.cc:194) Processed 6800 utterances; for utterance TonyV-20120504-swq-b0184 avg. like is -49.8848 over 486 frames.
WARNING (sgmm2-acc-stats:main():sgmm2-acc-stats.cc:145) No posterior info available for utterance TonyV-20120504-xdx-a0416 (or wrong size)
LOG (sgmm2-acc-stats:main():sgmm2-acc-stats.cc:194) Processed 6850 utterances; for utterance TrueJournals-20120611-xiu-b0052 avg. like is -39.1531 over 461 frames.
LOG (sgmm2-acc-stats:main():sgmm2-acc-stats.cc:194) Processed 6900 utterances; for utterance Xeddius-20140130-cli-a0130 avg. like is -37.4631 over 411 frames.
LOG (sgmm2-acc-stats:main():sgmm2-acc-stats.cc:194) Processed 6950 utterances; for utterance aahz-20100418-xhv-a0198 avg. like is -44.6075 over 448 frames.
LOG (sgmm2-acc-stats:main():sgmm2-acc-stats.cc:194) Processed 7000 utterances; for utterance aileen-20080831-dfq-a0403 avg. like is -51.2325 over 356 frames.
LOG (sgmm2-acc-stats:main():sgmm2-acc-stats.cc:194) Processed 7050 utterances; for utterance aileen-20080831-zdn-a0123 avg. like is -48.539 over 305 frames.
LOG (sgmm2-acc-stats:main():sgmm2-acc-stats.cc:194) Processed 7100 utterances; for utterance albert-20120314-yli-a0589 avg. like is -41.1904 over 373 frames.
LOG (sgmm2-acc-stats:main():sgmm2-acc-stats.cc:194) Processed 7150 utterances; for utterance alec-20090912-otq-a0280 avg. like is -52.7635 over 298 frames.
LOG (sgmm2-acc-stats:main():sgmm2-acc-stats.cc:194) Processed 7200 utterances; for utterance almotter-20110721-naj-b0500 avg. like is -40.2273 over 411 frames.
LOG (sgmm2-acc-stats:main():sgmm2-acc-stats.cc:194) Processed 7250 utterances; for utterance anap40-20120402-wto-b0298 avg. like is -42.4576 over 523 frames.
LOG (sgmm2-acc-stats:main():sgmm2-acc-stats.cc:194) Processed 7300 utterances; for utterance anoldman-20110219-irb-b0199 avg. like is -51.7444 over 604 frames.
LOG (sgmm2-acc-stats:main():sgmm2-acc-stats.cc:194) Processed 7350 utterances; for utterance anonymous0005-20071105-hwr-a0245 avg. like is -51.493 over 573 frames.
LOG (sgmm2-acc-stats:main():sgmm2-acc-stats.cc:194) Processed 7400 utterances; for utterance anonymous0010-20080102-hrx-ar-18 avg. like is -47.5515 over 411 frames.
LOG (sgmm2-acc-stats:main():sgmm2-acc-stats.cc:194) Processed 7450 utterances; for utterance anonymous0015-20080121-cjq-b0349 avg. like is -47.6036 over 423 frames.
LOG (sgmm2-acc-stats:main():sgmm2-acc-stats.cc:194) Processed 7500 utterances; for utterance anonymous0020-20080225-awl-a0589 avg. like is -42.9716 over 386 frames.
LOG (sgmm2-acc-stats:main():sgmm2-acc-stats.cc:194) Processed 7550 utterances; for utterance anonymous0025-20080328-drd-a0472 avg. like is -50.5058 over 573 frames.
LOG (sgmm2-acc-stats:main():sgmm2-acc-stats.cc:194) Processed 7600 utterances; for utterance anonymous0030-20080403-ela-a0022 avg. like is -46.0627 over 586 frames.
LOG (sgmm2-acc-stats:main():sgmm2-acc-stats.cc:194) Processed 7650 utterances; for utterance anonymous0035-20080408-sqi-a0574 avg. like is -42.3102 over 398 frames.
WARNING (sgmm2-acc-stats:main():sgmm2-acc-stats.cc:145) No posterior info available for utterance anonymous0038-20080413-dto-a0234 (or wrong size)
LOG (sgmm2-acc-stats:main():sgmm2-acc-stats.cc:194) Processed 7700 utterances; for utterance anonymous0041-20080419-jam-a0245 avg. like is -47.1505 over 673 frames.
LOG (sgmm2-acc-stats:main():sgmm2-acc-stats.cc:194) Processed 7750 utterances; for utterance anonymous0047-20080428-rfr-b0014 avg. like is -45.3509 over 411 frames.
LOG (sgmm2-acc-stats:main():sgmm2-acc-stats.cc:194) Processed 7800 utterances; for utterance anonymous0052-20080517-tca-b0251 avg. like is -50.0954 over 358 frames.
LOG (sgmm2-acc-stats:main():sgmm2-acc-stats.cc:194) Processed 7850 utterances; for utterance anonymous0057-20080520-lsg-ar-04 avg. like is -41.9059 over 673 frames.
LOG (sgmm2-acc-stats:main():sgmm2-acc-stats.cc:194) Processed 7900 utterances; for utterance anonymous0062-20080527-okm-b0505 avg. like is -42.39 over 361 frames.
LOG (sgmm2-acc-stats:main():sgmm2-acc-stats.cc:194) Processed 7950 utterances; for utterance anonymous0067-20080608-dya-b0253 avg. like is -47.1143 over 548 frames.
WARNING (sgmm2-acc-stats:main():sgmm2-acc-stats.cc:145) No posterior info available for utterance anonymous0070-20080611-jsf-b0368 (or wrong size)
LOG (sgmm2-acc-stats:main():sgmm2-acc-stats.cc:194) Processed 8000 utterances; for utterance anonymous0073-20080616-fxp-a0288 avg. like is -52.9628 over 249 frames.
LOG (sgmm2-acc-stats:main():sgmm2-acc-stats.cc:194) Processed 8050 utterances; for utterance anonymous0078-20080623-suj-b0088 avg. like is -52.1413 over 212 frames.
LOG (sgmm2-acc-stats:main():sgmm2-acc-stats.cc:194) Processed 8100 utterances; for utterance anonymous0083-20080628-lkq-b0456 avg. like is -45.5248 over 336 frames.
LOG (sgmm2-acc-stats:main():sgmm2-acc-stats.cc:194) Processed 8150 utterances; for utterance anonymous0088-20080702-jqa-b0331 avg. like is -58.7034 over 286 frames.
WARNING (sgmm2-acc-stats:main():sgmm2-acc-stats.cc:145) No posterior info available for utterance anonymous0092-20080709-vaq-a0461 (or wrong size)
LOG (sgmm2-acc-stats:main():sgmm2-acc-stats.cc:194) Processed 8200 utterances; for utterance anonymous0094-20080715-zdu-a0188 avg. like is -51.8774 over 423 frames.
LOG (sgmm2-acc-stats:main():sgmm2-acc-stats.cc:194) Processed 8250 utterances; for utterance anonymous0099-20080806-gvj-rb-13 avg. like is -41.6869 over 748 frames.
LOG (sgmm2-acc-stats:main():sgmm2-acc-stats.cc:194) Processed 8300 utterances; for utterance anonymous0104-20080902-ssk-a0539 avg. like is -47.4075 over 411 frames.
LOG (sgmm2-acc-stats:main():sgmm2-acc-stats.cc:194) Processed 8350 utterances; for utterance anonymous0109-20080911-off-b0156 avg. like is -48.2273 over 511 frames.
LOG (sgmm2-acc-stats:main():sgmm2-acc-stats.cc:194) Processed 8400 utterances; for utterance anonymous0114-20080914-gsb-a0441 avg. like is -56.1335 over 523 frames.
LOG (sgmm2-acc-stats:main():sgmm2-acc-stats.cc:194) Processed 8450 utterances; for utterance anonymous0119-20081003-thp-a0585 avg. like is -44.5941 over 383 frames.
WARNING (sgmm2-acc-stats:main():sgmm2-acc-stats.cc:145) No posterior info available for utterance anonymous0125-20081015-rdx-b0075 (or wrong size)
LOG (sgmm2-acc-stats:main():sgmm2-acc-stats.cc:194) Processed 8500 utterances; for utterance anonymous0126-20081022-apb-a0179 avg. like is -46.7009 over 361 frames.
LOG (sgmm2-acc-stats:main():sgmm2-acc-stats.cc:194) Processed 8550 utterances; for utterance anonymous0131-20081025-omh-b0310 avg. like is -46.6497 over 498 frames.
LOG (sgmm2-acc-stats:main():sgmm2-acc-stats.cc:194) Processed 8600 utterances; for utterance anonymous0137-20081026-xqp-b0364 avg. like is -50.8394 over 586 frames.
LOG (sgmm2-acc-stats:main():sgmm2-acc-stats.cc:194) Processed 8650 utterances; for utterance anonymous0142-20081027-zih-a0278 avg. like is -48.3098 over 348 frames.
WARNING (sgmm2-acc-stats:main():sgmm2-acc-stats.cc:145) No posterior info available for utterance anonymous0146-20081108-mph-a0227 (or wrong size)
LOG (sgmm2-acc-stats:main():sgmm2-acc-stats.cc:194) Processed 8700 utterances; for utterance anonymous0147-20081109-ekk-b0120 avg. like is -49.0864 over 327 frames.
WARNING (sgmm2-acc-stats:main():sgmm2-acc-stats.cc:145) No posterior info available for utterance anonymous0151-20081111-bnf-a0026 (or wrong size)
LOG (sgmm2-acc-stats:main():sgmm2-acc-stats.cc:194) Processed 8750 utterances; for utterance anonymous0153-20081111-nwx-b0513 avg. like is -45.8831 over 399 frames.
WARNING (sgmm2-acc-stats:main():sgmm2-acc-stats.cc:145) No posterior info available for utterance anonymous0156-20081116-xvn-a0006 (or wrong size)
LOG (sgmm2-acc-stats:main():sgmm2-acc-stats.cc:194) Processed 8800 utterances; for utterance anonymous0160-20081123-jam-b0453 avg. like is -49.1562 over 486 frames.
WARNING (sgmm2-acc-stats:main():sgmm2-acc-stats.cc:145) No posterior info available for utterance anonymous0165-20081209-vqq-b0228 (or wrong size)
LOG (sgmm2-acc-stats:main():sgmm2-acc-stats.cc:194) Processed 8850 utterances; for utterance anonymous0167-20081212-mhh-a0366 avg. like is -47.1769 over 686 frames.
WARNING (sgmm2-acc-stats:main():sgmm2-acc-stats.cc:145) No posterior info available for utterance anonymous0168-20081212-tss-a0393 (or wrong size)
WARNING (sgmm2-acc-stats:main():sgmm2-acc-stats.cc:145) No posterior info available for utterance anonymous0170-20081221-htm-rp-17 (or wrong size)
LOG (sgmm2-acc-stats:main():sgmm2-acc-stats.cc:194) Processed 8900 utterances; for utterance anonymous0174-20090108-vtw-a0369 avg. like is -50.7963 over 436 frames.
WARNING (sgmm2-acc-stats:main():sgmm2-acc-stats.cc:145) No posterior info available for utterance anonymous0175-20090116-obg-a0064 (or wrong size)
LOG (sgmm2-acc-stats:main():sgmm2-acc-stats.cc:194) Processed 8950 utterances; for utterance anonymous0180-20090119-efi-a0019 avg. like is -49.0231 over 382 frames.
LOG (sgmm2-acc-stats:main():sgmm2-acc-stats.cc:194) Processed 9000 utterances; for utterance anonymous0188-20090121-hkf-b0434 avg. like is -48.9227 over 548 frames.
WARNING (sgmm2-acc-stats:main():sgmm2-acc-stats.cc:145) No posterior info available for utterance anonymous0191-20090121-ncp-a0564 (or wrong size)
LOG (sgmm2-acc-stats:main():sgmm2-acc-stats.cc:194) Processed 9050 utterances; for utterance anonymous0195-20090121-rgi-a0087 avg. like is -43.6172 over 448 frames.
WARNING (sgmm2-acc-stats:main():sgmm2-acc-stats.cc:145) No posterior info available for utterance anonymous0200-20090121-znn-b0314 (or wrong size)
LOG (sgmm2-acc-stats:main():sgmm2-acc-stats.cc:194) Processed 9100 utterances; for utterance anonymous0201-20090530-zfo-b0465 avg. like is -50.676 over 405 frames.
LOG (sgmm2-acc-stats:main():sgmm2-acc-stats.cc:194) Processed 9150 utterances; for utterance anonymous0206-20090605-vxz-a0323 avg. like is -50.7576 over 425 frames.
LOG (sgmm2-acc-stats:main():sgmm2-acc-stats.cc:194) Processed 9200 utterances; for utterance anonymous0212-20090615-xgs-b0534 avg. like is -38.8223 over 786 frames.
WARNING (sgmm2-acc-stats:main():sgmm2-acc-stats.cc:145) No posterior info available for utterance anonymous0215-20090623-jhj-a0286 (or wrong size)
LOG (sgmm2-acc-stats:main():sgmm2-acc-stats.cc:194) Processed 9250 utterances; for utterance anonymous0221-20090710-rsd-b0013 avg. like is -46.8728 over 423 frames.
LOG (sgmm2-acc-stats:main():sgmm2-acc-stats.cc:194) Processed 9300 utterances; for utterance anonymous0227-20090711-zqd-a0581 avg. like is -52.8765 over 373 frames.
WARNING (sgmm2-acc-stats:main():sgmm2-acc-stats.cc:145) No posterior info available for utterance anonymous0230-20090720-lcc-a0383 (or wrong size)
LOG (sgmm2-acc-stats:main():sgmm2-acc-stats.cc:194) Processed 9350 utterances; for utterance anonymous0233-20090805-eal-a0479 avg. like is -50.388 over 373 frames.
LOG (sgmm2-acc-stats:main():sgmm2-acc-stats.cc:194) Processed 9400 utterances; for utterance anonymous0239-20090817-vai-b0110 avg. like is -41.5896 over 548 frames.
LOG (sgmm2-acc-stats:main():sgmm2-acc-stats.cc:194) Processed 9450 utterances; for utterance anonymous0244-20090827-hcn-b0490 avg. like is -43.7657 over 491 frames.
WARNING (sgmm2-acc-stats:main():sgmm2-acc-stats.cc:145) No posterior info available for utterance anonymous0247-20090901-fvw-rb-14 (or wrong size)
LOG (sgmm2-acc-stats:main():sgmm2-acc-stats.cc:194) Processed 9500 utterances; for utterance anonymous0251-20090901-wez-b0416 avg. like is -53.9011 over 286 frames.
WARNING (sgmm2-acc-stats:main():sgmm2-acc-stats.cc:145) No posterior info available for utterance anonymous0253-20090901-yfo-b0506 (or wrong size)
WARNING (sgmm2-acc-stats:main():sgmm2-acc-stats.cc:145) No posterior info available for utterance anonymous0257-20090902-pfo-b0282 (or wrong size)
LOG (sgmm2-acc-stats:main():sgmm2-acc-stats.cc:194) Processed 9550 utterances; for utterance anonymous0258-20090903-nvu-a0249 avg. like is -49.0045 over 511 frames.
LOG (sgmm2-acc-stats:main():sgmm2-acc-stats.cc:194) Processed 9600 utterances; for utterance anonymous0263-20090913-ujd-rp-29 avg. like is -51.2935 over 486 frames.
LOG (sgmm2-acc-stats:main():sgmm2-acc-stats.cc:194) Processed 9650 utterances; for utterance anonymous0268-20090917-fjn-a0443 avg. like is -48.7007 over 323 frames.
LOG (sgmm2-acc-stats:main():sgmm2-acc-stats.cc:194) Processed 9700 utterances; for utterance anonymous0273-20090917-ppu-a0201 avg. like is -48.372 over 448 frames.
LOG (sgmm2-acc-stats:main():sgmm2-acc-stats.cc:194) Processed 9750 utterances; for utterance anonymous0278-20090917-xwg-b0329 avg. like is -47.2546 over 461 frames.
LOG (sgmm2-acc-stats:main():sgmm2-acc-stats.cc:194) Processed 9800 utterances; for utterance anonymous0284-20090919-mtv-a0264 avg. like is -47.5929 over 348 frames.
WARNING (sgmm2-acc-stats:main():sgmm2-acc-stats.cc:145) No posterior info available for utterance anonymous0285-20090919-xjn-b0346 (or wrong size)
LOG (sgmm2-acc-stats:main():sgmm2-acc-stats.cc:194) Processed 9850 utterances; for utterance anonymous0290-20090927-soe-b0527 avg. like is -51.6857 over 536 frames.
LOG (sgmm2-acc-stats:main():sgmm2-acc-stats.cc:194) Processed 9900 utterances; for utterance anonymous0295-20091008-klx-a0446 avg. like is -48.1727 over 486 frames.
LOG (sgmm2-acc-stats:main():sgmm2-acc-stats.cc:194) Processed 9950 utterances; for utterance anonymous0301-20091101-qcf-rb-12 avg. like is -50.848 over 736 frames.
WARNING (sgmm2-acc-stats:main():sgmm2-acc-stats.cc:145) No posterior info available for utterance anonymous0303-20091102-lwb-b0445 (or wrong size)
LOG (ali-to-post:main():ali-to-post.cc:65) Converted 9977 alignments.
LOG (apply-cmvn:main():apply-cmvn.cc:146) Applied cepstral mean normalization to 10012 utterances, errors on 0
LOG (transform-feats:main():transform-feats.cc:158) Overall average [pseudo-]logdet is -95.361 over 4.92722e+06 frames.
LOG (transform-feats:main():transform-feats.cc:161) Applied transform to 10012 utterances; 0 had errors.
LOG (transform-feats:main():transform-feats.cc:158) Overall average logdet is 2.89995 over 4.92722e+06 frames.
LOG (transform-feats:main():transform-feats.cc:161) Applied transform to 10012 utterances; 0 had errors.
LOG (sgmm2-acc-stats:main():sgmm2-acc-stats.cc:203) Overall like per frame (Gaussian only) = -44.4013 over 4.91028e+06 frames.
LOG (sgmm2-acc-stats:main():sgmm2-acc-stats.cc:206) Done 9977 files, 35 with errors.
LOG (sgmm2-acc-stats:main():sgmm2-acc-stats.cc:215) Written accs.
# Accounting: time=231 threads=1
# Ended (code 0) at Sun Nov 26 07:31:07 IST 2017, elapsed time 231 seconds
