# sgmm2-est --update-flags=vNwSctu --split-substates=18995 --power=0.25 --write-occs=exp/sgmm2_4a/20.occs exp/sgmm2_4a/19.mdl "sgmm2-sum-accs - exp/sgmm2_4a/19.*.acc|" exp/sgmm2_4a/20.mdl 
# Started at Sun Nov 26 11:39:41 IST 2017
#
sgmm2-est --update-flags=vNwSctu --split-substates=18995 --power=0.25 --write-occs=exp/sgmm2_4a/20.occs exp/sgmm2_4a/19.mdl 'sgmm2-sum-accs - exp/sgmm2_4a/19.*.acc|' exp/sgmm2_4a/20.mdl 
sgmm2-sum-accs - exp/sgmm2_4a/19.1.acc exp/sgmm2_4a/19.2.acc 
LOG (sgmm2-sum-accs:main():sgmm2-sum-accs.cc:84) Written stats to -
LOG (sgmm2-est:MleUpdate():transition-model.cc:393) TransitionModel::Update, objf change is -3.43711e-12 per frame over 1.02488e+07 frames. 
LOG (sgmm2-est:MleUpdate():transition-model.cc:396) 109 probabilities floored, 13371 out of 23448 transition-states skipped due to insuffient data (it is normal to have some skipped.)
LOG (sgmm2-est:main():sgmm2-est.cc:109) Transition model update: Overall -3.43711e-12 log-like improvement per frame over 1.02488e+07 frames.
LOG (sgmm2-est:Check():estimate-am-sgmm2.cc:216) Sgmm2PdfModel: J1 = 1600, J2 = 6727, D = 40, S = 41, T = 40, I = 400
LOG (sgmm2-est:Check():estimate-am-sgmm2.cc:362) Subspace GMM model properties: Y: yes, nonzero. Z: yes, nonzero. R: yes, nonzero. gamma_s: yes, zero. S: yes, nonzero. y: yes, nonzero. a: yes.  a: yes, nonzero. gamma: yes.  gamma: yes, nonzero. gamma_c: yes, nonzero. t: yes, nonzero. t: yes, nonzero. 
LOG (sgmm2-est:UpdatePhoneVectors():estimate-am-sgmm2.cc:782) Updating phone vectors
LOG (sgmm2-est:UpdatePhoneVectorsInternal():estimate-am-sgmm2.cc:928) Auxf impr for j = 0 m = 0 is 0.00198521 per frame over 20914.8 frames.
LOG (sgmm2-est:UpdatePhoneVectorsInternal():estimate-am-sgmm2.cc:928) Auxf impr for j = 0 m = 1 is 0.00113106 per frame over 21573.3 frames.
LOG (sgmm2-est:UpdatePhoneVectorsInternal():estimate-am-sgmm2.cc:928) Auxf impr for j = 0 m = 2 is 0.00169705 per frame over 11482.7 frames.
LOG (sgmm2-est:UpdatePhoneVectorsInternal():estimate-am-sgmm2.cc:928) Auxf impr for j = 1 m = 0 is 0.00447645 per frame over 257.553 frames.
LOG (sgmm2-est:UpdatePhoneVectorsInternal():estimate-am-sgmm2.cc:928) Auxf impr for j = 1 m = 1 is 0.00548434 per frame over 183.637 frames.
LOG (sgmm2-est:UpdatePhoneVectorsInternal():estimate-am-sgmm2.cc:928) Auxf impr for j = 1 m = 2 is 0.0141532 per frame over 228.198 frames.
LOG (sgmm2-est:UpdatePhoneVectorsInternal():estimate-am-sgmm2.cc:928) Auxf impr for j = 2 m = 0 is 0.00767629 per frame over 258.853 frames.
LOG (sgmm2-est:UpdatePhoneVectorsInternal():estimate-am-sgmm2.cc:928) Auxf impr for j = 2 m = 1 is 0.0202123 per frame over 162.635 frames.
LOG (sgmm2-est:UpdatePhoneVectorsInternal():estimate-am-sgmm2.cc:928) Auxf impr for j = 2 m = 2 is 0.0430037 per frame over 154.137 frames.
LOG (sgmm2-est:UpdatePhoneVectors():estimate-am-sgmm2.cc:794) **Overall auxf impr for v is 0.00734052 over 1.02483e+07 frames
LOG (sgmm2-est:UpdateW():estimate-am-sgmm2.cc:1319) Updating weight projections
LOG (sgmm2-est:UpdateW():estimate-am-sgmm2.cc:1373) Predicted objf impr for w, iter = 0, i = 0 is 0.000665946 per frame over 69812.5 frames.
LOG (sgmm2-est:UpdateW():estimate-am-sgmm2.cc:1373) Predicted objf impr for w, iter = 0, i = 1 is 0.0030024 per frame over 18542 frames.
LOG (sgmm2-est:UpdateW():estimate-am-sgmm2.cc:1373) Predicted objf impr for w, iter = 0, i = 2 is 0.000457601 per frame over 89812.6 frames.
LOG (sgmm2-est:UpdateW():estimate-am-sgmm2.cc:1373) Predicted objf impr for w, iter = 0, i = 3 is 0.000234427 per frame over 61762.7 frames.
LOG (sgmm2-est:UpdateW():estimate-am-sgmm2.cc:1373) Predicted objf impr for w, iter = 0, i = 4 is 0.000459066 per frame over 15480.2 frames.
LOG (sgmm2-est:UpdateW():estimate-am-sgmm2.cc:1373) Predicted objf impr for w, iter = 0, i = 5 is 0.000147081 per frame over 39314.8 frames.
LOG (sgmm2-est:UpdateW():estimate-am-sgmm2.cc:1373) Predicted objf impr for w, iter = 0, i = 6 is 0.000322838 per frame over 80577.6 frames.
LOG (sgmm2-est:UpdateW():estimate-am-sgmm2.cc:1373) Predicted objf impr for w, iter = 0, i = 7 is 0.000364661 per frame over 34031.6 frames.
LOG (sgmm2-est:UpdateW():estimate-am-sgmm2.cc:1373) Predicted objf impr for w, iter = 0, i = 8 is 0.000929666 per frame over 28433.1 frames.
LOG (sgmm2-est:UpdateW():estimate-am-sgmm2.cc:1373) Predicted objf impr for w, iter = 0, i = 9 is 0.0001967 per frame over 58543.3 frames.
LOG (sgmm2-est:SolveQuadraticProblem<double>():sp-matrix.cc:710) Solving quadratic problem for w: floored 1 eigenvalues. 
LOG (sgmm2-est:SolveQuadraticProblem<double>():sp-matrix.cc:710) Solving quadratic problem for w: floored 1 eigenvalues. 
LOG (sgmm2-est:SolveQuadraticProblem<double>():sp-matrix.cc:710) Solving quadratic problem for w: floored 1 eigenvalues. 
LOG (sgmm2-est:SolveQuadraticProblem<double>():sp-matrix.cc:710) Solving quadratic problem for w: floored 1 eigenvalues. 
LOG (sgmm2-est:SolveQuadraticProblem<double>():sp-matrix.cc:710) Solving quadratic problem for w: floored 1 eigenvalues. 
LOG (sgmm2-est:SolveQuadraticProblem<double>():sp-matrix.cc:710) Solving quadratic problem for w: floored 1 eigenvalues. 
LOG (sgmm2-est:SolveQuadraticProblem<double>():sp-matrix.cc:710) Solving quadratic problem for w: floored 1 eigenvalues. 
LOG (sgmm2-est:SolveQuadraticProblem<double>():sp-matrix.cc:710) Solving quadratic problem for w: floored 1 eigenvalues. 
LOG (sgmm2-est:SolveQuadraticProblem<double>():sp-matrix.cc:710) Solving quadratic problem for w: floored 1 eigenvalues. 
LOG (sgmm2-est:UpdateW():estimate-am-sgmm2.cc:1373) Predicted objf impr for w, iter = 1, i = 0 is 4.40648e-06 per frame over 69812.5 frames.
LOG (sgmm2-est:UpdateW():estimate-am-sgmm2.cc:1373) Predicted objf impr for w, iter = 1, i = 1 is 1.733e-05 per frame over 18542 frames.
LOG (sgmm2-est:UpdateW():estimate-am-sgmm2.cc:1373) Predicted objf impr for w, iter = 1, i = 2 is 3.28042e-06 per frame over 89812.6 frames.
LOG (sgmm2-est:UpdateW():estimate-am-sgmm2.cc:1373) Predicted objf impr for w, iter = 1, i = 3 is 8.38985e-06 per frame over 61762.7 frames.
LOG (sgmm2-est:UpdateW():estimate-am-sgmm2.cc:1373) Predicted objf impr for w, iter = 1, i = 4 is 4.92186e-05 per frame over 15480.2 frames.
LOG (sgmm2-est:UpdateW():estimate-am-sgmm2.cc:1373) Predicted objf impr for w, iter = 1, i = 5 is 6.67134e-06 per frame over 39314.8 frames.
LOG (sgmm2-est:UpdateW():estimate-am-sgmm2.cc:1373) Predicted objf impr for w, iter = 1, i = 6 is 4.74269e-06 per frame over 80577.6 frames.
LOG (sgmm2-est:UpdateW():estimate-am-sgmm2.cc:1373) Predicted objf impr for w, iter = 1, i = 7 is 5.26501e-06 per frame over 34031.6 frames.
LOG (sgmm2-est:UpdateW():estimate-am-sgmm2.cc:1373) Predicted objf impr for w, iter = 1, i = 8 is 1.40792e-05 per frame over 28433.1 frames.
LOG (sgmm2-est:UpdateW():estimate-am-sgmm2.cc:1373) Predicted objf impr for w, iter = 1, i = 9 is 4.33699e-06 per frame over 58543.3 frames.
LOG (sgmm2-est:SolveQuadraticProblem<double>():sp-matrix.cc:710) Solving quadratic problem for w: floored 1 eigenvalues. 
LOG (sgmm2-est:SolveQuadraticProblem<double>():sp-matrix.cc:710) Solving quadratic problem for w: floored 1 eigenvalues. 
LOG (sgmm2-est:SolveQuadraticProblem<double>():sp-matrix.cc:710) Solving quadratic problem for w: floored 1 eigenvalues. 
LOG (sgmm2-est:SolveQuadraticProblem<double>():sp-matrix.cc:710) Solving quadratic problem for w: floored 1 eigenvalues. 
LOG (sgmm2-est:SolveQuadraticProblem<double>():sp-matrix.cc:710) Solving quadratic problem for w: floored 1 eigenvalues. 
LOG (sgmm2-est:SolveQuadraticProblem<double>():sp-matrix.cc:710) Solving quadratic problem for w: floored 1 eigenvalues. 
LOG (sgmm2-est:SolveQuadraticProblem<double>():sp-matrix.cc:710) Solving quadratic problem for w: floored 1 eigenvalues. 
LOG (sgmm2-est:SolveQuadraticProblem<double>():sp-matrix.cc:710) Solving quadratic problem for w: floored 1 eigenvalues. 
LOG (sgmm2-est:SolveQuadraticProblem<double>():sp-matrix.cc:710) Solving quadratic problem for w: floored 1 eigenvalues. 
LOG (sgmm2-est:UpdateW():estimate-am-sgmm2.cc:1373) Predicted objf impr for w, iter = 2, i = 0 is 1.63774e-06 per frame over 69812.5 frames.
LOG (sgmm2-est:UpdateW():estimate-am-sgmm2.cc:1373) Predicted objf impr for w, iter = 2, i = 1 is 2.20341e-06 per frame over 18542 frames.
LOG (sgmm2-est:UpdateW():estimate-am-sgmm2.cc:1373) Predicted objf impr for w, iter = 2, i = 2 is 1.6466e-06 per frame over 89812.6 frames.
LOG (sgmm2-est:UpdateW():estimate-am-sgmm2.cc:1373) Predicted objf impr for w, iter = 2, i = 3 is 4.13934e-06 per frame over 61762.7 frames.
LOG (sgmm2-est:UpdateW():estimate-am-sgmm2.cc:1373) Predicted objf impr for w, iter = 2, i = 4 is 1.13731e-05 per frame over 15480.2 frames.
LOG (sgmm2-est:UpdateW():estimate-am-sgmm2.cc:1373) Predicted objf impr for w, iter = 2, i = 5 is 3.50645e-06 per frame over 39314.8 frames.
LOG (sgmm2-est:UpdateW():estimate-am-sgmm2.cc:1373) Predicted objf impr for w, iter = 2, i = 6 is 2.3725e-06 per frame over 80577.6 frames.
LOG (sgmm2-est:UpdateW():estimate-am-sgmm2.cc:1373) Predicted objf impr for w, iter = 2, i = 7 is 1.66793e-06 per frame over 34031.6 frames.
LOG (sgmm2-est:UpdateW():estimate-am-sgmm2.cc:1373) Predicted objf impr for w, iter = 2, i = 8 is 3.44372e-06 per frame over 28433.1 frames.
LOG (sgmm2-est:UpdateW():estimate-am-sgmm2.cc:1373) Predicted objf impr for w, iter = 2, i = 9 is 1.78317e-06 per frame over 58543.3 frames.
LOG (sgmm2-est:SolveQuadraticProblem<double>():sp-matrix.cc:710) Solving quadratic problem for w: floored 1 eigenvalues. 
LOG (sgmm2-est:SolveQuadraticProblem<double>():sp-matrix.cc:710) Solving quadratic problem for w: floored 1 eigenvalues. 
LOG (sgmm2-est:SolveQuadraticProblem<double>():sp-matrix.cc:710) Solving quadratic problem for w: floored 1 eigenvalues. 
LOG (sgmm2-est:SolveQuadraticProblem<double>():sp-matrix.cc:710) Solving quadratic problem for w: floored 1 eigenvalues. 
LOG (sgmm2-est:SolveQuadraticProblem<double>():sp-matrix.cc:710) Solving quadratic problem for w: floored 1 eigenvalues. 
LOG (sgmm2-est:SolveQuadraticProblem<double>():sp-matrix.cc:710) Solving quadratic problem for w: floored 1 eigenvalues. 
LOG (sgmm2-est:SolveQuadraticProblem<double>():sp-matrix.cc:710) Solving quadratic problem for w: floored 1 eigenvalues. 
LOG (sgmm2-est:SolveQuadraticProblem<double>():sp-matrix.cc:710) Solving quadratic problem for w: floored 1 eigenvalues. 
LOG (sgmm2-est:SolveQuadraticProblem<double>():sp-matrix.cc:710) Solving quadratic problem for w: floored 1 eigenvalues. 
LOG (sgmm2-est:UpdateW():estimate-am-sgmm2.cc:1427) **Overall objf impr for w is 0.000284834, actual 0.000352139, over 1.02483e+07 frames
WARNING (sgmm2-est:UpdateVars():estimate-am-sgmm2.cc:1643) For Gaussian component 11: Floored 1 covariance eigenvalues.
WARNING (sgmm2-est:UpdateVars():estimate-am-sgmm2.cc:1643) For Gaussian component 13: Floored 3 covariance eigenvalues.
WARNING (sgmm2-est:UpdateVars():estimate-am-sgmm2.cc:1643) For Gaussian component 29: Floored 1 covariance eigenvalues.
WARNING (sgmm2-est:UpdateVars():estimate-am-sgmm2.cc:1643) For Gaussian component 40: Floored 2 covariance eigenvalues.
WARNING (sgmm2-est:UpdateVars():estimate-am-sgmm2.cc:1643) For Gaussian component 43: Floored 1 covariance eigenvalues.
WARNING (sgmm2-est:UpdateVars():estimate-am-sgmm2.cc:1643) For Gaussian component 45: Floored 1 covariance eigenvalues.
WARNING (sgmm2-est:UpdateVars():estimate-am-sgmm2.cc:1643) For Gaussian component 68: Floored 1 covariance eigenvalues.
WARNING (sgmm2-est:UpdateVars():estimate-am-sgmm2.cc:1643) For Gaussian component 72: Floored 2 covariance eigenvalues.
WARNING (sgmm2-est:UpdateVars():estimate-am-sgmm2.cc:1643) For Gaussian component 73: Floored 3 covariance eigenvalues.
WARNING (sgmm2-est:UpdateVars():estimate-am-sgmm2.cc:1643) For Gaussian component 76: Floored 1 covariance eigenvalues.
WARNING (sgmm2-est:UpdateVars():estimate-am-sgmm2.cc:1643) For Gaussian component 79: Floored 2 covariance eigenvalues.
WARNING (sgmm2-est:UpdateVars():estimate-am-sgmm2.cc:1643) For Gaussian component 80: Floored 1 covariance eigenvalues.
WARNING (sgmm2-est:UpdateVars():estimate-am-sgmm2.cc:1643) For Gaussian component 357: Floored 1 covariance eigenvalues.
LOG (sgmm2-est:UpdateVars():estimate-am-sgmm2.cc:1669) **Overall objf impr for variance update = 0.00136928 over 1.02483e+07 frames
LOG (sgmm2-est:UpdateSubstateWeights():estimate-am-sgmm2.cc:1678) Updating substate mixture weights
LOG (sgmm2-est:UpdateSubstateWeights():estimate-am-sgmm2.cc:1701) **Overall objf impr for c is 0.000423562, over 1.02483e+07 frames.
LOG (sgmm2-est:UpdateN():estimate-am-sgmm2.cc:1506) Objf impr for spk projection N for i = 0, is 0.00754939 over 69812.5 frames
LOG (sgmm2-est:UpdateN():estimate-am-sgmm2.cc:1506) Objf impr for spk projection N for i = 1, is 0.0608482 over 18542 frames
LOG (sgmm2-est:UpdateN():estimate-am-sgmm2.cc:1506) Objf impr for spk projection N for i = 2, is 0.0063267 over 89812.6 frames
LOG (sgmm2-est:UpdateN():estimate-am-sgmm2.cc:1506) Objf impr for spk projection N for i = 3, is 0.0122792 over 61762.7 frames
LOG (sgmm2-est:UpdateN():estimate-am-sgmm2.cc:1506) Objf impr for spk projection N for i = 4, is 0.0642968 over 15480.2 frames
LOG (sgmm2-est:UpdateN():estimate-am-sgmm2.cc:1506) Objf impr for spk projection N for i = 5, is 0.00592036 over 39314.8 frames
LOG (sgmm2-est:UpdateN():estimate-am-sgmm2.cc:1506) Objf impr for spk projection N for i = 6, is 0.00380668 over 80577.6 frames
LOG (sgmm2-est:UpdateN():estimate-am-sgmm2.cc:1506) Objf impr for spk projection N for i = 7, is 0.0285827 over 34031.6 frames
LOG (sgmm2-est:SolveQuadraticMatrixProblem():sp-matrix.cc:810) Solving matrix problem for N: floored 2 eigenvalues. 
LOG (sgmm2-est:UpdateN():estimate-am-sgmm2.cc:1506) Objf impr for spk projection N for i = 8, is 0.0215223 over 28433.1 frames
LOG (sgmm2-est:UpdateN():estimate-am-sgmm2.cc:1506) Objf impr for spk projection N for i = 9, is 0.00833767 over 58543.3 frames
LOG (sgmm2-est:SolveQuadraticMatrixProblem():sp-matrix.cc:810) Solving matrix problem for N: floored 20 eigenvalues. 
LOG (sgmm2-est:SolveQuadraticMatrixProblem():sp-matrix.cc:810) Solving matrix problem for N: floored 25 eigenvalues. 
LOG (sgmm2-est:SolveQuadraticMatrixProblem():sp-matrix.cc:810) Solving matrix problem for N: floored 35 eigenvalues. 
LOG (sgmm2-est:SolveQuadraticMatrixProblem():sp-matrix.cc:810) Solving matrix problem for N: floored 1 eigenvalues. 
LOG (sgmm2-est:SolveQuadraticMatrixProblem():sp-matrix.cc:810) Solving matrix problem for N: floored 1 eigenvalues. 
LOG (sgmm2-est:SolveQuadraticMatrixProblem():sp-matrix.cc:810) Solving matrix problem for N: floored 4 eigenvalues. 
LOG (sgmm2-est:SolveQuadraticMatrixProblem():sp-matrix.cc:810) Solving matrix problem for N: floored 13 eigenvalues. 
LOG (sgmm2-est:SolveQuadraticMatrixProblem():sp-matrix.cc:810) Solving matrix problem for N: floored 18 eigenvalues. 
LOG (sgmm2-est:SolveQuadraticMatrixProblem():sp-matrix.cc:810) Solving matrix problem for N: floored 14 eigenvalues. 
LOG (sgmm2-est:SolveQuadraticMatrixProblem():sp-matrix.cc:810) Solving matrix problem for N: floored 32 eigenvalues. 
LOG (sgmm2-est:SolveQuadraticMatrixProblem():sp-matrix.cc:810) Solving matrix problem for N: floored 5 eigenvalues. 
LOG (sgmm2-est:SolveQuadraticMatrixProblem():sp-matrix.cc:810) Solving matrix problem for N: floored 12 eigenvalues. 
LOG (sgmm2-est:SolveQuadraticMatrixProblem():sp-matrix.cc:810) Solving matrix problem for N: floored 22 eigenvalues. 
LOG (sgmm2-est:SolveQuadraticMatrixProblem():sp-matrix.cc:810) Solving matrix problem for N: floored 7 eigenvalues. 
LOG (sgmm2-est:SolveQuadraticMatrixProblem():sp-matrix.cc:810) Solving matrix problem for N: floored 8 eigenvalues. 
LOG (sgmm2-est:SolveQuadraticMatrixProblem():sp-matrix.cc:810) Solving matrix problem for N: floored 14 eigenvalues. 
LOG (sgmm2-est:UpdateN():estimate-am-sgmm2.cc:1514) **Overall objf impr for N is 0.00936243 over 1.02483e+07 frames
LOG (sgmm2-est:UpdateU():estimate-am-sgmm2.cc:1467) Objf impr for spk weight-projection u for i = 0, is 0.000509353 over 69812.5 frames
LOG (sgmm2-est:UpdateU():estimate-am-sgmm2.cc:1467) Objf impr for spk weight-projection u for i = 1, is 0.00580986 over 18542 frames
LOG (sgmm2-est:UpdateU():estimate-am-sgmm2.cc:1467) Objf impr for spk weight-projection u for i = 2, is 0.000338377 over 89812.6 frames
LOG (sgmm2-est:UpdateU():estimate-am-sgmm2.cc:1467) Objf impr for spk weight-projection u for i = 3, is 0.00134391 over 61762.7 frames
LOG (sgmm2-est:UpdateU():estimate-am-sgmm2.cc:1467) Objf impr for spk weight-projection u for i = 4, is 0.00172909 over 15480.2 frames
LOG (sgmm2-est:UpdateU():estimate-am-sgmm2.cc:1467) Objf impr for spk weight-projection u for i = 5, is 0.000574622 over 39314.8 frames
LOG (sgmm2-est:UpdateU():estimate-am-sgmm2.cc:1467) Objf impr for spk weight-projection u for i = 6, is 0.00028877 over 80577.6 frames
LOG (sgmm2-est:UpdateU():estimate-am-sgmm2.cc:1467) Objf impr for spk weight-projection u for i = 7, is 0.00167508 over 34031.6 frames
LOG (sgmm2-est:UpdateU():estimate-am-sgmm2.cc:1467) Objf impr for spk weight-projection u for i = 8, is 0.000452464 over 28433.1 frames
LOG (sgmm2-est:UpdateU():estimate-am-sgmm2.cc:1467) Objf impr for spk weight-projection u for i = 9, is 0.000362662 over 58543.3 frames
LOG (sgmm2-est:UpdateU():estimate-am-sgmm2.cc:1475) **Overall objf impr for u is 0.000837974, over 1.02483e+07 frames
LOG (sgmm2-est:RenormalizeV():estimate-am-sgmm2.cc:963) Scatter of vectors v is : 
LOG (sgmm2-est:PrintEigs():matrix/sp-matrix.h:217) PrintEigs: Sigma:  [ 0.983744 1.0172 0.989534 0.990743 0.99241 0.992749 0.993807 0.994236 0.99466 0.995194 1.01 0.995831 0.996927 0.997037 0.997533 0.997872 0.998413 0.998884 0.999128 0.999098 0.999852 0.999945 1.00058 1.00106 1.00154 1.00184 1.00263 1.00216 1.00312 1.00357 1.00461 1.00474 1.00495 1.00893 1.00532 1.00575 1.00616 1.00666 1.00814 1.0079 1.00716 ]
LOG (sgmm2-est:RenormalizeV():estimate-am-sgmm2.cc:985) Note on the next diagnostic: the first number is generally not that meaningful as it relates to the static offset
LOG (sgmm2-est:PrintEigs():matrix/sp-matrix.h:217) PrintEigs: H_sm_proj (Significance of dims in vector space.. note):  [ 78.3378 8.48757 7.66079 6.72385 6.09524 5.37438 5.23306 5.03657 4.41602 4.1763 4.00289 3.93104 3.7678 3.17486 2.98672 2.90385 2.89111 2.66199 2.40061 2.32252 2.16686 0.433181 1.95493 1.89882 1.74824 1.66702 1.6141 1.51264 1.43925 1.41371 1.3809 0.590966 0.681955 0.760508 0.81289 0.904524 1.25349 0.972031 1.13042 1.10516 1.06439 ]
LOG (sgmm2-est:RenormalizeV():estimate-am-sgmm2.cc:1031) Renormalized subspace.
LOG (sgmm2-est:Update():estimate-am-sgmm2.cc:673) *Overall auxf improvement, combining all parameters, is 0.0196859
LOG (sgmm2-est:Update():estimate-am-sgmm2.cc:676) ***Overall data likelihood is -37.1136 over 1.02483e+07 frames.
WARNING (sgmm2-est:ComputeHsmFromModel():am-sgmm2.cc:1282) Limited 5 eigenvalues of H_sm
LOG (sgmm2-est:ComputeHsmFromModel():am-sgmm2.cc:1287) total count is 1.02481e+07
LOG (sgmm2-est:SplitSubstates():am-sgmm2.cc:692) Getting rid of normalizers as they will no longer be valid
LOG (sgmm2-est:SplitSubstates():am-sgmm2.cc:694) Split 19009 substates to 19010
LOG (sgmm2-est:ComputeNormalizers():am-sgmm2.cc:852) Computing normalizers
LOG (sgmm2-est:ComputeNormalizers():am-sgmm2.cc:859) Entropy of weights in substates is 2.43001 over 19010 substates, equivalent to perplexity of 11.359
LOG (sgmm2-est:ComputeNormalizers():am-sgmm2.cc:863) Done computing normalizers
LOG (sgmm2-est:main():sgmm2-est.cc:158) Written model to exp/sgmm2_4a/20.mdl
# Accounting: time=21 threads=1
# Ended (code 0) at Sun Nov 26 11:40:02 IST 2017, elapsed time 21 seconds
