# sgmm2-est --update-flags=vMwSctu --split-substates=13864 --power=0.25 --write-occs=exp/sgmm2_4a/9.occs exp/sgmm2_4a/8.mdl "sgmm2-sum-accs - exp/sgmm2_4a/8.*.acc|" exp/sgmm2_4a/9.mdl 
# Started at Sun Nov 26 08:58:43 IST 2017
#
sgmm2-est --update-flags=vMwSctu --split-substates=13864 --power=0.25 --write-occs=exp/sgmm2_4a/9.occs exp/sgmm2_4a/8.mdl 'sgmm2-sum-accs - exp/sgmm2_4a/8.*.acc|' exp/sgmm2_4a/9.mdl 
sgmm2-sum-accs - exp/sgmm2_4a/8.1.acc exp/sgmm2_4a/8.2.acc 
LOG (sgmm2-sum-accs:main():sgmm2-sum-accs.cc:84) Written stats to -
LOG (sgmm2-est:MleUpdate():transition-model.cc:393) TransitionModel::Update, objf change is -8.04233e-12 per frame over 1.02499e+07 frames. 
LOG (sgmm2-est:MleUpdate():transition-model.cc:396) 114 probabilities floored, 13373 out of 23448 transition-states skipped due to insuffient data (it is normal to have some skipped.)
LOG (sgmm2-est:main():sgmm2-est.cc:109) Transition model update: Overall -8.04233e-12 log-like improvement per frame over 1.02499e+07 frames.
LOG (sgmm2-est:Check():estimate-am-sgmm2.cc:216) Sgmm2PdfModel: J1 = 1600, J2 = 6727, D = 40, S = 41, T = 40, I = 400
LOG (sgmm2-est:Check():estimate-am-sgmm2.cc:362) Subspace GMM model properties: Y: yes, nonzero. Z, R: no.  S: yes, nonzero. y: yes, nonzero. a: yes.  a: yes, nonzero. gamma: yes.  gamma: yes, nonzero. gamma_c: yes, nonzero. t: yes, nonzero. t: yes, nonzero. 
LOG (sgmm2-est:UpdatePhoneVectors():estimate-am-sgmm2.cc:782) Updating phone vectors
LOG (sgmm2-est:UpdatePhoneVectorsInternal():estimate-am-sgmm2.cc:928) Auxf impr for j = 0 m = 0 is 0.0392131 per frame over 18146.5 frames.
LOG (sgmm2-est:UpdatePhoneVectorsInternal():estimate-am-sgmm2.cc:928) Auxf impr for j = 0 m = 1 is 0.0326708 per frame over 18880.1 frames.
LOG (sgmm2-est:UpdatePhoneVectorsInternal():estimate-am-sgmm2.cc:928) Auxf impr for j = 0 m = 2 is 0.0244535 per frame over 19020.1 frames.
LOG (sgmm2-est:UpdatePhoneVectorsInternal():estimate-am-sgmm2.cc:928) Auxf impr for j = 1 m = 0 is 0.00462262 per frame over 412.998 frames.
LOG (sgmm2-est:UpdatePhoneVectorsInternal():estimate-am-sgmm2.cc:928) Auxf impr for j = 1 m = 1 is 0.0621748 per frame over 159.163 frames.
LOG (sgmm2-est:UpdatePhoneVectorsInternal():estimate-am-sgmm2.cc:928) Auxf impr for j = 1 m = 2 is 0.00581368 per frame over 159.409 frames.
LOG (sgmm2-est:UpdatePhoneVectorsInternal():estimate-am-sgmm2.cc:928) Auxf impr for j = 2 m = 0 is 0.00797392 per frame over 264.829 frames.
LOG (sgmm2-est:UpdatePhoneVectorsInternal():estimate-am-sgmm2.cc:928) Auxf impr for j = 2 m = 1 is 0.0210889 per frame over 381.282 frames.
LOG (sgmm2-est:UpdatePhoneVectorsInternal():estimate-am-sgmm2.cc:928) Auxf impr for j = 2 m = 2 is 0.0129208 per frame over 289.016 frames.
LOG (sgmm2-est:UpdatePhoneVectors():estimate-am-sgmm2.cc:794) **Overall auxf impr for v is 0.0164466 over 1.02495e+07 frames
LOG (sgmm2-est:SolveQuadraticMatrixProblem():sp-matrix.cc:810) Solving matrix problem for M: floored 11 eigenvalues. 
LOG (sgmm2-est:SolveQuadraticMatrixProblem():sp-matrix.cc:810) Solving matrix problem for M: floored 4 eigenvalues. 
LOG (sgmm2-est:SolveQuadraticMatrixProblem():sp-matrix.cc:810) Solving matrix problem for M: floored 15 eigenvalues. 
LOG (sgmm2-est:SolveQuadraticMatrixProblem():sp-matrix.cc:810) Solving matrix problem for M: floored 7 eigenvalues. 
LOG (sgmm2-est:SolveQuadraticMatrixProblem():sp-matrix.cc:810) Solving matrix problem for M: floored 3 eigenvalues. 
LOG (sgmm2-est:SolveQuadraticMatrixProblem():sp-matrix.cc:810) Solving matrix problem for M: floored 4 eigenvalues. 
LOG (sgmm2-est:SolveQuadraticMatrixProblem():sp-matrix.cc:810) Solving matrix problem for M: floored 9 eigenvalues. 
LOG (sgmm2-est:SolveQuadraticMatrixProblem():sp-matrix.cc:810) Solving matrix problem for M: floored 12 eigenvalues. 
LOG (sgmm2-est:SolveQuadraticMatrixProblem():sp-matrix.cc:810) Solving matrix problem for M: floored 2 eigenvalues. 
LOG (sgmm2-est:SolveQuadraticMatrixProblem():sp-matrix.cc:810) Solving matrix problem for M: floored 11 eigenvalues. 
LOG (sgmm2-est:SolveQuadraticMatrixProblem():sp-matrix.cc:810) Solving matrix problem for M: floored 6 eigenvalues. 
LOG (sgmm2-est:SolveQuadraticMatrixProblem():sp-matrix.cc:810) Solving matrix problem for M: floored 14 eigenvalues. 
LOG (sgmm2-est:SolveQuadraticMatrixProblem():sp-matrix.cc:810) Solving matrix problem for M: floored 10 eigenvalues. 
LOG (sgmm2-est:SolveQuadraticMatrixProblem():sp-matrix.cc:810) Solving matrix problem for M: floored 13 eigenvalues. 
LOG (sgmm2-est:SolveQuadraticMatrixProblem():sp-matrix.cc:810) Solving matrix problem for M: floored 12 eigenvalues. 
LOG (sgmm2-est:SolveQuadraticMatrixProblem():sp-matrix.cc:810) Solving matrix problem for M: floored 3 eigenvalues. 
LOG (sgmm2-est:SolveQuadraticMatrixProblem():sp-matrix.cc:810) Solving matrix problem for M: floored 1 eigenvalues. 
LOG (sgmm2-est:SolveQuadraticMatrixProblem():sp-matrix.cc:810) Solving matrix problem for M: floored 1 eigenvalues. 
LOG (sgmm2-est:SolveQuadraticMatrixProblem():sp-matrix.cc:810) Solving matrix problem for M: floored 2 eigenvalues. 
LOG (sgmm2-est:SolveQuadraticMatrixProblem():sp-matrix.cc:810) Solving matrix problem for M: floored 8 eigenvalues. 
LOG (sgmm2-est:SolveQuadraticMatrixProblem():sp-matrix.cc:810) Solving matrix problem for M: floored 12 eigenvalues. 
LOG (sgmm2-est:SolveQuadraticMatrixProblem():sp-matrix.cc:810) Solving matrix problem for M: floored 4 eigenvalues. 
LOG (sgmm2-est:SolveQuadraticMatrixProblem():sp-matrix.cc:810) Solving matrix problem for M: floored 2 eigenvalues. 
LOG (sgmm2-est:SolveQuadraticMatrixProblem():sp-matrix.cc:810) Solving matrix problem for M: floored 8 eigenvalues. 
LOG (sgmm2-est:SolveQuadraticMatrixProblem():sp-matrix.cc:810) Solving matrix problem for M: floored 2 eigenvalues. 
LOG (sgmm2-est:UpdateM():estimate-am-sgmm2.cc:1068) Overall objective function improvement for model projections M is 0.0685054 over 1.02495e+07 frames
LOG (sgmm2-est:UpdateW():estimate-am-sgmm2.cc:1319) Updating weight projections
LOG (sgmm2-est:UpdateW():estimate-am-sgmm2.cc:1373) Predicted objf impr for w, iter = 0, i = 0 is 0.00996937 per frame over 61878.3 frames.
LOG (sgmm2-est:UpdateW():estimate-am-sgmm2.cc:1373) Predicted objf impr for w, iter = 0, i = 1 is 0.00895152 per frame over 12427 frames.
LOG (sgmm2-est:UpdateW():estimate-am-sgmm2.cc:1373) Predicted objf impr for w, iter = 0, i = 2 is 0.00760006 per frame over 85868.4 frames.
LOG (sgmm2-est:UpdateW():estimate-am-sgmm2.cc:1373) Predicted objf impr for w, iter = 0, i = 3 is 0.00436669 per frame over 69703.2 frames.
LOG (sgmm2-est:UpdateW():estimate-am-sgmm2.cc:1373) Predicted objf impr for w, iter = 0, i = 4 is 0.00745292 per frame over 23381.6 frames.
LOG (sgmm2-est:UpdateW():estimate-am-sgmm2.cc:1373) Predicted objf impr for w, iter = 0, i = 5 is 0.00346861 per frame over 36699.6 frames.
LOG (sgmm2-est:UpdateW():estimate-am-sgmm2.cc:1373) Predicted objf impr for w, iter = 0, i = 6 is 0.00511302 per frame over 74604.5 frames.
LOG (sgmm2-est:UpdateW():estimate-am-sgmm2.cc:1373) Predicted objf impr for w, iter = 0, i = 7 is 0.00834395 per frame over 29280.1 frames.
LOG (sgmm2-est:UpdateW():estimate-am-sgmm2.cc:1373) Predicted objf impr for w, iter = 0, i = 8 is 0.0748337 per frame over 27771 frames.
LOG (sgmm2-est:UpdateW():estimate-am-sgmm2.cc:1373) Predicted objf impr for w, iter = 0, i = 9 is 0.00267134 per frame over 56749.5 frames.
LOG (sgmm2-est:SolveQuadraticProblem<double>():sp-matrix.cc:710) Solving quadratic problem for w: floored 1 eigenvalues. 
LOG (sgmm2-est:SolveQuadraticProblem<double>():sp-matrix.cc:710) Solving quadratic problem for w: floored 1 eigenvalues. 
LOG (sgmm2-est:SolveQuadraticProblem<double>():sp-matrix.cc:710) Solving quadratic problem for w: floored 1 eigenvalues. 
LOG (sgmm2-est:SolveQuadraticProblem<double>():sp-matrix.cc:710) Solving quadratic problem for w: floored 1 eigenvalues. 
LOG (sgmm2-est:UpdateW():estimate-am-sgmm2.cc:1373) Predicted objf impr for w, iter = 1, i = 0 is 0.000228008 per frame over 61878.3 frames.
LOG (sgmm2-est:UpdateW():estimate-am-sgmm2.cc:1373) Predicted objf impr for w, iter = 1, i = 1 is 0.000648828 per frame over 12427 frames.
LOG (sgmm2-est:UpdateW():estimate-am-sgmm2.cc:1373) Predicted objf impr for w, iter = 1, i = 2 is 8.53651e-05 per frame over 85868.4 frames.
LOG (sgmm2-est:UpdateW():estimate-am-sgmm2.cc:1373) Predicted objf impr for w, iter = 1, i = 3 is 0.000387584 per frame over 69703.2 frames.
LOG (sgmm2-est:UpdateW():estimate-am-sgmm2.cc:1373) Predicted objf impr for w, iter = 1, i = 4 is 0.000386513 per frame over 23381.6 frames.
LOG (sgmm2-est:UpdateW():estimate-am-sgmm2.cc:1373) Predicted objf impr for w, iter = 1, i = 5 is 5.04908e-05 per frame over 36699.6 frames.
LOG (sgmm2-est:UpdateW():estimate-am-sgmm2.cc:1373) Predicted objf impr for w, iter = 1, i = 6 is 7.25334e-05 per frame over 74604.5 frames.
LOG (sgmm2-est:UpdateW():estimate-am-sgmm2.cc:1373) Predicted objf impr for w, iter = 1, i = 7 is 0.000402922 per frame over 29280.1 frames.
LOG (sgmm2-est:UpdateW():estimate-am-sgmm2.cc:1373) Predicted objf impr for w, iter = 1, i = 8 is 0.00277711 per frame over 27771 frames.
LOG (sgmm2-est:UpdateW():estimate-am-sgmm2.cc:1373) Predicted objf impr for w, iter = 1, i = 9 is 3.87646e-05 per frame over 56749.5 frames.
LOG (sgmm2-est:SolveQuadraticProblem<double>():sp-matrix.cc:710) Solving quadratic problem for w: floored 1 eigenvalues. 
LOG (sgmm2-est:SolveQuadraticProblem<double>():sp-matrix.cc:710) Solving quadratic problem for w: floored 1 eigenvalues. 
LOG (sgmm2-est:SolveQuadraticProblem<double>():sp-matrix.cc:710) Solving quadratic problem for w: floored 1 eigenvalues. 
LOG (sgmm2-est:SolveQuadraticProblem<double>():sp-matrix.cc:710) Solving quadratic problem for w: floored 1 eigenvalues. 
LOG (sgmm2-est:UpdateW():estimate-am-sgmm2.cc:1373) Predicted objf impr for w, iter = 2, i = 0 is 8.22152e-06 per frame over 61878.3 frames.
LOG (sgmm2-est:UpdateW():estimate-am-sgmm2.cc:1373) Predicted objf impr for w, iter = 2, i = 1 is 1.8518e-05 per frame over 12427 frames.
LOG (sgmm2-est:UpdateW():estimate-am-sgmm2.cc:1373) Predicted objf impr for w, iter = 2, i = 2 is 5.00792e-06 per frame over 85868.4 frames.
LOG (sgmm2-est:UpdateW():estimate-am-sgmm2.cc:1373) Predicted objf impr for w, iter = 2, i = 3 is 5.21574e-05 per frame over 69703.2 frames.
LOG (sgmm2-est:UpdateW():estimate-am-sgmm2.cc:1373) Predicted objf impr for w, iter = 2, i = 4 is 8.68836e-05 per frame over 23381.6 frames.
LOG (sgmm2-est:UpdateW():estimate-am-sgmm2.cc:1373) Predicted objf impr for w, iter = 2, i = 5 is 1.37311e-05 per frame over 36699.6 frames.
LOG (sgmm2-est:UpdateW():estimate-am-sgmm2.cc:1373) Predicted objf impr for w, iter = 2, i = 6 is 1.09169e-05 per frame over 74604.5 frames.
LOG (sgmm2-est:UpdateW():estimate-am-sgmm2.cc:1373) Predicted objf impr for w, iter = 2, i = 7 is 1.72633e-05 per frame over 29280.1 frames.
LOG (sgmm2-est:UpdateW():estimate-am-sgmm2.cc:1373) Predicted objf impr for w, iter = 2, i = 8 is 0.000119279 per frame over 27771 frames.
LOG (sgmm2-est:UpdateW():estimate-am-sgmm2.cc:1373) Predicted objf impr for w, iter = 2, i = 9 is 7.91511e-06 per frame over 56749.5 frames.
LOG (sgmm2-est:SolveQuadraticProblem<double>():sp-matrix.cc:710) Solving quadratic problem for w: floored 1 eigenvalues. 
LOG (sgmm2-est:SolveQuadraticProblem<double>():sp-matrix.cc:710) Solving quadratic problem for w: floored 1 eigenvalues. 
LOG (sgmm2-est:SolveQuadraticProblem<double>():sp-matrix.cc:710) Solving quadratic problem for w: floored 1 eigenvalues. 
LOG (sgmm2-est:SolveQuadraticProblem<double>():sp-matrix.cc:710) Solving quadratic problem for w: floored 1 eigenvalues. 
LOG (sgmm2-est:UpdateW():estimate-am-sgmm2.cc:1427) **Overall objf impr for w is 0.00371922, actual 0.00438214, over 1.02495e+07 frames
WARNING (sgmm2-est:UpdateVars():estimate-am-sgmm2.cc:1643) For Gaussian component 11: Floored 1 covariance eigenvalues.
WARNING (sgmm2-est:UpdateVars():estimate-am-sgmm2.cc:1643) For Gaussian component 13: Floored 3 covariance eigenvalues.
WARNING (sgmm2-est:UpdateVars():estimate-am-sgmm2.cc:1643) For Gaussian component 29: Floored 1 covariance eigenvalues.
WARNING (sgmm2-est:UpdateVars():estimate-am-sgmm2.cc:1643) For Gaussian component 40: Floored 2 covariance eigenvalues.
WARNING (sgmm2-est:UpdateVars():estimate-am-sgmm2.cc:1643) For Gaussian component 43: Floored 2 covariance eigenvalues.
WARNING (sgmm2-est:UpdateVars():estimate-am-sgmm2.cc:1643) For Gaussian component 45: Floored 1 covariance eigenvalues.
WARNING (sgmm2-est:UpdateVars():estimate-am-sgmm2.cc:1643) For Gaussian component 68: Floored 1 covariance eigenvalues.
WARNING (sgmm2-est:UpdateVars():estimate-am-sgmm2.cc:1643) For Gaussian component 73: Floored 4 covariance eigenvalues.
WARNING (sgmm2-est:UpdateVars():estimate-am-sgmm2.cc:1643) For Gaussian component 76: Floored 1 covariance eigenvalues.
WARNING (sgmm2-est:UpdateVars():estimate-am-sgmm2.cc:1643) For Gaussian component 79: Floored 1 covariance eigenvalues.
WARNING (sgmm2-est:UpdateVars():estimate-am-sgmm2.cc:1643) For Gaussian component 80: Floored 2 covariance eigenvalues.
LOG (sgmm2-est:UpdateVars():estimate-am-sgmm2.cc:1669) **Overall objf impr for variance update = 0.0596432 over 1.02495e+07 frames
LOG (sgmm2-est:UpdateSubstateWeights():estimate-am-sgmm2.cc:1678) Updating substate mixture weights
LOG (sgmm2-est:UpdateSubstateWeights():estimate-am-sgmm2.cc:1701) **Overall objf impr for c is 0.000638682, over 1.02495e+07 frames.
LOG (sgmm2-est:UpdateU():estimate-am-sgmm2.cc:1467) Objf impr for spk weight-projection u for i = 0, is 0.0158619 over 61878.3 frames
WARNING (sgmm2-est:UpdateU():estimate-am-sgmm2.cc:1454) Updating speaker weight projections u, for Gaussian index 1, impr/frame is 0.965965 over 12427 frames, scaling back to not exceed 0.25
LOG (sgmm2-est:UpdateU():estimate-am-sgmm2.cc:1467) Objf impr for spk weight-projection u for i = 1, is 0.25 over 12427 frames
LOG (sgmm2-est:UpdateU():estimate-am-sgmm2.cc:1467) Objf impr for spk weight-projection u for i = 2, is 0.0253698 over 85868.4 frames
LOG (sgmm2-est:UpdateU():estimate-am-sgmm2.cc:1467) Objf impr for spk weight-projection u for i = 3, is 0.0452068 over 69703.2 frames
LOG (sgmm2-est:UpdateU():estimate-am-sgmm2.cc:1467) Objf impr for spk weight-projection u for i = 4, is 0.0416742 over 23381.6 frames
LOG (sgmm2-est:UpdateU():estimate-am-sgmm2.cc:1467) Objf impr for spk weight-projection u for i = 5, is 0.0225487 over 36699.6 frames
LOG (sgmm2-est:UpdateU():estimate-am-sgmm2.cc:1467) Objf impr for spk weight-projection u for i = 6, is 0.0105318 over 74604.5 frames
LOG (sgmm2-est:UpdateU():estimate-am-sgmm2.cc:1467) Objf impr for spk weight-projection u for i = 7, is 0.137243 over 29280.1 frames
LOG (sgmm2-est:UpdateU():estimate-am-sgmm2.cc:1467) Objf impr for spk weight-projection u for i = 8, is 0.147264 over 27771 frames
LOG (sgmm2-est:UpdateU():estimate-am-sgmm2.cc:1467) Objf impr for spk weight-projection u for i = 9, is 0.0248165 over 56749.5 frames
WARNING (sgmm2-est:UpdateU():estimate-am-sgmm2.cc:1454) Updating speaker weight projections u, for Gaussian index 13, impr/frame is 0.620193 over 6417.52 frames, scaling back to not exceed 0.25
WARNING (sgmm2-est:UpdateU():estimate-am-sgmm2.cc:1454) Updating speaker weight projections u, for Gaussian index 28, impr/frame is 0.351346 over 19349.4 frames, scaling back to not exceed 0.25
WARNING (sgmm2-est:UpdateU():estimate-am-sgmm2.cc:1454) Updating speaker weight projections u, for Gaussian index 29, impr/frame is 4.33569 over 7956.81 frames, scaling back to not exceed 0.25
WARNING (sgmm2-est:UpdateU():estimate-am-sgmm2.cc:1454) Updating speaker weight projections u, for Gaussian index 32, impr/frame is 0.273327 over 35573.4 frames, scaling back to not exceed 0.25
WARNING (sgmm2-est:UpdateU():estimate-am-sgmm2.cc:1454) Updating speaker weight projections u, for Gaussian index 35, impr/frame is 0.436856 over 20985.4 frames, scaling back to not exceed 0.25
WARNING (sgmm2-est:UpdateU():estimate-am-sgmm2.cc:1454) Updating speaker weight projections u, for Gaussian index 37, impr/frame is 0.421409 over 17112 frames, scaling back to not exceed 0.25
WARNING (sgmm2-est:UpdateU():estimate-am-sgmm2.cc:1454) Updating speaker weight projections u, for Gaussian index 42, impr/frame is 2.10676 over 6135.94 frames, scaling back to not exceed 0.25
WARNING (sgmm2-est:UpdateU():estimate-am-sgmm2.cc:1454) Updating speaker weight projections u, for Gaussian index 68, impr/frame is 1.29406 over 9369.14 frames, scaling back to not exceed 0.25
WARNING (sgmm2-est:UpdateU():estimate-am-sgmm2.cc:1454) Updating speaker weight projections u, for Gaussian index 73, impr/frame is 0.294937 over 24290.8 frames, scaling back to not exceed 0.25
WARNING (sgmm2-est:UpdateU():estimate-am-sgmm2.cc:1454) Updating speaker weight projections u, for Gaussian index 79, impr/frame is 0.576879 over 35065.8 frames, scaling back to not exceed 0.25
LOG (sgmm2-est:UpdateU():estimate-am-sgmm2.cc:1475) **Overall objf impr for u is 0.0280051, over 1.02495e+07 frames
LOG (sgmm2-est:RenormalizeV():estimate-am-sgmm2.cc:963) Scatter of vectors v is : 
LOG (sgmm2-est:PrintEigs():matrix/sp-matrix.h:217) PrintEigs: Sigma:  [ 0.966327 1.04994 1.04297 0.979731 1.03896 1.03743 1.03771 0.981819 0.984292 1.03228 1.03182 1.02973 1.02782 1.02602 1.02629 0.987822 1.02371 0.990599 0.992242 0.994549 0.994005 1.02172 1.02026 1.01838 1.01725 1.01635 1.01515 0.996611 1.01366 1.01208 0.997887 1.01079 1.00965 1.00889 1.00004 1.00075 1.00711 1.00571 1.00423 1.00378 1.00283 ]
LOG (sgmm2-est:RenormalizeV():estimate-am-sgmm2.cc:985) Note on the next diagnostic: the first number is generally not that meaningful as it relates to the static offset
LOG (sgmm2-est:PrintEigs():matrix/sp-matrix.h:217) PrintEigs: H_sm_proj (Significance of dims in vector space.. note):  [ 46.7334 4.05877 3.40422 3.2537 2.87044 2.44133 2.18152 1.99914 1.81178 1.54821 1.48429 1.29071 1.22427 1.12186 0.991104 0.91654 0.859616 0.791833 0.779838 0.725622 0.713278 0.655581 0.622197 0.172266 0.57125 0.553193 0.527102 0.496694 0.47678 0.469721 0.21647 0.227503 0.237604 0.264895 0.290836 0.433922 0.409299 0.388141 0.393165 0.331238 0.346478 ]
LOG (sgmm2-est:RenormalizeV():estimate-am-sgmm2.cc:1031) Renormalized subspace.
LOG (sgmm2-est:Update():estimate-am-sgmm2.cc:673) *Overall auxf improvement, combining all parameters, is 0.177621
LOG (sgmm2-est:Update():estimate-am-sgmm2.cc:676) ***Overall data likelihood is -38.2587 over 1.02495e+07 frames.
WARNING (sgmm2-est:ComputeHsmFromModel():am-sgmm2.cc:1282) Limited 11 eigenvalues of H_sm
LOG (sgmm2-est:ComputeHsmFromModel():am-sgmm2.cc:1287) total count is 1.02494e+07
LOG (sgmm2-est:SplitSubstates():am-sgmm2.cc:692) Getting rid of normalizers as they will no longer be valid
LOG (sgmm2-est:SplitSubstates():am-sgmm2.cc:694) Split 13249 substates to 13951
LOG (sgmm2-est:ComputeNormalizers():am-sgmm2.cc:852) Computing normalizers
LOG (sgmm2-est:ComputeNormalizers():am-sgmm2.cc:859) Entropy of weights in substates is 2.44119 over 13951 substates, equivalent to perplexity of 11.4867
LOG (sgmm2-est:ComputeNormalizers():am-sgmm2.cc:863) Done computing normalizers
LOG (sgmm2-est:main():sgmm2-est.cc:158) Written model to exp/sgmm2_4a/9.mdl
# Accounting: time=19 threads=1
# Ended (code 0) at Sun Nov 26 08:59:02 IST 2017, elapsed time 19 seconds
