# sgmm2-est --update-flags=vNwSctu --split-substates=14597 --power=0.25 --write-occs=exp/sgmm2_4a/10.occs exp/sgmm2_4a/9.mdl "sgmm2-sum-accs - exp/sgmm2_4a/9.*.acc|" exp/sgmm2_4a/10.mdl 
# Started at Sun Nov 26 09:08:01 IST 2017
#
sgmm2-est --update-flags=vNwSctu --split-substates=14597 --power=0.25 --write-occs=exp/sgmm2_4a/10.occs exp/sgmm2_4a/9.mdl 'sgmm2-sum-accs - exp/sgmm2_4a/9.*.acc|' exp/sgmm2_4a/10.mdl 
sgmm2-sum-accs - exp/sgmm2_4a/9.1.acc exp/sgmm2_4a/9.2.acc 
LOG (sgmm2-sum-accs:main():sgmm2-sum-accs.cc:84) Written stats to -
LOG (sgmm2-est:MleUpdate():transition-model.cc:393) TransitionModel::Update, objf change is -8.04233e-12 per frame over 1.02499e+07 frames. 
LOG (sgmm2-est:MleUpdate():transition-model.cc:396) 114 probabilities floored, 13373 out of 23448 transition-states skipped due to insuffient data (it is normal to have some skipped.)
LOG (sgmm2-est:main():sgmm2-est.cc:109) Transition model update: Overall -8.04233e-12 log-like improvement per frame over 1.02499e+07 frames.
LOG (sgmm2-est:Check():estimate-am-sgmm2.cc:216) Sgmm2PdfModel: J1 = 1600, J2 = 6727, D = 40, S = 41, T = 40, I = 400
LOG (sgmm2-est:Check():estimate-am-sgmm2.cc:362) Subspace GMM model properties: Y: yes, nonzero. Z: yes, nonzero. R: yes, nonzero. gamma_s: yes, zero. S: yes, nonzero. y: yes, nonzero. a: yes.  a: yes, nonzero. gamma: yes.  gamma: yes, nonzero. gamma_c: yes, nonzero. t: yes, nonzero. t: yes, nonzero. 
LOG (sgmm2-est:UpdatePhoneVectors():estimate-am-sgmm2.cc:782) Updating phone vectors
LOG (sgmm2-est:UpdatePhoneVectorsInternal():estimate-am-sgmm2.cc:928) Auxf impr for j = 0 m = 0 is 0.020991 per frame over 17998.2 frames.
LOG (sgmm2-est:UpdatePhoneVectorsInternal():estimate-am-sgmm2.cc:928) Auxf impr for j = 0 m = 1 is 0.0170958 per frame over 18946.1 frames.
LOG (sgmm2-est:UpdatePhoneVectorsInternal():estimate-am-sgmm2.cc:928) Auxf impr for j = 0 m = 2 is 0.0141699 per frame over 19189.8 frames.
LOG (sgmm2-est:UpdatePhoneVectorsInternal():estimate-am-sgmm2.cc:928) Auxf impr for j = 1 m = 0 is 0.0144198 per frame over 394.1 frames.
LOG (sgmm2-est:UpdatePhoneVectorsInternal():estimate-am-sgmm2.cc:928) Auxf impr for j = 1 m = 1 is 0.0433231 per frame over 162.878 frames.
LOG (sgmm2-est:UpdatePhoneVectorsInternal():estimate-am-sgmm2.cc:928) Auxf impr for j = 1 m = 2 is 0.0136331 per frame over 158.974 frames.
LOG (sgmm2-est:UpdatePhoneVectorsInternal():estimate-am-sgmm2.cc:928) Auxf impr for j = 2 m = 0 is 0.0101603 per frame over 266.461 frames.
LOG (sgmm2-est:UpdatePhoneVectorsInternal():estimate-am-sgmm2.cc:928) Auxf impr for j = 2 m = 1 is 0.0193381 per frame over 190.866 frames.
LOG (sgmm2-est:UpdatePhoneVectorsInternal():estimate-am-sgmm2.cc:928) Auxf impr for j = 2 m = 2 is 0.0315348 per frame over 295.702 frames.
LOG (sgmm2-est:UpdatePhoneVectors():estimate-am-sgmm2.cc:794) **Overall auxf impr for v is 0.0153086 over 1.02496e+07 frames
LOG (sgmm2-est:UpdateW():estimate-am-sgmm2.cc:1319) Updating weight projections
LOG (sgmm2-est:UpdateW():estimate-am-sgmm2.cc:1373) Predicted objf impr for w, iter = 0, i = 0 is 0.00381269 per frame over 64240.9 frames.
LOG (sgmm2-est:UpdateW():estimate-am-sgmm2.cc:1373) Predicted objf impr for w, iter = 0, i = 1 is 0.00590541 per frame over 13043.5 frames.
LOG (sgmm2-est:UpdateW():estimate-am-sgmm2.cc:1373) Predicted objf impr for w, iter = 0, i = 2 is 0.00163109 per frame over 86685.1 frames.
LOG (sgmm2-est:UpdateW():estimate-am-sgmm2.cc:1373) Predicted objf impr for w, iter = 0, i = 3 is 0.0032762 per frame over 69741.8 frames.
LOG (sgmm2-est:UpdateW():estimate-am-sgmm2.cc:1373) Predicted objf impr for w, iter = 0, i = 4 is 0.0014826 per frame over 22221.4 frames.
LOG (sgmm2-est:UpdateW():estimate-am-sgmm2.cc:1373) Predicted objf impr for w, iter = 0, i = 5 is 0.000610731 per frame over 37298.2 frames.
LOG (sgmm2-est:UpdateW():estimate-am-sgmm2.cc:1373) Predicted objf impr for w, iter = 0, i = 6 is 0.000313428 per frame over 76450.9 frames.
LOG (sgmm2-est:UpdateW():estimate-am-sgmm2.cc:1373) Predicted objf impr for w, iter = 0, i = 7 is 0.00881944 per frame over 29500.1 frames.
LOG (sgmm2-est:UpdateW():estimate-am-sgmm2.cc:1373) Predicted objf impr for w, iter = 0, i = 8 is 0.00618644 per frame over 27649.5 frames.
LOG (sgmm2-est:UpdateW():estimate-am-sgmm2.cc:1373) Predicted objf impr for w, iter = 0, i = 9 is 0.00148852 per frame over 57627.8 frames.
LOG (sgmm2-est:SolveQuadraticProblem<double>():sp-matrix.cc:710) Solving quadratic problem for w: floored 1 eigenvalues. 
LOG (sgmm2-est:SolveQuadraticProblem<double>():sp-matrix.cc:710) Solving quadratic problem for w: floored 1 eigenvalues. 
LOG (sgmm2-est:SolveQuadraticProblem<double>():sp-matrix.cc:710) Solving quadratic problem for w: floored 1 eigenvalues. 
LOG (sgmm2-est:SolveQuadraticProblem<double>():sp-matrix.cc:710) Solving quadratic problem for w: floored 1 eigenvalues. 
LOG (sgmm2-est:UpdateW():estimate-am-sgmm2.cc:1373) Predicted objf impr for w, iter = 1, i = 0 is 0.000107863 per frame over 64240.9 frames.
LOG (sgmm2-est:UpdateW():estimate-am-sgmm2.cc:1373) Predicted objf impr for w, iter = 1, i = 1 is 9.50669e-05 per frame over 13043.5 frames.
LOG (sgmm2-est:UpdateW():estimate-am-sgmm2.cc:1373) Predicted objf impr for w, iter = 1, i = 2 is 5.30921e-05 per frame over 86685.1 frames.
LOG (sgmm2-est:UpdateW():estimate-am-sgmm2.cc:1373) Predicted objf impr for w, iter = 1, i = 3 is 0.000171335 per frame over 69741.8 frames.
LOG (sgmm2-est:UpdateW():estimate-am-sgmm2.cc:1373) Predicted objf impr for w, iter = 1, i = 4 is 0.000129721 per frame over 22221.4 frames.
LOG (sgmm2-est:UpdateW():estimate-am-sgmm2.cc:1373) Predicted objf impr for w, iter = 1, i = 5 is 4.41547e-05 per frame over 37298.2 frames.
LOG (sgmm2-est:UpdateW():estimate-am-sgmm2.cc:1373) Predicted objf impr for w, iter = 1, i = 6 is 1.7549e-05 per frame over 76450.9 frames.
LOG (sgmm2-est:UpdateW():estimate-am-sgmm2.cc:1373) Predicted objf impr for w, iter = 1, i = 7 is 9.07967e-05 per frame over 29500.1 frames.
LOG (sgmm2-est:UpdateW():estimate-am-sgmm2.cc:1373) Predicted objf impr for w, iter = 1, i = 8 is 5.12133e-05 per frame over 27649.5 frames.
LOG (sgmm2-est:UpdateW():estimate-am-sgmm2.cc:1373) Predicted objf impr for w, iter = 1, i = 9 is 0.000118655 per frame over 57627.8 frames.
LOG (sgmm2-est:SolveQuadraticProblem<double>():sp-matrix.cc:710) Solving quadratic problem for w: floored 1 eigenvalues. 
LOG (sgmm2-est:SolveQuadraticProblem<double>():sp-matrix.cc:710) Solving quadratic problem for w: floored 1 eigenvalues. 
LOG (sgmm2-est:SolveQuadraticProblem<double>():sp-matrix.cc:710) Solving quadratic problem for w: floored 1 eigenvalues. 
LOG (sgmm2-est:SolveQuadraticProblem<double>():sp-matrix.cc:710) Solving quadratic problem for w: floored 1 eigenvalues. 
LOG (sgmm2-est:UpdateW():estimate-am-sgmm2.cc:1373) Predicted objf impr for w, iter = 2, i = 0 is 6.80131e-06 per frame over 64240.9 frames.
LOG (sgmm2-est:UpdateW():estimate-am-sgmm2.cc:1373) Predicted objf impr for w, iter = 2, i = 1 is 7.55587e-06 per frame over 13043.5 frames.
LOG (sgmm2-est:UpdateW():estimate-am-sgmm2.cc:1373) Predicted objf impr for w, iter = 2, i = 2 is 5.94871e-06 per frame over 86685.1 frames.
LOG (sgmm2-est:UpdateW():estimate-am-sgmm2.cc:1373) Predicted objf impr for w, iter = 2, i = 3 is 3.25793e-05 per frame over 69741.8 frames.
LOG (sgmm2-est:UpdateW():estimate-am-sgmm2.cc:1373) Predicted objf impr for w, iter = 2, i = 4 is 3.58741e-05 per frame over 22221.4 frames.
LOG (sgmm2-est:UpdateW():estimate-am-sgmm2.cc:1373) Predicted objf impr for w, iter = 2, i = 5 is 1.34881e-05 per frame over 37298.2 frames.
LOG (sgmm2-est:UpdateW():estimate-am-sgmm2.cc:1373) Predicted objf impr for w, iter = 2, i = 6 is 8.50294e-06 per frame over 76450.9 frames.
LOG (sgmm2-est:UpdateW():estimate-am-sgmm2.cc:1373) Predicted objf impr for w, iter = 2, i = 7 is 1.02124e-05 per frame over 29500.1 frames.
LOG (sgmm2-est:UpdateW():estimate-am-sgmm2.cc:1373) Predicted objf impr for w, iter = 2, i = 8 is 1.13017e-05 per frame over 27649.5 frames.
LOG (sgmm2-est:UpdateW():estimate-am-sgmm2.cc:1373) Predicted objf impr for w, iter = 2, i = 9 is 1.42677e-05 per frame over 57627.8 frames.
LOG (sgmm2-est:SolveQuadraticProblem<double>():sp-matrix.cc:710) Solving quadratic problem for w: floored 1 eigenvalues. 
LOG (sgmm2-est:SolveQuadraticProblem<double>():sp-matrix.cc:710) Solving quadratic problem for w: floored 1 eigenvalues. 
LOG (sgmm2-est:SolveQuadraticProblem<double>():sp-matrix.cc:710) Solving quadratic problem for w: floored 1 eigenvalues. 
LOG (sgmm2-est:SolveQuadraticProblem<double>():sp-matrix.cc:710) Solving quadratic problem for w: floored 1 eigenvalues. 
LOG (sgmm2-est:UpdateW():estimate-am-sgmm2.cc:1427) **Overall objf impr for w is 0.00171289, actual 0.00202483, over 1.02496e+07 frames
WARNING (sgmm2-est:UpdateVars():estimate-am-sgmm2.cc:1643) For Gaussian component 11: Floored 1 covariance eigenvalues.
WARNING (sgmm2-est:UpdateVars():estimate-am-sgmm2.cc:1643) For Gaussian component 13: Floored 3 covariance eigenvalues.
WARNING (sgmm2-est:UpdateVars():estimate-am-sgmm2.cc:1643) For Gaussian component 29: Floored 1 covariance eigenvalues.
WARNING (sgmm2-est:UpdateVars():estimate-am-sgmm2.cc:1643) For Gaussian component 40: Floored 2 covariance eigenvalues.
WARNING (sgmm2-est:UpdateVars():estimate-am-sgmm2.cc:1643) For Gaussian component 43: Floored 2 covariance eigenvalues.
WARNING (sgmm2-est:UpdateVars():estimate-am-sgmm2.cc:1643) For Gaussian component 45: Floored 1 covariance eigenvalues.
WARNING (sgmm2-est:UpdateVars():estimate-am-sgmm2.cc:1643) For Gaussian component 68: Floored 1 covariance eigenvalues.
WARNING (sgmm2-est:UpdateVars():estimate-am-sgmm2.cc:1643) For Gaussian component 73: Floored 3 covariance eigenvalues.
WARNING (sgmm2-est:UpdateVars():estimate-am-sgmm2.cc:1643) For Gaussian component 76: Floored 1 covariance eigenvalues.
WARNING (sgmm2-est:UpdateVars():estimate-am-sgmm2.cc:1643) For Gaussian component 79: Floored 1 covariance eigenvalues.
WARNING (sgmm2-est:UpdateVars():estimate-am-sgmm2.cc:1643) For Gaussian component 80: Floored 2 covariance eigenvalues.
WARNING (sgmm2-est:UpdateVars():estimate-am-sgmm2.cc:1643) For Gaussian component 357: Floored 1 covariance eigenvalues.
LOG (sgmm2-est:UpdateVars():estimate-am-sgmm2.cc:1669) **Overall objf impr for variance update = 0.0139691 over 1.02496e+07 frames
LOG (sgmm2-est:UpdateSubstateWeights():estimate-am-sgmm2.cc:1678) Updating substate mixture weights
LOG (sgmm2-est:UpdateSubstateWeights():estimate-am-sgmm2.cc:1701) **Overall objf impr for c is 0.000518631, over 1.02496e+07 frames.
LOG (sgmm2-est:UpdateN():estimate-am-sgmm2.cc:1506) Objf impr for spk projection N for i = 0, is 0.118019 over 64240.9 frames
LOG (sgmm2-est:UpdateN():estimate-am-sgmm2.cc:1506) Objf impr for spk projection N for i = 1, is 1.15548 over 13043.5 frames
LOG (sgmm2-est:UpdateN():estimate-am-sgmm2.cc:1506) Objf impr for spk projection N for i = 2, is 0.17949 over 86685.1 frames
LOG (sgmm2-est:UpdateN():estimate-am-sgmm2.cc:1506) Objf impr for spk projection N for i = 3, is 0.195591 over 69741.8 frames
LOG (sgmm2-est:UpdateN():estimate-am-sgmm2.cc:1506) Objf impr for spk projection N for i = 4, is 0.334403 over 22221.4 frames
LOG (sgmm2-est:UpdateN():estimate-am-sgmm2.cc:1506) Objf impr for spk projection N for i = 5, is 0.086473 over 37298.2 frames
LOG (sgmm2-est:UpdateN():estimate-am-sgmm2.cc:1506) Objf impr for spk projection N for i = 6, is 0.10271 over 76450.9 frames
LOG (sgmm2-est:UpdateN():estimate-am-sgmm2.cc:1506) Objf impr for spk projection N for i = 7, is 0.90864 over 29500.1 frames
LOG (sgmm2-est:UpdateN():estimate-am-sgmm2.cc:1506) Objf impr for spk projection N for i = 8, is 0.779968 over 27649.5 frames
LOG (sgmm2-est:UpdateN():estimate-am-sgmm2.cc:1506) Objf impr for spk projection N for i = 9, is 0.185849 over 57627.8 frames
LOG (sgmm2-est:SolveQuadraticMatrixProblem():sp-matrix.cc:810) Solving matrix problem for N: floored 22 eigenvalues. 
LOG (sgmm2-est:SolveQuadraticMatrixProblem():sp-matrix.cc:810) Solving matrix problem for N: floored 27 eigenvalues. 
LOG (sgmm2-est:SolveQuadraticMatrixProblem():sp-matrix.cc:810) Solving matrix problem for N: floored 35 eigenvalues. 
LOG (sgmm2-est:SolveQuadraticMatrixProblem():sp-matrix.cc:810) Solving matrix problem for N: floored 4 eigenvalues. 
LOG (sgmm2-est:SolveQuadraticMatrixProblem():sp-matrix.cc:810) Solving matrix problem for N: floored 13 eigenvalues. 
LOG (sgmm2-est:SolveQuadraticMatrixProblem():sp-matrix.cc:810) Solving matrix problem for N: floored 19 eigenvalues. 
LOG (sgmm2-est:SolveQuadraticMatrixProblem():sp-matrix.cc:810) Solving matrix problem for N: floored 14 eigenvalues. 
LOG (sgmm2-est:SolveQuadraticMatrixProblem():sp-matrix.cc:810) Solving matrix problem for N: floored 32 eigenvalues. 
LOG (sgmm2-est:SolveQuadraticMatrixProblem():sp-matrix.cc:810) Solving matrix problem for N: floored 13 eigenvalues. 
LOG (sgmm2-est:SolveQuadraticMatrixProblem():sp-matrix.cc:810) Solving matrix problem for N: floored 22 eigenvalues. 
LOG (sgmm2-est:SolveQuadraticMatrixProblem():sp-matrix.cc:810) Solving matrix problem for N: floored 2 eigenvalues. 
LOG (sgmm2-est:SolveQuadraticMatrixProblem():sp-matrix.cc:810) Solving matrix problem for N: floored 3 eigenvalues. 
LOG (sgmm2-est:SolveQuadraticMatrixProblem():sp-matrix.cc:810) Solving matrix problem for N: floored 8 eigenvalues. 
LOG (sgmm2-est:UpdateN():estimate-am-sgmm2.cc:1514) **Overall objf impr for N is 0.184745 over 1.02496e+07 frames
LOG (sgmm2-est:UpdateU():estimate-am-sgmm2.cc:1467) Objf impr for spk weight-projection u for i = 0, is 0.00233649 over 64240.9 frames
WARNING (sgmm2-est:UpdateU():estimate-am-sgmm2.cc:1454) Updating speaker weight projections u, for Gaussian index 1, impr/frame is 0.550989 over 13043.5 frames, scaling back to not exceed 0.25
LOG (sgmm2-est:UpdateU():estimate-am-sgmm2.cc:1467) Objf impr for spk weight-projection u for i = 1, is 0.25 over 13043.5 frames
LOG (sgmm2-est:UpdateU():estimate-am-sgmm2.cc:1467) Objf impr for spk weight-projection u for i = 2, is 0.00547551 over 86685.1 frames
LOG (sgmm2-est:UpdateU():estimate-am-sgmm2.cc:1467) Objf impr for spk weight-projection u for i = 3, is 0.00828875 over 69741.8 frames
LOG (sgmm2-est:UpdateU():estimate-am-sgmm2.cc:1467) Objf impr for spk weight-projection u for i = 4, is 0.0126683 over 22221.4 frames
LOG (sgmm2-est:UpdateU():estimate-am-sgmm2.cc:1467) Objf impr for spk weight-projection u for i = 5, is 0.00229067 over 37298.2 frames
LOG (sgmm2-est:UpdateU():estimate-am-sgmm2.cc:1467) Objf impr for spk weight-projection u for i = 6, is 0.00245125 over 76450.9 frames
LOG (sgmm2-est:UpdateU():estimate-am-sgmm2.cc:1467) Objf impr for spk weight-projection u for i = 7, is 0.029891 over 29500.1 frames
LOG (sgmm2-est:UpdateU():estimate-am-sgmm2.cc:1467) Objf impr for spk weight-projection u for i = 8, is 0.0861905 over 27649.5 frames
LOG (sgmm2-est:UpdateU():estimate-am-sgmm2.cc:1467) Objf impr for spk weight-projection u for i = 9, is 0.0026656 over 57627.8 frames
WARNING (sgmm2-est:UpdateU():estimate-am-sgmm2.cc:1454) Updating speaker weight projections u, for Gaussian index 13, impr/frame is 0.320644 over 6445.4 frames, scaling back to not exceed 0.25
WARNING (sgmm2-est:UpdateU():estimate-am-sgmm2.cc:1454) Updating speaker weight projections u, for Gaussian index 29, impr/frame is 1.66108 over 7966.7 frames, scaling back to not exceed 0.25
WARNING (sgmm2-est:UpdateU():estimate-am-sgmm2.cc:1454) Updating speaker weight projections u, for Gaussian index 42, impr/frame is 0.918496 over 6228.21 frames, scaling back to not exceed 0.25
WARNING (sgmm2-est:UpdateU():estimate-am-sgmm2.cc:1454) Updating speaker weight projections u, for Gaussian index 68, impr/frame is 0.723051 over 9589.41 frames, scaling back to not exceed 0.25
LOG (sgmm2-est:UpdateU():estimate-am-sgmm2.cc:1475) **Overall objf impr for u is 0.0111881, over 1.02496e+07 frames
LOG (sgmm2-est:RenormalizeV():estimate-am-sgmm2.cc:963) Scatter of vectors v is : 
LOG (sgmm2-est:PrintEigs():matrix/sp-matrix.h:217) PrintEigs: Sigma:  [ 0.957832 1.03851 0.970535 1.03075 0.973939 1.02787 1.02518 0.976983 0.977695 1.02214 0.980327 0.981763 0.983428 1.02092 1.01964 0.984241 1.01813 1.01656 1.0146 0.986778 0.988556 0.988838 0.990351 0.990991 0.992471 0.99388 0.994926 0.995518 0.997396 0.998681 1.00025 1.00165 1.0023 1.00449 1.00763 1.00627 1.00713 1.01339 1.00918 1.01092 1.01132 ]
LOG (sgmm2-est:RenormalizeV():estimate-am-sgmm2.cc:985) Note on the next diagnostic: the first number is generally not that meaningful as it relates to the static offset
LOG (sgmm2-est:PrintEigs():matrix/sp-matrix.h:217) PrintEigs: H_sm_proj (Significance of dims in vector space.. note):  [ 51.5596 4.57136 3.92533 3.56306 3.27937 2.75414 2.59249 2.34492 2.24315 1.93692 1.81926 1.57195 1.51351 1.3839 1.3086 1.13885 1.05948 1.02741 0.986013 0.914875 0.881803 0.845081 0.823332 0.222619 0.277941 0.306977 0.315732 0.331947 0.736173 0.701006 0.673626 0.668521 0.381238 0.627398 0.581637 0.574237 0.538855 0.499937 0.504775 0.432027 0.462673 ]
LOG (sgmm2-est:RenormalizeV():estimate-am-sgmm2.cc:1031) Renormalized subspace.
LOG (sgmm2-est:Update():estimate-am-sgmm2.cc:673) *Overall auxf improvement, combining all parameters, is 0.227754
LOG (sgmm2-est:Update():estimate-am-sgmm2.cc:676) ***Overall data likelihood is -38.0738 over 1.02496e+07 frames.
WARNING (sgmm2-est:ComputeHsmFromModel():am-sgmm2.cc:1282) Limited 11 eigenvalues of H_sm
LOG (sgmm2-est:ComputeHsmFromModel():am-sgmm2.cc:1287) total count is 1.02494e+07
LOG (sgmm2-est:SplitSubstates():am-sgmm2.cc:692) Getting rid of normalizers as they will no longer be valid
LOG (sgmm2-est:SplitSubstates():am-sgmm2.cc:694) Split 13951 substates to 14656
LOG (sgmm2-est:ComputeNormalizers():am-sgmm2.cc:852) Computing normalizers
LOG (sgmm2-est:ComputeNormalizers():am-sgmm2.cc:859) Entropy of weights in substates is 2.44887 over 14656 substates, equivalent to perplexity of 11.5752
LOG (sgmm2-est:ComputeNormalizers():am-sgmm2.cc:863) Done computing normalizers
LOG (sgmm2-est:main():sgmm2-est.cc:158) Written model to exp/sgmm2_4a/10.mdl
# Accounting: time=17 threads=1
# Ended (code 0) at Sun Nov 26 09:08:18 IST 2017, elapsed time 17 seconds
