# sgmm2-latgen-faster --max-active=7000 --beam=13.0 --lattice-beam=6.0 --acoustic-scale=0.1 --determinize-lattice=false --allow-partial=true --word-symbol-table=exp/sgmm2_4a/graph/words.txt --max-mem=50000000 "--gselect=ark,s,cs:gunzip -c exp/sgmm2_4a/decode_fmllr/gselect.2.gz| copy-gselect --n=3 ark:- ark:- |" exp/sgmm2_4a/final.alimdl exp/sgmm2_4a/graph/HCLG.fst "ark,s,cs:apply-cmvn  --utt2spk=ark:data/test/split2/2/utt2spk scp:data/test/split2/2/cmvn.scp scp:data/test/split2/2/feats.scp ark:- | splice-feats  ark:- ark:- | transform-feats exp/sgmm2_4a/final.mat ark:- ark:- | transform-feats --utt2spk=ark:data/test/split2/2/utt2spk ark,s,cs:exp/tri3b/decode/trans.2 ark:- ark:- |" "ark:|gzip -c > exp/sgmm2_4a/decode_fmllr/pre_lat.2.gz" 
# Started at Sun Nov 26 12:56:55 IST 2017
#
sgmm2-latgen-faster --max-active=7000 --beam=13.0 --lattice-beam=6.0 --acoustic-scale=0.1 --determinize-lattice=false --allow-partial=true --word-symbol-table=exp/sgmm2_4a/graph/words.txt --max-mem=50000000 '--gselect=ark,s,cs:gunzip -c exp/sgmm2_4a/decode_fmllr/gselect.2.gz| copy-gselect --n=3 ark:- ark:- |' exp/sgmm2_4a/final.alimdl exp/sgmm2_4a/graph/HCLG.fst 'ark,s,cs:apply-cmvn  --utt2spk=ark:data/test/split2/2/utt2spk scp:data/test/split2/2/cmvn.scp scp:data/test/split2/2/feats.scp ark:- | splice-feats  ark:- ark:- | transform-feats exp/sgmm2_4a/final.mat ark:- ark:- | transform-feats --utt2spk=ark:data/test/split2/2/utt2spk ark,s,cs:exp/tri3b/decode/trans.2 ark:- ark:- |' 'ark:|gzip -c > exp/sgmm2_4a/decode_fmllr/pre_lat.2.gz' 
copy-gselect --n=3 ark:- ark:- 
splice-feats ark:- ark:- 
apply-cmvn --utt2spk=ark:data/test/split2/2/utt2spk scp:data/test/split2/2/cmvn.scp scp:data/test/split2/2/feats.scp ark:- 
transform-feats exp/sgmm2_4a/final.mat ark:- ark:- 
transform-feats --utt2spk=ark:data/test/split2/2/utt2spk ark,s,cs:exp/tri3b/decode/trans.2 ark:- ark:- 
anonymous0371-20100203-ssd-a0541 THE WARDEN WITH A QUART OF CHAMPAGNE 
LOG (sgmm2-latgen-faster:DecodeUtteranceLatticeFaster():decoder-wrappers.cc:285) Log-like per frame for utterance anonymous0371-20100203-ssd-a0541 is -3.94988 over 373 frames.
LOG (sgmm2-latgen-faster:main():sgmm2-latgen-faster.cc:209) Log-like per frame for utterance anonymous0371-20100203-ssd-a0541 is -3.94988 over 373 frames.
anonymous0371-20100203-ssd-a0542 WITHOUT A DOUBT SOME OF THEM HAVE DINNER ENGAGEMENTS 
LOG (sgmm2-latgen-faster:DecodeUtteranceLatticeFaster():decoder-wrappers.cc:285) Log-like per frame for utterance anonymous0371-20100203-ssd-a0542 is -4.0923 over 461 frames.
LOG (sgmm2-latgen-faster:main():sgmm2-latgen-faster.cc:209) Log-like per frame for utterance anonymous0371-20100203-ssd-a0542 is -4.0923 over 461 frames.
anonymous0371-20100203-ssd-a0543 I HAD BEEN BORN WITH NO ORGANIC CHEMICAL PREDISPOSITION TOWARD ALCOHOL 
LOG (sgmm2-latgen-faster:DecodeUtteranceLatticeFaster():decoder-wrappers.cc:285) Log-like per frame for utterance anonymous0371-20100203-ssd-a0543 is -4.50775 over 573 frames.
LOG (sgmm2-latgen-faster:main():sgmm2-latgen-faster.cc:209) Log-like per frame for utterance anonymous0371-20100203-ssd-a0543 is -4.50775 over 573 frames.
anonymous0371-20100203-ssd-a0544 HE MAY ANTICIPATE THE DAY OF HIS DEATH 
LOG (sgmm2-latgen-faster:DecodeUtteranceLatticeFaster():decoder-wrappers.cc:285) Log-like per frame for utterance anonymous0371-20100203-ssd-a0544 is -3.92096 over 411 frames.
LOG (sgmm2-latgen-faster:main():sgmm2-latgen-faster.cc:209) Log-like per frame for utterance anonymous0371-20100203-ssd-a0544 is -3.92096 over 411 frames.
anonymous0371-20100203-ssd-a0545 THE ITALIAN RANCHO WAS A BACHELOR ESTABLISHMENT 
LOG (sgmm2-latgen-faster:DecodeUtteranceLatticeFaster():decoder-wrappers.cc:285) Log-like per frame for utterance anonymous0371-20100203-ssd-a0545 is -3.92355 over 448 frames.
LOG (sgmm2-latgen-faster:main():sgmm2-latgen-faster.cc:209) Log-like per frame for utterance anonymous0371-20100203-ssd-a0545 is -3.92355 over 448 frames.
anonymous0371-20100203-ssd-a0546 I LOST MY BALANCE AND PITCHED HEAD FOREMOST INTO THE OOZE 
LOG (sgmm2-latgen-faster:DecodeUtteranceLatticeFaster():decoder-wrappers.cc:285) Log-like per frame for utterance anonymous0371-20100203-ssd-a0546 is -4.02126 over 548 frames.
LOG (sgmm2-latgen-faster:main():sgmm2-latgen-faster.cc:209) Log-like per frame for utterance anonymous0371-20100203-ssd-a0546 is -4.02126 over 548 frames.
anonymous0371-20100203-ssd-a0547 MEN LIKE JOE GOOSE DATED EXISTENCE FROM DRUNK TO DRUNK 
LOG (sgmm2-latgen-faster:DecodeUtteranceLatticeFaster():decoder-wrappers.cc:285) Log-like per frame for utterance anonymous0371-20100203-ssd-a0547 is -4.18179 over 548 frames.
LOG (sgmm2-latgen-faster:main():sgmm2-latgen-faster.cc:209) Log-like per frame for utterance anonymous0371-20100203-ssd-a0547 is -4.18179 over 548 frames.
anonymous0371-20100203-ssd-a0548 ALSO CHURCHES AND PREACHERS I HAD NEVER KNOWN 
LOG (sgmm2-latgen-faster:DecodeUtteranceLatticeFaster():decoder-wrappers.cc:285) Log-like per frame for utterance anonymous0371-20100203-ssd-a0548 is -3.8389 over 486 frames.
LOG (sgmm2-latgen-faster:main():sgmm2-latgen-faster.cc:209) Log-like per frame for utterance anonymous0371-20100203-ssd-a0548 is -3.8389 over 486 frames.
anonymous0371-20100203-ssd-a0549 YOU KNOW THAT WE WEIGH EVERY POUND OF COAL WE BURN 
LOG (sgmm2-latgen-faster:DecodeUtteranceLatticeFaster():decoder-wrappers.cc:285) Log-like per frame for utterance anonymous0371-20100203-ssd-a0549 is -3.42245 over 498 frames.
LOG (sgmm2-latgen-faster:main():sgmm2-latgen-faster.cc:209) Log-like per frame for utterance anonymous0371-20100203-ssd-a0549 is -3.42245 over 498 frames.
anonymous0371-20100203-ssd-a0550 THIS ALSO BECAME PART OF THE DAILY SCHEDULE 
LOG (sgmm2-latgen-faster:DecodeUtteranceLatticeFaster():decoder-wrappers.cc:285) Log-like per frame for utterance anonymous0371-20100203-ssd-a0550 is -3.72369 over 436 frames.
LOG (sgmm2-latgen-faster:main():sgmm2-latgen-faster.cc:209) Log-like per frame for utterance anonymous0371-20100203-ssd-a0550 is -3.72369 over 436 frames.
anonymous0434-20100505-bxv-b0080 TOMORROW BE STRONG INTERVIEW TO STAND UPON 
LOG (sgmm2-latgen-faster:DecodeUtteranceLatticeFaster():decoder-wrappers.cc:285) Log-like per frame for utterance anonymous0434-20100505-bxv-b0080 is -4.38268 over 461 frames.
LOG (sgmm2-latgen-faster:main():sgmm2-latgen-faster.cc:209) Log-like per frame for utterance anonymous0434-20100505-bxv-b0080 is -4.38268 over 461 frames.
anonymous0434-20100505-bxv-b0081 YOU'RE GOING TO LEAVE AFTER YOU SAW ME ON THE ROCK 
LOG (sgmm2-latgen-faster:DecodeUtteranceLatticeFaster():decoder-wrappers.cc:285) Log-like per frame for utterance anonymous0434-20100505-bxv-b0081 is -4.04423 over 561 frames.
LOG (sgmm2-latgen-faster:main():sgmm2-latgen-faster.cc:209) Log-like per frame for utterance anonymous0434-20100505-bxv-b0081 is -4.04423 over 561 frames.
anonymous0434-20100505-bxv-b0082 HE BIT HIS TONGUE AND CURSED HIMSELF AT THIS FRESH BREAK 
LOG (sgmm2-latgen-faster:DecodeUtteranceLatticeFaster():decoder-wrappers.cc:285) Log-like per frame for utterance anonymous0434-20100505-bxv-b0082 is -4.26612 over 586 frames.
LOG (sgmm2-latgen-faster:main():sgmm2-latgen-faster.cc:209) Log-like per frame for utterance anonymous0434-20100505-bxv-b0082 is -4.26612 over 586 frames.
anonymous0434-20100505-bxv-b0083 IN A THERE WAS SOMETHING THAT WAS ALMOST TRAGEDY 
LOG (sgmm2-latgen-faster:DecodeUtteranceLatticeFaster():decoder-wrappers.cc:285) Log-like per frame for utterance anonymous0434-20100505-bxv-b0083 is -4.02894 over 561 frames.
LOG (sgmm2-latgen-faster:main():sgmm2-latgen-faster.cc:209) Log-like per frame for utterance anonymous0434-20100505-bxv-b0083 is -4.02894 over 561 frames.
anonymous0434-20100505-bxv-b0084 YOUR FACE IS RED WITH BLOOD 
LOG (sgmm2-latgen-faster:DecodeUtteranceLatticeFaster():decoder-wrappers.cc:285) Log-like per frame for utterance anonymous0434-20100505-bxv-b0084 is -3.9574 over 398 frames.
LOG (sgmm2-latgen-faster:main():sgmm2-latgen-faster.cc:209) Log-like per frame for utterance anonymous0434-20100505-bxv-b0084 is -3.9574 over 398 frames.
anonymous0434-20100505-bxv-b0085 HER EYES SMILED TRUTH AT HIM AS HE CAME UP THE BANK 
LOG (sgmm2-latgen-faster:DecodeUtteranceLatticeFaster():decoder-wrappers.cc:285) Log-like per frame for utterance anonymous0434-20100505-bxv-b0085 is -4.25769 over 511 frames.
LOG (sgmm2-latgen-faster:main():sgmm2-latgen-faster.cc:209) Log-like per frame for utterance anonymous0434-20100505-bxv-b0085 is -4.25769 over 511 frames.
anonymous0434-20100505-bxv-b0086 HE CAN CARE FOR HIMSELF 
LOG (sgmm2-latgen-faster:DecodeUtteranceLatticeFaster():decoder-wrappers.cc:285) Log-like per frame for utterance anonymous0434-20100505-bxv-b0086 is -3.87908 over 373 frames.
LOG (sgmm2-latgen-faster:main():sgmm2-latgen-faster.cc:209) Log-like per frame for utterance anonymous0434-20100505-bxv-b0086 is -3.87908 over 373 frames.
anonymous0434-20100505-bxv-b0087 THEY WILL SEARCH FOR US BETWEEN THEIR CAMP IN CHURCHILL 
LOG (sgmm2-latgen-faster:DecodeUtteranceLatticeFaster():decoder-wrappers.cc:285) Log-like per frame for utterance anonymous0434-20100505-bxv-b0087 is -4.23332 over 486 frames.
LOG (sgmm2-latgen-faster:main():sgmm2-latgen-faster.cc:209) Log-like per frame for utterance anonymous0434-20100505-bxv-b0087 is -4.23332 over 486 frames.
anonymous0434-20100505-bxv-b0088 UNTIL I DIE HE EXCLAIMED 
LOG (sgmm2-latgen-faster:DecodeUtteranceLatticeFaster():decoder-wrappers.cc:285) Log-like per frame for utterance anonymous0434-20100505-bxv-b0088 is -4.08597 over 423 frames.
LOG (sgmm2-latgen-faster:main():sgmm2-latgen-faster.cc:209) Log-like per frame for utterance anonymous0434-20100505-bxv-b0088 is -4.08597 over 423 frames.
anonymous0434-20100505-bxv-b0089 HER BEAUTIFUL HAIR WAS DONE UP IN SHINING COILS 
LOG (sgmm2-latgen-faster:DecodeUtteranceLatticeFaster():decoder-wrappers.cc:285) Log-like per frame for utterance anonymous0434-20100505-bxv-b0089 is -4.33871 over 448 frames.
LOG (sgmm2-latgen-faster:main():sgmm2-latgen-faster.cc:209) Log-like per frame for utterance anonymous0434-20100505-bxv-b0089 is -4.33871 over 448 frames.
anonymous0541-20100821-gbt-b0459 THEY ARE NOT BIOLOGISTS NOR SOCIOLOGISTS 
LOG (sgmm2-latgen-faster:DecodeUtteranceLatticeFaster():decoder-wrappers.cc:285) Log-like per frame for utterance anonymous0541-20100821-gbt-b0459 is -4.35922 over 398 frames.
LOG (sgmm2-latgen-faster:main():sgmm2-latgen-faster.cc:209) Log-like per frame for utterance anonymous0541-20100821-gbt-b0459 is -4.35922 over 398 frames.
anonymous0541-20100821-gbt-b0460 THE MORE HIS OPPONENTS GREW EXCITED THE MORE ERNEST DELIBERATELY EXCITED THEM 
LOG (sgmm2-latgen-faster:DecodeUtteranceLatticeFaster():decoder-wrappers.cc:285) Log-like per frame for utterance anonymous0541-20100821-gbt-b0460 is -4.2035 over 586 frames.
LOG (sgmm2-latgen-faster:main():sgmm2-latgen-faster.cc:209) Log-like per frame for utterance anonymous0541-20100821-gbt-b0460 is -4.2035 over 586 frames.
anonymous0541-20100821-gbt-b0461 BY VIRTUE OF THAT POWER WE SHALL REMAIN IN POWER 
LOG (sgmm2-latgen-faster:DecodeUtteranceLatticeFaster():decoder-wrappers.cc:285) Log-like per frame for utterance anonymous0541-20100821-gbt-b0461 is -4.10349 over 486 frames.
LOG (sgmm2-latgen-faster:main():sgmm2-latgen-faster.cc:209) Log-like per frame for utterance anonymous0541-20100821-gbt-b0461 is -4.10349 over 486 frames.
anonymous0541-20100821-gbt-b0462 ONE GUESS WILL DO ERNEST RETORTED 
LOG (sgmm2-latgen-faster:DecodeUtteranceLatticeFaster():decoder-wrappers.cc:285) Log-like per frame for utterance anonymous0541-20100821-gbt-b0462 is -3.94817 over 386 frames.
LOG (sgmm2-latgen-faster:main():sgmm2-latgen-faster.cc:209) Log-like per frame for utterance anonymous0541-20100821-gbt-b0462 is -3.94817 over 386 frames.
anonymous0541-20100821-gbt-b0463 TAKE MY ADVICE AND ACCEPT THE VACATION 
LOG (sgmm2-latgen-faster:DecodeUtteranceLatticeFaster():decoder-wrappers.cc:285) Log-like per frame for utterance anonymous0541-20100821-gbt-b0463 is -3.72988 over 386 frames.
LOG (sgmm2-latgen-faster:main():sgmm2-latgen-faster.cc:209) Log-like per frame for utterance anonymous0541-20100821-gbt-b0463 is -3.72988 over 386 frames.
anonymous0541-20100821-gbt-b0464 I COULD NOT AGREE MORE WITH ERNEST 
LOG (sgmm2-latgen-faster:DecodeUtteranceLatticeFaster():decoder-wrappers.cc:285) Log-like per frame for utterance anonymous0541-20100821-gbt-b0464 is -3.7081 over 348 frames.
LOG (sgmm2-latgen-faster:main():sgmm2-latgen-faster.cc:209) Log-like per frame for utterance anonymous0541-20100821-gbt-b0464 is -3.7081 over 348 frames.
anonymous0541-20100821-gbt-b0465 BUT SUCH DIVERGENCE OF NO MENACE TO SOCIETY 
LOG (sgmm2-latgen-faster:DecodeUtteranceLatticeFaster():decoder-wrappers.cc:285) Log-like per frame for utterance anonymous0541-20100821-gbt-b0465 is -3.8487 over 441 frames.
LOG (sgmm2-latgen-faster:main():sgmm2-latgen-faster.cc:209) Log-like per frame for utterance anonymous0541-20100821-gbt-b0465 is -3.8487 over 441 frames.
anonymous0541-20100821-gbt-b0466 IT IS DOG EAT DOG AND YOU ATE THEM UP 
LOG (sgmm2-latgen-faster:DecodeUtteranceLatticeFaster():decoder-wrappers.cc:285) Log-like per frame for utterance anonymous0541-20100821-gbt-b0466 is -3.03834 over 636 frames.
LOG (sgmm2-latgen-faster:main():sgmm2-latgen-faster.cc:209) Log-like per frame for utterance anonymous0541-20100821-gbt-b0466 is -3.03834 over 636 frames.
anonymous0541-20100821-gbt-b0467 LET US RUN FOR OURSELVES 
LOG (sgmm2-latgen-faster:DecodeUtteranceLatticeFaster():decoder-wrappers.cc:285) Log-like per frame for utterance anonymous0541-20100821-gbt-b0467 is -3.75108 over 298 frames.
LOG (sgmm2-latgen-faster:main():sgmm2-latgen-faster.cc:209) Log-like per frame for utterance anonymous0541-20100821-gbt-b0467 is -3.75108 over 298 frames.
anonymous0541-20100821-gbt-b0468 IT WAS INTRODUCED BY REPRESENTATIVE DICK OF OHIO 
LOG (sgmm2-latgen-faster:DecodeUtteranceLatticeFaster():decoder-wrappers.cc:285) Log-like per frame for utterance anonymous0541-20100821-gbt-b0468 is -4.50714 over 498 frames.
LOG (sgmm2-latgen-faster:main():sgmm2-latgen-faster.cc:209) Log-like per frame for utterance anonymous0541-20100821-gbt-b0468 is -4.50714 over 498 frames.
anonymous0615-20110112-ahi-b0036 HE WONDERED TOO WHERE ROSCOE WAS 
LOG (sgmm2-latgen-faster:DecodeUtteranceLatticeFaster():decoder-wrappers.cc:285) Log-like per frame for utterance anonymous0615-20110112-ahi-b0036 is -3.83304 over 473 frames.
LOG (sgmm2-latgen-faster:main():sgmm2-latgen-faster.cc:209) Log-like per frame for utterance anonymous0615-20110112-ahi-b0036 is -3.83304 over 473 frames.
anonymous0615-20110112-ahi-b0037 PHILIP KNEW THAT SHE WAS NOT AN INDIAN 
LOG (sgmm2-latgen-faster:DecodeUtteranceLatticeFaster():decoder-wrappers.cc:285) Log-like per frame for utterance anonymous0615-20110112-ahi-b0037 is -3.60642 over 473 frames.
LOG (sgmm2-latgen-faster:main():sgmm2-latgen-faster.cc:209) Log-like per frame for utterance anonymous0615-20110112-ahi-b0037 is -3.60642 over 473 frames.
anonymous0615-20110112-ahi-b0038 IN HER HASTE TO GET AWAY SHE HAD FORGOTTEN THESE THINGS 
LOG (sgmm2-latgen-faster:DecodeUtteranceLatticeFaster():decoder-wrappers.cc:285) Log-like per frame for utterance anonymous0615-20110112-ahi-b0038 is -4.17688 over 561 frames.
LOG (sgmm2-latgen-faster:main():sgmm2-latgen-faster.cc:209) Log-like per frame for utterance anonymous0615-20110112-ahi-b0038 is -4.17688 over 561 frames.
anonymous0615-20110112-ahi-b0039 PHILIP TOOK A STEP TOWARD GREGSON HALF DETERMINED TO AWAKEN HIM 
LOG (sgmm2-latgen-faster:DecodeUtteranceLatticeFaster():decoder-wrappers.cc:285) Log-like per frame for utterance anonymous0615-20110112-ahi-b0039 is -4.55953 over 536 frames.
LOG (sgmm2-latgen-faster:main():sgmm2-latgen-faster.cc:209) Log-like per frame for utterance anonymous0615-20110112-ahi-b0039 is -4.55953 over 536 frames.
anonymous0615-20110112-ahi-b0040 THE THOUGHT SET HIS BLOOD TINGLING 
LOG (sgmm2-latgen-faster:DecodeUtteranceLatticeFaster():decoder-wrappers.cc:285) Log-like per frame for utterance anonymous0615-20110112-ahi-b0040 is -3.82262 over 386 frames.
LOG (sgmm2-latgen-faster:main():sgmm2-latgen-faster.cc:209) Log-like per frame for utterance anonymous0615-20110112-ahi-b0040 is -3.82262 over 386 frames.
anonymous0615-20110112-ahi-b0041 BUT IF PIERRE DID NOT RETURN UNTIL TOMORROW 
LOG (sgmm2-latgen-faster:DecodeUtteranceLatticeFaster():decoder-wrappers.cc:285) Log-like per frame for utterance anonymous0615-20110112-ahi-b0041 is -3.78117 over 448 frames.
LOG (sgmm2-latgen-faster:main():sgmm2-latgen-faster.cc:209) Log-like per frame for utterance anonymous0615-20110112-ahi-b0041 is -3.78117 over 448 frames.
anonymous0615-20110112-ahi-b0042 TEN MINUTES HAD NOT ELAPSED SINCE HE HAD DROPPED THE HANDKERCHIEF 
LOG (sgmm2-latgen-faster:DecodeUtteranceLatticeFaster():decoder-wrappers.cc:285) Log-like per frame for utterance anonymous0615-20110112-ahi-b0042 is -4.25691 over 536 frames.
LOG (sgmm2-latgen-faster:main():sgmm2-latgen-faster.cc:209) Log-like per frame for utterance anonymous0615-20110112-ahi-b0042 is -4.25691 over 536 frames.
anonymous0615-20110112-ahi-b0043 IT WILL BE FOR SELL 
LOG (sgmm2-latgen-faster:DecodeUtteranceLatticeFaster():decoder-wrappers.cc:285) Log-like per frame for utterance anonymous0615-20110112-ahi-b0043 is -3.47399 over 348 frames.
LOG (sgmm2-latgen-faster:main():sgmm2-latgen-faster.cc:209) Log-like per frame for utterance anonymous0615-20110112-ahi-b0043 is -3.47399 over 348 frames.
anonymous0615-20110112-ahi-b0044 FOR A FEW MOMENTS HE ATE IN SILENCE 
LOG (sgmm2-latgen-faster:DecodeUtteranceLatticeFaster():decoder-wrappers.cc:285) Log-like per frame for utterance anonymous0615-20110112-ahi-b0044 is -3.97605 over 386 frames.
LOG (sgmm2-latgen-faster:main():sgmm2-latgen-faster.cc:209) Log-like per frame for utterance anonymous0615-20110112-ahi-b0044 is -3.97605 over 386 frames.
anonymous0615-20110112-ahi-b0045 PHILIP DID NOT PURSUE THE SUBJECT 
LOG (sgmm2-latgen-faster:DecodeUtteranceLatticeFaster():decoder-wrappers.cc:285) Log-like per frame for utterance anonymous0615-20110112-ahi-b0045 is -3.83767 over 436 frames.
LOG (sgmm2-latgen-faster:main():sgmm2-latgen-faster.cc:209) Log-like per frame for utterance anonymous0615-20110112-ahi-b0045 is -3.83767 over 436 frames.
anonymous0762-20111028-uvj-b0002 YOU GOT OUT BY FIGHTING AND I THROUGH A PRETTY GIRL 
LOG (sgmm2-latgen-faster:DecodeUtteranceLatticeFaster():decoder-wrappers.cc:285) Log-like per frame for utterance anonymous0762-20111028-uvj-b0002 is -3.4362 over 661 frames.
LOG (sgmm2-latgen-faster:main():sgmm2-latgen-faster.cc:209) Log-like per frame for utterance anonymous0762-20111028-uvj-b0002 is -3.4362 over 661 frames.
anonymous0762-20111028-uvj-b0003 I CAN SEE THAT KNIFE NOW 
LOG (sgmm2-latgen-faster:DecodeUtteranceLatticeFaster():decoder-wrappers.cc:285) Log-like per frame for utterance anonymous0762-20111028-uvj-b0003 is -3.43098 over 436 frames.
LOG (sgmm2-latgen-faster:main():sgmm2-latgen-faster.cc:209) Log-like per frame for utterance anonymous0762-20111028-uvj-b0003 is -3.43098 over 436 frames.
anonymous0762-20111028-uvj-b0004 WHEN I CAN'T SEE BEAUTY IN WOMAN I WANT TO DIE 
LOG (sgmm2-latgen-faster:DecodeUtteranceLatticeFaster():decoder-wrappers.cc:285) Log-like per frame for utterance anonymous0762-20111028-uvj-b0004 is -3.77785 over 586 frames.
LOG (sgmm2-latgen-faster:main():sgmm2-latgen-faster.cc:209) Log-like per frame for utterance anonymous0762-20111028-uvj-b0004 is -3.77785 over 586 frames.
anonymous0762-20111028-uvj-b0005 HIS SLIM FINGERS CLOSED LIKE STEEL ABOUT PHILIP'S 
LOG (sgmm2-latgen-faster:DecodeUtteranceLatticeFaster():decoder-wrappers.cc:285) Log-like per frame for utterance anonymous0762-20111028-uvj-b0005 is -3.58304 over 686 frames.
LOG (sgmm2-latgen-faster:main():sgmm2-latgen-faster.cc:209) Log-like per frame for utterance anonymous0762-20111028-uvj-b0005 is -3.58304 over 686 frames.
anonymous0762-20111028-uvj-b0006 HE SEIZED GREGSON BY THE ARM AND LED HIM TO THE DOOR 
LOG (sgmm2-latgen-faster:DecodeUtteranceLatticeFaster():decoder-wrappers.cc:285) Log-like per frame for utterance anonymous0762-20111028-uvj-b0006 is -3.52534 over 611 frames.
LOG (sgmm2-latgen-faster:main():sgmm2-latgen-faster.cc:209) Log-like per frame for utterance anonymous0762-20111028-uvj-b0006 is -3.52534 over 611 frames.
anonymous0762-20111028-uvj-b0007 HERE THE INDIAN DOGS WAILING DOWN AT CHURCHILL 
LOG (sgmm2-latgen-faster:DecodeUtteranceLatticeFaster():decoder-wrappers.cc:285) Log-like per frame for utterance anonymous0762-20111028-uvj-b0007 is -3.21318 over 636 frames.
LOG (sgmm2-latgen-faster:main():sgmm2-latgen-faster.cc:209) Log-like per frame for utterance anonymous0762-20111028-uvj-b0007 is -3.21318 over 636 frames.
anonymous0762-20111028-uvj-b0008 BURKE HIMSELF HAD CRITICIZED IT BECAUSE OF THE SMILE 
LOG (sgmm2-latgen-faster:DecodeUtteranceLatticeFaster():decoder-wrappers.cc:285) Log-like per frame for utterance anonymous0762-20111028-uvj-b0008 is -3.63767 over 648 frames.
LOG (sgmm2-latgen-faster:main():sgmm2-latgen-faster.cc:209) Log-like per frame for utterance anonymous0762-20111028-uvj-b0008 is -3.63767 over 648 frames.
anonymous0762-20111028-uvj-b0009 I'D SAY THERE WAS GOING TO BE A GLORIOUS SCRAP 
LOG (sgmm2-latgen-faster:DecodeUtteranceLatticeFaster():decoder-wrappers.cc:285) Log-like per frame for utterance anonymous0762-20111028-uvj-b0009 is -3.4507 over 611 frames.
LOG (sgmm2-latgen-faster:main():sgmm2-latgen-faster.cc:209) Log-like per frame for utterance anonymous0762-20111028-uvj-b0009 is -3.4507 over 611 frames.
anonymous0762-20111028-uvj-b0010 HE TURNED THE MAP TO GREGSON POINTING WITH HIS FINGER 
LOG (sgmm2-latgen-faster:DecodeUtteranceLatticeFaster():decoder-wrappers.cc:285) Log-like per frame for utterance anonymous0762-20111028-uvj-b0010 is -3.47521 over 661 frames.
LOG (sgmm2-latgen-faster:main():sgmm2-latgen-faster.cc:209) Log-like per frame for utterance anonymous0762-20111028-uvj-b0010 is -3.47521 over 661 frames.
anonymous0762-20111028-uvj-b0011 HIS EYES NEVER TOOK THEMSELVES FOR AN INSTANT FROM HIS COMPANION'S FACE 
LOG (sgmm2-latgen-faster:DecodeUtteranceLatticeFaster():decoder-wrappers.cc:285) Log-like per frame for utterance anonymous0762-20111028-uvj-b0011 is -3.55499 over 798 frames.
LOG (sgmm2-latgen-faster:main():sgmm2-latgen-faster.cc:209) Log-like per frame for utterance anonymous0762-20111028-uvj-b0011 is -3.55499 over 798 frames.
anonymous0890-20120430-tej-b0051 THE SIXTH DAY HE SPENT IN A CABIN WITH GREGSON 
LOG (sgmm2-latgen-faster:DecodeUtteranceLatticeFaster():decoder-wrappers.cc:285) Log-like per frame for utterance anonymous0890-20120430-tej-b0051 is -4.25239 over 473 frames.
LOG (sgmm2-latgen-faster:main():sgmm2-latgen-faster.cc:209) Log-like per frame for utterance anonymous0890-20120430-tej-b0051 is -4.25239 over 473 frames.
anonymous0890-20120430-tej-b0052 THE FLUSH WAS GONE FROM HER FACE 
LOG (sgmm2-latgen-faster:DecodeUtteranceLatticeFaster():decoder-wrappers.cc:285) Log-like per frame for utterance anonymous0890-20120430-tej-b0052 is -4.03217 over 361 frames.
LOG (sgmm2-latgen-faster:main():sgmm2-latgen-faster.cc:209) Log-like per frame for utterance anonymous0890-20120430-tej-b0052 is -4.03217 over 361 frames.
anonymous0890-20120430-tej-b0053 THAT IS WHY I AM AM RATTLED HE LAUGHED 
LOG (sgmm2-latgen-faster:DecodeUtteranceLatticeFaster():decoder-wrappers.cc:285) Log-like per frame for utterance anonymous0890-20120430-tej-b0053 is -4.0078 over 523 frames.
LOG (sgmm2-latgen-faster:main():sgmm2-latgen-faster.cc:209) Log-like per frame for utterance anonymous0890-20120430-tej-b0053 is -4.0078 over 523 frames.
anonymous0890-20120430-tej-b0054 HE UNDERSTOOD THE MEANING OF THE LOOK 
LOG (sgmm2-latgen-faster:DecodeUtteranceLatticeFaster():decoder-wrappers.cc:285) Log-like per frame for utterance anonymous0890-20120430-tej-b0054 is -4.2035 over 461 frames.
LOG (sgmm2-latgen-faster:main():sgmm2-latgen-faster.cc:209) Log-like per frame for utterance anonymous0890-20120430-tej-b0054 is -4.2035 over 461 frames.
anonymous0890-20120430-tej-b0055 SHE WAS EVEN MORE BEAUTIFUL THEM WHEN I SAW HER BEFORE 
LOG (sgmm2-latgen-faster:DecodeUtteranceLatticeFaster():decoder-wrappers.cc:285) Log-like per frame for utterance anonymous0890-20120430-tej-b0055 is -4.19288 over 548 frames.
LOG (sgmm2-latgen-faster:main():sgmm2-latgen-faster.cc:209) Log-like per frame for utterance anonymous0890-20120430-tej-b0055 is -4.19288 over 548 frames.
anonymous0890-20120430-tej-b0056 I'LL GIVE A THOUSAND IF YOU PRODUCE HER RETORTED GREGSON 
LOG (sgmm2-latgen-faster:DecodeUtteranceLatticeFaster():decoder-wrappers.cc:285) Log-like per frame for utterance anonymous0890-20120430-tej-b0056 is -4.386 over 511 frames.
LOG (sgmm2-latgen-faster:main():sgmm2-latgen-faster.cc:209) Log-like per frame for utterance anonymous0890-20120430-tej-b0056 is -4.386 over 511 frames.
anonymous0890-20120430-tej-b0057 THEY HAVE WON POPULAR SENTIMENT THROUGH THE NEWSPAPERS 
LOG (sgmm2-latgen-faster:DecodeUtteranceLatticeFaster():decoder-wrappers.cc:285) Log-like per frame for utterance anonymous0890-20120430-tej-b0057 is -4.23111 over 523 frames.
LOG (sgmm2-latgen-faster:main():sgmm2-latgen-faster.cc:209) Log-like per frame for utterance anonymous0890-20120430-tej-b0057 is -4.23111 over 523 frames.
anonymous0890-20120430-tej-b0058 WE MUST ACHIEVE OUR OWN SALVATION 
LOG (sgmm2-latgen-faster:DecodeUtteranceLatticeFaster():decoder-wrappers.cc:285) Log-like per frame for utterance anonymous0890-20120430-tej-b0058 is -3.95022 over 473 frames.
LOG (sgmm2-latgen-faster:main():sgmm2-latgen-faster.cc:209) Log-like per frame for utterance anonymous0890-20120430-tej-b0058 is -3.95022 over 473 frames.
anonymous0890-20120430-tej-b0059 IN MOMENTS OF MENTAL ENERGY PHILIP WAS RESTLESS 
LOG (sgmm2-latgen-faster:DecodeUtteranceLatticeFaster():decoder-wrappers.cc:285) Log-like per frame for utterance anonymous0890-20120430-tej-b0059 is -4.29852 over 486 frames.
LOG (sgmm2-latgen-faster:main():sgmm2-latgen-faster.cc:209) Log-like per frame for utterance anonymous0890-20120430-tej-b0059 is -4.29852 over 486 frames.
anonymous0890-20120430-tej-b0060 HE WOULD KEEP HIS FAITH WITH GREGSON FOR THE PROMISED DAY OR TWO 
LOG (sgmm2-latgen-faster:DecodeUtteranceLatticeFaster():decoder-wrappers.cc:285) Log-like per frame for utterance anonymous0890-20120430-tej-b0060 is -4.17109 over 561 frames.
LOG (sgmm2-latgen-faster:main():sgmm2-latgen-faster.cc:209) Log-like per frame for utterance anonymous0890-20120430-tej-b0060 is -4.17109 over 561 frames.
anonymous0913-20120609-kgq-a0168 LOW BUSH WHIPPED HIM IN THE FACE AND LEFT THIS DAY 
LOG (sgmm2-latgen-faster:DecodeUtteranceLatticeFaster():decoder-wrappers.cc:285) Log-like per frame for utterance anonymous0913-20120609-kgq-a0168 is -4.26543 over 498 frames.
LOG (sgmm2-latgen-faster:main():sgmm2-latgen-faster.cc:209) Log-like per frame for utterance anonymous0913-20120609-kgq-a0168 is -4.26543 over 498 frames.
anonymous0913-20120609-kgq-a0169 FIRST SUDDENLY JOURNEY STOPPED FOR AN INSTANT 
LOG (sgmm2-latgen-faster:DecodeUtteranceLatticeFaster():decoder-wrappers.cc:285) Log-like per frame for utterance anonymous0913-20120609-kgq-a0169 is -4.15841 over 461 frames.
LOG (sgmm2-latgen-faster:main():sgmm2-latgen-faster.cc:209) Log-like per frame for utterance anonymous0913-20120609-kgq-a0169 is -4.15841 over 461 frames.
anonymous0913-20120609-kgq-a0170 THERE WAS NOT OF THE JOY OF MEETING IN HIS FACE 
LOG (sgmm2-latgen-faster:DecodeUtteranceLatticeFaster():decoder-wrappers.cc:285) Log-like per frame for utterance anonymous0913-20120609-kgq-a0170 is -3.94145 over 536 frames.
LOG (sgmm2-latgen-faster:main():sgmm2-latgen-faster.cc:209) Log-like per frame for utterance anonymous0913-20120609-kgq-a0170 is -3.94145 over 536 frames.
anonymous0913-20120609-kgq-a0171 AM WHEN YOU COME BACK AND FEW DAYS BRING EILEEN 
LOG (sgmm2-latgen-faster:DecodeUtteranceLatticeFaster():decoder-wrappers.cc:285) Log-like per frame for utterance anonymous0913-20120609-kgq-a0171 is -4.12335 over 536 frames.
LOG (sgmm2-latgen-faster:main():sgmm2-latgen-faster.cc:209) Log-like per frame for utterance anonymous0913-20120609-kgq-a0171 is -4.12335 over 536 frames.
anonymous0913-20120609-kgq-a0172 GREGSON HAD LEFT THE OUTER DOOR SLIGHTLY AJAR 
LOG (sgmm2-latgen-faster:DecodeUtteranceLatticeFaster():decoder-wrappers.cc:285) Log-like per frame for utterance anonymous0913-20120609-kgq-a0172 is -4.06334 over 548 frames.
LOG (sgmm2-latgen-faster:main():sgmm2-latgen-faster.cc:209) Log-like per frame for utterance anonymous0913-20120609-kgq-a0172 is -4.06334 over 548 frames.
anonymous0913-20120609-kgq-a0173 THE DATE WAS NEARLY EIGHTEEN YEARS OLD 
LOG (sgmm2-latgen-faster:DecodeUtteranceLatticeFaster():decoder-wrappers.cc:285) Log-like per frame for utterance anonymous0913-20120609-kgq-a0173 is -4.07746 over 473 frames.
LOG (sgmm2-latgen-faster:main():sgmm2-latgen-faster.cc:209) Log-like per frame for utterance anonymous0913-20120609-kgq-a0173 is -4.07746 over 473 frames.
anonymous0913-20120609-kgq-a0174 THEY WERE THE PRE SAY EACH OF STORM 
LOG (sgmm2-latgen-faster:DecodeUtteranceLatticeFaster():decoder-wrappers.cc:285) Log-like per frame for utterance anonymous0913-20120609-kgq-a0174 is -4.02247 over 373 frames.
LOG (sgmm2-latgen-faster:main():sgmm2-latgen-faster.cc:209) Log-like per frame for utterance anonymous0913-20120609-kgq-a0174 is -4.02247 over 373 frames.
anonymous0913-20120609-kgq-a0175 DOWN THAT THE EARTH WAS ALREADY SWELLING WITH MY 
LOG (sgmm2-latgen-faster:DecodeUtteranceLatticeFaster():decoder-wrappers.cc:285) Log-like per frame for utterance anonymous0913-20120609-kgq-a0175 is -3.95553 over 486 frames.
LOG (sgmm2-latgen-faster:main():sgmm2-latgen-faster.cc:209) Log-like per frame for utterance anonymous0913-20120609-kgq-a0175 is -3.95553 over 486 frames.
anonymous0913-20120609-kgq-a0176 FOR THE FIRST TIME IN HIS LIFE HE WAS YEARNING FOR A SCRAP 
LOG (sgmm2-latgen-faster:DecodeUtteranceLatticeFaster():decoder-wrappers.cc:285) Log-like per frame for utterance anonymous0913-20120609-kgq-a0176 is -4.29964 over 486 frames.
LOG (sgmm2-latgen-faster:main():sgmm2-latgen-faster.cc:209) Log-like per frame for utterance anonymous0913-20120609-kgq-a0176 is -4.29964 over 486 frames.
anonymous0913-20120609-kgq-a0177 SHE HAD BEEN THOROUGHLY AND EFFICIENTLY MAULED 
LOG (sgmm2-latgen-faster:DecodeUtteranceLatticeFaster():decoder-wrappers.cc:285) Log-like per frame for utterance anonymous0913-20120609-kgq-a0177 is -4.0077 over 498 frames.
LOG (sgmm2-latgen-faster:main():sgmm2-latgen-faster.cc:209) Log-like per frame for utterance anonymous0913-20120609-kgq-a0177 is -4.0077 over 498 frames.
anonymous0989-20121113-jbs-a0361 BUT HE DID NOT BROACH IT PREFERRING TO MATURE IT CAREFULLY 
LOG (sgmm2-latgen-faster:DecodeUtteranceLatticeFaster():decoder-wrappers.cc:285) Log-like per frame for utterance anonymous0989-20121113-jbs-a0361 is -4.02153 over 636 frames.
LOG (sgmm2-latgen-faster:main():sgmm2-latgen-faster.cc:209) Log-like per frame for utterance anonymous0989-20121113-jbs-a0361 is -4.02153 over 636 frames.
anonymous0989-20121113-jbs-a0362 NOPE NOT THE SLIGHTEST IDEA 
LOG (sgmm2-latgen-faster:DecodeUtteranceLatticeFaster():decoder-wrappers.cc:285) Log-like per frame for utterance anonymous0989-20121113-jbs-a0362 is -3.7387 over 411 frames.
LOG (sgmm2-latgen-faster:main():sgmm2-latgen-faster.cc:209) Log-like per frame for utterance anonymous0989-20121113-jbs-a0362 is -3.7387 over 411 frames.
anonymous0989-20121113-jbs-a0363 IT IS NOT AN ATTEMPT TO SMASH THE MARKET 
LOG (sgmm2-latgen-faster:DecodeUtteranceLatticeFaster():decoder-wrappers.cc:285) Log-like per frame for utterance anonymous0989-20121113-jbs-a0363 is -3.93986 over 461 frames.
LOG (sgmm2-latgen-faster:main():sgmm2-latgen-faster.cc:209) Log-like per frame for utterance anonymous0989-20121113-jbs-a0363 is -3.93986 over 461 frames.
anonymous0989-20121113-jbs-a0364 WE HAVE PLENTY OF CAPITAL OURSELVES AND YET WE WANT MORE 
LOG (sgmm2-latgen-faster:DecodeUtteranceLatticeFaster():decoder-wrappers.cc:285) Log-like per frame for utterance anonymous0989-20121113-jbs-a0364 is -4.11153 over 561 frames.
LOG (sgmm2-latgen-faster:main():sgmm2-latgen-faster.cc:209) Log-like per frame for utterance anonymous0989-20121113-jbs-a0364 is -4.11153 over 561 frames.
anonymous0989-20121113-jbs-a0365 THESE RUMORS MAY EVEN ORIGINATE WITH US 
LOG (sgmm2-latgen-faster:DecodeUtteranceLatticeFaster():decoder-wrappers.cc:285) Log-like per frame for utterance anonymous0989-20121113-jbs-a0365 is -3.99744 over 486 frames.
LOG (sgmm2-latgen-faster:main():sgmm2-latgen-faster.cc:209) Log-like per frame for utterance anonymous0989-20121113-jbs-a0365 is -3.99744 over 486 frames.
anonymous0989-20121113-jbs-a0366 A WILDLY EXCITING TIME WAS HIS DURING THE WEEK PRECEDING THURSDAY 
LOG (sgmm2-latgen-faster:DecodeUtteranceLatticeFaster():decoder-wrappers.cc:285) Log-like per frame for utterance anonymous0989-20121113-jbs-a0366 is -4.05454 over 748 frames.
LOG (sgmm2-latgen-faster:main():sgmm2-latgen-faster.cc:209) Log-like per frame for utterance anonymous0989-20121113-jbs-a0366 is -4.05454 over 748 frames.
anonymous0989-20121113-jbs-a0367 THERE IS NOT AN IOTA OF TRUTH IN IT CERTAINLY NOT 
LOG (sgmm2-latgen-faster:DecodeUtteranceLatticeFaster():decoder-wrappers.cc:285) Log-like per frame for utterance anonymous0989-20121113-jbs-a0367 is -3.71643 over 598 frames.
LOG (sgmm2-latgen-faster:main():sgmm2-latgen-faster.cc:209) Log-like per frame for utterance anonymous0989-20121113-jbs-a0367 is -3.71643 over 598 frames.
anonymous0989-20121113-jbs-a0368 I JUST DO APPRECIATE IT WITHOUT BEING ABLE TO EXPRESS MY PHILIP'S 
LOG (sgmm2-latgen-faster:DecodeUtteranceLatticeFaster():decoder-wrappers.cc:285) Log-like per frame for utterance anonymous0989-20121113-jbs-a0368 is -4.07539 over 723 frames.
LOG (sgmm2-latgen-faster:main():sgmm2-latgen-faster.cc:209) Log-like per frame for utterance anonymous0989-20121113-jbs-a0368 is -4.07539 over 723 frames.
anonymous0989-20121113-jbs-a0369 IN PARTNERSHIP WITH DAYLIGHT THE PAIR RAIDED THE SAN JOSE INTERURBAN 
LOG (sgmm2-latgen-faster:DecodeUtteranceLatticeFaster():decoder-wrappers.cc:285) Log-like per frame for utterance anonymous0989-20121113-jbs-a0369 is -3.92657 over 773 frames.
LOG (sgmm2-latgen-faster:main():sgmm2-latgen-faster.cc:209) Log-like per frame for utterance anonymous0989-20121113-jbs-a0369 is -3.92657 over 773 frames.
anonymous0989-20121113-jbs-a0370 HE SAW ALL MEN IN THE BUSINESS GAME DOING THIS 
LOG (sgmm2-latgen-faster:DecodeUtteranceLatticeFaster():decoder-wrappers.cc:285) Log-like per frame for utterance anonymous0989-20121113-jbs-a0370 is -3.72588 over 536 frames.
LOG (sgmm2-latgen-faster:main():sgmm2-latgen-faster.cc:209) Log-like per frame for utterance anonymous0989-20121113-jbs-a0370 is -3.72588 over 536 frames.
anonymous1023-20130123-jta-b0013 LAKES AND RIVERS HUNDREDS OF THEM THOUSANDS OF THEM 
LOG (sgmm2-latgen-faster:DecodeUtteranceLatticeFaster():decoder-wrappers.cc:285) Log-like per frame for utterance anonymous1023-20130123-jta-b0013 is -4.05061 over 623 frames.
LOG (sgmm2-latgen-faster:main():sgmm2-latgen-faster.cc:209) Log-like per frame for utterance anonymous1023-20130123-jta-b0013 is -4.05061 over 623 frames.
anonymous1023-20130123-jta-b0014 WHITEFISH GREGSON WHITEFISH AND TROUT 
LOG (sgmm2-latgen-faster:DecodeUtteranceLatticeFaster():decoder-wrappers.cc:285) Log-like per frame for utterance anonymous1023-20130123-jta-b0014 is -4.11267 over 586 frames.
LOG (sgmm2-latgen-faster:main():sgmm2-latgen-faster.cc:209) Log-like per frame for utterance anonymous1023-20130123-jta-b0014 is -4.11267 over 586 frames.
anonymous1023-20130123-jta-b0015 THEY ROBBED ME A FEW YEARS LATER 
LOG (sgmm2-latgen-faster:DecodeUtteranceLatticeFaster():decoder-wrappers.cc:285) Log-like per frame for utterance anonymous1023-20130123-jta-b0015 is -3.97511 over 423 frames.
LOG (sgmm2-latgen-faster:main():sgmm2-latgen-faster.cc:209) Log-like per frame for utterance anonymous1023-20130123-jta-b0015 is -3.97511 over 423 frames.
anonymous1023-20130123-jta-b0016 HE CHUCKLED AS HE PULLED OUT HIS PIPE AND BEGAN FILLING IT 
LOG (sgmm2-latgen-faster:DecodeUtteranceLatticeFaster():decoder-wrappers.cc:285) Log-like per frame for utterance anonymous1023-20130123-jta-b0016 is -4.457 over 511 frames.
LOG (sgmm2-latgen-faster:main():sgmm2-latgen-faster.cc:209) Log-like per frame for utterance anonymous1023-20130123-jta-b0016 is -4.457 over 511 frames.
anonymous1023-20130123-jta-b0017 EVERYTHING WAS WORKING SMOOTHLY BETTER THAN I HAD EXPECTED 
LOG (sgmm2-latgen-faster:DecodeUtteranceLatticeFaster():decoder-wrappers.cc:285) Log-like per frame for utterance anonymous1023-20130123-jta-b0017 is -4.23751 over 523 frames.
LOG (sgmm2-latgen-faster:main():sgmm2-latgen-faster.cc:209) Log-like per frame for utterance anonymous1023-20130123-jta-b0017 is -4.23751 over 523 frames.
anonymous1023-20130123-jta-b0018 I WAS COMPLETELY LOST IN MY WORK 
LOG (sgmm2-latgen-faster:DecodeUtteranceLatticeFaster():decoder-wrappers.cc:285) Log-like per frame for utterance anonymous1023-20130123-jta-b0018 is -3.98231 over 436 frames.
LOG (sgmm2-latgen-faster:main():sgmm2-latgen-faster.cc:209) Log-like per frame for utterance anonymous1023-20130123-jta-b0018 is -3.98231 over 436 frames.
anonymous1023-20130123-jta-b0019 HIS SLIM HANDS GRIPPED THE EDGES OF THE TABLE 
LOG (sgmm2-latgen-faster:DecodeUtteranceLatticeFaster():decoder-wrappers.cc:285) Log-like per frame for utterance anonymous1023-20130123-jta-b0019 is -4.20444 over 436 frames.
LOG (sgmm2-latgen-faster:main():sgmm2-latgen-faster.cc:209) Log-like per frame for utterance anonymous1023-20130123-jta-b0019 is -4.20444 over 436 frames.
anonymous1023-20130123-jta-b0020 HE MADE NO REPLY AS HE WAITED FOR WHITTEMORE TO CONTINUE 
LOG (sgmm2-latgen-faster:DecodeUtteranceLatticeFaster():decoder-wrappers.cc:285) Log-like per frame for utterance anonymous1023-20130123-jta-b0020 is -4.21968 over 498 frames.
LOG (sgmm2-latgen-faster:main():sgmm2-latgen-faster.cc:209) Log-like per frame for utterance anonymous1023-20130123-jta-b0020 is -4.21968 over 498 frames.
anonymous1023-20130123-jta-b0021 PHILIP DROPPED BACK INTO HIS CHAIR 
LOG (sgmm2-latgen-faster:DecodeUtteranceLatticeFaster():decoder-wrappers.cc:285) Log-like per frame for utterance anonymous1023-20130123-jta-b0021 is -4.0628 over 411 frames.
LOG (sgmm2-latgen-faster:main():sgmm2-latgen-faster.cc:209) Log-like per frame for utterance anonymous1023-20130123-jta-b0021 is -4.0628 over 411 frames.
anonymous1023-20130123-jta-b0022 IF I WAS OUT OF THE GAME IT WOULD BE EASILY MADE 
LOG (sgmm2-latgen-faster:DecodeUtteranceLatticeFaster():decoder-wrappers.cc:285) Log-like per frame for utterance anonymous1023-20130123-jta-b0022 is -4.14853 over 461 frames.
LOG (sgmm2-latgen-faster:main():sgmm2-latgen-faster.cc:209) Log-like per frame for utterance anonymous1023-20130123-jta-b0022 is -4.14853 over 461 frames.
anonymous1116-20131221-urh-a0038 WE'LL HAVE TO WATCH OUR CHANCES 
LOG (sgmm2-latgen-faster:DecodeUtteranceLatticeFaster():decoder-wrappers.cc:285) Log-like per frame for utterance anonymous1116-20131221-urh-a0038 is -4.39129 over 336 frames.
LOG (sgmm2-latgen-faster:main():sgmm2-latgen-faster.cc:209) Log-like per frame for utterance anonymous1116-20131221-urh-a0038 is -4.39129 over 336 frames.
anonymous1116-20131221-urh-a0039 THE SHIP SHOULD BE IN WITHIN A WEEK OR TEN DAYS THE 
LOG (sgmm2-latgen-faster:DecodeUtteranceLatticeFaster():decoder-wrappers.cc:285) Log-like per frame for utterance anonymous1116-20131221-urh-a0039 is -4.26132 over 473 frames.
LOG (sgmm2-latgen-faster:main():sgmm2-latgen-faster.cc:209) Log-like per frame for utterance anonymous1116-20131221-urh-a0039 is -4.26132 over 473 frames.
anonymous1116-20131221-urh-a0040 I SUPPOSE YOU WONDER WHY SHE IS COMING UP HIM 
LOG (sgmm2-latgen-faster:DecodeUtteranceLatticeFaster():decoder-wrappers.cc:285) Log-like per frame for utterance anonymous1116-20131221-urh-a0040 is -4.21528 over 498 frames.
LOG (sgmm2-latgen-faster:main():sgmm2-latgen-faster.cc:209) Log-like per frame for utterance anonymous1116-20131221-urh-a0040 is -4.21528 over 498 frames.
anonymous1116-20131221-urh-a0041 MEANWHILE I'LL GO OUT TO BREATHE A SPELL 
LOG (sgmm2-latgen-faster:DecodeUtteranceLatticeFaster():decoder-wrappers.cc:285) Log-like per frame for utterance anonymous1116-20131221-urh-a0041 is -4.14787 over 448 frames.
LOG (sgmm2-latgen-faster:main():sgmm2-latgen-faster.cc:209) Log-like per frame for utterance anonymous1116-20131221-urh-a0041 is -4.14787 over 448 frames.
anonymous1116-20131221-urh-a0042 HOW COULD HE EXPLAIN HIS POSSESSION OF THE SKETCH 
LOG (sgmm2-latgen-faster:DecodeUtteranceLatticeFaster():decoder-wrappers.cc:285) Log-like per frame for utterance anonymous1116-20131221-urh-a0042 is -4.27679 over 461 frames.
LOG (sgmm2-latgen-faster:main():sgmm2-latgen-faster.cc:209) Log-like per frame for utterance anonymous1116-20131221-urh-a0042 is -4.27679 over 461 frames.
anonymous1116-20131221-urh-a0043 IT SEEMED NEARER TO HIM SINCE HE HAD SEEN AND TALKED WITH GREGSON 
LOG (sgmm2-latgen-faster:DecodeUtteranceLatticeFaster():decoder-wrappers.cc:285) Log-like per frame for utterance anonymous1116-20131221-urh-a0043 is -4.65894 over 561 frames.
LOG (sgmm2-latgen-faster:main():sgmm2-latgen-faster.cc:209) Log-like per frame for utterance anonymous1116-20131221-urh-a0043 is -4.65894 over 561 frames.
anonymous1116-20131221-urh-a0044 HER OWN BETRAYAL OF HERSELF WAS LIKE TONIC TO PHILIP 
LOG (sgmm2-latgen-faster:DecodeUtteranceLatticeFaster():decoder-wrappers.cc:285) Log-like per frame for utterance anonymous1116-20131221-urh-a0044 is -4.45349 over 536 frames.
LOG (sgmm2-latgen-faster:main():sgmm2-latgen-faster.cc:209) Log-like per frame for utterance anonymous1116-20131221-urh-a0044 is -4.45349 over 536 frames.
anonymous1116-20131221-urh-a0045 HE MOVED AWAY AS QUIETLY AS HE HAD COME 
LOG (sgmm2-latgen-faster:DecodeUtteranceLatticeFaster():decoder-wrappers.cc:285) Log-like per frame for utterance anonymous1116-20131221-urh-a0045 is -4.15037 over 448 frames.
LOG (sgmm2-latgen-faster:main():sgmm2-latgen-faster.cc:209) Log-like per frame for utterance anonymous1116-20131221-urh-a0045 is -4.15037 over 448 frames.
anonymous1116-20131221-urh-a0046 THE GIRL FACED HIM HALF EYES SHINING WITH SUDDEN FEAR 
LOG (sgmm2-latgen-faster:DecodeUtteranceLatticeFaster():decoder-wrappers.cc:285) Log-like per frame for utterance anonymous1116-20131221-urh-a0046 is -4.21662 over 561 frames.
LOG (sgmm2-latgen-faster:main():sgmm2-latgen-faster.cc:209) Log-like per frame for utterance anonymous1116-20131221-urh-a0046 is -4.21662 over 561 frames.
anonymous1116-20131221-urh-a0047 CLOSE BESIDE HIM GLEAMED TO THE WHITE FANGS OF THE WOLF DOG 
LOG (sgmm2-latgen-faster:DecodeUtteranceLatticeFaster():decoder-wrappers.cc:285) Log-like per frame for utterance anonymous1116-20131221-urh-a0047 is -4.23263 over 623 frames.
LOG (sgmm2-latgen-faster:main():sgmm2-latgen-faster.cc:209) Log-like per frame for utterance anonymous1116-20131221-urh-a0047 is -4.23263 over 623 frames.
anonymous1184-20150109-mlr-b0174 HATRED AND MURDER A LAST FOR REVENGE THEY POSSESSED FOR OVERFLOWING 
LOG (sgmm2-latgen-faster:DecodeUtteranceLatticeFaster():decoder-wrappers.cc:285) Log-like per frame for utterance anonymous1184-20150109-mlr-b0174 is -4.58051 over 673 frames.
LOG (sgmm2-latgen-faster:main():sgmm2-latgen-faster.cc:209) Log-like per frame for utterance anonymous1184-20150109-mlr-b0174 is -4.58051 over 673 frames.
LOG (apply-cmvn:main():apply-cmvn.cc:146) Applied cepstral mean normalization to 110 utterances, errors on 0
anonymous1184-20150109-mlr-b0175 SHELDON GLANCED AT THE THERMOMETER 
LOG (sgmm2-latgen-faster:DecodeUtteranceLatticeFaster():decoder-wrappers.cc:285) Log-like per frame for utterance anonymous1184-20150109-mlr-b0175 is -4.34202 over 436 frames.
LOG (sgmm2-latgen-faster:main():sgmm2-latgen-faster.cc:209) Log-like per frame for utterance anonymous1184-20150109-mlr-b0175 is -4.34202 over 436 frames.
anonymous1184-20150109-mlr-b0176 I'LL SEE TO POOR HUGHIE 
LOG (sgmm2-latgen-faster:DecodeUtteranceLatticeFaster():decoder-wrappers.cc:285) Log-like per frame for utterance anonymous1184-20150109-mlr-b0176 is -4.35887 over 373 frames.
LOG (sgmm2-latgen-faster:main():sgmm2-latgen-faster.cc:209) Log-like per frame for utterance anonymous1184-20150109-mlr-b0176 is -4.35887 over 373 frames.
LOG (copy-gselect:main():copy-gselect.cc:71) Copied 110 gselect objects,  limiting sizes to 3
anonymous1184-20150109-mlr-b0177 HER GRAY EYES WERE FLASHING AND HER LIPS OF EARTH QUIVERING 
LOG (sgmm2-latgen-faster:DecodeUtteranceLatticeFaster():decoder-wrappers.cc:285) Log-like per frame for utterance anonymous1184-20150109-mlr-b0177 is -5.17042 over 573 frames.
LOG (sgmm2-latgen-faster:main():sgmm2-latgen-faster.cc:209) Log-like per frame for utterance anonymous1184-20150109-mlr-b0177 is -5.17042 over 573 frames.
anonymous1184-20150109-mlr-b0178 ALSO I WANT INFORMATION 
LOG (sgmm2-latgen-faster:DecodeUtteranceLatticeFaster():decoder-wrappers.cc:285) Log-like per frame for utterance anonymous1184-20150109-mlr-b0178 is -4.8042 over 336 frames.
LOG (sgmm2-latgen-faster:main():sgmm2-latgen-faster.cc:209) Log-like per frame for utterance anonymous1184-20150109-mlr-b0178 is -4.8042 over 336 frames.
anonymous1184-20150109-mlr-b0179 THE OF THEM GO OUT AND NEED BIG MY BOYS 
LOG (sgmm2-latgen-faster:DecodeUtteranceLatticeFaster():decoder-wrappers.cc:285) Log-like per frame for utterance anonymous1184-20150109-mlr-b0179 is -4.81268 over 398 frames.
LOG (sgmm2-latgen-faster:main():sgmm2-latgen-faster.cc:209) Log-like per frame for utterance anonymous1184-20150109-mlr-b0179 is -4.81268 over 398 frames.
anonymous1184-20150109-mlr-b0180 I I BEG PARDON HE DRAWLED 
LOG (sgmm2-latgen-faster:DecodeUtteranceLatticeFaster():decoder-wrappers.cc:285) Log-like per frame for utterance anonymous1184-20150109-mlr-b0180 is -4.58605 over 423 frames.
LOG (sgmm2-latgen-faster:main():sgmm2-latgen-faster.cc:209) Log-like per frame for utterance anonymous1184-20150109-mlr-b0180 is -4.58605 over 423 frames.
LOG (transform-feats:main():transform-feats.cc:158) Overall average [pseudo-]logdet is -95.361 over 55190 frames.
LOG (transform-feats:main():transform-feats.cc:161) Applied transform to 110 utterances; 0 had errors.
anonymous1184-20150109-mlr-b0181 AND YOU PREFERRED A CANNIBAL ISLE AND A CARTRIDGE BELT 
LOG (sgmm2-latgen-faster:DecodeUtteranceLatticeFaster():decoder-wrappers.cc:285) Log-like per frame for utterance anonymous1184-20150109-mlr-b0181 is -5.01519 over 536 frames.
LOG (sgmm2-latgen-faster:main():sgmm2-latgen-faster.cc:209) Log-like per frame for utterance anonymous1184-20150109-mlr-b0181 is -5.01519 over 536 frames.
anonymous1184-20150109-mlr-b0182 A WAS A NEW YORK WHEN THE CRASH CAME 
LOG (sgmm2-latgen-faster:DecodeUtteranceLatticeFaster():decoder-wrappers.cc:285) Log-like per frame for utterance anonymous1184-20150109-mlr-b0182 is -4.60484 over 398 frames.
LOG (sgmm2-latgen-faster:main():sgmm2-latgen-faster.cc:209) Log-like per frame for utterance anonymous1184-20150109-mlr-b0182 is -4.60484 over 398 frames.
LOG (transform-feats:main():transform-feats.cc:158) Overall average logdet is 4.37357 over 55190 frames.
LOG (transform-feats:main():transform-feats.cc:161) Applied transform to 110 utterances; 0 had errors.
anonymous1184-20150109-mlr-b0183 NO I DID NOT FALL AMONG THIEVES 
LOG (sgmm2-latgen-faster:DecodeUtteranceLatticeFaster():decoder-wrappers.cc:285) Log-like per frame for utterance anonymous1184-20150109-mlr-b0183 is -4.4491 over 473 frames.
LOG (sgmm2-latgen-faster:main():sgmm2-latgen-faster.cc:209) Log-like per frame for utterance anonymous1184-20150109-mlr-b0183 is -4.4491 over 473 frames.
LOG (sgmm2-latgen-faster:main():sgmm2-latgen-faster.cc:252) Time taken [excluding initialization] 120.323s: real-time factor assuming 100 frames/sec is 0.218016
LOG (sgmm2-latgen-faster:main():sgmm2-latgen-faster.cc:255) Done 110 utterances, failed for 0
LOG (sgmm2-latgen-faster:main():sgmm2-latgen-faster.cc:257) Overall log-likelihood per frame = -4.06055 over 55190 frames.
# Accounting: time=121 threads=1
# Ended (code 0) at Sun Nov 26 12:58:56 IST 2017, elapsed time 121 seconds
