# sgmm2-gselect --full-gmm-nbest=15 exp/sgmm2_4a/final.mdl "ark,s,cs:apply-cmvn  --utt2spk=ark:data/test/split2/2/utt2spk scp:data/test/split2/2/cmvn.scp scp:data/test/split2/2/feats.scp ark:- | splice-feats  ark:- ark:- | transform-feats exp/sgmm2_4a/final.mat ark:- ark:- | transform-feats --utt2spk=ark:data/test/split2/2/utt2spk ark,s,cs:exp/tri3b/decode/trans.2 ark:- ark:- |" "ark:|gzip -c >exp/sgmm2_4a/decode_fmllr/gselect.2.gz" 
# Started at Sun Nov 26 12:56:50 IST 2017
#
sgmm2-gselect --full-gmm-nbest=15 exp/sgmm2_4a/final.mdl 'ark,s,cs:apply-cmvn  --utt2spk=ark:data/test/split2/2/utt2spk scp:data/test/split2/2/cmvn.scp scp:data/test/split2/2/feats.scp ark:- | splice-feats  ark:- ark:- | transform-feats exp/sgmm2_4a/final.mat ark:- ark:- | transform-feats --utt2spk=ark:data/test/split2/2/utt2spk ark,s,cs:exp/tri3b/decode/trans.2 ark:- ark:- |' 'ark:|gzip -c >exp/sgmm2_4a/decode_fmllr/gselect.2.gz' 
transform-feats exp/sgmm2_4a/final.mat ark:- ark:- 
apply-cmvn --utt2spk=ark:data/test/split2/2/utt2spk scp:data/test/split2/2/cmvn.scp scp:data/test/split2/2/feats.scp ark:- 
splice-feats ark:- ark:- 
transform-feats --utt2spk=ark:data/test/split2/2/utt2spk ark,s,cs:exp/tri3b/decode/trans.2 ark:- ark:- 
LOG (sgmm2-gselect:main():sgmm2-gselect.cc:86) For 0'th file, average UBM likelihood over 373 frames is -42.8195
LOG (sgmm2-gselect:main():sgmm2-gselect.cc:86) For 10'th file, average UBM likelihood over 461 frames is -46.0656
LOG (sgmm2-gselect:main():sgmm2-gselect.cc:86) For 20'th file, average UBM likelihood over 398 frames is -47.755
LOG (sgmm2-gselect:main():sgmm2-gselect.cc:86) For 30'th file, average UBM likelihood over 473 frames is -41.7672
LOG (sgmm2-gselect:main():sgmm2-gselect.cc:86) For 40'th file, average UBM likelihood over 661 frames is -37.2268
LOG (sgmm2-gselect:main():sgmm2-gselect.cc:86) For 50'th file, average UBM likelihood over 473 frames is -45.4585
LOG (sgmm2-gselect:main():sgmm2-gselect.cc:86) For 60'th file, average UBM likelihood over 498 frames is -44.4301
LOG (sgmm2-gselect:main():sgmm2-gselect.cc:86) For 70'th file, average UBM likelihood over 636 frames is -42.7464
LOG (sgmm2-gselect:main():sgmm2-gselect.cc:86) For 80'th file, average UBM likelihood over 623 frames is -43.1909
LOG (sgmm2-gselect:main():sgmm2-gselect.cc:86) For 90'th file, average UBM likelihood over 336 frames is -45.8702
LOG (sgmm2-gselect:main():sgmm2-gselect.cc:86) For 100'th file, average UBM likelihood over 673 frames is -47.4323
LOG (apply-cmvn:main():apply-cmvn.cc:146) Applied cepstral mean normalization to 110 utterances, errors on 0
LOG (transform-feats:main():transform-feats.cc:158) Overall average [pseudo-]logdet is -95.361 over 55190 frames.
LOG (transform-feats:main():transform-feats.cc:161) Applied transform to 110 utterances; 0 had errors.
LOG (transform-feats:main():transform-feats.cc:158) Overall average logdet is 4.37357 over 55190 frames.
LOG (transform-feats:main():transform-feats.cc:161) Applied transform to 110 utterances; 0 had errors.
LOG (sgmm2-gselect:main():sgmm2-gselect.cc:97) Done 110 files, 0 with errors, average UBM log-likelihood is -43.5915 over 55190 frames.
# Accounting: time=5 threads=1
# Ended (code 0) at Sun Nov 26 12:56:55 IST 2017, elapsed time 5 seconds
