# sgmm2-rescore-lattice "--gselect=ark,s,cs:gunzip -c exp/sgmm2_4a/decode_fmllr/gselect.1.gz|" --utt2spk=ark:data/test/split2/1/utt2spk --spk-vecs=ark:exp/sgmm2_4a/decode_fmllr/vecs.1 exp/sgmm2_4a/final.mdl "ark:gunzip -c exp/sgmm2_4a/decode_fmllr/pre_lat.1.gz|" "ark,s,cs:apply-cmvn  --utt2spk=ark:data/test/split2/1/utt2spk scp:data/test/split2/1/cmvn.scp scp:data/test/split2/1/feats.scp ark:- | splice-feats  ark:- ark:- | transform-feats exp/sgmm2_4a/final.mat ark:- ark:- | transform-feats --utt2spk=ark:data/test/split2/1/utt2spk ark,s,cs:exp/tri3b/decode/trans.1 ark:- ark:- | transform-feats --utt2spk=ark:data/test/split2/1/utt2spk ark,s,cs:exp/sgmm2_4a/decode_fmllr/trans.1 ark:- ark:- |" ark:- | lattice-determinize-pruned --acoustic-scale=0.1 --beam=6.0 ark:- "ark:|gzip -c > exp/sgmm2_4a/decode_fmllr/lat.1.gz" 
# Started at Sun Nov 26 13:00:32 IST 2017
#
lattice-determinize-pruned --acoustic-scale=0.1 --beam=6.0 ark:- 'ark:|gzip -c > exp/sgmm2_4a/decode_fmllr/lat.1.gz' 
sgmm2-rescore-lattice '--gselect=ark,s,cs:gunzip -c exp/sgmm2_4a/decode_fmllr/gselect.1.gz|' --utt2spk=ark:data/test/split2/1/utt2spk --spk-vecs=ark:exp/sgmm2_4a/decode_fmllr/vecs.1 exp/sgmm2_4a/final.mdl 'ark:gunzip -c exp/sgmm2_4a/decode_fmllr/pre_lat.1.gz|' 'ark,s,cs:apply-cmvn  --utt2spk=ark:data/test/split2/1/utt2spk scp:data/test/split2/1/cmvn.scp scp:data/test/split2/1/feats.scp ark:- | splice-feats  ark:- ark:- | transform-feats exp/sgmm2_4a/final.mat ark:- ark:- | transform-feats --utt2spk=ark:data/test/split2/1/utt2spk ark,s,cs:exp/tri3b/decode/trans.1 ark:- ark:- | transform-feats --utt2spk=ark:data/test/split2/1/utt2spk ark,s,cs:exp/sgmm2_4a/decode_fmllr/trans.1 ark:- ark:- |' ark:- 
apply-cmvn --utt2spk=ark:data/test/split2/1/utt2spk scp:data/test/split2/1/cmvn.scp scp:data/test/split2/1/feats.scp ark:- 
transform-feats --utt2spk=ark:data/test/split2/1/utt2spk ark,s,cs:exp/sgmm2_4a/decode_fmllr/trans.1 ark:- ark:- 
transform-feats exp/sgmm2_4a/final.mat ark:- ark:- 
splice-feats ark:- ark:- 
transform-feats --utt2spk=ark:data/test/split2/1/utt2spk ark,s,cs:exp/tri3b/decode/trans.1 ark:- ark:- 
LOG (apply-cmvn:main():apply-cmvn.cc:146) Applied cepstral mean normalization to 110 utterances, errors on 0
LOG (transform-feats:main():transform-feats.cc:158) Overall average [pseudo-]logdet is -95.361 over 45347 frames.
LOG (transform-feats:main():transform-feats.cc:161) Applied transform to 110 utterances; 0 had errors.
LOG (transform-feats:main():transform-feats.cc:158) Overall average logdet is 3.94747 over 45347 frames.
LOG (transform-feats:main():transform-feats.cc:161) Applied transform to 110 utterances; 0 had errors.
LOG (transform-feats:main():transform-feats.cc:158) Overall average logdet is -0.185505 over 45347 frames.
LOG (transform-feats:main():transform-feats.cc:161) Applied transform to 110 utterances; 0 had errors.
LOG (sgmm2-rescore-lattice:main():sgmm2-rescore-lattice.cc:159) Done 110 lattices, errors on 0
LOG (lattice-determinize-pruned:main():lattice-determinize-pruned.cc:111) Done 110 lattices, determinization finished earlier than specified by the beam on 0 of these.
# Accounting: time=14 threads=1
# Ended (code 0) at Sun Nov 26 13:00:46 IST 2017, elapsed time 14 seconds
