# gunzip -c exp/sgmm2_4a/decode_fmllr/pre_lat.1.gz | sgmm2-rescore-lattice --speedup=true --spk-vecs=ark:exp/sgmm2_4a/decode_fmllr/pre_vecs.1 --utt2spk=ark:data/test/split2/1/utt2spk "--gselect=ark,s,cs:gunzip -c exp/sgmm2_4a/decode_fmllr/gselect.1.gz|" exp/sgmm2_4a/final.mdl ark:- "ark,s,cs:apply-cmvn  --utt2spk=ark:data/test/split2/1/utt2spk scp:data/test/split2/1/cmvn.scp scp:data/test/split2/1/feats.scp ark:- | splice-feats  ark:- ark:- | transform-feats exp/sgmm2_4a/final.mat ark:- ark:- | transform-feats --utt2spk=ark:data/test/split2/1/utt2spk ark,s,cs:exp/tri3b/decode/trans.1 ark:- ark:- |" ark:- | lattice-prune --acoustic-scale=0.1 --beam=4.0 ark:- ark:- | lattice-determinize-pruned --acoustic-scale=0.1 --beam=4.0 ark:- ark:- | lattice-to-post --acoustic-scale=0.1 ark:- ark:- | weight-silence-post 0.0 1:2:3:4:5 exp/sgmm2_4a/final.mdl ark:- ark:- | sgmm2-est-spkvecs --spk2utt=ark:data/test/split2/1/spk2utt "--gselect=ark,s,cs:gunzip -c exp/sgmm2_4a/decode_fmllr/gselect.1.gz|" --spk-vecs=ark:exp/sgmm2_4a/decode_fmllr/pre_vecs.1 exp/sgmm2_4a/final.mdl "ark,s,cs:apply-cmvn  --utt2spk=ark:data/test/split2/1/utt2spk scp:data/test/split2/1/cmvn.scp scp:data/test/split2/1/feats.scp ark:- | splice-feats  ark:- ark:- | transform-feats exp/sgmm2_4a/final.mat ark:- ark:- | transform-feats --utt2spk=ark:data/test/split2/1/utt2spk ark,s,cs:exp/tri3b/decode/trans.1 ark:- ark:- |" ark,s,cs:- ark:exp/sgmm2_4a/decode_fmllr/vecs.1 
# Started at Sun Nov 26 12:59:23 IST 2017
#
weight-silence-post 0.0 1:2:3:4:5 exp/sgmm2_4a/final.mdl ark:- ark:- 
sgmm2-rescore-lattice --speedup=true --spk-vecs=ark:exp/sgmm2_4a/decode_fmllr/pre_vecs.1 --utt2spk=ark:data/test/split2/1/utt2spk '--gselect=ark,s,cs:gunzip -c exp/sgmm2_4a/decode_fmllr/gselect.1.gz|' exp/sgmm2_4a/final.mdl ark:- 'ark,s,cs:apply-cmvn  --utt2spk=ark:data/test/split2/1/utt2spk scp:data/test/split2/1/cmvn.scp scp:data/test/split2/1/feats.scp ark:- | splice-feats  ark:- ark:- | transform-feats exp/sgmm2_4a/final.mat ark:- ark:- | transform-feats --utt2spk=ark:data/test/split2/1/utt2spk ark,s,cs:exp/tri3b/decode/trans.1 ark:- ark:- |' ark:- 
lattice-determinize-pruned --acoustic-scale=0.1 --beam=4.0 ark:- ark:- 
lattice-prune --acoustic-scale=0.1 --beam=4.0 ark:- ark:- 
lattice-to-post --acoustic-scale=0.1 ark:- ark:- 
sgmm2-est-spkvecs --spk2utt=ark:data/test/split2/1/spk2utt '--gselect=ark,s,cs:gunzip -c exp/sgmm2_4a/decode_fmllr/gselect.1.gz|' --spk-vecs=ark:exp/sgmm2_4a/decode_fmllr/pre_vecs.1 exp/sgmm2_4a/final.mdl 'ark,s,cs:apply-cmvn  --utt2spk=ark:data/test/split2/1/utt2spk scp:data/test/split2/1/cmvn.scp scp:data/test/split2/1/feats.scp ark:- | splice-feats  ark:- ark:- | transform-feats exp/sgmm2_4a/final.mat ark:- ark:- | transform-feats --utt2spk=ark:data/test/split2/1/utt2spk ark,s,cs:exp/tri3b/decode/trans.1 ark:- ark:- |' ark,s,cs:- ark:exp/sgmm2_4a/decode_fmllr/vecs.1 
apply-cmvn --utt2spk=ark:data/test/split2/1/utt2spk scp:data/test/split2/1/cmvn.scp scp:data/test/split2/1/feats.scp ark:- 
transform-feats exp/sgmm2_4a/final.mat ark:- ark:- 
transform-feats --utt2spk=ark:data/test/split2/1/utt2spk ark,s,cs:exp/tri3b/decode/trans.1 ark:- ark:- 
splice-feats ark:- ark:- 
transform-feats --utt2spk=ark:data/test/split2/1/utt2spk ark,s,cs:exp/tri3b/decode/trans.1 ark:- ark:- 
splice-feats ark:- ark:- 
transform-feats exp/sgmm2_4a/final.mat ark:- ark:- 
apply-cmvn --utt2spk=ark:data/test/split2/1/utt2spk scp:data/test/split2/1/cmvn.scp scp:data/test/split2/1/feats.scp ark:- 
LOG (lattice-prune:main():lattice-prune.cc:95) For utterance JonnyGutteridge-20081120-hav-b0041, pruned #states from 3319 to 2485 and #arcs from 6402 to 4050
LOG (lattice-prune:main():lattice-prune.cc:95) For utterance JonnyGutteridge-20081120-hav-b0042, pruned #states from 4886 to 3687 and #arcs from 9303 to 6121
LOG (lattice-prune:main():lattice-prune.cc:95) For utterance JonnyGutteridge-20081120-hav-b0043, pruned #states from 3453 to 2511 and #arcs from 6393 to 3900
LOG (lattice-prune:main():lattice-prune.cc:95) For utterance JonnyGutteridge-20081120-hav-b0044, pruned #states from 3960 to 2946 and #arcs from 7458 to 4711
LOG (lattice-prune:main():lattice-prune.cc:95) For utterance JonnyGutteridge-20081120-hav-b0045, pruned #states from 4073 to 3269 and #arcs from 7707 to 5226
LOG (lattice-prune:main():lattice-prune.cc:95) For utterance JonnyGutteridge-20081120-hav-b0046, pruned #states from 4896 to 3753 and #arcs from 9292 to 6166
LOG (lattice-prune:main():lattice-prune.cc:95) For utterance JonnyGutteridge-20081120-hav-b0047, pruned #states from 4318 to 2879 and #arcs from 8035 to 4583
LOG (lattice-prune:main():lattice-prune.cc:95) For utterance JonnyGutteridge-20081120-hav-b0048, pruned #states from 5390 to 3763 and #arcs from 10305 to 6177
LOG (lattice-prune:main():lattice-prune.cc:95) For utterance JonnyGutteridge-20081120-hav-b0049, pruned #states from 3500 to 2583 and #arcs from 6626 to 4309
LOG (lattice-prune:main():lattice-prune.cc:95) For utterance JonnyGutteridge-20081120-hav-b0050, pruned #states from 3710 to 2567 and #arcs from 6925 to 4086
LOG (sgmm2-est-spkvecs:UpdateWithU():estimate-am-sgmm2.cc:1931) *Objf impr for speaker vector is 0.0535024 per frame, over 2757.71 frames.
LOG (sgmm2-est-spkvecs:main():sgmm2-est-spkvecs.cc:186) For speaker JonnyGutteridge, auxf-impr from speaker vector is 0.0535024, over 2757.71 frames.
LOG (lattice-prune:main():lattice-prune.cc:95) For utterance Keren-20080605-cps-a0376, pruned #states from 3016 to 2195 and #arcs from 5611 to 3544
LOG (lattice-prune:main():lattice-prune.cc:95) For utterance Keren-20080605-cps-a0377, pruned #states from 3287 to 2533 and #arcs from 6058 to 4103
LOG (lattice-prune:main():lattice-prune.cc:95) For utterance Keren-20080605-cps-a0378, pruned #states from 3471 to 2203 and #arcs from 6438 to 3407
LOG (lattice-prune:main():lattice-prune.cc:95) For utterance Keren-20080605-cps-a0379, pruned #states from 4043 to 2453 and #arcs from 7476 to 3922
LOG (lattice-prune:main():lattice-prune.cc:95) For utterance Keren-20080605-cps-a0380, pruned #states from 5692 to 4148 and #arcs from 10689 to 6731
LOG (lattice-prune:main():lattice-prune.cc:95) For utterance Keren-20080605-cps-a0381, pruned #states from 3130 to 1422 and #arcs from 5744 to 2124
LOG (lattice-prune:main():lattice-prune.cc:95) For utterance Keren-20080605-cps-a0382, pruned #states from 4676 to 3498 and #arcs from 8775 to 5823
LOG (lattice-prune:main():lattice-prune.cc:95) For utterance Keren-20080605-cps-a0383, pruned #states from 4008 to 2803 and #arcs from 7476 to 4538
LOG (lattice-prune:main():lattice-prune.cc:95) For utterance Keren-20080605-cps-a0384, pruned #states from 1405 to 1241 and #arcs from 2612 to 2041
LOG (lattice-prune:main():lattice-prune.cc:95) For utterance Keren-20080605-cps-a0385, pruned #states from 1785 to 1371 and #arcs from 3358 to 2267
LOG (lattice-prune:main():lattice-prune.cc:95) For utterance Keren-20080605-uzd-a0451, pruned #states from 3016 to 2210 and #arcs from 5676 to 3643
LOG (lattice-prune:main():lattice-prune.cc:95) For utterance Keren-20080605-uzd-a0452, pruned #states from 3396 to 2626 and #arcs from 6324 to 4265
LOG (lattice-prune:main():lattice-prune.cc:95) For utterance Keren-20080605-uzd-a0453, pruned #states from 2302 to 1861 and #arcs from 4323 to 2910
LOG (lattice-prune:main():lattice-prune.cc:95) For utterance Keren-20080605-uzd-a0454, pruned #states from 2777 to 2078 and #arcs from 5205 to 3341
LOG (lattice-prune:main():lattice-prune.cc:95) For utterance Keren-20080605-uzd-a0455, pruned #states from 3591 to 2264 and #arcs from 6739 to 3712
LOG (lattice-prune:main():lattice-prune.cc:95) For utterance Keren-20080605-uzd-a0456, pruned #states from 4111 to 2519 and #arcs from 7609 to 3874
LOG (lattice-prune:main():lattice-prune.cc:95) For utterance Keren-20080605-uzd-a0457, pruned #states from 4662 to 2816 and #arcs from 8740 to 4630
LOG (lattice-prune:main():lattice-prune.cc:95) For utterance Keren-20080605-uzd-a0458, pruned #states from 2855 to 1981 and #arcs from 5239 to 3093
LOG (lattice-prune:main():lattice-prune.cc:95) For utterance Keren-20080605-uzd-a0459, pruned #states from 1944 to 1483 and #arcs from 3565 to 2335
LOG (lattice-prune:main():lattice-prune.cc:95) For utterance Keren-20080605-uzd-a0460, pruned #states from 2189 to 1536 and #arcs from 4116 to 2410
LOG (lattice-prune:main():lattice-prune.cc:95) For utterance Keren-20080605-vdf-b0068, pruned #states from 3984 to 2956 and #arcs from 7438 to 4710
LOG (lattice-prune:main():lattice-prune.cc:95) For utterance Keren-20080605-vdf-b0069, pruned #states from 5599 to 4261 and #arcs from 10564 to 6996
LOG (lattice-prune:main():lattice-prune.cc:95) For utterance Keren-20080605-vdf-b0070, pruned #states from 2114 to 1624 and #arcs from 3960 to 2667
LOG (lattice-prune:main():lattice-prune.cc:95) For utterance Keren-20080605-vdf-b0071, pruned #states from 2816 to 1971 and #arcs from 5349 to 3190
LOG (lattice-prune:main():lattice-prune.cc:95) For utterance Keren-20080605-vdf-b0072, pruned #states from 4336 to 3098 and #arcs from 7950 to 4921
LOG (lattice-prune:main():lattice-prune.cc:95) For utterance Keren-20080605-vdf-b0073, pruned #states from 6879 to 4401 and #arcs from 13215 to 7231
LOG (lattice-prune:main():lattice-prune.cc:95) For utterance Keren-20080605-vdf-b0074, pruned #states from 5717 to 3877 and #arcs from 10821 to 6259
LOG (lattice-prune:main():lattice-prune.cc:95) For utterance Keren-20080605-vdf-b0075, pruned #states from 4944 to 3244 and #arcs from 9222 to 5088
LOG (lattice-prune:main():lattice-prune.cc:95) For utterance Keren-20080605-vdf-b0076, pruned #states from 3336 to 2660 and #arcs from 6256 to 4372
LOG (lattice-prune:main():lattice-prune.cc:95) For utterance Keren-20080605-vdf-b0077, pruned #states from 1418 to 1178 and #arcs from 2648 to 1893
LOG (sgmm2-est-spkvecs:UpdateWithU():estimate-am-sgmm2.cc:1931) *Objf impr for speaker vector is 0.0309029 per frame, over 8844.47 frames.
LOG (sgmm2-est-spkvecs:main():sgmm2-est-spkvecs.cc:186) For speaker Keren, auxf-impr from speaker vector is 0.0309029, over 8844.47 frames.
LOG (lattice-prune:main():lattice-prune.cc:95) For utterance Ronin_Sage-20080110-ny-rp-02, pruned #states from 3718 to 2688 and #arcs from 7042 to 4379
LOG (lattice-prune:main():lattice-prune.cc:95) For utterance Ronin_Sage-20080110-ny-rp-03, pruned #states from 2880 to 2404 and #arcs from 5410 to 4030
LOG (lattice-prune:main():lattice-prune.cc:95) For utterance Ronin_Sage-20080110-ny-rp-04, pruned #states from 5097 to 3568 and #arcs from 9647 to 6030
LOG (lattice-prune:main():lattice-prune.cc:95) For utterance Ronin_Sage-20080110-ny-rp-05, pruned #states from 1928 to 1666 and #arcs from 3605 to 2831
LOG (lattice-prune:main():lattice-prune.cc:95) For utterance Ronin_Sage-20080110-ny-rp-06, pruned #states from 8586 to 4655 and #arcs from 16143 to 7634
LOG (lattice-prune:main():lattice-prune.cc:95) For utterance Ronin_Sage-20080110-ny-rp-07, pruned #states from 2165 to 1714 and #arcs from 4140 to 2861
LOG (lattice-prune:main():lattice-prune.cc:95) For utterance Ronin_Sage-20080110-ny-rp-08, pruned #states from 2550 to 2031 and #arcs from 4726 to 3316
LOG (lattice-prune:main():lattice-prune.cc:95) For utterance Ronin_Sage-20080110-ny-rp-09, pruned #states from 5922 to 3867 and #arcs from 11242 to 6412
LOG (lattice-prune:main():lattice-prune.cc:95) For utterance Ronin_Sage-20080110-ny-rp-10, pruned #states from 5029 to 3227 and #arcs from 9456 to 5324
LOG (lattice-prune:main():lattice-prune.cc:95) For utterance Ronin_Sage-20080110-ny-rp-11, pruned #states from 4076 to 2462 and #arcs from 7607 to 4060
LOG (sgmm2-est-spkvecs:UpdateWithU():estimate-am-sgmm2.cc:1931) *Objf impr for speaker vector is 0.073305 per frame, over 3081.19 frames.
LOG (sgmm2-est-spkvecs:main():sgmm2-est-spkvecs.cc:186) For speaker Ronin_Sage, auxf-impr from speaker vector is 0.073305, over 3081.19 frames.
LOG (lattice-prune:main():lattice-prune.cc:95) For utterance anonymous0046-20080428-cxb-b0111, pruned #states from 3536 to 2698 and #arcs from 6766 to 4344
LOG (lattice-prune:main():lattice-prune.cc:95) For utterance anonymous0046-20080428-cxb-b0112, pruned #states from 5025 to 3822 and #arcs from 9420 to 6189
LOG (lattice-prune:main():lattice-prune.cc:95) For utterance anonymous0046-20080428-cxb-b0113, pruned #states from 3940 to 3148 and #arcs from 7541 to 5331
LOG (lattice-prune:main():lattice-prune.cc:95) For utterance anonymous0046-20080428-cxb-b0114, pruned #states from 4021 to 2954 and #arcs from 7602 to 4772
LOG (lattice-prune:main():lattice-prune.cc:95) For utterance anonymous0046-20080428-cxb-b0115, pruned #states from 3355 to 2611 and #arcs from 6296 to 4191
LOG (lattice-prune:main():lattice-prune.cc:95) For utterance anonymous0046-20080428-cxb-b0116, pruned #states from 3614 to 2849 and #arcs from 6870 to 4703
LOG (lattice-prune:main():lattice-prune.cc:95) For utterance anonymous0046-20080428-cxb-b0117, pruned #states from 3666 to 2974 and #arcs from 6975 to 4789
LOG (lattice-prune:main():lattice-prune.cc:95) For utterance anonymous0046-20080428-cxb-b0118, pruned #states from 4603 to 3532 and #arcs from 8642 to 5883
LOG (lattice-prune:main():lattice-prune.cc:95) For utterance anonymous0046-20080428-cxb-b0119, pruned #states from 2723 to 2015 and #arcs from 5088 to 3250
LOG (lattice-prune:main():lattice-prune.cc:95) For utterance anonymous0046-20080428-cxb-b0120, pruned #states from 3196 to 2540 and #arcs from 6129 to 4188
LOG (sgmm2-est-spkvecs:UpdateWithU():estimate-am-sgmm2.cc:1931) *Objf impr for speaker vector is 0.0408228 per frame, over 2855.95 frames.
LOG (sgmm2-est-spkvecs:main():sgmm2-est-spkvecs.cc:186) For speaker anonymous0046, auxf-impr from speaker vector is 0.0408228, over 2855.95 frames.
LOG (lattice-prune:main():lattice-prune.cc:95) For utterance anonymous0122-20081010-uhe-b0491, pruned #states from 5696 to 3730 and #arcs from 10592 to 6141
LOG (lattice-prune:main():lattice-prune.cc:95) For utterance anonymous0122-20081010-uhe-b0492, pruned #states from 19612 to 11635 and #arcs from 36730 to 18981
LOG (lattice-prune:main():lattice-prune.cc:95) For utterance anonymous0122-20081010-uhe-b0493, pruned #states from 7408 to 4179 and #arcs from 14164 to 6922
LOG (lattice-prune:main():lattice-prune.cc:95) For utterance anonymous0122-20081010-uhe-b0494, pruned #states from 4635 to 3028 and #arcs from 8735 to 5069
LOG (lattice-prune:main():lattice-prune.cc:95) For utterance anonymous0122-20081010-uhe-b0495, pruned #states from 10243 to 4901 and #arcs from 19297 to 7892
LOG (lattice-prune:main():lattice-prune.cc:95) For utterance anonymous0122-20081010-uhe-b0496, pruned #states from 14857 to 9921 and #arcs from 27632 to 16515
LOG (lattice-prune:main():lattice-prune.cc:95) For utterance anonymous0122-20081010-uhe-b0497, pruned #states from 5720 to 4285 and #arcs from 10640 to 7106
LOG (lattice-prune:main():lattice-prune.cc:95) For utterance anonymous0122-20081010-uhe-b0498, pruned #states from 6067 to 3923 and #arcs from 11220 to 6556
LOG (lattice-prune:main():lattice-prune.cc:95) For utterance anonymous0122-20081010-uhe-b0499, pruned #states from 8985 to 5453 and #arcs from 17047 to 9059
LOG (lattice-prune:main():lattice-prune.cc:95) For utterance anonymous0122-20081010-uhe-b0500, pruned #states from 3282 to 1674 and #arcs from 6052 to 2631
LOG (lattice-prune:main():lattice-prune.cc:95) For utterance anonymous0155-20081116-pfp-b0064, pruned #states from 3279 to 2489 and #arcs from 6274 to 4191
LOG (lattice-prune:main():lattice-prune.cc:95) For utterance anonymous0155-20081116-pfp-b0065, pruned #states from 3712 to 2809 and #arcs from 7097 to 4829
LOG (sgmm2-est-spkvecs:UpdateWithU():estimate-am-sgmm2.cc:1931) *Objf impr for speaker vector is 0.0512137 per frame, over 4436.45 frames.
LOG (sgmm2-est-spkvecs:main():sgmm2-est-spkvecs.cc:186) For speaker anonymous0122, auxf-impr from speaker vector is 0.0512137, over 4436.45 frames.
LOG (lattice-prune:main():lattice-prune.cc:95) For utterance anonymous0155-20081116-pfp-b0066, pruned #states from 3358 to 2513 and #arcs from 6417 to 4257
LOG (lattice-prune:main():lattice-prune.cc:95) For utterance anonymous0155-20081116-pfp-b0067, pruned #states from 2768 to 2113 and #arcs from 5231 to 3515
LOG (lattice-prune:main():lattice-prune.cc:95) For utterance anonymous0155-20081116-pfp-b0068, pruned #states from 3483 to 2674 and #arcs from 6598 to 4365
LOG (lattice-prune:main():lattice-prune.cc:95) For utterance anonymous0155-20081116-pfp-b0069, pruned #states from 4499 to 3158 and #arcs from 8518 to 5272
LOG (lattice-prune:main():lattice-prune.cc:95) For utterance anonymous0155-20081116-pfp-b0070, pruned #states from 2377 to 1657 and #arcs from 4451 to 2700
LOG (lattice-prune:main():lattice-prune.cc:95) For utterance anonymous0155-20081116-pfp-b0071, pruned #states from 2547 to 1946 and #arcs from 4861 to 3190
LOG (lattice-prune:main():lattice-prune.cc:95) For utterance anonymous0155-20081116-pfp-b0072, pruned #states from 3210 to 2263 and #arcs from 6039 to 3693
LOG (lattice-prune:main():lattice-prune.cc:95) For utterance anonymous0155-20081116-pfp-b0073, pruned #states from 5411 to 4140 and #arcs from 10388 to 6870
LOG (lattice-prune:main():lattice-prune.cc:95) For utterance anonymous0208-20090606-yyv-rp-15, pruned #states from 3027 to 2453 and #arcs from 5589 to 4049
LOG (sgmm2-est-spkvecs:UpdateWithU():estimate-am-sgmm2.cc:1931) *Objf impr for speaker vector is 0.0613596 per frame, over 2351 frames.
LOG (sgmm2-est-spkvecs:main():sgmm2-est-spkvecs.cc:186) For speaker anonymous0155, auxf-impr from speaker vector is 0.0613596, over 2351 frames.
LOG (lattice-prune:main():lattice-prune.cc:95) For utterance anonymous0208-20090606-yyv-rp-16, pruned #states from 5653 to 3791 and #arcs from 10445 to 6090
LOG (lattice-prune:main():lattice-prune.cc:95) For utterance anonymous0208-20090606-yyv-rp-17, pruned #states from 3641 to 2994 and #arcs from 6872 to 4899
LOG (lattice-prune:main():lattice-prune.cc:95) For utterance anonymous0208-20090606-yyv-rp-18, pruned #states from 4049 to 3251 and #arcs from 7733 to 5483
LOG (lattice-prune:main():lattice-prune.cc:95) For utterance anonymous0208-20090606-yyv-rp-19, pruned #states from 2547 to 2091 and #arcs from 4821 to 3452
LOG (lattice-prune:main():lattice-prune.cc:95) For utterance anonymous0208-20090606-yyv-rp-20, pruned #states from 2839 to 2216 and #arcs from 5314 to 3660
LOG (lattice-prune:main():lattice-prune.cc:95) For utterance anonymous0208-20090606-yyv-rp-21, pruned #states from 4835 to 3049 and #arcs from 8859 to 4978
LOG (lattice-prune:main():lattice-prune.cc:95) For utterance anonymous0208-20090606-yyv-rp-22, pruned #states from 4017 to 2948 and #arcs from 7532 to 4901
LOG (lattice-prune:main():lattice-prune.cc:95) For utterance anonymous0208-20090606-yyv-rp-23, pruned #states from 3023 to 2483 and #arcs from 5668 to 4123
LOG (lattice-prune:main():lattice-prune.cc:95) For utterance anonymous0208-20090606-yyv-rp-24, pruned #states from 5479 to 3540 and #arcs from 10249 to 5878
LOG (sgmm2-est-spkvecs:UpdateWithU():estimate-am-sgmm2.cc:1931) *Objf impr for speaker vector is 0.0305653 per frame, over 3396.92 frames.
LOG (sgmm2-est-spkvecs:main():sgmm2-est-spkvecs.cc:186) For speaker anonymous0208, auxf-impr from speaker vector is 0.0305653, over 3396.92 frames.
LOG (lattice-prune:main():lattice-prune.cc:95) For utterance anonymous0226-20090711-zoe-b0264, pruned #states from 4371 to 3063 and #arcs from 8245 to 4880
LOG (lattice-prune:main():lattice-prune.cc:95) For utterance anonymous0226-20090711-zoe-b0265, pruned #states from 5940 to 3471 and #arcs from 11194 to 5685
LOG (lattice-prune:main():lattice-prune.cc:95) For utterance anonymous0226-20090711-zoe-b0266, pruned #states from 3922 to 2501 and #arcs from 7442 to 3980
LOG (lattice-prune:main():lattice-prune.cc:95) For utterance anonymous0226-20090711-zoe-b0267, pruned #states from 3569 to 2470 and #arcs from 6702 to 3923
LOG (lattice-prune:main():lattice-prune.cc:95) For utterance anonymous0226-20090711-zoe-b0268, pruned #states from 3626 to 2567 and #arcs from 6873 to 4089
LOG (lattice-prune:main():lattice-prune.cc:95) For utterance anonymous0226-20090711-zoe-b0269, pruned #states from 4139 to 2530 and #arcs from 7697 to 4068
LOG (lattice-prune:main():lattice-prune.cc:95) For utterance anonymous0226-20090711-zoe-b0270, pruned #states from 4902 to 2580 and #arcs from 8962 to 4120
LOG (lattice-prune:main():lattice-prune.cc:95) For utterance anonymous0226-20090711-zoe-b0271, pruned #states from 3097 to 2281 and #arcs from 5749 to 3659
LOG (lattice-prune:main():lattice-prune.cc:95) For utterance anonymous0226-20090711-zoe-b0272, pruned #states from 4448 to 3121 and #arcs from 8377 to 5094
LOG (lattice-prune:main():lattice-prune.cc:95) For utterance anonymous0226-20090711-zoe-b0273, pruned #states from 3418 to 2505 and #arcs from 6482 to 3911
LOG (sgmm2-est-spkvecs:UpdateWithU():estimate-am-sgmm2.cc:1931) *Objf impr for speaker vector is 0.0576391 per frame, over 2426.71 frames.
LOG (sgmm2-est-spkvecs:main():sgmm2-est-spkvecs.cc:186) For speaker anonymous0226, auxf-impr from speaker vector is 0.0576391, over 2426.71 frames.
LOG (lattice-prune:main():lattice-prune.cc:95) For utterance anonymous0325-20091220-ijn-rp-13, pruned #states from 6044 to 4477 and #arcs from 11571 to 7221
LOG (lattice-prune:main():lattice-prune.cc:95) For utterance anonymous0325-20091220-ijn-rp-14, pruned #states from 3519 to 2659 and #arcs from 6616 to 4176
LOG (apply-cmvn:main():apply-cmvn.cc:146) Applied cepstral mean normalization to 110 utterances, errors on 0
LOG (lattice-prune:main():lattice-prune.cc:95) For utterance anonymous0325-20091220-ijn-rp-15, pruned #states from 4381 to 3003 and #arcs from 8179 to 4605
LOG (apply-cmvn:main():apply-cmvn.cc:146) Applied cepstral mean normalization to 110 utterances, errors on 0
LOG (lattice-prune:main():lattice-prune.cc:95) For utterance anonymous0325-20091220-ijn-rp-16, pruned #states from 3666 to 2632 and #arcs from 6900 to 4169
LOG (lattice-prune:main():lattice-prune.cc:95) For utterance anonymous0325-20091220-ijn-rp-17, pruned #states from 4904 to 3609 and #arcs from 9282 to 5843
LOG (transform-feats:main():transform-feats.cc:158) Overall average [pseudo-]logdet is -95.361 over 45347 frames.
LOG (transform-feats:main():transform-feats.cc:161) Applied transform to 110 utterances; 0 had errors.
LOG (lattice-prune:main():lattice-prune.cc:95) For utterance anonymous0325-20091220-ijn-rp-18, pruned #states from 4400 to 2982 and #arcs from 8606 to 4956
LOG (lattice-prune:main():lattice-prune.cc:95) For utterance anonymous0325-20091220-ijn-rp-19, pruned #states from 2035 to 1520 and #arcs from 3849 to 2456
LOG (transform-feats:main():transform-feats.cc:158) Overall average [pseudo-]logdet is -95.361 over 45347 frames.
LOG (transform-feats:main():transform-feats.cc:161) Applied transform to 110 utterances; 0 had errors.
LOG (lattice-prune:main():lattice-prune.cc:95) For utterance anonymous0325-20091220-ijn-rp-20, pruned #states from 3056 to 2354 and #arcs from 5809 to 3936
LOG (transform-feats:main():transform-feats.cc:158) Overall average logdet is 3.94747 over 45347 frames.
LOG (transform-feats:main():transform-feats.cc:161) Applied transform to 110 utterances; 0 had errors.
LOG (transform-feats:main():transform-feats.cc:158) Overall average logdet is 3.94747 over 45347 frames.
LOG (transform-feats:main():transform-feats.cc:161) Applied transform to 110 utterances; 0 had errors.
LOG (lattice-prune:main():lattice-prune.cc:95) For utterance anonymous0325-20091220-ijn-rp-21, pruned #states from 4698 to 3642 and #arcs from 8782 to 5751
LOG (sgmm2-rescore-lattice:main():sgmm2-rescore-lattice.cc:159) Done 110 lattices, errors on 0
LOG (lattice-prune:main():lattice-prune.cc:95) For utterance anonymous0325-20091220-ijn-rp-22, pruned #states from 3714 to 2518 and #arcs from 7168 to 4226
LOG (lattice-prune:main():lattice-prune.cc:104) Overall, pruned from on average 4270.38 to 2965.19 states, and from 8032.17 to 4835.46 arcs, over 110 utterances.
LOG (lattice-prune:main():lattice-prune.cc:108) Done 110 lattices.
LOG (lattice-determinize-pruned:main():lattice-determinize-pruned.cc:111) Done 110 lattices, determinization finished earlier than specified by the beam on 0 of these.
LOG (lattice-to-post:main():lattice-to-post.cc:106) Overall average log-like/frame is -4.45395 over 45347 frames.  Average acoustic like/frame is -4.28796
LOG (lattice-to-post:main():lattice-to-post.cc:110) Done 110 lattices.
LOG (weight-silence-post:main():weight-silence-post.cc:95) Done 110 posteriors.
LOG (sgmm2-est-spkvecs:UpdateWithU():estimate-am-sgmm2.cc:1931) *Objf impr for speaker vector is 0.0723611 per frame, over 3029.02 frames.
LOG (sgmm2-est-spkvecs:main():sgmm2-est-spkvecs.cc:186) For speaker anonymous0325, auxf-impr from speaker vector is 0.0723611, over 3029.02 frames.
LOG (sgmm2-est-spkvecs:main():sgmm2-est-spkvecs.cc:250) Overall auxf impr per frame is 0.0481523 over 33179.4 frames.
LOG (sgmm2-est-spkvecs:main():sgmm2-est-spkvecs.cc:252) Done 110 files, 0 with errors.
# Accounting: time=16 threads=1
# Ended (code 0) at Sun Nov 26 12:59:39 IST 2017, elapsed time 16 seconds
